
synthesis -f "KanalogBuffer_kabuf1_lattice.synproj"
synthesis:  version Diamond (64-bit) 3.10.2.115

Copyright (c) 1991-1994 by NeoCAD Inc. All rights reserved.
Copyright (c) 1995 AT&T Corp.   All rights reserved.
Copyright (c) 1995-2001 Lucent Technologies Inc.  All rights reserved.
Copyright (c) 2001 Agere Systems   All rights reserved.
Copyright (c) 2002-2017 Lattice Semiconductor Corporation,  All rights reserved.
Sun Oct 14 21:26:37 2018


Command Line:  synthesis -f KanalogBuffer_kabuf1_lattice.synproj -gui -msgset C:/Dan/Engineering/Lattice/Learning/KanalogBuffer/promote.xml 

    <postMsg mid="35002000" type="Info"    dynamic="0" navigation="0"  />
Synthesis options:
The -a option is MachXO2.
The -s option is 4.
The -t option is TQFP144.
The -d option is LCMXO2-7000HE.
Using package TQFP144.
Using performance grade 4.
                                                          

##########################################################

### Lattice Family : MachXO2

### Device  : LCMXO2-7000HE

### Package : TQFP144

### Speed   : 4

##########################################################

                                                          

    <postMsg mid="35001781" type="Info"    dynamic="0" navigation="0"  />
Optimization goal = Balanced
Top-level module name = kbuf_top.
Target frequency = 200.000000 MHz.
Maximum fanout = 1000.
Timing path count = 3
BRAM utilization = 100.000000 %
DSP usage = true
DSP utilization = 100.000000 %
fsm_encoding_style = auto
resolve_mixed_drivers = 0
fix_gated_clocks = 1

Mux style = Auto
Use Carry Chain = true
carry_chain_length = 0
Loop Limit = 1950.
Use IO Insertion = TRUE
Use IO Reg = AUTO

Resource Sharing = TRUE
Propagate Constants = TRUE
Remove Duplicate Registers = TRUE
force_gsr = auto
ROM style = auto
RAM style = auto
The -comp option is FALSE.
The -syn option is FALSE.
-p C:/Dan/Engineering/Lattice/Learning/KanalogBuffer (searchpath added)
-p C:/lscc/diamond/3.10_x64/ispfpga/xo2c00/data (searchpath added)
-p C:/Dan/Engineering/Lattice/Learning/KanalogBuffer/kabuf1 (searchpath added)
-p C:/Dan/Engineering/Lattice/Learning/KanalogBuffer (searchpath added)
Verilog design file = C:/Dan/Engineering/Lattice/Learning/KanalogBuffer/kbuf_top.v
Verilog design file = C:/Dan/Engineering/Lattice/Learning/KanalogBuffer/edge_det.v
Verilog design file = C:/Dan/Engineering/Lattice/Learning/KanalogBuffer/sig_sync.v
Verilog design file = C:/Dan/Engineering/Lattice/Learning/KanalogBuffer/SR_Latch.v
Verilog design file = C:/Dan/Engineering/Lattice/Learning/KanalogBuffer/delay.v
Verilog design file = C:/Dan/Engineering/Lattice/Learning/KanalogBuffer/Latch_SR_N.v
NGD file = KanalogBuffer_kabuf1.ngd
-sdc option: SDC file input not used.
-lpf option: Output file option is ON.
Hardtimer checking is enabled (default). The -dt option is not used.
The -r option is OFF. [ Remove LOC Properties is OFF. ]
Technology check ok...

Analyzing Verilog file C:/lscc/diamond/3.10_x64/ispfpga/userware/NT/SYNTHESIS_HEADERS/machxo2.v. VERI-1482
Compile design.
Compile Design Begin
Analyzing Verilog file c:/dan/engineering/lattice/learning/kanalogbuffer/kbuf_top.v. VERI-1482
Analyzing Verilog file c:/dan/engineering/lattice/learning/kanalogbuffer/edge_det.v. VERI-1482
Analyzing Verilog file c:/dan/engineering/lattice/learning/kanalogbuffer/sig_sync.v. VERI-1482
Analyzing Verilog file c:/dan/engineering/lattice/learning/kanalogbuffer/sr_latch.v. VERI-1482
Analyzing Verilog file c:/dan/engineering/lattice/learning/kanalogbuffer/delay.v. VERI-1482
Analyzing Verilog file c:/dan/engineering/lattice/learning/kanalogbuffer/latch_sr_n.v. VERI-1482
Analyzing Verilog file C:/lscc/diamond/3.10_x64/ispfpga/userware/NT/SYNTHESIS_HEADERS/machxo2.v. VERI-1482
Top module name (Verilog): kbuf_top
    <postMsg mid="35901018" type="Info"    dynamic="2" navigation="2" arg0="c:/dan/engineering/lattice/learning/kanalogbuffer/kbuf_top.v(1): " arg1="kbuf_top" arg2="c:/dan/engineering/lattice/learning/kanalogbuffer/kbuf_top.v" arg3="1"  />
    <postMsg mid="35901018" type="Info"    dynamic="2" navigation="2" arg0="C:/lscc/diamond/3.10_x64/ispfpga/userware/NT/SYNTHESIS_HEADERS/machxo2.v(1793): " arg1="OSCH(NOM_FREQ=&quot;66.50&quot;)" arg2="C:/lscc/diamond/3.10_x64/ispfpga/userware/NT/SYNTHESIS_HEADERS/machxo2.v" arg3="1793"  />
    <postMsg mid="35901018" type="Info"    dynamic="2" navigation="2" arg0="c:/dan/engineering/lattice/learning/kanalogbuffer/delay.v(1): " arg1="delay" arg2="c:/dan/engineering/lattice/learning/kanalogbuffer/delay.v" arg3="1"  />
    <postMsg mid="35901018" type="Info"    dynamic="2" navigation="2" arg0="c:/dan/engineering/lattice/learning/kanalogbuffer/edge_det.v(1): " arg1="edge_det" arg2="c:/dan/engineering/lattice/learning/kanalogbuffer/edge_det.v" arg3="1"  />
    <postMsg mid="35901018" type="Info"    dynamic="2" navigation="2" arg0="c:/dan/engineering/lattice/learning/kanalogbuffer/sig_sync.v(1): " arg1="sig_sync" arg2="c:/dan/engineering/lattice/learning/kanalogbuffer/sig_sync.v" arg3="1"  />
    <postMsg mid="35901018" type="Info"    dynamic="2" navigation="2" arg0="c:/dan/engineering/lattice/learning/kanalogbuffer/sr_latch.v(1): " arg1="SR_Latch_N" arg2="c:/dan/engineering/lattice/learning/kanalogbuffer/sr_latch.v" arg3="1"  />
    <postMsg mid="35901018" type="Info"    dynamic="2" navigation="2" arg0="c:/dan/engineering/lattice/learning/kanalogbuffer/sr_latch.v(1): " arg1="SR_Latch_N(N=24)" arg2="c:/dan/engineering/lattice/learning/kanalogbuffer/sr_latch.v" arg3="1"  />
    <postMsg mid="35901018" type="Info"    dynamic="2" navigation="2" arg0="c:/dan/engineering/lattice/learning/kanalogbuffer/latch_sr_n.v(1): " arg1="Latch_SR_N" arg2="c:/dan/engineering/lattice/learning/kanalogbuffer/latch_sr_n.v" arg3="1"  />
Last elaborated design is kbuf_top()
Loading NGL library 'C:/lscc/diamond/3.10_x64/ispfpga/xo2c00a/data/xo2alib.ngl'...
Loading NGL library 'C:/lscc/diamond/3.10_x64/ispfpga/xo2c00/data/xo2clib.ngl'...
Loading NGL library 'C:/lscc/diamond/3.10_x64/ispfpga/mg5g00/data/mg5glib.ngl'...
Loading NGL library 'C:/lscc/diamond/3.10_x64/ispfpga/or5g00/data/orc5glib.ngl'...
Loading device for application map from file 'xo2c7000.nph' in environment: C:/lscc/diamond/3.10_x64/ispfpga.
Package Status:                     Final          Version 1.39.
Top-level module name = kbuf_top.
    <postMsg mid="35002005" type="Warning" dynamic="1" navigation="0" arg0="Adout"  />
    <postMsg mid="35002005" type="Warning" dynamic="1" navigation="0" arg0="Acs"  />
    <postMsg mid="35002005" type="Warning" dynamic="1" navigation="0" arg0="Asck"  />
    <postMsg mid="35002005" type="Warning" dynamic="1" navigation="0" arg0="Adin"  />
    <postMsg mid="35002005" type="Warning" dynamic="1" navigation="0" arg0="xAdout"  />
    <postMsg mid="35002005" type="Warning" dynamic="1" navigation="0" arg0="xAcs"  />
    <postMsg mid="35002005" type="Warning" dynamic="1" navigation="0" arg0="xAsck"  />
    <postMsg mid="35002005" type="Warning" dynamic="1" navigation="0" arg0="xAdin"  />
    <postMsg mid="35002005" type="Warning" dynamic="1" navigation="0" arg0="xDdin"  />
######## Missing driver on net xDdin. Patching with GND.



    <postMsg mid="35002005" type="Warning" dynamic="1" navigation="0" arg0="Adout"  />
    <postMsg mid="35002005" type="Warning" dynamic="1" navigation="0" arg0="Acs"  />
    <postMsg mid="35002005" type="Warning" dynamic="1" navigation="0" arg0="Asck"  />
    <postMsg mid="35002005" type="Warning" dynamic="1" navigation="0" arg0="Adin"  />
    <postMsg mid="35002005" type="Warning" dynamic="1" navigation="0" arg0="xAdout"  />
    <postMsg mid="35002005" type="Warning" dynamic="1" navigation="0" arg0="xAcs"  />
    <postMsg mid="35002005" type="Warning" dynamic="1" navigation="0" arg0="xAsck"  />
    <postMsg mid="35002005" type="Warning" dynamic="1" navigation="0" arg0="xAdin"  />
GSR will not be inferred because no asynchronous signal was found in the netlist.
Applying 200.000000 MHz constraint to all clocks

    <postMsg mid="35001611" type="Warning" dynamic="0" navigation="0"  />
Results of NGD DRC are available in kbuf_top_drc.log.
Loading NGL library 'C:/lscc/diamond/3.10_x64/ispfpga/xo2c00a/data/xo2alib.ngl'...
Loading NGL library 'C:/lscc/diamond/3.10_x64/ispfpga/xo2c00/data/xo2clib.ngl'...
Loading NGL library 'C:/lscc/diamond/3.10_x64/ispfpga/mg5g00/data/mg5glib.ngl'...
Loading NGL library 'C:/lscc/diamond/3.10_x64/ispfpga/or5g00/data/orc5glib.ngl'...


Running DRC...

DRC complete with no errors or warnings

Design Results:
    139 blocks expanded
completed the first expansion
All blocks are expanded and NGD expansion is successful.
Writing NGD file KanalogBuffer_kabuf1.ngd.

################### Begin Area Report (kbuf_top)######################
Number of register bits => 58 of 7209 (0 % )
FD1P3IX => 49
FD1S3AX => 2
FD1S3IX => 7
GSR => 1
IB => 24
LUT4 => 25
OB => 27
OSCH => 1
################### End Area Report ##################

################### Begin BlackBox Report ######################
TSALL => 1
################### End BlackBox Report ##################

################### Begin Clock Report ######################
Clock Nets
Number of Clocks: 1
  Net : fpga_clk, loads : 58
Clock Enable Nets
Number of Clock Enables: 6
Top 6 highest fanout Clock Enables:
  Net : fpga_clk_enable_12, loads : 1
Highest fanout non-clock nets
Top 10 highest fanout non-clock nets:
  Net : n228, loads : 55
  Net : dac_out_7__I_0/dac_out_c_2, loads : 19
  Net : ser_load_edge/resync, loads : 17
  Net : ser_load_edge/fpga_clk_enable_49, loads : 15
  Net : fpga_clk_enable_12, loads : 8
  Net : r_edge/fpga_clk_enable_29, loads : 7
  Net : s_edge/fpga_clk_enable_36, loads : 7
  Net : s_edge/fpga_clk_enable_19, loads : 7
  Net : kreset_c, loads : 6
  Net : dly4/ddDlatch, loads : 3
################### End Clock Report ##################

Timing Report Summary
--------------
--------------------------------------------------------------------------------
Constraint                              |   Constraint|       Actual|Levels
--------------------------------------------------------------------------------
                                        |             |             |
create_clock -period 5.000000 -name     |             |             |
clk0 [get_nets fpga_clk]                |  200.000 MHz|  161.655 MHz|     3 *
                                        |             |             |
--------------------------------------------------------------------------------


1 constraints not met.


Peak Memory Usage: 56.520  MB

--------------------------------------------------------------
Elapsed CPU time for LSE flow : 0.374  secs
--------------------------------------------------------------

map -a "MachXO2" -p LCMXO2-7000HE -t TQFP144 -s 4 -oc Commercial   "KanalogBuffer_kabuf1.ngd" -o "KanalogBuffer_kabuf1_map.ncd" -pr "KanalogBuffer_kabuf1.prf" -mp "KanalogBuffer_kabuf1.mrp" -lpf "C:/Dan/Engineering/Lattice/Learning/KanalogBuffer/kabuf1/KanalogBuffer_kabuf1.lpf" -lpf "C:/Dan/Engineering/Lattice/Learning/KanalogBuffer/KanalogBuffer.lpf" -c 0            
map:  version Diamond (64-bit) 3.10.2.115

Copyright (c) 1991-1994 by NeoCAD Inc. All rights reserved.
Copyright (c) 1995 AT&T Corp.   All rights reserved.
Copyright (c) 1995-2001 Lucent Technologies Inc.  All rights reserved.
Copyright (c) 2001 Agere Systems   All rights reserved.
Copyright (c) 2002-2017 Lattice Semiconductor Corporation,  All rights reserved.
   Process the file: KanalogBuffer_kabuf1.ngd
   Picdevice="LCMXO2-7000HE"

   Pictype="TQFP144"

   Picspeed=4

   Remove unused logic

   Do not produce over sized NCDs.

Part used: LCMXO2-7000HETQFP144, Performance used: 4.

Loading device for application map from file 'xo2c7000.nph' in environment: C:/lscc/diamond/3.10_x64/ispfpga.
Package Status:                     Final          Version 1.39.

Running general design DRC...

Removing unused logic...

Optimizing...




Design Summary:
   Number of registers:     58 out of  7209 (1%)
      PFU registers:           58 out of  6864 (1%)
      PIO registers:            0 out of   345 (0%)
   Number of SLICEs:        31 out of  3432 (1%)
      SLICEs as Logic/ROM:     31 out of  3432 (1%)
      SLICEs as RAM:            0 out of  2574 (0%)
      SLICEs as Carry:          0 out of  3432 (0%)
   Number of LUT4s:         25 out of  6864 (0%)
      Number used as logic LUTs:         25
      Number used as distributed RAM:     0
      Number used as ripple logic:        0
      Number used as shift registers:     0
   Number of PIO sites used: 51 + 4(JTAG) out of 115 (48%)
   Number of block RAMs:  0 out of 26 (0%)
   Number of GSRs:  0 out of 1 (0%)
   EFB used :       No
   JTAG used :      No
   Readback used :  No
   Oscillator used :  Yes
   Startup used :   No
   POR :            On
   Bandgap :        On
   Number of Power Controller:  0 out of 1 (0%)
   Number of Dynamic Bank Controller (BCINRD):  0 out of 6 (0%)
   Number of Dynamic Bank Controller (BCLVDSO):  0 out of 1 (0%)
   Number of DCCA:  0 out of 8 (0%)
   Number of DCMA:  0 out of 2 (0%)
   Number of PLLs:  0 out of 2 (0%)
   Number of DQSDLLs:  0 out of 2 (0%)
   Number of CLKDIVC:  0 out of 4 (0%)
   Number of ECLKSYNCA:  0 out of 4 (0%)
   Number of ECLKBRIDGECS:  0 out of 2 (0%)
   Notes:-
      1. Total number of LUT4s = (Number of logic LUT4s) + 2*(Number of distributed RAMs) + 2*(Number of ripple logic)
      2. Number of logic LUT4s does not include count of distributed RAM and ripple logic.
   Number of clocks:  1
     Net fpga_clk: 31 loads, 31 rising, 0 falling (Driver: rc_oscillator )
   Number of Clock Enables:  6
     Net fpga_clk_enable_49: 9 loads, 9 LSLICEs
     Net fpga_clk_enable_2: 1 loads, 1 LSLICEs
     Net fpga_clk_enable_19: 4 loads, 4 LSLICEs
     Net fpga_clk_enable_36: 4 loads, 4 LSLICEs
     Net fpga_clk_enable_12: 4 loads, 4 LSLICEs
     Net fpga_clk_enable_29: 4 loads, 4 LSLICEs
   Number of LSRs:  2
     Net rclk_rise: 1 loads, 1 LSLICEs
     Net kreset_c: 29 loads, 29 LSLICEs
   Number of nets driven by tri-state buffers:  0
   Top 10 highest fanout non-clock nets:
     Net kreset_c: 34 loads
     Net dac_out_c_2: 20 loads
     Net resync: 18 loads
     Net fpga_clk_enable_49: 9 loads
     Net ddDlatch: 4 loads
     Net fpga_clk_enable_12: 4 loads
     Net fpga_clk_enable_19: 4 loads
     Net fpga_clk_enable_29: 4 loads
     Net fpga_clk_enable_36: 4 loads
     Net ddDclk: 3 loads
 

   Number of warnings:  0
   Number of errors:    0



Total CPU Time: 0 secs  
Total REAL Time: 0 secs  
Peak Memory Usage: 57 MB

Dumping design to file KanalogBuffer_kabuf1_map.ncd.

ncd2vdb "KanalogBuffer_kabuf1_map.ncd" ".vdbs/KanalogBuffer_kabuf1_map.vdb"

Loading device for application ncd2vdb from file 'xo2c7000.nph' in environment: C:/lscc/diamond/3.10_x64/ispfpga.

trce -f "KanalogBuffer_kabuf1.mt" -o "KanalogBuffer_kabuf1.tw1" "KanalogBuffer_kabuf1_map.ncd" "KanalogBuffer_kabuf1.prf"
trce:  version Diamond (64-bit) 3.10.2.115

Copyright (c) 1991-1994 by NeoCAD Inc. All rights reserved.
Copyright (c) 1995 AT&T Corp.   All rights reserved.
Copyright (c) 1995-2001 Lucent Technologies Inc.  All rights reserved.
Copyright (c) 2001 Agere Systems   All rights reserved.
Copyright (c) 2002-2017 Lattice Semiconductor Corporation,  All rights reserved.

Loading design for application trce from file kanalogbuffer_kabuf1_map.ncd.
Design name: kbuf_top
NCD version: 3.3
Vendor:      LATTICE
Device:      LCMXO2-7000HE
Package:     TQFP144
Performance: 4
Loading device for application trce from file 'xo2c7000.nph' in environment: C:/lscc/diamond/3.10_x64/ispfpga.
Package Status:                     Final          Version 1.39.
Performance Hardware Data Status:   Final          Version 34.4.
Setup and Hold Report

--------------------------------------------------------------------------------
Lattice TRACE Report - Setup, Version Diamond (64-bit) 3.10.2.115
Sun Oct 14 21:26:39 2018

Copyright (c) 1991-1994 by NeoCAD Inc. All rights reserved.
Copyright (c) 1995 AT&T Corp.   All rights reserved.
Copyright (c) 1995-2001 Lucent Technologies Inc.  All rights reserved.
Copyright (c) 2001 Agere Systems   All rights reserved.
Copyright (c) 2002-2017 Lattice Semiconductor Corporation,  All rights reserved.

Report Information
------------------
Command line:    trce -v 1 -gt -mapchkpnt 0 -sethld -o KanalogBuffer_kabuf1.tw1 -gui -msgset C:/Dan/Engineering/Lattice/Learning/KanalogBuffer/promote.xml KanalogBuffer_kabuf1_map.ncd KanalogBuffer_kabuf1.prf 
Design file:     kanalogbuffer_kabuf1_map.ncd
Preference file: kanalogbuffer_kabuf1.prf
Device,speed:    LCMXO2-7000HE,4
Report level:    verbose report, limited to 1 item per preference
--------------------------------------------------------------------------------

BLOCK ASYNCPATHS
BLOCK RESETPATHS
--------------------------------------------------------------------------------



Timing summary (Setup):
---------------

Timing errors: 0  Score: 0
Cumulative negative slack: 0

Constraints cover 173 paths, 1 nets, and 197 connections (76.65% coverage)

--------------------------------------------------------------------------------
Lattice TRACE Report - Hold, Version Diamond (64-bit) 3.10.2.115
Sun Oct 14 21:26:39 2018

Copyright (c) 1991-1994 by NeoCAD Inc. All rights reserved.
Copyright (c) 1995 AT&T Corp.   All rights reserved.
Copyright (c) 1995-2001 Lucent Technologies Inc.  All rights reserved.
Copyright (c) 2001 Agere Systems   All rights reserved.
Copyright (c) 2002-2017 Lattice Semiconductor Corporation,  All rights reserved.

Report Information
------------------
Command line:    trce -v 1 -gt -mapchkpnt 0 -sethld -o KanalogBuffer_kabuf1.tw1 -gui -msgset C:/Dan/Engineering/Lattice/Learning/KanalogBuffer/promote.xml KanalogBuffer_kabuf1_map.ncd KanalogBuffer_kabuf1.prf 
Design file:     kanalogbuffer_kabuf1_map.ncd
Preference file: kanalogbuffer_kabuf1.prf
Device,speed:    LCMXO2-7000HE,M
Report level:    verbose report, limited to 1 item per preference
--------------------------------------------------------------------------------

BLOCK ASYNCPATHS
BLOCK RESETPATHS
--------------------------------------------------------------------------------



Timing summary (Hold):
---------------

Timing errors: 0  Score: 0
Cumulative negative slack: 0

Constraints cover 173 paths, 1 nets, and 197 connections (76.65% coverage)



Timing summary (Setup and Hold):
---------------

Timing errors: 0 (setup), 0 (hold)
Score: 0 (setup), 0 (hold)
Cumulative negative slack: 0 (0+0)
--------------------------------------------------------------------------------

--------------------------------------------------------------------------------

Total time: 0 secs 

mpartrce -p "KanalogBuffer_kabuf1.p2t" -f "KanalogBuffer_kabuf1.p3t" -tf "KanalogBuffer_kabuf1.pt" "KanalogBuffer_kabuf1_map.ncd" "KanalogBuffer_kabuf1.ncd"

---- MParTrce Tool ----
Removing old design directory at request of -rem command line option to this program.
Running par. Please wait . . .

Lattice Place and Route Report for Design "KanalogBuffer_kabuf1_map.ncd"
Sun Oct 14 21:26:39 2018

PAR: Place And Route Diamond (64-bit) 3.10.2.115.
Command Line: par -w -l 5 -i 6 -t 1 -c 0 -e 0 -gui -msgset C:/Dan/Engineering/Lattice/Learning/KanalogBuffer/promote.xml -exp parUseNBR=1:parCDP=0:parCDR=0:parPathBased=OFF KanalogBuffer_kabuf1_map.ncd KanalogBuffer_kabuf1.dir/5_1.ncd KanalogBuffer_kabuf1.prf
Preference file: KanalogBuffer_kabuf1.prf.
Placement level-cost: 5-1.
Routing Iterations: 6

Loading design for application par from file KanalogBuffer_kabuf1_map.ncd.
Design name: kbuf_top
NCD version: 3.3
Vendor:      LATTICE
Device:      LCMXO2-7000HE
Package:     TQFP144
Performance: 4
Loading device for application par from file 'xo2c7000.nph' in environment: C:/lscc/diamond/3.10_x64/ispfpga.
Package Status:                     Final          Version 1.39.
Performance Hardware Data Status:   Final          Version 34.4.
License checked out.


Ignore Preference Error(s):  True
Device utilization summary:

   PIO (prelim)   51+4(JTAG)/336     16% used
                  51+4(JTAG)/115     48% bonded

   SLICE             31/3432         <1% used

   OSC                1/1           100% used


Number of Signals: 108
Number of Connections: 257

Pin Constraint Summary:
   51 out of 51 pins locked (100% locked).

The following 1 signal is selected to use the primary clock routing resources:
    fpga_clk (driver: rc_oscillator, clk load #: 31)


The following 1 signal is selected to use the secondary clock routing resources:
    kreset_c (driver: kreset, clk load #: 0, sr load #: 29, ce load #: 0)

    <postMsg mid="61061008" type="Warning" dynamic="5" navigation="0" arg0="kreset_c" arg1="Secondary" arg2="kreset" arg3="142" arg4="Secondary"  />
No signal is selected as Global Set/Reset.
Starting Placer Phase 0.

Finished Placer Phase 0.  REAL time: 0 secs 

Starting Placer Phase 1.
....................
Placer score = 36743.
Finished Placer Phase 1.  REAL time: 3 secs 

Starting Placer Phase 2.
.
Placer score =  36741
Finished Placer Phase 2.  REAL time: 3 secs 


------------------ Clock Report ------------------

Global Clock Resources:
  CLK_PIN    : 0 out of 8 (0%)
  General PIO: 1 out of 336 (0%)
  PLL        : 0 out of 2 (0%)
  DCM        : 0 out of 2 (0%)
  DCC        : 0 out of 8 (0%)

Quadrants All (TL, TR, BL, BR) - Global Clocks:
  PRIMARY "fpga_clk" from OSC on comp "rc_oscillator" on site "OSC", clk load = 31
  SECONDARY "kreset_c" from comp "kreset" on PIO site "142 (PT9B)", clk load = 0, ce load = 0, sr load = 29

  PRIMARY  : 1 out of 8 (12%)
  SECONDARY: 1 out of 8 (12%)

Edge Clocks:
  No edge clock selected.

--------------- End of Clock Report ---------------


I/O Usage Summary (final):
   51 + 4(JTAG) out of 336 (16.4%) PIO sites used.
   51 + 4(JTAG) out of 115 (47.8%) bonded PIO sites used.
   Number of PIO comps: 51; differential: 0.
   Number of Vref pins used: 0.

I/O Bank Usage Summary:
+----------+----------------+------------+-----------+
| I/O Bank | Usage          | Bank Vccio | Bank Vref |
+----------+----------------+------------+-----------+
| 0        | 11 / 28 ( 39%) | 2.5V       | -         |
| 1        | 24 / 29 ( 82%) | 2.5V       | -         |
| 2        | 16 / 29 ( 55%) | 2.5V       | -         |
| 3        | 0 / 9 (  0%)   | -          | -         |
| 4        | 0 / 10 (  0%)  | -          | -         |
| 5        | 0 / 10 (  0%)  | -          | -         |
+----------+----------------+------------+-----------+

Total placer CPU time: 2 secs 

Dumping design to file KanalogBuffer_kabuf1.dir/5_1.ncd.

0 connections routed; 257 unrouted.
Starting router resource preassignment

Completed router resource preassignment. Real time: 5 secs 

Start NBR router at 21:26:44 10/14/18

*****************************************************************
Info: NBR allows conflicts(one node used by more than one signal)
      in the earlier iterations. In each iteration, it tries to  
      solve the conflicts while keeping the critical connections 
      routed as short as possible. The routing process is said to
      be completed when no conflicts exist and all connections   
      are routed.                                                
Note: NBR uses a different method to calculate timing slacks. The
      worst slack and total negative slack may not be the same as
      that in TRCE report. You should always run TRCE to verify  
      your design.                                               
*****************************************************************

Start NBR special constraint process at 21:26:44 10/14/18

Start NBR section for initial routing at 21:26:44 10/14/18
Level 1, iteration 1
0(0.00%) conflict; 177(68.87%) untouched conns; 0 (nbr) score; 
Estimated worst slack/total negative slack<setup>: 7.631ns/0.000ns; real time: 6 secs 
Level 2, iteration 1
0(0.00%) conflict; 176(68.48%) untouched conns; 0 (nbr) score; 
Estimated worst slack/total negative slack<setup>: 7.699ns/0.000ns; real time: 6 secs 
Level 3, iteration 1
0(0.00%) conflict; 176(68.48%) untouched conns; 0 (nbr) score; 
Estimated worst slack/total negative slack<setup>: 7.699ns/0.000ns; real time: 6 secs 
Level 4, iteration 1
3(0.00%) conflicts; 0(0.00%) untouched conn; 0 (nbr) score; 
Estimated worst slack/total negative slack<setup>: 7.223ns/0.000ns; real time: 6 secs 

Info: Initial congestion level at 75% usage is 0
Info: Initial congestion area  at 75% usage is 0 (0.00%)

Start NBR section for normal routing at 21:26:45 10/14/18
Level 4, iteration 1
3(0.00%) conflicts; 0(0.00%) untouched conn; 0 (nbr) score; 
Estimated worst slack/total negative slack<setup>: 7.223ns/0.000ns; real time: 6 secs 
Level 4, iteration 2
1(0.00%) conflict; 0(0.00%) untouched conn; 0 (nbr) score; 
Estimated worst slack/total negative slack<setup>: 7.223ns/0.000ns; real time: 6 secs 
Level 4, iteration 3
1(0.00%) conflict; 0(0.00%) untouched conn; 0 (nbr) score; 
Estimated worst slack/total negative slack<setup>: 7.223ns/0.000ns; real time: 6 secs 
Level 4, iteration 4
0(0.00%) conflict; 0(0.00%) untouched conn; 0 (nbr) score; 
Estimated worst slack/total negative slack<setup>: 7.223ns/0.000ns; real time: 6 secs 

Start NBR section for setup/hold timing optimization with effort level 3 at 21:26:45 10/14/18

Start NBR section for re-routing at 21:26:45 10/14/18
Level 4, iteration 1
0(0.00%) conflict; 0(0.00%) untouched conn; 0 (nbr) score; 
Estimated worst slack/total negative slack<setup>: 7.223ns/0.000ns; real time: 6 secs 

Start NBR section for post-routing at 21:26:45 10/14/18

End NBR router with 0 unrouted connection

NBR Summary
-----------
  Number of unrouted connections : 0 (0.00%)
  Number of connections with timing violations : 0 (0.00%)
  Estimated worst slack<setup> : 7.223ns
  Timing score<setup> : 0
-----------
Notes: The timing info is calculated for SETUP only and all PAR_ADJs are ignored.



Total CPU time 5 secs 
Total REAL time: 6 secs 
Completely routed.
End of route.  257 routed (100.00%); 0 unrouted.

Hold time timing score: 0, hold timing errors: 0

Timing score: 0 

Dumping design to file KanalogBuffer_kabuf1.dir/5_1.ncd.


PAR_SUMMARY::Run status = Success
PAR_SUMMARY::Number of unrouted conns = 0
PAR_SUMMARY::Worst  slack<setup/<ns>> = 7.223
PAR_SUMMARY::Timing score<setup/<ns>> = 0.000
PAR_SUMMARY::Worst  slack<hold /<ns>> = 0.304
PAR_SUMMARY::Timing score<hold /<ns>> = 0.000
PAR_SUMMARY::Number of errors = 0

Total CPU  time to completion: 5 secs 
Total REAL time to completion: 6 secs 

par done!

Copyright (c) 1991-1994 by NeoCAD Inc. All rights reserved.
Copyright (c) 1995 AT&T Corp.   All rights reserved.
Copyright (c) 1995-2001 Lucent Technologies Inc.  All rights reserved.
Copyright (c) 2001 Agere Systems   All rights reserved.
Copyright (c) 2002-2017 Lattice Semiconductor Corporation,  All rights reserved.
Exiting par with exit code 0
Exiting mpartrce with exit code 0

trce -f "KanalogBuffer_kabuf1.pt" -o "KanalogBuffer_kabuf1.twr" "KanalogBuffer_kabuf1.ncd" "KanalogBuffer_kabuf1.prf"
trce:  version Diamond (64-bit) 3.10.2.115

Copyright (c) 1991-1994 by NeoCAD Inc. All rights reserved.
Copyright (c) 1995 AT&T Corp.   All rights reserved.
Copyright (c) 1995-2001 Lucent Technologies Inc.  All rights reserved.
Copyright (c) 2001 Agere Systems   All rights reserved.
Copyright (c) 2002-2017 Lattice Semiconductor Corporation,  All rights reserved.

Loading design for application trce from file kanalogbuffer_kabuf1.ncd.
Design name: kbuf_top
NCD version: 3.3
Vendor:      LATTICE
Device:      LCMXO2-7000HE
Package:     TQFP144
Performance: 4
Loading device for application trce from file 'xo2c7000.nph' in environment: C:/lscc/diamond/3.10_x64/ispfpga.
Package Status:                     Final          Version 1.39.
Performance Hardware Data Status:   Final          Version 34.4.
Setup and Hold Report

--------------------------------------------------------------------------------
Lattice TRACE Report - Setup, Version Diamond (64-bit) 3.10.2.115
Sun Oct 14 21:26:46 2018

Copyright (c) 1991-1994 by NeoCAD Inc. All rights reserved.
Copyright (c) 1995 AT&T Corp.   All rights reserved.
Copyright (c) 1995-2001 Lucent Technologies Inc.  All rights reserved.
Copyright (c) 2001 Agere Systems   All rights reserved.
Copyright (c) 2002-2017 Lattice Semiconductor Corporation,  All rights reserved.

Report Information
------------------
Command line:    trce -v 10 -gt -sethld -sp 4 -sphld m -o KanalogBuffer_kabuf1.twr -gui -msgset C:/Dan/Engineering/Lattice/Learning/KanalogBuffer/promote.xml KanalogBuffer_kabuf1.ncd KanalogBuffer_kabuf1.prf 
Design file:     kanalogbuffer_kabuf1.ncd
Preference file: kanalogbuffer_kabuf1.prf
Device,speed:    LCMXO2-7000HE,4
Report level:    verbose report, limited to 10 items per preference
--------------------------------------------------------------------------------

BLOCK ASYNCPATHS
BLOCK RESETPATHS
--------------------------------------------------------------------------------



Timing summary (Setup):
---------------

Timing errors: 0  Score: 0
Cumulative negative slack: 0

Constraints cover 173 paths, 1 nets, and 197 connections (76.65% coverage)

--------------------------------------------------------------------------------
Lattice TRACE Report - Hold, Version Diamond (64-bit) 3.10.2.115
Sun Oct 14 21:26:46 2018

Copyright (c) 1991-1994 by NeoCAD Inc. All rights reserved.
Copyright (c) 1995 AT&T Corp.   All rights reserved.
Copyright (c) 1995-2001 Lucent Technologies Inc.  All rights reserved.
Copyright (c) 2001 Agere Systems   All rights reserved.
Copyright (c) 2002-2017 Lattice Semiconductor Corporation,  All rights reserved.

Report Information
------------------
Command line:    trce -v 10 -gt -sethld -sp 4 -sphld m -o KanalogBuffer_kabuf1.twr -gui -msgset C:/Dan/Engineering/Lattice/Learning/KanalogBuffer/promote.xml KanalogBuffer_kabuf1.ncd KanalogBuffer_kabuf1.prf 
Design file:     kanalogbuffer_kabuf1.ncd
Preference file: kanalogbuffer_kabuf1.prf
Device,speed:    LCMXO2-7000HE,m
Report level:    verbose report, limited to 10 items per preference
--------------------------------------------------------------------------------

BLOCK ASYNCPATHS
BLOCK RESETPATHS
--------------------------------------------------------------------------------



Timing summary (Hold):
---------------

Timing errors: 0  Score: 0
Cumulative negative slack: 0

Constraints cover 173 paths, 1 nets, and 197 connections (76.65% coverage)



Timing summary (Setup and Hold):
---------------

Timing errors: 0 (setup), 0 (hold)
Score: 0 (setup), 0 (hold)
Cumulative negative slack: 0 (0+0)
--------------------------------------------------------------------------------

--------------------------------------------------------------------------------

Total time: 0 secs 

iotiming  "KanalogBuffer_kabuf1.ncd" "KanalogBuffer_kabuf1.prf"
I/O Timing Report:
:  version Diamond (64-bit) 3.10.2.115

Copyright (c) 1991-1994 by NeoCAD Inc. All rights reserved.
Copyright (c) 1995 AT&T Corp.   All rights reserved.
Copyright (c) 1995-2001 Lucent Technologies Inc.  All rights reserved.
Copyright (c) 2001 Agere Systems   All rights reserved.
Copyright (c) 2002-2017 Lattice Semiconductor Corporation,  All rights reserved.

Loading design for application iotiming from file kanalogbuffer_kabuf1.ncd.
Design name: kbuf_top
NCD version: 3.3
Vendor:      LATTICE
Device:      LCMXO2-7000HE
Package:     TQFP144
Performance: 4
Loading device for application iotiming from file 'xo2c7000.nph' in environment: C:/lscc/diamond/3.10_x64/ispfpga.
Package Status:                     Final          Version 1.39.
Performance Hardware Data Status:   Final          Version 34.4.
Running Performance Grade: 4
Computing Setup Time ...
Computing Max Clock to Output Delay ...
Computing Hold Time ...
Computing Min Clock to Output Delay ...

Loading design for application iotiming from file kanalogbuffer_kabuf1.ncd.
Design name: kbuf_top
NCD version: 3.3
Vendor:      LATTICE
Device:      LCMXO2-7000HE
Package:     TQFP144
Performance: 5
Package Status:                     Final          Version 1.39.
Performance Hardware Data Status:   Final          Version 34.4.
Running Performance Grade: 5
Computing Setup Time ...
Computing Max Clock to Output Delay ...
Computing Hold Time ...
Computing Min Clock to Output Delay ...

Loading design for application iotiming from file kanalogbuffer_kabuf1.ncd.
Design name: kbuf_top
NCD version: 3.3
Vendor:      LATTICE
Device:      LCMXO2-7000HE
Package:     TQFP144
Performance: 6
Package Status:                     Final          Version 1.39.
Performance Hardware Data Status:   Final          Version 34.4.
Running Performance Grade: 6
Computing Setup Time ...
Computing Max Clock to Output Delay ...
Computing Hold Time ...
Computing Min Clock to Output Delay ...

Loading design for application iotiming from file kanalogbuffer_kabuf1.ncd.
Design name: kbuf_top
NCD version: 3.3
Vendor:      LATTICE
Device:      LCMXO2-7000HE
Package:     TQFP144
Performance: M
Package Status:                     Final          Version 1.39.
Performance Hardware Data Status:   Final          Version 34.4.
Running Performance Grade: M
Computing Setup Time ...
Computing Max Clock to Output Delay ...
Computing Hold Time ...
Computing Min Clock to Output Delay ...
Done.

bitgen -f "KanalogBuffer_kabuf1.t2b" -w "KanalogBuffer_kabuf1.ncd" "KanalogBuffer_kabuf1.prf"


BITGEN: Bitstream Generator Diamond (64-bit) 3.10.2.115
Copyright (c) 1991-1994 by NeoCAD Inc. All rights reserved.
Copyright (c) 1995 AT&T Corp.   All rights reserved.
Copyright (c) 1995-2001 Lucent Technologies Inc.  All rights reserved.
Copyright (c) 2001 Agere Systems   All rights reserved.
Copyright (c) 2002-2017 Lattice Semiconductor Corporation,  All rights reserved.


Loading design for application Bitgen from file KanalogBuffer_kabuf1.ncd.
Design name: kbuf_top
NCD version: 3.3
Vendor:      LATTICE
Device:      LCMXO2-7000HE
Package:     TQFP144
Performance: 4
Loading device for application Bitgen from file 'xo2c7000.nph' in environment: C:/lscc/diamond/3.10_x64/ispfpga.
Package Status:                     Final          Version 1.39.
Performance Hardware Data Status:   Final          Version 34.4.

Running DRC.
DRC detected 0 errors and 0 warnings.
Reading Preference File from KanalogBuffer_kabuf1.prf.

Preference Summary:
+---------------------------------+---------------------------------+
|  Preference                     |  Current Setting                |
+---------------------------------+---------------------------------+
|                         RamCfg  |                        Reset**  |
+---------------------------------+---------------------------------+
|                     MCCLK_FREQ  |                         2.08**  |
+---------------------------------+---------------------------------+
|                  CONFIG_SECURE  |                          OFF**  |
+---------------------------------+---------------------------------+
|                          INBUF  |                           ON**  |
+---------------------------------+---------------------------------+
|                      JTAG_PORT  |                       ENABLE**  |
+---------------------------------+---------------------------------+
|                       SDM_PORT  |                      DISABLE**  |
+---------------------------------+---------------------------------+
|                 SLAVE_SPI_PORT  |                      DISABLE**  |
+---------------------------------+---------------------------------+
|                MASTER_SPI_PORT  |                      DISABLE**  |
+---------------------------------+---------------------------------+
|                       I2C_PORT  |                      DISABLE**  |
+---------------------------------+---------------------------------+
|        MUX_CONFIGURATION_PORTS  |                      DISABLE**  |
+---------------------------------+---------------------------------+
|                  CONFIGURATION  |                          CFG**  |
+---------------------------------+---------------------------------+
|                COMPRESS_CONFIG  |                           ON**  |
+---------------------------------+---------------------------------+
|                        MY_ASSP  |                          OFF**  |
+---------------------------------+---------------------------------+
|               ONE_TIME_PROGRAM  |                          OFF**  |
+---------------------------------+---------------------------------+
|                 ENABLE_TRANSFR  |                      DISABLE**  |
+---------------------------------+---------------------------------+
|                  SHAREDEBRINIT  |                      DISABLE**  |
+---------------------------------+---------------------------------+
|            BACKGROUND_RECONFIG  |                          OFF**  |
+---------------------------------+---------------------------------+
 *  Default setting.
 ** The specified setting matches the default setting.


Creating bit map...
 
Bitstream Status: Final           Version 1.94.
 
Saving bit stream in "KanalogBuffer_kabuf1.bit".

bitgen -f "KanalogBuffer_kabuf1.t2b" -w "KanalogBuffer_kabuf1.ncd" -jedec "KanalogBuffer_kabuf1.prf"


BITGEN: Bitstream Generator Diamond (64-bit) 3.10.2.115
Copyright (c) 1991-1994 by NeoCAD Inc. All rights reserved.
Copyright (c) 1995 AT&T Corp.   All rights reserved.
Copyright (c) 1995-2001 Lucent Technologies Inc.  All rights reserved.
Copyright (c) 2001 Agere Systems   All rights reserved.
Copyright (c) 2002-2017 Lattice Semiconductor Corporation,  All rights reserved.


Loading design for application Bitgen from file KanalogBuffer_kabuf1.ncd.
Design name: kbuf_top
NCD version: 3.3
Vendor:      LATTICE
Device:      LCMXO2-7000HE
Package:     TQFP144
Performance: 4
Loading device for application Bitgen from file 'xo2c7000.nph' in environment: C:/lscc/diamond/3.10_x64/ispfpga.
Package Status:                     Final          Version 1.39.
Performance Hardware Data Status:   Final          Version 34.4.

Running DRC.
DRC detected 0 errors and 0 warnings.
Reading Preference File from KanalogBuffer_kabuf1.prf.

Preference Summary:
+---------------------------------+---------------------------------+
|  Preference                     |  Current Setting                |
+---------------------------------+---------------------------------+
|                         RamCfg  |                        Reset**  |
+---------------------------------+---------------------------------+
|                     MCCLK_FREQ  |                         2.08**  |
+---------------------------------+---------------------------------+
|                  CONFIG_SECURE  |                          OFF**  |
+---------------------------------+---------------------------------+
|                          INBUF  |                           ON**  |
+---------------------------------+---------------------------------+
|                      JTAG_PORT  |                       ENABLE**  |
+---------------------------------+---------------------------------+
|                       SDM_PORT  |                      DISABLE**  |
+---------------------------------+---------------------------------+
|                 SLAVE_SPI_PORT  |                      DISABLE**  |
+---------------------------------+---------------------------------+
|                MASTER_SPI_PORT  |                      DISABLE**  |
+---------------------------------+---------------------------------+
|                       I2C_PORT  |                      DISABLE**  |
+---------------------------------+---------------------------------+
|        MUX_CONFIGURATION_PORTS  |                      DISABLE**  |
+---------------------------------+---------------------------------+
|                  CONFIGURATION  |                          CFG**  |
+---------------------------------+---------------------------------+
|                COMPRESS_CONFIG  |                           ON**  |
+---------------------------------+---------------------------------+
|                        MY_ASSP  |                          OFF**  |
+---------------------------------+---------------------------------+
|               ONE_TIME_PROGRAM  |                          OFF**  |
+---------------------------------+---------------------------------+
|                 ENABLE_TRANSFR  |                      DISABLE**  |
+---------------------------------+---------------------------------+
|                  SHAREDEBRINIT  |                      DISABLE**  |
+---------------------------------+---------------------------------+
|            BACKGROUND_RECONFIG  |                          OFF**  |
+---------------------------------+---------------------------------+
 *  Default setting.
 ** The specified setting matches the default setting.


Creating bit map...
 
Bitstream Status: Final           Version 1.94.
 
Saving bit stream in "KanalogBuffer_kabuf1.jed".
 
===========
UFM Summary.
===========
UFM Size:        2046 Pages (128*2046 Bits).
UFM Utilization: General Purpose Flash Memory.
 
Available General Purpose Flash Memory: 2046 Pages (Page 0 to Page 2045).
Initialized UFM Pages:                     0 Page.
 
