--------------- Clean Started: 02/10/2019 09:34:27 Project: TLAUX_PSoC, Configuration: ARM GCC 5.4-2016-q2-update Debug ---------------
Deleting file ".\CortexM3\ARM_GCC_541\Debug\main.o"
Deleting file ".\CortexM3\ARM_GCC_541\Debug\CLI.o"
Deleting file ".\CortexM3\ARM_GCC_541\Debug\Cmds.o"
Deleting file ".\CortexM3\ARM_GCC_541\Debug\Processes.o"
Deleting file ".\CortexM3\ARM_GCC_541\Debug\State_Machine.o"
Deleting file ".\CortexM3\ARM_GCC_541\Debug\U_HW.o"
Deleting file ".\CortexM3\ARM_GCC_541\Debug\Serial.o"
Deleting file ".\CortexM3\ARM_GCC_541\Debug\SerCmds.o"
Deleting file ".\CortexM3\ARM_GCC_541\Debug\Serial_IO.o"
Deleting file ".\CortexM3\ARM_GCC_541\Debug\ToolCmds.o"
Deleting file ".\CortexM3\ARM_GCC_541\Debug\cyfitter_cfg.o"
Deleting file ".\CortexM3\ARM_GCC_541\Debug\cymetadata.o"
Deleting file ".\CortexM3\ARM_GCC_541\Debug\Cm3Start.o"
Deleting file ".\CortexM3\ARM_GCC_541\Debug\CyBootAsmGnu.o"
Deleting file ".\CortexM3\ARM_GCC_541\Debug\CyDmac.o"
Deleting file ".\CortexM3\ARM_GCC_541\Debug\CyFlash.o"
Deleting file ".\CortexM3\ARM_GCC_541\Debug\CyLib.o"
Deleting file ".\CortexM3\ARM_GCC_541\Debug\cyPm.o"
Deleting file ".\CortexM3\ARM_GCC_541\Debug\CySpc.o"
Deleting file ".\CortexM3\ARM_GCC_541\Debug\cyutils.o"
Deleting file ".\CortexM3\ARM_GCC_541\Debug\cy_em_eeprom.o"
Deleting file ".\CortexM3\ARM_GCC_541\Debug\USBUART.o"
Deleting file ".\CortexM3\ARM_GCC_541\Debug\USBUART_audio.o"
Deleting file ".\CortexM3\ARM_GCC_541\Debug\USBUART_boot.o"
Deleting file ".\CortexM3\ARM_GCC_541\Debug\USBUART_cdc.o"
Deleting file ".\CortexM3\ARM_GCC_541\Debug\USBUART_cls.o"
Deleting file ".\CortexM3\ARM_GCC_541\Debug\USBUART_descr.o"
Deleting file ".\CortexM3\ARM_GCC_541\Debug\USBUART_drv.o"
Deleting file ".\CortexM3\ARM_GCC_541\Debug\USBUART_episr.o"
Deleting file ".\CortexM3\ARM_GCC_541\Debug\USBUART_hid.o"
Deleting file ".\CortexM3\ARM_GCC_541\Debug\USBUART_pm.o"
Deleting file ".\CortexM3\ARM_GCC_541\Debug\USBUART_std.o"
Deleting file ".\CortexM3\ARM_GCC_541\Debug\USBUART_vnd.o"
Deleting file ".\CortexM3\ARM_GCC_541\Debug\USBUART_midi.o"
Deleting file ".\CortexM3\ARM_GCC_541\Debug\USBUART_msc.o"
Deleting file ".\CortexM3\ARM_GCC_541\Debug\USBUART_Dm.o"
Deleting file ".\CortexM3\ARM_GCC_541\Debug\USBUART_Dp.o"
Deleting file ".\CortexM3\ARM_GCC_541\Debug\Pin_1.o"
Deleting file ".\CortexM3\ARM_GCC_541\Debug\TX_EN.o"
Deleting file ".\CortexM3\ARM_GCC_541\Debug\Pin_V_Mon2.o"
Deleting file ".\CortexM3\ARM_GCC_541\Debug\Pin_AC_Mon.o"
Deleting file ".\CortexM3\ARM_GCC_541\Debug\Pin_LED.o"
Deleting file ".\CortexM3\ARM_GCC_541\Debug\Pin_ESTOP.o"
Deleting file ".\CortexM3\ARM_GCC_541\Debug\Pin_Tool_Arm_FWD.o"
Deleting file ".\CortexM3\ARM_GCC_541\Debug\Pin_Tool_Arm_Brake.o"
Deleting file ".\CortexM3\ARM_GCC_541\Debug\Pin_Car_FWD.o"
Deleting file ".\CortexM3\ARM_GCC_541\Debug\Pin_Tool_Arm_REV.o"
Deleting file ".\CortexM3\ARM_GCC_541\Debug\Pin_Tool_Clamp.o"
Deleting file ".\CortexM3\ARM_GCC_541\Debug\Pin_Car_REV.o"
Deleting file ".\CortexM3\ARM_GCC_541\Debug\Pin_JP8_3A.o"
Deleting file ".\CortexM3\ARM_GCC_541\Debug\Pin_Tool_Air.o"
Deleting file ".\CortexM3\ARM_GCC_541\Debug\Pin_Tool_1.o"
Deleting file ".\CortexM3\ARM_GCC_541\Debug\Pin_Tool_Unclamped.o"
Deleting file ".\CortexM3\ARM_GCC_541\Debug\Pin_Tool_Count.o"
Deleting file ".\CortexM3\ARM_GCC_541\Debug\Pin_Tool_Clamped.o"
Deleting file ".\CortexM3\ARM_GCC_541\Debug\Pin_Tool_Arm_Out.o"
Deleting file ".\CortexM3\ARM_GCC_541\Debug\Pin_JP1_2B.o"
Deleting file ".\CortexM3\ARM_GCC_541\Debug\Pin_Tool_Arm_Back.o"
Deleting file ".\CortexM3\ARM_GCC_541\Debug\Pin_JP1_2A.o"
Deleting file ".\CortexM3\ARM_GCC_541\Debug\UART.o"
Deleting file ".\CortexM3\ARM_GCC_541\Debug\UART_PM.o"
Deleting file ".\CortexM3\ARM_GCC_541\Debug\UART_INT.o"
Deleting file ".\CortexM3\ARM_GCC_541\Debug\UART_BOOT.o"
Deleting file ".\CortexM3\ARM_GCC_541\Debug\UART_IntClock.o"
Deleting file ".\CortexM3\ARM_GCC_541\Debug\TLAUX_PSoC.hex"
Deleting file ".\CortexM3\ARM_GCC_541\Debug\TLAUX_PSoC.map"
Deleting file ".\TLAUX_PSoC.cycdx"
Deleting file ".\TLAUX_PSoC.svd"
Deleting file ".\TLAUX_PSoC.rpt"
Deleting file ".\TLAUX_PSoC_timing.html"
Deleting file ".\CortexM3\ARM_GCC_541\Debug\.deps\SOURCE_C__ARM_GCC_GENERIC.P"
Deleting file ".\CortexM3\ARM_GCC_541\Debug\.deps\SOURCE_ASM__ARM_GCC_GENERIC.P"
--------------- Clean Succeeded: 02/10/2019 09:34:27 ---------------
