ARM GAS  C:\Users\Dan\AppData\Local\Temp\ccHyPPy8.s 			page 1


   1              		.syntax unified
   2              		.cpu cortex-m3
   3              		.fpu softvfp
   4              		.eabi_attribute 20, 1
   5              		.eabi_attribute 21, 1
   6              		.eabi_attribute 23, 3
   7              		.eabi_attribute 24, 1
   8              		.eabi_attribute 25, 1
   9              		.eabi_attribute 26, 1
  10              		.eabi_attribute 30, 1
  11              		.eabi_attribute 34, 1
  12              		.eabi_attribute 18, 4
  13              		.thumb
  14              		.syntax unified
  15              		.file	"cymetadata.c"
  16              		.text
  17              	.Ltext0:
  18              		.cfi_sections	.debug_frame
  19              		.global	cy_meta_configecc
  20              		.global	cy_meta_loadable
  21              		.section	.cyconfigecc,"a",%progbits
  22              		.align	2
  23              		.type	cy_meta_configecc, %object
  24              		.size	cy_meta_configecc, 1164
  25              	cy_meta_configecc:
  26 0000 01       		.byte	1
  27 0001 45       		.byte	69
  28 0002 00       		.byte	0
  29 0003 40       		.byte	64
  30 0004 03       		.byte	3
  31 0005 52       		.byte	82
  32 0006 00       		.byte	0
  33 0007 40       		.byte	64
  34 0008 03       		.byte	3
  35 0009 65       		.byte	101
  36 000a 00       		.byte	0
  37 000b 40       		.byte	64
  38 000c 02       		.byte	2
  39 000d 03       		.byte	3
  40 000e 01       		.byte	1
  41 000f 40       		.byte	64
  42 0010 0F       		.byte	15
  43 0011 08       		.byte	8
  44 0012 01       		.byte	1
  45 0013 40       		.byte	64
  46 0014 31       		.byte	49
  47 0015 09       		.byte	9
  48 0016 01       		.byte	1
  49 0017 40       		.byte	64
  50 0018 02       		.byte	2
  51 0019 0B       		.byte	11
  52 001a 01       		.byte	1
  53 001b 40       		.byte	64
  54 001c 02       		.byte	2
  55 001d 0D       		.byte	13
  56 001e 01       		.byte	1
  57 001f 40       		.byte	64
ARM GAS  C:\Users\Dan\AppData\Local\Temp\ccHyPPy8.s 			page 2


  58 0020 02       		.byte	2
  59 0021 15       		.byte	21
  60 0022 01       		.byte	1
  61 0023 40       		.byte	64
  62 0024 01       		.byte	1
  63 0025 17       		.byte	23
  64 0026 01       		.byte	1
  65 0027 40       		.byte	64
  66 0028 54       		.byte	84
  67 0029 18       		.byte	24
  68 002a 01       		.byte	1
  69 002b 40       		.byte	64
  70 002c 42       		.byte	66
  71 002d 19       		.byte	25
  72 002e 01       		.byte	1
  73 002f 40       		.byte	64
  74 0030 44       		.byte	68
  75 0031 1A       		.byte	26
  76 0032 01       		.byte	1
  77 0033 40       		.byte	64
  78 0034 48       		.byte	72
  79 0035 1B       		.byte	27
  80 0036 01       		.byte	1
  81 0037 40       		.byte	64
  82 0038 07       		.byte	7
  83 0039 40       		.byte	64
  84 003a 01       		.byte	1
  85 003b 40       		.byte	64
  86 003c 09       		.byte	9
  87 003d 41       		.byte	65
  88 003e 01       		.byte	1
  89 003f 40       		.byte	64
  90 0040 03       		.byte	3
  91 0041 42       		.byte	66
  92 0042 01       		.byte	1
  93 0043 40       		.byte	64
  94 0044 03       		.byte	3
  95 0045 43       		.byte	67
  96 0046 01       		.byte	1
  97 0047 40       		.byte	64
  98 0048 05       		.byte	5
  99 0049 45       		.byte	69
 100 004a 01       		.byte	1
 101 004b 40       		.byte	64
 102 004c 05       		.byte	5
 103 004d 46       		.byte	70
 104 004e 01       		.byte	1
 105 004f 40       		.byte	64
 106 0050 07       		.byte	7
 107 0051 47       		.byte	71
 108 0052 01       		.byte	1
 109 0053 40       		.byte	64
 110 0054 04       		.byte	4
 111 0055 48       		.byte	72
 112 0056 01       		.byte	1
 113 0057 40       		.byte	64
 114 0058 05       		.byte	5
ARM GAS  C:\Users\Dan\AppData\Local\Temp\ccHyPPy8.s 			page 3


 115 0059 49       		.byte	73
 116 005a 01       		.byte	1
 117 005b 40       		.byte	64
 118 005c 02       		.byte	2
 119 005d 4C       		.byte	76
 120 005e 01       		.byte	1
 121 005f 40       		.byte	64
 122 0060 05       		.byte	5
 123 0061 4D       		.byte	77
 124 0062 01       		.byte	1
 125 0063 40       		.byte	64
 126 0064 06       		.byte	6
 127 0065 50       		.byte	80
 128 0066 01       		.byte	1
 129 0067 40       		.byte	64
 130 0068 02       		.byte	2
 131 0069 51       		.byte	81
 132 006a 01       		.byte	1
 133 006b 40       		.byte	64
 134 006c 7E       		.byte	126
 135 006d 02       		.byte	2
 136 006e 10       		.byte	16
 137 006f 80       		.byte	-128
 138 0070 61       		.byte	97
 139 0071 40       		.byte	64
 140 0072 7C       		.byte	124
 141 0073 40       		.byte	64
 142 0074 89       		.byte	-119
 143 0075 72       		.byte	114
 144 0076 8A       		.byte	-118
 145 0077 38       		.byte	56
 146 0078 8B       		.byte	-117
 147 0079 0F       		.byte	15
 148 007a E2       		.byte	-30
 149 007b 08       		.byte	8
 150 007c E6       		.byte	-26
 151 007d 02       		.byte	2
 152 007e 03       		.byte	3
 153 007f 01       		.byte	1
 154 0080 09       		.byte	9
 155 0081 06       		.byte	6
 156 0082 0D       		.byte	13
 157 0083 01       		.byte	1
 158 0084 0F       		.byte	15
 159 0085 06       		.byte	6
 160 0086 11       		.byte	17
 161 0087 06       		.byte	6
 162 0088 13       		.byte	19
 163 0089 01       		.byte	1
 164 008a 19       		.byte	25
 165 008b 07       		.byte	7
 166 008c 21       		.byte	33
 167 008d 04       		.byte	4
 168 008e 25       		.byte	37
 169 008f 02       		.byte	2
 170 0090 29       		.byte	41
 171 0091 06       		.byte	6
ARM GAS  C:\Users\Dan\AppData\Local\Temp\ccHyPPy8.s 			page 4


 172 0092 2B       		.byte	43
 173 0093 01       		.byte	1
 174 0094 31       		.byte	49
 175 0095 07       		.byte	7
 176 0096 3B       		.byte	59
 177 0097 02       		.byte	2
 178 0098 59       		.byte	89
 179 0099 04       		.byte	4
 180 009a 5F       		.byte	95
 181 009b 01       		.byte	1
 182 009c 00       		.byte	0
 183 009d 02       		.byte	2
 184 009e 03       		.byte	3
 185 009f 2A       		.byte	42
 186 00a0 08       		.byte	8
 187 00a1 02       		.byte	2
 188 00a2 0A       		.byte	10
 189 00a3 19       		.byte	25
 190 00a4 10       		.byte	16
 191 00a5 10       		.byte	16
 192 00a6 12       		.byte	18
 193 00a7 42       		.byte	66
 194 00a8 13       		.byte	19
 195 00a9 10       		.byte	16
 196 00aa 18       		.byte	24
 197 00ab 08       		.byte	8
 198 00ac 19       		.byte	25
 199 00ad 11       		.byte	17
 200 00ae 1A       		.byte	26
 201 00af 60       		.byte	96
 202 00b0 1B       		.byte	27
 203 00b1 2A       		.byte	42
 204 00b2 20       		.byte	32
 205 00b3 04       		.byte	4
 206 00b4 22       		.byte	34
 207 00b5 81       		.byte	-127
 208 00b6 23       		.byte	35
 209 00b7 10       		.byte	16
 210 00b8 26       		.byte	38
 211 00b9 02       		.byte	2
 212 00ba 27       		.byte	39
 213 00bb 40       		.byte	64
 214 00bc 29       		.byte	41
 215 00bd 01       		.byte	1
 216 00be 2A       		.byte	42
 217 00bf 40       		.byte	64
 218 00c0 2B       		.byte	43
 219 00c1 09       		.byte	9
 220 00c2 2C       		.byte	44
 221 00c3 10       		.byte	16
 222 00c4 2E       		.byte	46
 223 00c5 07       		.byte	7
 224 00c6 2F       		.byte	47
 225 00c7 08       		.byte	8
 226 00c8 33       		.byte	51
 227 00c9 54       		.byte	84
 228 00ca 35       		.byte	53
ARM GAS  C:\Users\Dan\AppData\Local\Temp\ccHyPPy8.s 			page 5


 229 00cb 10       		.byte	16
 230 00cc 36       		.byte	54
 231 00cd 02       		.byte	2
 232 00ce 38       		.byte	56
 233 00cf 09       		.byte	9
 234 00d0 3B       		.byte	59
 235 00d1 50       		.byte	80
 236 00d2 3C       		.byte	60
 237 00d3 02       		.byte	2
 238 00d4 3E       		.byte	62
 239 00d5 70       		.byte	112
 240 00d6 40       		.byte	64
 241 00d7 24       		.byte	36
 242 00d8 42       		.byte	66
 243 00d9 40       		.byte	64
 244 00da 48       		.byte	72
 245 00db 41       		.byte	65
 246 00dc 49       		.byte	73
 247 00dd 20       		.byte	32
 248 00de 4B       		.byte	75
 249 00df 40       		.byte	64
 250 00e0 52       		.byte	82
 251 00e1 10       		.byte	16
 252 00e2 58       		.byte	88
 253 00e3 60       		.byte	96
 254 00e4 59       		.byte	89
 255 00e5 10       		.byte	16
 256 00e6 60       		.byte	96
 257 00e7 03       		.byte	3
 258 00e8 98       		.byte	-104
 259 00e9 40       		.byte	64
 260 00ea C0       		.byte	-64
 261 00eb 0F       		.byte	15
 262 00ec C2       		.byte	-62
 263 00ed 0F       		.byte	15
 264 00ee C4       		.byte	-60
 265 00ef 0F       		.byte	15
 266 00f0 CA       		.byte	-54
 267 00f1 ED       		.byte	-19
 268 00f2 CC       		.byte	-52
 269 00f3 AE       		.byte	-82
 270 00f4 CE       		.byte	-50
 271 00f5 BF       		.byte	-65
 272 00f6 D0       		.byte	-48
 273 00f7 07       		.byte	7
 274 00f8 D2       		.byte	-46
 275 00f9 0C       		.byte	12
 276 00fa D6       		.byte	-42
 277 00fb 08       		.byte	8
 278 00fc D8       		.byte	-40
 279 00fd 08       		.byte	8
 280 00fe 98       		.byte	-104
 281 00ff 40       		.byte	64
 282 0100 B0       		.byte	-80
 283 0101 40       		.byte	64
 284 0102 E2       		.byte	-30
 285 0103 08       		.byte	8
ARM GAS  C:\Users\Dan\AppData\Local\Temp\ccHyPPy8.s 			page 6


 286 0104 E6       		.byte	-26
 287 0105 02       		.byte	2
 288 0106 E2       		.byte	-30
 289 0107 04       		.byte	4
 290 0108 E6       		.byte	-26
 291 0109 80       		.byte	-128
 292 010a EA       		.byte	-22
 293 010b 02       		.byte	2
 294 010c 01       		.byte	1
 295 010d 01       		.byte	1
 296 010e 02       		.byte	2
 297 010f 02       		.byte	2
 298 0110 0A       		.byte	10
 299 0111 06       		.byte	6
 300 0112 0E       		.byte	14
 301 0113 05       		.byte	5
 302 0114 14       		.byte	20
 303 0115 06       		.byte	6
 304 0116 16       		.byte	22
 305 0117 01       		.byte	1
 306 0118 1A       		.byte	26
 307 0119 01       		.byte	1
 308 011a 1E       		.byte	30
 309 011b 03       		.byte	3
 310 011c 31       		.byte	49
 311 011d 01       		.byte	1
 312 011e 36       		.byte	54
 313 011f 07       		.byte	7
 314 0120 3A       		.byte	58
 315 0121 80       		.byte	-128
 316 0122 3F       		.byte	63
 317 0123 01       		.byte	1
 318 0124 40       		.byte	64
 319 0125 42       		.byte	66
 320 0126 41       		.byte	65
 321 0127 01       		.byte	1
 322 0128 45       		.byte	69
 323 0129 0B       		.byte	11
 324 012a 46       		.byte	70
 325 012b 0C       		.byte	12
 326 012c 47       		.byte	71
 327 012d E0       		.byte	-32
 328 012e 48       		.byte	72
 329 012f 25       		.byte	37
 330 0130 49       		.byte	73
 331 0131 FF       		.byte	-1
 332 0132 4A       		.byte	74
 333 0133 FF       		.byte	-1
 334 0134 4B       		.byte	75
 335 0135 FF       		.byte	-1
 336 0136 4E       		.byte	78
 337 0137 F0       		.byte	-16
 338 0138 4F       		.byte	79
 339 0139 44       		.byte	68
 340 013a 50       		.byte	80
 341 013b 0C       		.byte	12
 342 013c 58       		.byte	88
ARM GAS  C:\Users\Dan\AppData\Local\Temp\ccHyPPy8.s 			page 7


 343 013d 04       		.byte	4
 344 013e 59       		.byte	89
 345 013f 04       		.byte	4
 346 0140 5A       		.byte	90
 347 0141 04       		.byte	4
 348 0142 5F       		.byte	95
 349 0143 01       		.byte	1
 350 0144 66       		.byte	102
 351 0145 C0       		.byte	-64
 352 0146 6A       		.byte	106
 353 0147 40       		.byte	64
 354 0148 6B       		.byte	107
 355 0149 02       		.byte	2
 356 014a 80       		.byte	-128
 357 014b 06       		.byte	6
 358 014c 82       		.byte	-126
 359 014d 01       		.byte	1
 360 014e 84       		.byte	-124
 361 014f 18       		.byte	24
 362 0150 85       		.byte	-123
 363 0151 01       		.byte	1
 364 0152 88       		.byte	-120
 365 0153 18       		.byte	24
 366 0154 89       		.byte	-119
 367 0155 01       		.byte	1
 368 0156 8C       		.byte	-116
 369 0157 08       		.byte	8
 370 0158 8D       		.byte	-115
 371 0159 01       		.byte	1
 372 015a 8E       		.byte	-114
 373 015b 10       		.byte	16
 374 015c 90       		.byte	-112
 375 015d 10       		.byte	16
 376 015e 92       		.byte	-110
 377 015f 08       		.byte	8
 378 0160 94       		.byte	-108
 379 0161 07       		.byte	7
 380 0162 98       		.byte	-104
 381 0163 06       		.byte	6
 382 0164 99       		.byte	-103
 383 0165 02       		.byte	2
 384 0166 9B       		.byte	-101
 385 0167 04       		.byte	4
 386 0168 9C       		.byte	-100
 387 0169 01       		.byte	1
 388 016a 9D       		.byte	-99
 389 016b 02       		.byte	2
 390 016c 9E       		.byte	-98
 391 016d 06       		.byte	6
 392 016e 9F       		.byte	-97
 393 016f 04       		.byte	4
 394 0170 A0       		.byte	-96
 395 0171 04       		.byte	4
 396 0172 A1       		.byte	-95
 397 0173 06       		.byte	6
 398 0174 A4       		.byte	-92
 399 0175 02       		.byte	2
ARM GAS  C:\Users\Dan\AppData\Local\Temp\ccHyPPy8.s 			page 8


 400 0176 A8       		.byte	-88
 401 0177 07       		.byte	7
 402 0178 A9       		.byte	-87
 403 0179 06       		.byte	6
 404 017a AE       		.byte	-82
 405 017b 01       		.byte	1
 406 017c B0       		.byte	-80
 407 017d 18       		.byte	24
 408 017e B1       		.byte	-79
 409 017f 04       		.byte	4
 410 0180 B3       		.byte	-77
 411 0181 02       		.byte	2
 412 0182 B4       		.byte	-76
 413 0183 07       		.byte	7
 414 0184 B7       		.byte	-73
 415 0185 01       		.byte	1
 416 0186 B9       		.byte	-71
 417 0187 02       		.byte	2
 418 0188 BF       		.byte	-65
 419 0189 04       		.byte	4
 420 018a C0       		.byte	-64
 421 018b 03       		.byte	3
 422 018c C5       		.byte	-59
 423 018d 40       		.byte	64
 424 018e C9       		.byte	-55
 425 018f FF       		.byte	-1
 426 0190 CA       		.byte	-54
 427 0191 07       		.byte	7
 428 0192 CB       		.byte	-53
 429 0193 FF       		.byte	-1
 430 0194 CC       		.byte	-52
 431 0195 40       		.byte	64
 432 0196 CD       		.byte	-51
 433 0197 20       		.byte	32
 434 0198 CE       		.byte	-50
 435 0199 F0       		.byte	-16
 436 019a CF       		.byte	-49
 437 019b 05       		.byte	5
 438 019c D0       		.byte	-48
 439 019d 08       		.byte	8
 440 019e D6       		.byte	-42
 441 019f 02       		.byte	2
 442 01a0 D7       		.byte	-41
 443 01a1 11       		.byte	17
 444 01a2 D8       		.byte	-40
 445 01a3 04       		.byte	4
 446 01a4 D9       		.byte	-39
 447 01a5 04       		.byte	4
 448 01a6 DA       		.byte	-38
 449 01a7 04       		.byte	4
 450 01a8 DB       		.byte	-37
 451 01a9 04       		.byte	4
 452 01aa DF       		.byte	-33
 453 01ab 01       		.byte	1
 454 01ac E0       		.byte	-32
 455 01ad 40       		.byte	64
 456 01ae E1       		.byte	-31
ARM GAS  C:\Users\Dan\AppData\Local\Temp\ccHyPPy8.s 			page 9


 457 01af A8       		.byte	-88
 458 01b0 E2       		.byte	-30
 459 01b1 40       		.byte	64
 460 01b2 E3       		.byte	-29
 461 01b3 20       		.byte	32
 462 01b4 03       		.byte	3
 463 01b5 56       		.byte	86
 464 01b6 04       		.byte	4
 465 01b7 20       		.byte	32
 466 01b8 05       		.byte	5
 467 01b9 02       		.byte	2
 468 01ba 07       		.byte	7
 469 01bb 01       		.byte	1
 470 01bc 08       		.byte	8
 471 01bd 42       		.byte	66
 472 01be 0A       		.byte	10
 473 01bf 20       		.byte	32
 474 01c0 0B       		.byte	11
 475 01c1 08       		.byte	8
 476 01c2 0D       		.byte	13
 477 01c3 80       		.byte	-128
 478 01c4 0F       		.byte	15
 479 01c5 14       		.byte	20
 480 01c6 10       		.byte	16
 481 01c7 84       		.byte	-124
 482 01c8 13       		.byte	19
 483 01c9 48       		.byte	72
 484 01ca 19       		.byte	25
 485 01cb 20       		.byte	32
 486 01cc 1B       		.byte	27
 487 01cd 03       		.byte	3
 488 01ce 1D       		.byte	29
 489 01cf 80       		.byte	-128
 490 01d0 1F       		.byte	31
 491 01d1 80       		.byte	-128
 492 01d2 20       		.byte	32
 493 01d3 02       		.byte	2
 494 01d4 21       		.byte	33
 495 01d5 02       		.byte	2
 496 01d6 23       		.byte	35
 497 01d7 20       		.byte	32
 498 01d8 24       		.byte	36
 499 01d9 80       		.byte	-128
 500 01da 28       		.byte	40
 501 01db 44       		.byte	68
 502 01dc 29       		.byte	41
 503 01dd 11       		.byte	17
 504 01de 2E       		.byte	46
 505 01df 20       		.byte	32
 506 01e0 2F       		.byte	47
 507 01e1 04       		.byte	4
 508 01e2 32       		.byte	50
 509 01e3 10       		.byte	16
 510 01e4 33       		.byte	51
 511 01e5 40       		.byte	64
 512 01e6 39       		.byte	57
 513 01e7 54       		.byte	84
ARM GAS  C:\Users\Dan\AppData\Local\Temp\ccHyPPy8.s 			page 10


 514 01e8 3E       		.byte	62
 515 01e9 09       		.byte	9
 516 01ea 3F       		.byte	63
 517 01eb 04       		.byte	4
 518 01ec 41       		.byte	65
 519 01ed 08       		.byte	8
 520 01ee 45       		.byte	69
 521 01ef 80       		.byte	-128
 522 01f0 46       		.byte	70
 523 01f1 08       		.byte	8
 524 01f2 47       		.byte	71
 525 01f3 01       		.byte	1
 526 01f4 49       		.byte	73
 527 01f5 02       		.byte	2
 528 01f6 4B       		.byte	75
 529 01f7 04       		.byte	4
 530 01f8 4F       		.byte	79
 531 01f9 08       		.byte	8
 532 01fa 56       		.byte	86
 533 01fb 01       		.byte	1
 534 01fc 57       		.byte	87
 535 01fd 40       		.byte	64
 536 01fe 5B       		.byte	91
 537 01ff 20       		.byte	32
 538 0200 69       		.byte	105
 539 0201 54       		.byte	84
 540 0202 6B       		.byte	107
 541 0203 14       		.byte	20
 542 0204 70       		.byte	112
 543 0205 80       		.byte	-128
 544 0206 72       		.byte	114
 545 0207 26       		.byte	38
 546 0208 73       		.byte	115
 547 0209 08       		.byte	8
 548 020a 92       		.byte	-110
 549 020b 22       		.byte	34
 550 020c 93       		.byte	-109
 551 020d 40       		.byte	64
 552 020e 96       		.byte	-106
 553 020f 04       		.byte	4
 554 0210 98       		.byte	-104
 555 0211 02       		.byte	2
 556 0212 99       		.byte	-103
 557 0213 11       		.byte	17
 558 0214 9A       		.byte	-102
 559 0215 10       		.byte	16
 560 0216 9B       		.byte	-101
 561 0217 40       		.byte	64
 562 0218 9D       		.byte	-99
 563 0219 20       		.byte	32
 564 021a 9E       		.byte	-98
 565 021b 22       		.byte	34
 566 021c 9F       		.byte	-97
 567 021d 14       		.byte	20
 568 021e A0       		.byte	-96
 569 021f 40       		.byte	64
 570 0220 A4       		.byte	-92
ARM GAS  C:\Users\Dan\AppData\Local\Temp\ccHyPPy8.s 			page 11


 571 0221 01       		.byte	1
 572 0222 A7       		.byte	-89
 573 0223 01       		.byte	1
 574 0224 B2       		.byte	-78
 575 0225 84       		.byte	-124
 576 0226 C0       		.byte	-64
 577 0227 DF       		.byte	-33
 578 0228 C2       		.byte	-62
 579 0229 EF       		.byte	-17
 580 022a C4       		.byte	-60
 581 022b 0F       		.byte	15
 582 022c CA       		.byte	-54
 583 022d 05       		.byte	5
 584 022e CC       		.byte	-52
 585 022f 0C       		.byte	12
 586 0230 CE       		.byte	-50
 587 0231 8E       		.byte	-114
 588 0232 D0       		.byte	-48
 589 0233 B2       		.byte	-78
 590 0234 D6       		.byte	-42
 591 0235 04       		.byte	4
 592 0236 EA       		.byte	-22
 593 0237 02       		.byte	2
 594 0238 00       		.byte	0
 595 0239 04       		.byte	4
 596 023a 01       		.byte	1
 597 023b 01       		.byte	1
 598 023c 03       		.byte	3
 599 023d 0E       		.byte	14
 600 023e 06       		.byte	6
 601 023f 02       		.byte	2
 602 0240 07       		.byte	7
 603 0241 03       		.byte	3
 604 0242 0A       		.byte	10
 605 0243 01       		.byte	1
 606 0244 0E       		.byte	14
 607 0245 01       		.byte	1
 608 0246 12       		.byte	18
 609 0247 02       		.byte	2
 610 0248 15       		.byte	21
 611 0249 0C       		.byte	12
 612 024a 17       		.byte	23
 613 024b 03       		.byte	3
 614 024c 1D       		.byte	29
 615 024d 01       		.byte	1
 616 024e 1F       		.byte	31
 617 024f 06       		.byte	6
 618 0250 20       		.byte	32
 619 0251 04       		.byte	4
 620 0252 23       		.byte	35
 621 0253 08       		.byte	8
 622 0254 24       		.byte	36
 623 0255 08       		.byte	8
 624 0256 2A       		.byte	42
 625 0257 04       		.byte	4
 626 0258 2B       		.byte	43
 627 0259 0C       		.byte	12
ARM GAS  C:\Users\Dan\AppData\Local\Temp\ccHyPPy8.s 			page 12


 628 025a 30       		.byte	48
 629 025b 01       		.byte	1
 630 025c 32       		.byte	50
 631 025d 0C       		.byte	12
 632 025e 33       		.byte	51
 633 025f 0F       		.byte	15
 634 0260 34       		.byte	52
 635 0261 02       		.byte	2
 636 0262 38       		.byte	56
 637 0263 08       		.byte	8
 638 0264 3B       		.byte	59
 639 0265 08       		.byte	8
 640 0266 3E       		.byte	62
 641 0267 11       		.byte	17
 642 0268 54       		.byte	84
 643 0269 18       		.byte	24
 644 026a 56       		.byte	86
 645 026b 04       		.byte	4
 646 026c 58       		.byte	88
 647 026d 04       		.byte	4
 648 026e 59       		.byte	89
 649 026f 04       		.byte	4
 650 0270 5B       		.byte	91
 651 0271 04       		.byte	4
 652 0272 5F       		.byte	95
 653 0273 01       		.byte	1
 654 0274 80       		.byte	-128
 655 0275 10       		.byte	16
 656 0276 87       		.byte	-121
 657 0277 55       		.byte	85
 658 0278 88       		.byte	-120
 659 0279 09       		.byte	9
 660 027a 8A       		.byte	-118
 661 027b 10       		.byte	16
 662 027c 8C       		.byte	-116
 663 027d 0C       		.byte	12
 664 027e 8D       		.byte	-115
 665 027f 03       		.byte	3
 666 0280 8E       		.byte	-114
 667 0281 11       		.byte	17
 668 0282 8F       		.byte	-113
 669 0283 44       		.byte	68
 670 0284 95       		.byte	-107
 671 0285 2A       		.byte	42
 672 0286 97       		.byte	-105
 673 0287 44       		.byte	68
 674 0288 98       		.byte	-104
 675 0289 14       		.byte	20
 676 028a 9D       		.byte	-99
 677 028b 73       		.byte	115
 678 028c 9E       		.byte	-98
 679 028d 03       		.byte	3
 680 028e 9F       		.byte	-97
 681 028f 0C       		.byte	12
 682 0290 A0       		.byte	-96
 683 0291 10       		.byte	16
 684 0292 A1       		.byte	-95
ARM GAS  C:\Users\Dan\AppData\Local\Temp\ccHyPPy8.s 			page 13


 685 0293 73       		.byte	115
 686 0294 A2       		.byte	-94
 687 0295 0C       		.byte	12
 688 0296 A3       		.byte	-93
 689 0297 04       		.byte	4
 690 0298 A8       		.byte	-88
 691 0299 1C       		.byte	28
 692 029a AA       		.byte	-86
 693 029b 02       		.byte	2
 694 029c AB       		.byte	-85
 695 029d 08       		.byte	8
 696 029e AC       		.byte	-84
 697 029f 20       		.byte	32
 698 02a0 B1       		.byte	-79
 699 02a1 20       		.byte	32
 700 02a2 B3       		.byte	-77
 701 02a3 30       		.byte	48
 702 02a4 B4       		.byte	-76
 703 02a5 20       		.byte	32
 704 02a6 B5       		.byte	-75
 705 02a7 40       		.byte	64
 706 02a8 B6       		.byte	-74
 707 02a9 1F       		.byte	31
 708 02aa B7       		.byte	-73
 709 02ab 0F       		.byte	15
 710 02ac B9       		.byte	-71
 711 02ad 0A       		.byte	10
 712 02ae BB       		.byte	-69
 713 02af 80       		.byte	-128
 714 02b0 BE       		.byte	-66
 715 02b1 10       		.byte	16
 716 02b2 BF       		.byte	-65
 717 02b3 14       		.byte	20
 718 02b4 D4       		.byte	-44
 719 02b5 01       		.byte	1
 720 02b6 D6       		.byte	-42
 721 02b7 04       		.byte	4
 722 02b8 D8       		.byte	-40
 723 02b9 04       		.byte	4
 724 02ba D9       		.byte	-39
 725 02bb 04       		.byte	4
 726 02bc DB       		.byte	-37
 727 02bd 04       		.byte	4
 728 02be DF       		.byte	-33
 729 02bf 01       		.byte	1
 730 02c0 00       		.byte	0
 731 02c1 80       		.byte	-128
 732 02c2 01       		.byte	1
 733 02c3 20       		.byte	32
 734 02c4 02       		.byte	2
 735 02c5 10       		.byte	16
 736 02c6 03       		.byte	3
 737 02c7 80       		.byte	-128
 738 02c8 04       		.byte	4
 739 02c9 20       		.byte	32
 740 02ca 05       		.byte	5
 741 02cb 02       		.byte	2
ARM GAS  C:\Users\Dan\AppData\Local\Temp\ccHyPPy8.s 			page 14


 742 02cc 06       		.byte	6
 743 02cd 02       		.byte	2
 744 02ce 09       		.byte	9
 745 02cf 02       		.byte	2
 746 02d0 0E       		.byte	14
 747 02d1 01       		.byte	1
 748 02d2 0F       		.byte	15
 749 02d3 08       		.byte	8
 750 02d4 11       		.byte	17
 751 02d5 10       		.byte	16
 752 02d6 12       		.byte	18
 753 02d7 88       		.byte	-120
 754 02d8 13       		.byte	19
 755 02d9 04       		.byte	4
 756 02da 14       		.byte	20
 757 02db 02       		.byte	2
 758 02dc 15       		.byte	21
 759 02dd 10       		.byte	16
 760 02de 16       		.byte	22
 761 02df 01       		.byte	1
 762 02e0 17       		.byte	23
 763 02e1 01       		.byte	1
 764 02e2 18       		.byte	24
 765 02e3 20       		.byte	32
 766 02e4 19       		.byte	25
 767 02e5 10       		.byte	16
 768 02e6 1B       		.byte	27
 769 02e7 09       		.byte	9
 770 02e8 1E       		.byte	30
 771 02e9 09       		.byte	9
 772 02ea 22       		.byte	34
 773 02eb 08       		.byte	8
 774 02ec 23       		.byte	35
 775 02ed 10       		.byte	16
 776 02ee 25       		.byte	37
 777 02ef 08       		.byte	8
 778 02f0 26       		.byte	38
 779 02f1 81       		.byte	-127
 780 02f2 27       		.byte	39
 781 02f3 05       		.byte	5
 782 02f4 29       		.byte	41
 783 02f5 02       		.byte	2
 784 02f6 2B       		.byte	43
 785 02f7 08       		.byte	8
 786 02f8 2E       		.byte	46
 787 02f9 02       		.byte	2
 788 02fa 2F       		.byte	47
 789 02fb 88       		.byte	-120
 790 02fc 32       		.byte	50
 791 02fd 88       		.byte	-120
 792 02fe 36       		.byte	54
 793 02ff 88       		.byte	-120
 794 0300 3A       		.byte	58
 795 0301 02       		.byte	2
 796 0302 3B       		.byte	59
 797 0303 04       		.byte	4
 798 0304 3D       		.byte	61
ARM GAS  C:\Users\Dan\AppData\Local\Temp\ccHyPPy8.s 			page 15


 799 0305 40       		.byte	64
 800 0306 3F       		.byte	63
 801 0307 84       		.byte	-124
 802 0308 5A       		.byte	90
 803 0309 02       		.byte	2
 804 030a 5C       		.byte	92
 805 030b 22       		.byte	34
 806 030c 5E       		.byte	94
 807 030d 08       		.byte	8
 808 030e 5F       		.byte	95
 809 030f 80       		.byte	-128
 810 0310 61       		.byte	97
 811 0311 11       		.byte	17
 812 0312 63       		.byte	99
 813 0313 02       		.byte	2
 814 0314 67       		.byte	103
 815 0315 80       		.byte	-128
 816 0316 81       		.byte	-127
 817 0317 01       		.byte	1
 818 0318 82       		.byte	-126
 819 0319 01       		.byte	1
 820 031a 83       		.byte	-125
 821 031b 84       		.byte	-124
 822 031c 8B       		.byte	-117
 823 031d 40       		.byte	64
 824 031e 8C       		.byte	-116
 825 031f 20       		.byte	32
 826 0320 8D       		.byte	-115
 827 0321 40       		.byte	64
 828 0322 92       		.byte	-110
 829 0323 02       		.byte	2
 830 0324 93       		.byte	-109
 831 0325 04       		.byte	4
 832 0326 94       		.byte	-108
 833 0327 20       		.byte	32
 834 0328 96       		.byte	-106
 835 0329 01       		.byte	1
 836 032a 97       		.byte	-105
 837 032b 10       		.byte	16
 838 032c 99       		.byte	-103
 839 032d 22       		.byte	34
 840 032e 9A       		.byte	-102
 841 032f 11       		.byte	17
 842 0330 9F       		.byte	-97
 843 0331 01       		.byte	1
 844 0332 A0       		.byte	-96
 845 0333 40       		.byte	64
 846 0334 A1       		.byte	-95
 847 0335 02       		.byte	2
 848 0336 A3       		.byte	-93
 849 0337 C4       		.byte	-60
 850 0338 A5       		.byte	-91
 851 0339 08       		.byte	8
 852 033a B4       		.byte	-76
 853 033b 40       		.byte	64
 854 033c C0       		.byte	-64
 855 033d DF       		.byte	-33
ARM GAS  C:\Users\Dan\AppData\Local\Temp\ccHyPPy8.s 			page 16


 856 033e C2       		.byte	-62
 857 033f C8       		.byte	-56
 858 0340 C4       		.byte	-60
 859 0341 DE       		.byte	-34
 860 0342 CA       		.byte	-54
 861 0343 A5       		.byte	-91
 862 0344 CC       		.byte	-52
 863 0345 5A       		.byte	90
 864 0346 CE       		.byte	-50
 865 0347 53       		.byte	83
 866 0348 D6       		.byte	-42
 867 0349 F1       		.byte	-15
 868 034a D8       		.byte	-40
 869 034b 8D       		.byte	-115
 870 034c E4       		.byte	-28
 871 034d 01       		.byte	1
 872 034e E6       		.byte	-26
 873 034f 80       		.byte	-128
 874 0350 30       		.byte	48
 875 0351 80       		.byte	-128
 876 0352 33       		.byte	51
 877 0353 01       		.byte	1
 878 0354 34       		.byte	52
 879 0355 02       		.byte	2
 880 0356 35       		.byte	53
 881 0357 80       		.byte	-128
 882 0358 3B       		.byte	59
 883 0359 10       		.byte	16
 884 035a CC       		.byte	-52
 885 035b F0       		.byte	-16
 886 035c CE       		.byte	-50
 887 035d 10       		.byte	16
 888 035e 84       		.byte	-124
 889 035f 02       		.byte	2
 890 0360 87       		.byte	-121
 891 0361 10       		.byte	16
 892 0362 97       		.byte	-105
 893 0363 10       		.byte	16
 894 0364 9C       		.byte	-100
 895 0365 02       		.byte	2
 896 0366 9D       		.byte	-99
 897 0367 80       		.byte	-128
 898 0368 9F       		.byte	-97
 899 0369 01       		.byte	1
 900 036a A4       		.byte	-92
 901 036b 80       		.byte	-128
 902 036c E2       		.byte	-30
 903 036d 10       		.byte	16
 904 036e E6       		.byte	-26
 905 036f 40       		.byte	64
 906 0370 9D       		.byte	-99
 907 0371 80       		.byte	-128
 908 0372 9F       		.byte	-97
 909 0373 01       		.byte	1
 910 0374 A4       		.byte	-92
 911 0375 80       		.byte	-128
 912 0376 9D       		.byte	-99
ARM GAS  C:\Users\Dan\AppData\Local\Temp\ccHyPPy8.s 			page 17


 913 0377 80       		.byte	-128
 914 0378 9F       		.byte	-97
 915 0379 01       		.byte	1
 916 037a A4       		.byte	-92
 917 037b 80       		.byte	-128
 918 037c 08       		.byte	8
 919 037d 20       		.byte	32
 920 037e 5C       		.byte	92
 921 037f 01       		.byte	1
 922 0380 86       		.byte	-122
 923 0381 41       		.byte	65
 924 0382 C2       		.byte	-62
 925 0383 02       		.byte	2
 926 0384 D6       		.byte	-42
 927 0385 01       		.byte	1
 928 0386 94       		.byte	-108
 929 0387 01       		.byte	1
 930 0388 96       		.byte	-106
 931 0389 01       		.byte	1
 932 038a A6       		.byte	-90
 933 038b 40       		.byte	64
 934 038c B0       		.byte	-80
 935 038d 20       		.byte	32
 936 038e EA       		.byte	-22
 937 038f 01       		.byte	1
 938 0390 09       		.byte	9
 939 0391 08       		.byte	8
 940 0392 0A       		.byte	10
 941 0393 01       		.byte	1
 942 0394 0E       		.byte	14
 943 0395 80       		.byte	-128
 944 0396 94       		.byte	-108
 945 0397 01       		.byte	1
 946 0398 96       		.byte	-106
 947 0399 01       		.byte	1
 948 039a A6       		.byte	-90
 949 039b 40       		.byte	64
 950 039c C2       		.byte	-62
 951 039d 0E       		.byte	14
 952 039e 9D       		.byte	-99
 953 039f 80       		.byte	-128
 954 03a0 A4       		.byte	-92
 955 03a1 80       		.byte	-128
 956 03a2 AF       		.byte	-81
 957 03a3 01       		.byte	1
 958 03a4 EA       		.byte	-22
 959 03a5 40       		.byte	64
 960 03a6 80       		.byte	-128
 961 03a7 80       		.byte	-128
 962 03a8 89       		.byte	-119
 963 03a9 80       		.byte	-128
 964 03aa 9D       		.byte	-99
 965 03ab 80       		.byte	-128
 966 03ac A4       		.byte	-92
 967 03ad 80       		.byte	-128
 968 03ae E2       		.byte	-30
 969 03af 20       		.byte	32
ARM GAS  C:\Users\Dan\AppData\Local\Temp\ccHyPPy8.s 			page 18


 970 03b0 94       		.byte	-108
 971 03b1 01       		.byte	1
 972 03b2 AD       		.byte	-83
 973 03b3 08       		.byte	8
 974 03b4 70       		.byte	112
 975 03b5 04       		.byte	4
 976 03b6 80       		.byte	-128
 977 03b7 04       		.byte	4
 978 03b8 B4       		.byte	-76
 979 03b9 01       		.byte	1
 980 03ba DC       		.byte	-36
 981 03bb 01       		.byte	1
 982 03bc EC       		.byte	-20
 983 03bd 08       		.byte	8
 984 03be 00       		.byte	0
 985 03bf 01       		.byte	1
 986 03c0 01       		.byte	1
 987 03c1 01       		.byte	1
 988 03c2 0C       		.byte	12
 989 03c3 01       		.byte	1
 990 03c4 0D       		.byte	13
 991 03c5 01       		.byte	1
 992 03c6 10       		.byte	16
 993 03c7 01       		.byte	1
 994 03c8 1C       		.byte	28
 995 03c9 01       		.byte	1
 996 03ca 00       		.byte	0
 997 03cb AF       		.byte	-81
 998 03cc 01       		.byte	1
 999 03cd 02       		.byte	2
 1000 03ce 00       		.byte	0
 1001 03cf 00       		.byte	0
 1002 03d0 00       		.byte	0
 1003 03d1 44       		.byte	68
 1004 03d2 33       		.byte	51
 1005 03d3 91       		.byte	-111
 1006 03d4 7F       		.byte	127
 1007 03d5 60       		.byte	96
 1008 03d6 00       		.byte	0
 1009 03d7 00       		.byte	0
 1010 03d8 4C       		.byte	76
 1011 03d9 61       		.byte	97
 1012 03da 23       		.byte	35
 1013 03db 0E       		.byte	14
 1014 03dc 73       		.byte	115
 1015 03dd 00       		.byte	0
 1016 03de 0C       		.byte	12
 1017 03df 60       		.byte	96
 1018 03e0 42       		.byte	66
 1019 03e1 00       		.byte	0
 1020 03e2 00       		.byte	0
 1021 03e3 00       		.byte	0
 1022 03e4 0C       		.byte	12
 1023 03e5 07       		.byte	7
 1024 03e6 00       		.byte	0
 1025 03e7 00       		.byte	0
 1026 03e8 00       		.byte	0
ARM GAS  C:\Users\Dan\AppData\Local\Temp\ccHyPPy8.s 			page 19


 1027 03e9 07       		.byte	7
 1028 03ea 40       		.byte	64
 1029 03eb 00       		.byte	0
 1030 03ec 08       		.byte	8
 1031 03ed 00       		.byte	0
 1032 03ee 00       		.byte	0
 1033 03ef 60       		.byte	96
 1034 03f0 01       		.byte	1
 1035 03f1 60       		.byte	96
 1036 03f2 00       		.byte	0
 1037 03f3 00       		.byte	0
 1038 03f4 04       		.byte	4
 1039 03f5 00       		.byte	0
 1040 03f6 00       		.byte	0
 1041 03f7 00       		.byte	0
 1042 03f8 03       		.byte	3
 1043 03f9 00       		.byte	0
 1044 03fa 00       		.byte	0
 1045 03fb 60       		.byte	96
 1046 03fc 4F       		.byte	79
 1047 03fd 22       		.byte	34
 1048 03fe 10       		.byte	16
 1049 03ff 11       		.byte	17
 1050 0400 0F       		.byte	15
 1051 0401 60       		.byte	96
 1052 0402 7C       		.byte	124
 1053 0403 07       		.byte	7
 1054 0404 00       		.byte	0
 1055 0405 18       		.byte	24
 1056 0406 00       		.byte	0
 1057 0407 80       		.byte	-128
 1058 0408 00       		.byte	0
 1059 0409 00       		.byte	0
 1060 040a 2A       		.byte	42
 1061 040b 00       		.byte	0
 1062 040c 00       		.byte	0
 1063 040d 00       		.byte	0
 1064 040e 00       		.byte	0
 1065 040f 10       		.byte	16
 1066 0410 45       		.byte	69
 1067 0411 03       		.byte	3
 1068 0412 06       		.byte	6
 1069 0413 00       		.byte	0
 1070 0414 02       		.byte	2
 1071 0415 C0       		.byte	-64
 1072 0416 E0       		.byte	-32
 1073 0417 00       		.byte	0
 1074 0418 0A       		.byte	10
 1075 0419 FF       		.byte	-1
 1076 041a FF       		.byte	-1
 1077 041b FF       		.byte	-1
 1078 041c 62       		.byte	98
 1079 041d A0       		.byte	-96
 1080 041e F0       		.byte	-16
 1081 041f 41       		.byte	65
 1082 0420 0C       		.byte	12
 1083 0421 00       		.byte	0
ARM GAS  C:\Users\Dan\AppData\Local\Temp\ccHyPPy8.s 			page 20


 1084 0422 00       		.byte	0
 1085 0423 00       		.byte	0
 1086 0424 00       		.byte	0
 1087 0425 00       		.byte	0
 1088 0426 08       		.byte	8
 1089 0427 00       		.byte	0
 1090 0428 04       		.byte	4
 1091 0429 04       		.byte	4
 1092 042a 04       		.byte	4
 1093 042b 04       		.byte	4
 1094 042c 00       		.byte	0
 1095 042d 90       		.byte	-112
 1096 042e 00       		.byte	0
 1097 042f 01       		.byte	1
 1098 0430 00       		.byte	0
 1099 0431 00       		.byte	0
 1100 0432 00       		.byte	0
 1101 0433 00       		.byte	0
 1102 0434 00       		.byte	0
 1103 0435 00       		.byte	0
 1104 0436 40       		.byte	64
 1105 0437 02       		.byte	2
 1106 0438 00       		.byte	0
 1107 0439 10       		.byte	16
 1108 043a 30       		.byte	48
 1109 043b 10       		.byte	16
 1110 043c 00       		.byte	0
 1111 043d 10       		.byte	16
 1112 043e 10       		.byte	16
 1113 043f 12       		.byte	18
 1114 0440 00       		.byte	0
 1115 0441 00       		.byte	0
 1116 0442 00       		.byte	0
 1117 0443 00       		.byte	0
 1118 0444 00       		.byte	0
 1119 0445 00       		.byte	0
 1120 0446 00       		.byte	0
 1121 0447 00       		.byte	0
 1122 0448 00       		.byte	0
 1123 0449 00       		.byte	0
 1124 044a 00       		.byte	0
 1125 044b 00       		.byte	0
 1126 044c 00       		.byte	0
 1127 044d 00       		.byte	0
 1128 044e 00       		.byte	0
 1129 044f 00       		.byte	0
 1130 0450 EF       		.byte	-17
 1131 0451 00       		.byte	0
 1132 0452 00       		.byte	0
 1133 0453 00       		.byte	0
 1134 0454 00       		.byte	0
 1135 0455 00       		.byte	0
 1136 0456 00       		.byte	0
 1137 0457 00       		.byte	0
 1138 0458 00       		.byte	0
 1139 0459 50       		.byte	80
 1140 045a 50       		.byte	80
ARM GAS  C:\Users\Dan\AppData\Local\Temp\ccHyPPy8.s 			page 21


 1141 045b 00       		.byte	0
 1142 045c 40       		.byte	64
 1143 045d 00       		.byte	0
 1144 045e 00       		.byte	0
 1145 045f 00       		.byte	0
 1146 0460 40       		.byte	64
 1147 0461 00       		.byte	0
 1148 0462 10       		.byte	16
 1149 0463 00       		.byte	0
 1150 0464 00       		.byte	0
 1151 0465 00       		.byte	0
 1152 0466 00       		.byte	0
 1153 0467 00       		.byte	0
 1154 0468 C0       		.byte	-64
 1155 0469 00       		.byte	0
 1156 046a 00       		.byte	0
 1157 046b 00       		.byte	0
 1158 046c 2C       		.byte	44
 1159 046d 00       		.byte	0
 1160 046e 00       		.byte	0
 1161 046f 3F       		.byte	63
 1162 0470 13       		.byte	19
 1163 0471 00       		.byte	0
 1164 0472 00       		.byte	0
 1165 0473 00       		.byte	0
 1166 0474 00       		.byte	0
 1167 0475 00       		.byte	0
 1168 0476 00       		.byte	0
 1169 0477 00       		.byte	0
 1170 0478 80       		.byte	-128
 1171 0479 00       		.byte	0
 1172 047a 40       		.byte	64
 1173 047b 80       		.byte	-128
 1174 047c 80       		.byte	-128
 1175 047d 00       		.byte	0
 1176 047e 80       		.byte	-128
 1177 047f 00       		.byte	0
 1178 0480 00       		.byte	0
 1179 0481 00       		.byte	0
 1180 0482 00       		.byte	0
 1181 0483 00       		.byte	0
 1182 0484 00       		.byte	0
 1183 0485 FF       		.byte	-1
 1184 0486 FF       		.byte	-1
 1185 0487 00       		.byte	0
 1186 0488 00       		.byte	0
 1187 0489 00       		.byte	0
 1188 048a 00       		.byte	0
 1189 048b 00       		.byte	0
 1190              		.section	.cyloadablemeta,"a",%progbits
 1191              		.align	2
 1192              		.type	cy_meta_loadable, %object
 1193              		.size	cy_meta_loadable, 64
 1194              	cy_meta_loadable:
 1195 0000 00000000 		.space	64
 1195      00000000 
 1195      00000000 
ARM GAS  C:\Users\Dan\AppData\Local\Temp\ccHyPPy8.s 			page 22


 1195      00000000 
 1195      00000000 
 1196              		.text
 1197              	.Letext0:
 1198              		.file 1 "c:\\program files (x86)\\cypress\\psoc creator\\4.2\\psoc creator\\import\\gnu\\arm\\5.4.
 1199              		.file 2 "c:\\program files (x86)\\cypress\\psoc creator\\4.2\\psoc creator\\import\\gnu\\arm\\5.4.
 1200              		.file 3 "Generated_Source\\PSoC5\\cymetadata.c"
 1201              		.section	.debug_info,"",%progbits
 1202              	.Ldebug_info0:
 1203 0000 CF000000 		.4byte	0xcf
 1204 0004 0400     		.2byte	0x4
 1205 0006 00000000 		.4byte	.Ldebug_abbrev0
 1206 000a 04       		.byte	0x4
 1207 000b 01       		.uleb128 0x1
 1208 000c 18000000 		.4byte	.LASF14
 1209 0010 0C       		.byte	0xc
 1210 0011 90010000 		.4byte	.LASF15
 1211 0015 CB000000 		.4byte	.LASF16
 1212 0019 00000000 		.4byte	.Ldebug_line0
 1213 001d 02       		.uleb128 0x2
 1214 001e 01       		.byte	0x1
 1215 001f 06       		.byte	0x6
 1216 0020 84010000 		.4byte	.LASF0
 1217 0024 03       		.uleb128 0x3
 1218 0025 00000000 		.4byte	.LASF9
 1219 0029 01       		.byte	0x1
 1220 002a 1D       		.byte	0x1d
 1221 002b 2F000000 		.4byte	0x2f
 1222 002f 02       		.uleb128 0x2
 1223 0030 01       		.byte	0x1
 1224 0031 08       		.byte	0x8
 1225 0032 0A000000 		.4byte	.LASF1
 1226 0036 02       		.uleb128 0x2
 1227 0037 02       		.byte	0x2
 1228 0038 05       		.byte	0x5
 1229 0039 71010000 		.4byte	.LASF2
 1230 003d 02       		.uleb128 0x2
 1231 003e 02       		.byte	0x2
 1232 003f 07       		.byte	0x7
 1233 0040 B8000000 		.4byte	.LASF3
 1234 0044 02       		.uleb128 0x2
 1235 0045 04       		.byte	0x4
 1236 0046 05       		.byte	0x5
 1237 0047 7B010000 		.4byte	.LASF4
 1238 004b 02       		.uleb128 0x2
 1239 004c 04       		.byte	0x4
 1240 004d 07       		.byte	0x7
 1241 004e A6000000 		.4byte	.LASF5
 1242 0052 02       		.uleb128 0x2
 1243 0053 08       		.byte	0x8
 1244 0054 05       		.byte	0x5
 1245 0055 63010000 		.4byte	.LASF6
 1246 0059 02       		.uleb128 0x2
 1247 005a 08       		.byte	0x8
 1248 005b 07       		.byte	0x7
 1249 005c 2A010000 		.4byte	.LASF7
 1250 0060 04       		.uleb128 0x4
ARM GAS  C:\Users\Dan\AppData\Local\Temp\ccHyPPy8.s 			page 23


 1251 0061 04       		.byte	0x4
 1252 0062 05       		.byte	0x5
 1253 0063 696E7400 		.ascii	"int\000"
 1254 0067 02       		.uleb128 0x2
 1255 0068 04       		.byte	0x4
 1256 0069 07       		.byte	0x7
 1257 006a 1D010000 		.4byte	.LASF8
 1258 006e 03       		.uleb128 0x3
 1259 006f 41010000 		.4byte	.LASF10
 1260 0073 02       		.byte	0x2
 1261 0074 18       		.byte	0x18
 1262 0075 24000000 		.4byte	0x24
 1263 0079 05       		.uleb128 0x5
 1264 007a 90000000 		.4byte	0x90
 1265 007e 89000000 		.4byte	0x89
 1266 0082 06       		.uleb128 0x6
 1267 0083 89000000 		.4byte	0x89
 1268 0087 3F       		.byte	0x3f
 1269 0088 00       		.byte	0
 1270 0089 02       		.uleb128 0x2
 1271 008a 04       		.byte	0x4
 1272 008b 07       		.byte	0x7
 1273 008c 5A010000 		.4byte	.LASF11
 1274 0090 07       		.uleb128 0x7
 1275 0091 6E000000 		.4byte	0x6e
 1276 0095 08       		.uleb128 0x8
 1277 0096 49010000 		.4byte	.LASF12
 1278 009a 03       		.byte	0x3
 1279 009b 1F       		.byte	0x1f
 1280 009c A6000000 		.4byte	0xa6
 1281 00a0 05       		.uleb128 0x5
 1282 00a1 03       		.byte	0x3
 1283 00a2 00000000 		.4byte	cy_meta_loadable
 1284 00a6 07       		.uleb128 0x7
 1285 00a7 79000000 		.4byte	0x79
 1286 00ab 05       		.uleb128 0x5
 1287 00ac 90000000 		.4byte	0x90
 1288 00b0 BC000000 		.4byte	0xbc
 1289 00b4 09       		.uleb128 0x9
 1290 00b5 89000000 		.4byte	0x89
 1291 00b9 8B04     		.2byte	0x48b
 1292 00bb 00       		.byte	0
 1293 00bc 08       		.uleb128 0x8
 1294 00bd 0B010000 		.4byte	.LASF13
 1295 00c1 03       		.byte	0x3
 1296 00c2 34       		.byte	0x34
 1297 00c3 CD000000 		.4byte	0xcd
 1298 00c7 05       		.uleb128 0x5
 1299 00c8 03       		.byte	0x3
 1300 00c9 00000000 		.4byte	cy_meta_configecc
 1301 00cd 07       		.uleb128 0x7
 1302 00ce AB000000 		.4byte	0xab
 1303 00d2 00       		.byte	0
 1304              		.section	.debug_abbrev,"",%progbits
 1305              	.Ldebug_abbrev0:
 1306 0000 01       		.uleb128 0x1
 1307 0001 11       		.uleb128 0x11
ARM GAS  C:\Users\Dan\AppData\Local\Temp\ccHyPPy8.s 			page 24


 1308 0002 01       		.byte	0x1
 1309 0003 25       		.uleb128 0x25
 1310 0004 0E       		.uleb128 0xe
 1311 0005 13       		.uleb128 0x13
 1312 0006 0B       		.uleb128 0xb
 1313 0007 03       		.uleb128 0x3
 1314 0008 0E       		.uleb128 0xe
 1315 0009 1B       		.uleb128 0x1b
 1316 000a 0E       		.uleb128 0xe
 1317 000b 10       		.uleb128 0x10
 1318 000c 17       		.uleb128 0x17
 1319 000d 00       		.byte	0
 1320 000e 00       		.byte	0
 1321 000f 02       		.uleb128 0x2
 1322 0010 24       		.uleb128 0x24
 1323 0011 00       		.byte	0
 1324 0012 0B       		.uleb128 0xb
 1325 0013 0B       		.uleb128 0xb
 1326 0014 3E       		.uleb128 0x3e
 1327 0015 0B       		.uleb128 0xb
 1328 0016 03       		.uleb128 0x3
 1329 0017 0E       		.uleb128 0xe
 1330 0018 00       		.byte	0
 1331 0019 00       		.byte	0
 1332 001a 03       		.uleb128 0x3
 1333 001b 16       		.uleb128 0x16
 1334 001c 00       		.byte	0
 1335 001d 03       		.uleb128 0x3
 1336 001e 0E       		.uleb128 0xe
 1337 001f 3A       		.uleb128 0x3a
 1338 0020 0B       		.uleb128 0xb
 1339 0021 3B       		.uleb128 0x3b
 1340 0022 0B       		.uleb128 0xb
 1341 0023 49       		.uleb128 0x49
 1342 0024 13       		.uleb128 0x13
 1343 0025 00       		.byte	0
 1344 0026 00       		.byte	0
 1345 0027 04       		.uleb128 0x4
 1346 0028 24       		.uleb128 0x24
 1347 0029 00       		.byte	0
 1348 002a 0B       		.uleb128 0xb
 1349 002b 0B       		.uleb128 0xb
 1350 002c 3E       		.uleb128 0x3e
 1351 002d 0B       		.uleb128 0xb
 1352 002e 03       		.uleb128 0x3
 1353 002f 08       		.uleb128 0x8
 1354 0030 00       		.byte	0
 1355 0031 00       		.byte	0
 1356 0032 05       		.uleb128 0x5
 1357 0033 01       		.uleb128 0x1
 1358 0034 01       		.byte	0x1
 1359 0035 49       		.uleb128 0x49
 1360 0036 13       		.uleb128 0x13
 1361 0037 01       		.uleb128 0x1
 1362 0038 13       		.uleb128 0x13
 1363 0039 00       		.byte	0
 1364 003a 00       		.byte	0
ARM GAS  C:\Users\Dan\AppData\Local\Temp\ccHyPPy8.s 			page 25


 1365 003b 06       		.uleb128 0x6
 1366 003c 21       		.uleb128 0x21
 1367 003d 00       		.byte	0
 1368 003e 49       		.uleb128 0x49
 1369 003f 13       		.uleb128 0x13
 1370 0040 2F       		.uleb128 0x2f
 1371 0041 0B       		.uleb128 0xb
 1372 0042 00       		.byte	0
 1373 0043 00       		.byte	0
 1374 0044 07       		.uleb128 0x7
 1375 0045 26       		.uleb128 0x26
 1376 0046 00       		.byte	0
 1377 0047 49       		.uleb128 0x49
 1378 0048 13       		.uleb128 0x13
 1379 0049 00       		.byte	0
 1380 004a 00       		.byte	0
 1381 004b 08       		.uleb128 0x8
 1382 004c 34       		.uleb128 0x34
 1383 004d 00       		.byte	0
 1384 004e 03       		.uleb128 0x3
 1385 004f 0E       		.uleb128 0xe
 1386 0050 3A       		.uleb128 0x3a
 1387 0051 0B       		.uleb128 0xb
 1388 0052 3B       		.uleb128 0x3b
 1389 0053 0B       		.uleb128 0xb
 1390 0054 49       		.uleb128 0x49
 1391 0055 13       		.uleb128 0x13
 1392 0056 3F       		.uleb128 0x3f
 1393 0057 19       		.uleb128 0x19
 1394 0058 02       		.uleb128 0x2
 1395 0059 18       		.uleb128 0x18
 1396 005a 00       		.byte	0
 1397 005b 00       		.byte	0
 1398 005c 09       		.uleb128 0x9
 1399 005d 21       		.uleb128 0x21
 1400 005e 00       		.byte	0
 1401 005f 49       		.uleb128 0x49
 1402 0060 13       		.uleb128 0x13
 1403 0061 2F       		.uleb128 0x2f
 1404 0062 05       		.uleb128 0x5
 1405 0063 00       		.byte	0
 1406 0064 00       		.byte	0
 1407 0065 00       		.byte	0
 1408              		.section	.debug_aranges,"",%progbits
 1409 0000 14000000 		.4byte	0x14
 1410 0004 0200     		.2byte	0x2
 1411 0006 00000000 		.4byte	.Ldebug_info0
 1412 000a 04       		.byte	0x4
 1413 000b 00       		.byte	0
 1414 000c 0000     		.2byte	0
 1415 000e 0000     		.2byte	0
 1416 0010 00000000 		.4byte	0
 1417 0014 00000000 		.4byte	0
 1418              		.section	.debug_line,"",%progbits
 1419              	.Ldebug_line0:
 1420 0000 3D010000 		.section	.debug_str,"MS",%progbits,1
 1420      02003701 
ARM GAS  C:\Users\Dan\AppData\Local\Temp\ccHyPPy8.s 			page 26


 1420      00000201 
 1420      FB0E0D00 
 1420      01010101 
 1421              	.LASF9:
 1422 0000 5F5F7569 		.ascii	"__uint8_t\000"
 1422      6E74385F 
 1422      7400
 1423              	.LASF1:
 1424 000a 756E7369 		.ascii	"unsigned char\000"
 1424      676E6564 
 1424      20636861 
 1424      7200
 1425              	.LASF14:
 1426 0018 474E5520 		.ascii	"GNU C11 5.4.1 20160609 (release) [ARM/embedded-5-br"
 1426      43313120 
 1426      352E342E 
 1426      31203230 
 1426      31363036 
 1427 004b 616E6368 		.ascii	"anch revision 237715] -mcpu=cortex-m3 -mthumb -g -O"
 1427      20726576 
 1427      6973696F 
 1427      6E203233 
 1427      37373135 
 1428 007e 67202D66 		.ascii	"g -ffunction-sections -ffat-lto-objects\000"
 1428      66756E63 
 1428      74696F6E 
 1428      2D736563 
 1428      74696F6E 
 1429              	.LASF5:
 1430 00a6 6C6F6E67 		.ascii	"long unsigned int\000"
 1430      20756E73 
 1430      69676E65 
 1430      6420696E 
 1430      7400
 1431              	.LASF3:
 1432 00b8 73686F72 		.ascii	"short unsigned int\000"
 1432      7420756E 
 1432      7369676E 
 1432      65642069 
 1432      6E7400
 1433              	.LASF16:
 1434 00cb 433A5C44 		.ascii	"C:\\Dan\\Eng Projects\\BP308\\TLAUX\\ARM Code\\TLAU"
 1434      616E5C45 
 1434      6E672050 
 1434      726F6A65 
 1434      6374735C 
 1435 00f8 585C544C 		.ascii	"X\\TLAUX_PSoC.cydsn\000"
 1435      4155585F 
 1435      50536F43 
 1435      2E637964 
 1435      736E00
 1436              	.LASF13:
 1437 010b 63795F6D 		.ascii	"cy_meta_configecc\000"
 1437      6574615F 
 1437      636F6E66 
 1437      69676563 
 1437      6300
ARM GAS  C:\Users\Dan\AppData\Local\Temp\ccHyPPy8.s 			page 27


 1438              	.LASF8:
 1439 011d 756E7369 		.ascii	"unsigned int\000"
 1439      676E6564 
 1439      20696E74 
 1439      00
 1440              	.LASF7:
 1441 012a 6C6F6E67 		.ascii	"long long unsigned int\000"
 1441      206C6F6E 
 1441      6720756E 
 1441      7369676E 
 1441      65642069 
 1442              	.LASF10:
 1443 0141 75696E74 		.ascii	"uint8_t\000"
 1443      385F7400 
 1444              	.LASF12:
 1445 0149 63795F6D 		.ascii	"cy_meta_loadable\000"
 1445      6574615F 
 1445      6C6F6164 
 1445      61626C65 
 1445      00
 1446              	.LASF11:
 1447 015a 73697A65 		.ascii	"sizetype\000"
 1447      74797065 
 1447      00
 1448              	.LASF6:
 1449 0163 6C6F6E67 		.ascii	"long long int\000"
 1449      206C6F6E 
 1449      6720696E 
 1449      7400
 1450              	.LASF2:
 1451 0171 73686F72 		.ascii	"short int\000"
 1451      7420696E 
 1451      7400
 1452              	.LASF4:
 1453 017b 6C6F6E67 		.ascii	"long int\000"
 1453      20696E74 
 1453      00
 1454              	.LASF0:
 1455 0184 7369676E 		.ascii	"signed char\000"
 1455      65642063 
 1455      68617200 
 1456              	.LASF15:
 1457 0190 47656E65 		.ascii	"Generated_Source\\PSoC5\\cymetadata.c\000"
 1457      72617465 
 1457      645F536F 
 1457      75726365 
 1457      5C50536F 
 1458              		.ident	"GCC: (GNU Tools for ARM Embedded Processors) 5.4.1 20160609 (release) [ARM/embedded-5-bran
