ARM GAS  C:\Users\DANSI7~1\AppData\Local\Temp\ccSQVplf.s 			page 1


   1              		.syntax unified
   2              		.cpu cortex-m3
   3              		.fpu softvfp
   4              		.eabi_attribute 20, 1
   5              		.eabi_attribute 21, 1
   6              		.eabi_attribute 23, 3
   7              		.eabi_attribute 24, 1
   8              		.eabi_attribute 25, 1
   9              		.eabi_attribute 26, 1
  10              		.eabi_attribute 30, 1
  11              		.eabi_attribute 34, 1
  12              		.eabi_attribute 18, 4
  13              		.thumb
  14              		.syntax unified
  15              		.file	"ModBus.c"
  16              		.text
  17              	.Ltext0:
  18              		.cfi_sections	.debug_frame
  19              		.section	.text.ModBus_Rx,"ax",%progbits
  20              		.align	2
  21              		.global	ModBus_Rx
  22              		.thumb
  23              		.thumb_func
  24              		.type	ModBus_Rx, %function
  25              	ModBus_Rx:
  26              	.LFB64:
  27              		.file 1 "ModBus.c"
   1:ModBus.c      **** /* ========================================
   2:ModBus.c      ****  *
   3:ModBus.c      ****  * Copyright YOUR COMPANY, THE YEAR
   4:ModBus.c      ****  * All Rights Reserved
   5:ModBus.c      ****  * UNPUBLISHED, LICENSED SOFTWARE.
   6:ModBus.c      ****  *
   7:ModBus.c      ****  * CONFIDENTIAL AND PROPRIETARY INFORMATION
   8:ModBus.c      ****  * WHICH IS THE PROPERTY OF your company.
   9:ModBus.c      ****  *
  10:ModBus.c      ****  * ========================================
  11:ModBus.c      **** */
  12:ModBus.c      **** #include "ModBus.h"
  13:ModBus.c      **** #include "project.h"
  14:ModBus.c      **** #include "U_HW.h"
  15:ModBus.c      **** #include <stdio.h>
  16:ModBus.c      **** 
  17:ModBus.c      **** char msgs[50];
  18:ModBus.c      **** 
  19:ModBus.c      **** void ModBus_Rx(void)
  20:ModBus.c      **** {
  28              		.loc 1 20 0
  29              		.cfi_startproc
  30              		@ args = 0, pretend = 0, frame = 0
  31              		@ frame_needed = 0, uses_anonymous_args = 0
  32 0000 38B5     		push	{r3, r4, r5, lr}
  33              		.cfi_def_cfa_offset 16
  34              		.cfi_offset 3, -16
  35              		.cfi_offset 4, -12
  36              		.cfi_offset 5, -8
  37              		.cfi_offset 14, -4
ARM GAS  C:\Users\DANSI7~1\AppData\Local\Temp\ccSQVplf.s 			page 2


  21:ModBus.c      ****     uint8 rc;
  22:ModBus.c      ****     if(UART_GetRxBufferSize() != 0)
  38              		.loc 1 22 0
  39 0002 FFF7FEFF 		bl	UART_GetRxBufferSize
  40              	.LVL0:
  41 0006 70B1     		cbz	r0, .L1
  23:ModBus.c      ****     {
  24:ModBus.c      ****         rc = UART_ReadRxData();
  42              		.loc 1 24 0
  43 0008 FFF7FEFF 		bl	UART_ReadRxData
  44              	.LVL1:
  45 000c 0446     		mov	r4, r0
  46              	.LVL2:
  25:ModBus.c      **** 
  26:ModBus.c      ****         sprintf(msgs, "Got a char = %c !\n", rc);
  47              		.loc 1 26 0
  48 000e 064D     		ldr	r5, .L4
  49 0010 0246     		mov	r2, r0
  50 0012 0649     		ldr	r1, .L4+4
  51 0014 2846     		mov	r0, r5
  52              	.LVL3:
  53 0016 FFF7FEFF 		bl	sprintf
  54              	.LVL4:
  27:ModBus.c      ****         PutStr(msgs);
  55              		.loc 1 27 0
  56 001a 2846     		mov	r0, r5
  57 001c FFF7FEFF 		bl	USB_PutString
  58              	.LVL5:
  28:ModBus.c      ****         
  29:ModBus.c      ****  //       for(uint8 i = 0; i < 6; i++)
  30:ModBus.c      ****  //       {
  31:ModBus.c      ****             UART_WriteTxData(rc++);
  59              		.loc 1 31 0
  60 0020 2046     		mov	r0, r4
  61 0022 FFF7FEFF 		bl	UART_WriteTxData
  62              	.LVL6:
  63              	.L1:
  64 0026 38BD     		pop	{r3, r4, r5, pc}
  65              	.L5:
  66              		.align	2
  67              	.L4:
  68 0028 00000000 		.word	msgs
  69 002c 00000000 		.word	.LC0
  70              		.cfi_endproc
  71              	.LFE64:
  72              		.size	ModBus_Rx, .-ModBus_Rx
  73              		.comm	msgs,50,4
  74              		.section	.rodata.str1.4,"aMS",%progbits,1
  75              		.align	2
  76              	.LC0:
  77 0000 476F7420 		.ascii	"Got a char = %c !\012\000"
  77      61206368 
  77      6172203D 
  77      20256320 
  77      210A00
  78              		.text
  79              	.Letext0:
ARM GAS  C:\Users\DANSI7~1\AppData\Local\Temp\ccSQVplf.s 			page 3


  80              		.file 2 "c:\\program files (x86)\\cypress\\psoc creator\\4.2\\psoc creator\\import\\gnu\\arm\\5.4.
  81              		.file 3 "c:\\program files (x86)\\cypress\\psoc creator\\4.2\\psoc creator\\import\\gnu\\arm\\5.4.
  82              		.file 4 "Generated_Source\\PSoC5/cytypes.h"
  83              		.file 5 "Generated_Source\\PSoC5/core_cm3.h"
  84              		.file 6 "Generated_Source\\PSoC5/UART.h"
  85              		.file 7 "c:\\program files (x86)\\cypress\\psoc creator\\4.2\\psoc creator\\import\\gnu\\arm\\5.4.
  86              		.file 8 "U_HW.h"
  87              		.section	.debug_info,"",%progbits
  88              	.Ldebug_info0:
  89 0000 93010000 		.4byte	0x193
  90 0004 0400     		.2byte	0x4
  91 0006 00000000 		.4byte	.Ldebug_abbrev0
  92 000a 04       		.byte	0x4
  93 000b 01       		.uleb128 0x1
  94 000c 50000000 		.4byte	.LASF24
  95 0010 0C       		.byte	0xc
  96 0011 87010000 		.4byte	.LASF25
  97 0015 AB010000 		.4byte	.LASF26
  98 0019 00000000 		.4byte	.Ldebug_ranges0+0
  99 001d 00000000 		.4byte	0
 100 0021 00000000 		.4byte	.Ldebug_line0
 101 0025 02       		.uleb128 0x2
 102 0026 01       		.byte	0x1
 103 0027 06       		.byte	0x6
 104 0028 17010000 		.4byte	.LASF0
 105 002c 02       		.uleb128 0x2
 106 002d 01       		.byte	0x1
 107 002e 08       		.byte	0x8
 108 002f 23010000 		.4byte	.LASF1
 109 0033 02       		.uleb128 0x2
 110 0034 02       		.byte	0x2
 111 0035 05       		.byte	0x5
 112 0036 F6000000 		.4byte	.LASF2
 113 003a 02       		.uleb128 0x2
 114 003b 02       		.byte	0x2
 115 003c 07       		.byte	0x7
 116 003d 0E000000 		.4byte	.LASF3
 117 0041 03       		.uleb128 0x3
 118 0042 A1010000 		.4byte	.LASF9
 119 0046 02       		.byte	0x2
 120 0047 3F       		.byte	0x3f
 121 0048 4C000000 		.4byte	0x4c
 122 004c 02       		.uleb128 0x2
 123 004d 04       		.byte	0x4
 124 004e 05       		.byte	0x5
 125 004f 46010000 		.4byte	.LASF4
 126 0053 02       		.uleb128 0x2
 127 0054 04       		.byte	0x4
 128 0055 07       		.byte	0x7
 129 0056 E4000000 		.4byte	.LASF5
 130 005a 02       		.uleb128 0x2
 131 005b 08       		.byte	0x8
 132 005c 05       		.byte	0x5
 133 005d 00000000 		.4byte	.LASF6
 134 0061 02       		.uleb128 0x2
 135 0062 08       		.byte	0x8
 136 0063 07       		.byte	0x7
ARM GAS  C:\Users\DANSI7~1\AppData\Local\Temp\ccSQVplf.s 			page 4


 137 0064 00010000 		.4byte	.LASF7
 138 0068 04       		.uleb128 0x4
 139 0069 04       		.byte	0x4
 140 006a 05       		.byte	0x5
 141 006b 696E7400 		.ascii	"int\000"
 142 006f 02       		.uleb128 0x2
 143 0070 04       		.byte	0x4
 144 0071 07       		.byte	0x7
 145 0072 26000000 		.4byte	.LASF8
 146 0076 03       		.uleb128 0x3
 147 0077 F1010000 		.4byte	.LASF10
 148 007b 03       		.byte	0x3
 149 007c 2C       		.byte	0x2c
 150 007d 41000000 		.4byte	0x41
 151 0081 05       		.uleb128 0x5
 152 0082 DE000000 		.4byte	.LASF11
 153 0086 04       		.byte	0x4
 154 0087 E401     		.2byte	0x1e4
 155 0089 2C000000 		.4byte	0x2c
 156 008d 02       		.uleb128 0x2
 157 008e 04       		.byte	0x4
 158 008f 04       		.byte	0x4
 159 0090 EB010000 		.4byte	.LASF12
 160 0094 02       		.uleb128 0x2
 161 0095 08       		.byte	0x8
 162 0096 04       		.byte	0x4
 163 0097 65010000 		.4byte	.LASF13
 164 009b 02       		.uleb128 0x2
 165 009c 01       		.byte	0x1
 166 009d 08       		.byte	0x8
 167 009e 41010000 		.4byte	.LASF14
 168 00a2 02       		.uleb128 0x2
 169 00a3 08       		.byte	0x8
 170 00a4 04       		.byte	0x4
 171 00a5 59010000 		.4byte	.LASF15
 172 00a9 02       		.uleb128 0x2
 173 00aa 04       		.byte	0x4
 174 00ab 07       		.byte	0x7
 175 00ac F9010000 		.4byte	.LASF16
 176 00b0 06       		.uleb128 0x6
 177 00b1 4F010000 		.4byte	.LASF27
 178 00b5 01       		.byte	0x1
 179 00b6 13       		.byte	0x13
 180 00b7 00000000 		.4byte	.LFB64
 181 00bb 30000000 		.4byte	.LFE64-.LFB64
 182 00bf 01       		.uleb128 0x1
 183 00c0 9C       		.byte	0x9c
 184 00c1 2D010000 		.4byte	0x12d
 185 00c5 07       		.uleb128 0x7
 186 00c6 726300   		.ascii	"rc\000"
 187 00c9 01       		.byte	0x1
 188 00ca 15       		.byte	0x15
 189 00cb 81000000 		.4byte	0x81
 190 00cf 00000000 		.4byte	.LLST0
 191 00d3 08       		.uleb128 0x8
 192 00d4 06000000 		.4byte	.LVL0
 193 00d8 5F010000 		.4byte	0x15f
ARM GAS  C:\Users\DANSI7~1\AppData\Local\Temp\ccSQVplf.s 			page 5


 194 00dc 08       		.uleb128 0x8
 195 00dd 0C000000 		.4byte	.LVL1
 196 00e1 6A010000 		.4byte	0x16a
 197 00e5 09       		.uleb128 0x9
 198 00e6 1A000000 		.4byte	.LVL4
 199 00ea 75010000 		.4byte	0x175
 200 00ee 08010000 		.4byte	0x108
 201 00f2 0A       		.uleb128 0xa
 202 00f3 01       		.uleb128 0x1
 203 00f4 50       		.byte	0x50
 204 00f5 02       		.uleb128 0x2
 205 00f6 75       		.byte	0x75
 206 00f7 00       		.sleb128 0
 207 00f8 0A       		.uleb128 0xa
 208 00f9 01       		.uleb128 0x1
 209 00fa 51       		.byte	0x51
 210 00fb 05       		.uleb128 0x5
 211 00fc 03       		.byte	0x3
 212 00fd 00000000 		.4byte	.LC0
 213 0101 0A       		.uleb128 0xa
 214 0102 01       		.uleb128 0x1
 215 0103 52       		.byte	0x52
 216 0104 02       		.uleb128 0x2
 217 0105 74       		.byte	0x74
 218 0106 00       		.sleb128 0
 219 0107 00       		.byte	0
 220 0108 09       		.uleb128 0x9
 221 0109 20000000 		.4byte	.LVL5
 222 010d 80010000 		.4byte	0x180
 223 0111 1C010000 		.4byte	0x11c
 224 0115 0A       		.uleb128 0xa
 225 0116 01       		.uleb128 0x1
 226 0117 50       		.byte	0x50
 227 0118 02       		.uleb128 0x2
 228 0119 75       		.byte	0x75
 229 011a 00       		.sleb128 0
 230 011b 00       		.byte	0
 231 011c 0B       		.uleb128 0xb
 232 011d 26000000 		.4byte	.LVL6
 233 0121 8B010000 		.4byte	0x18b
 234 0125 0A       		.uleb128 0xa
 235 0126 01       		.uleb128 0x1
 236 0127 50       		.byte	0x50
 237 0128 02       		.uleb128 0x2
 238 0129 74       		.byte	0x74
 239 012a 00       		.sleb128 0
 240 012b 00       		.byte	0
 241 012c 00       		.byte	0
 242 012d 0C       		.uleb128 0xc
 243 012e 7A010000 		.4byte	.LASF17
 244 0132 05       		.byte	0x5
 245 0133 1207     		.2byte	0x712
 246 0135 39010000 		.4byte	0x139
 247 0139 0D       		.uleb128 0xd
 248 013a 76000000 		.4byte	0x76
 249 013e 0E       		.uleb128 0xe
 250 013f 9B000000 		.4byte	0x9b
ARM GAS  C:\Users\DANSI7~1\AppData\Local\Temp\ccSQVplf.s 			page 6


 251 0143 4E010000 		.4byte	0x14e
 252 0147 0F       		.uleb128 0xf
 253 0148 A9000000 		.4byte	0xa9
 254 014c 31       		.byte	0x31
 255 014d 00       		.byte	0
 256 014e 10       		.uleb128 0x10
 257 014f 21000000 		.4byte	.LASF18
 258 0153 01       		.byte	0x1
 259 0154 11       		.byte	0x11
 260 0155 3E010000 		.4byte	0x13e
 261 0159 05       		.uleb128 0x5
 262 015a 03       		.byte	0x3
 263 015b 00000000 		.4byte	msgs
 264 015f 11       		.uleb128 0x11
 265 0160 33000000 		.4byte	.LASF19
 266 0164 33000000 		.4byte	.LASF19
 267 0168 06       		.byte	0x6
 268 0169 73       		.byte	0x73
 269 016a 11       		.uleb128 0x11
 270 016b 31010000 		.4byte	.LASF20
 271 016f 31010000 		.4byte	.LASF20
 272 0173 06       		.byte	0x6
 273 0174 6F       		.byte	0x6f
 274 0175 11       		.uleb128 0x11
 275 0176 48000000 		.4byte	.LASF21
 276 017a 48000000 		.4byte	.LASF21
 277 017e 07       		.byte	0x7
 278 017f E7       		.byte	0xe7
 279 0180 11       		.uleb128 0x11
 280 0181 6C010000 		.4byte	.LASF22
 281 0185 6C010000 		.4byte	.LASF22
 282 0189 08       		.byte	0x8
 283 018a 4A       		.byte	0x4a
 284 018b 11       		.uleb128 0x11
 285 018c 90010000 		.4byte	.LASF23
 286 0190 90010000 		.4byte	.LASF23
 287 0194 06       		.byte	0x6
 288 0195 88       		.byte	0x88
 289 0196 00       		.byte	0
 290              		.section	.debug_abbrev,"",%progbits
 291              	.Ldebug_abbrev0:
 292 0000 01       		.uleb128 0x1
 293 0001 11       		.uleb128 0x11
 294 0002 01       		.byte	0x1
 295 0003 25       		.uleb128 0x25
 296 0004 0E       		.uleb128 0xe
 297 0005 13       		.uleb128 0x13
 298 0006 0B       		.uleb128 0xb
 299 0007 03       		.uleb128 0x3
 300 0008 0E       		.uleb128 0xe
 301 0009 1B       		.uleb128 0x1b
 302 000a 0E       		.uleb128 0xe
 303 000b 55       		.uleb128 0x55
 304 000c 17       		.uleb128 0x17
 305 000d 11       		.uleb128 0x11
 306 000e 01       		.uleb128 0x1
 307 000f 10       		.uleb128 0x10
ARM GAS  C:\Users\DANSI7~1\AppData\Local\Temp\ccSQVplf.s 			page 7


 308 0010 17       		.uleb128 0x17
 309 0011 00       		.byte	0
 310 0012 00       		.byte	0
 311 0013 02       		.uleb128 0x2
 312 0014 24       		.uleb128 0x24
 313 0015 00       		.byte	0
 314 0016 0B       		.uleb128 0xb
 315 0017 0B       		.uleb128 0xb
 316 0018 3E       		.uleb128 0x3e
 317 0019 0B       		.uleb128 0xb
 318 001a 03       		.uleb128 0x3
 319 001b 0E       		.uleb128 0xe
 320 001c 00       		.byte	0
 321 001d 00       		.byte	0
 322 001e 03       		.uleb128 0x3
 323 001f 16       		.uleb128 0x16
 324 0020 00       		.byte	0
 325 0021 03       		.uleb128 0x3
 326 0022 0E       		.uleb128 0xe
 327 0023 3A       		.uleb128 0x3a
 328 0024 0B       		.uleb128 0xb
 329 0025 3B       		.uleb128 0x3b
 330 0026 0B       		.uleb128 0xb
 331 0027 49       		.uleb128 0x49
 332 0028 13       		.uleb128 0x13
 333 0029 00       		.byte	0
 334 002a 00       		.byte	0
 335 002b 04       		.uleb128 0x4
 336 002c 24       		.uleb128 0x24
 337 002d 00       		.byte	0
 338 002e 0B       		.uleb128 0xb
 339 002f 0B       		.uleb128 0xb
 340 0030 3E       		.uleb128 0x3e
 341 0031 0B       		.uleb128 0xb
 342 0032 03       		.uleb128 0x3
 343 0033 08       		.uleb128 0x8
 344 0034 00       		.byte	0
 345 0035 00       		.byte	0
 346 0036 05       		.uleb128 0x5
 347 0037 16       		.uleb128 0x16
 348 0038 00       		.byte	0
 349 0039 03       		.uleb128 0x3
 350 003a 0E       		.uleb128 0xe
 351 003b 3A       		.uleb128 0x3a
 352 003c 0B       		.uleb128 0xb
 353 003d 3B       		.uleb128 0x3b
 354 003e 05       		.uleb128 0x5
 355 003f 49       		.uleb128 0x49
 356 0040 13       		.uleb128 0x13
 357 0041 00       		.byte	0
 358 0042 00       		.byte	0
 359 0043 06       		.uleb128 0x6
 360 0044 2E       		.uleb128 0x2e
 361 0045 01       		.byte	0x1
 362 0046 3F       		.uleb128 0x3f
 363 0047 19       		.uleb128 0x19
 364 0048 03       		.uleb128 0x3
ARM GAS  C:\Users\DANSI7~1\AppData\Local\Temp\ccSQVplf.s 			page 8


 365 0049 0E       		.uleb128 0xe
 366 004a 3A       		.uleb128 0x3a
 367 004b 0B       		.uleb128 0xb
 368 004c 3B       		.uleb128 0x3b
 369 004d 0B       		.uleb128 0xb
 370 004e 27       		.uleb128 0x27
 371 004f 19       		.uleb128 0x19
 372 0050 11       		.uleb128 0x11
 373 0051 01       		.uleb128 0x1
 374 0052 12       		.uleb128 0x12
 375 0053 06       		.uleb128 0x6
 376 0054 40       		.uleb128 0x40
 377 0055 18       		.uleb128 0x18
 378 0056 9742     		.uleb128 0x2117
 379 0058 19       		.uleb128 0x19
 380 0059 01       		.uleb128 0x1
 381 005a 13       		.uleb128 0x13
 382 005b 00       		.byte	0
 383 005c 00       		.byte	0
 384 005d 07       		.uleb128 0x7
 385 005e 34       		.uleb128 0x34
 386 005f 00       		.byte	0
 387 0060 03       		.uleb128 0x3
 388 0061 08       		.uleb128 0x8
 389 0062 3A       		.uleb128 0x3a
 390 0063 0B       		.uleb128 0xb
 391 0064 3B       		.uleb128 0x3b
 392 0065 0B       		.uleb128 0xb
 393 0066 49       		.uleb128 0x49
 394 0067 13       		.uleb128 0x13
 395 0068 02       		.uleb128 0x2
 396 0069 17       		.uleb128 0x17
 397 006a 00       		.byte	0
 398 006b 00       		.byte	0
 399 006c 08       		.uleb128 0x8
 400 006d 898201   		.uleb128 0x4109
 401 0070 00       		.byte	0
 402 0071 11       		.uleb128 0x11
 403 0072 01       		.uleb128 0x1
 404 0073 31       		.uleb128 0x31
 405 0074 13       		.uleb128 0x13
 406 0075 00       		.byte	0
 407 0076 00       		.byte	0
 408 0077 09       		.uleb128 0x9
 409 0078 898201   		.uleb128 0x4109
 410 007b 01       		.byte	0x1
 411 007c 11       		.uleb128 0x11
 412 007d 01       		.uleb128 0x1
 413 007e 31       		.uleb128 0x31
 414 007f 13       		.uleb128 0x13
 415 0080 01       		.uleb128 0x1
 416 0081 13       		.uleb128 0x13
 417 0082 00       		.byte	0
 418 0083 00       		.byte	0
 419 0084 0A       		.uleb128 0xa
 420 0085 8A8201   		.uleb128 0x410a
 421 0088 00       		.byte	0
ARM GAS  C:\Users\DANSI7~1\AppData\Local\Temp\ccSQVplf.s 			page 9


 422 0089 02       		.uleb128 0x2
 423 008a 18       		.uleb128 0x18
 424 008b 9142     		.uleb128 0x2111
 425 008d 18       		.uleb128 0x18
 426 008e 00       		.byte	0
 427 008f 00       		.byte	0
 428 0090 0B       		.uleb128 0xb
 429 0091 898201   		.uleb128 0x4109
 430 0094 01       		.byte	0x1
 431 0095 11       		.uleb128 0x11
 432 0096 01       		.uleb128 0x1
 433 0097 31       		.uleb128 0x31
 434 0098 13       		.uleb128 0x13
 435 0099 00       		.byte	0
 436 009a 00       		.byte	0
 437 009b 0C       		.uleb128 0xc
 438 009c 34       		.uleb128 0x34
 439 009d 00       		.byte	0
 440 009e 03       		.uleb128 0x3
 441 009f 0E       		.uleb128 0xe
 442 00a0 3A       		.uleb128 0x3a
 443 00a1 0B       		.uleb128 0xb
 444 00a2 3B       		.uleb128 0x3b
 445 00a3 05       		.uleb128 0x5
 446 00a4 49       		.uleb128 0x49
 447 00a5 13       		.uleb128 0x13
 448 00a6 3F       		.uleb128 0x3f
 449 00a7 19       		.uleb128 0x19
 450 00a8 3C       		.uleb128 0x3c
 451 00a9 19       		.uleb128 0x19
 452 00aa 00       		.byte	0
 453 00ab 00       		.byte	0
 454 00ac 0D       		.uleb128 0xd
 455 00ad 35       		.uleb128 0x35
 456 00ae 00       		.byte	0
 457 00af 49       		.uleb128 0x49
 458 00b0 13       		.uleb128 0x13
 459 00b1 00       		.byte	0
 460 00b2 00       		.byte	0
 461 00b3 0E       		.uleb128 0xe
 462 00b4 01       		.uleb128 0x1
 463 00b5 01       		.byte	0x1
 464 00b6 49       		.uleb128 0x49
 465 00b7 13       		.uleb128 0x13
 466 00b8 01       		.uleb128 0x1
 467 00b9 13       		.uleb128 0x13
 468 00ba 00       		.byte	0
 469 00bb 00       		.byte	0
 470 00bc 0F       		.uleb128 0xf
 471 00bd 21       		.uleb128 0x21
 472 00be 00       		.byte	0
 473 00bf 49       		.uleb128 0x49
 474 00c0 13       		.uleb128 0x13
 475 00c1 2F       		.uleb128 0x2f
 476 00c2 0B       		.uleb128 0xb
 477 00c3 00       		.byte	0
 478 00c4 00       		.byte	0
ARM GAS  C:\Users\DANSI7~1\AppData\Local\Temp\ccSQVplf.s 			page 10


 479 00c5 10       		.uleb128 0x10
 480 00c6 34       		.uleb128 0x34
 481 00c7 00       		.byte	0
 482 00c8 03       		.uleb128 0x3
 483 00c9 0E       		.uleb128 0xe
 484 00ca 3A       		.uleb128 0x3a
 485 00cb 0B       		.uleb128 0xb
 486 00cc 3B       		.uleb128 0x3b
 487 00cd 0B       		.uleb128 0xb
 488 00ce 49       		.uleb128 0x49
 489 00cf 13       		.uleb128 0x13
 490 00d0 3F       		.uleb128 0x3f
 491 00d1 19       		.uleb128 0x19
 492 00d2 02       		.uleb128 0x2
 493 00d3 18       		.uleb128 0x18
 494 00d4 00       		.byte	0
 495 00d5 00       		.byte	0
 496 00d6 11       		.uleb128 0x11
 497 00d7 2E       		.uleb128 0x2e
 498 00d8 00       		.byte	0
 499 00d9 3F       		.uleb128 0x3f
 500 00da 19       		.uleb128 0x19
 501 00db 3C       		.uleb128 0x3c
 502 00dc 19       		.uleb128 0x19
 503 00dd 6E       		.uleb128 0x6e
 504 00de 0E       		.uleb128 0xe
 505 00df 03       		.uleb128 0x3
 506 00e0 0E       		.uleb128 0xe
 507 00e1 3A       		.uleb128 0x3a
 508 00e2 0B       		.uleb128 0xb
 509 00e3 3B       		.uleb128 0x3b
 510 00e4 0B       		.uleb128 0xb
 511 00e5 00       		.byte	0
 512 00e6 00       		.byte	0
 513 00e7 00       		.byte	0
 514              		.section	.debug_loc,"",%progbits
 515              	.Ldebug_loc0:
 516              	.LLST0:
 517 0000 0E000000 		.4byte	.LVL2
 518 0004 16000000 		.4byte	.LVL3
 519 0008 0100     		.2byte	0x1
 520 000a 50       		.byte	0x50
 521 000b 20000000 		.4byte	.LVL5
 522 000f 26000000 		.4byte	.LVL6
 523 0013 0300     		.2byte	0x3
 524 0015 74       		.byte	0x74
 525 0016 01       		.sleb128 1
 526 0017 9F       		.byte	0x9f
 527 0018 00000000 		.4byte	0
 528 001c 00000000 		.4byte	0
 529              		.section	.debug_aranges,"",%progbits
 530 0000 1C000000 		.4byte	0x1c
 531 0004 0200     		.2byte	0x2
 532 0006 00000000 		.4byte	.Ldebug_info0
 533 000a 04       		.byte	0x4
 534 000b 00       		.byte	0
 535 000c 0000     		.2byte	0
ARM GAS  C:\Users\DANSI7~1\AppData\Local\Temp\ccSQVplf.s 			page 11


 536 000e 0000     		.2byte	0
 537 0010 00000000 		.4byte	.LFB64
 538 0014 30000000 		.4byte	.LFE64-.LFB64
 539 0018 00000000 		.4byte	0
 540 001c 00000000 		.4byte	0
 541              		.section	.debug_ranges,"",%progbits
 542              	.Ldebug_ranges0:
 543 0000 00000000 		.4byte	.LFB64
 544 0004 30000000 		.4byte	.LFE64
 545 0008 00000000 		.4byte	0
 546 000c 00000000 		.4byte	0
 547              		.section	.debug_line,"",%progbits
 548              	.Ldebug_line0:
 549 0000 EF010000 		.section	.debug_str,"MS",%progbits,1
 549      0200D501 
 549      00000201 
 549      FB0E0D00 
 549      01010101 
 550              	.LASF6:
 551 0000 6C6F6E67 		.ascii	"long long int\000"
 551      206C6F6E 
 551      6720696E 
 551      7400
 552              	.LASF3:
 553 000e 73686F72 		.ascii	"short unsigned int\000"
 553      7420756E 
 553      7369676E 
 553      65642069 
 553      6E7400
 554              	.LASF18:
 555 0021 6D736773 		.ascii	"msgs\000"
 555      00
 556              	.LASF8:
 557 0026 756E7369 		.ascii	"unsigned int\000"
 557      676E6564 
 557      20696E74 
 557      00
 558              	.LASF19:
 559 0033 55415254 		.ascii	"UART_GetRxBufferSize\000"
 559      5F476574 
 559      52784275 
 559      66666572 
 559      53697A65 
 560              	.LASF21:
 561 0048 73707269 		.ascii	"sprintf\000"
 561      6E746600 
 562              	.LASF24:
 563 0050 474E5520 		.ascii	"GNU C11 5.4.1 20160609 (release) [ARM/embedded-5-br"
 563      43313120 
 563      352E342E 
 563      31203230 
 563      31363036 
 564 0083 616E6368 		.ascii	"anch revision 237715] -mcpu=cortex-m3 -mthumb -g -O"
 564      20726576 
 564      6973696F 
 564      6E203233 
 564      37373135 
ARM GAS  C:\Users\DANSI7~1\AppData\Local\Temp\ccSQVplf.s 			page 12


 565 00b6 67202D66 		.ascii	"g -ffunction-sections -ffat-lto-objects\000"
 565      66756E63 
 565      74696F6E 
 565      2D736563 
 565      74696F6E 
 566              	.LASF11:
 567 00de 75696E74 		.ascii	"uint8\000"
 567      3800
 568              	.LASF5:
 569 00e4 6C6F6E67 		.ascii	"long unsigned int\000"
 569      20756E73 
 569      69676E65 
 569      6420696E 
 569      7400
 570              	.LASF2:
 571 00f6 73686F72 		.ascii	"short int\000"
 571      7420696E 
 571      7400
 572              	.LASF7:
 573 0100 6C6F6E67 		.ascii	"long long unsigned int\000"
 573      206C6F6E 
 573      6720756E 
 573      7369676E 
 573      65642069 
 574              	.LASF0:
 575 0117 7369676E 		.ascii	"signed char\000"
 575      65642063 
 575      68617200 
 576              	.LASF1:
 577 0123 756E7369 		.ascii	"unsigned char\000"
 577      676E6564 
 577      20636861 
 577      7200
 578              	.LASF20:
 579 0131 55415254 		.ascii	"UART_ReadRxData\000"
 579      5F526561 
 579      64527844 
 579      61746100 
 580              	.LASF14:
 581 0141 63686172 		.ascii	"char\000"
 581      00
 582              	.LASF4:
 583 0146 6C6F6E67 		.ascii	"long int\000"
 583      20696E74 
 583      00
 584              	.LASF27:
 585 014f 4D6F6442 		.ascii	"ModBus_Rx\000"
 585      75735F52 
 585      7800
 586              	.LASF15:
 587 0159 6C6F6E67 		.ascii	"long double\000"
 587      20646F75 
 587      626C6500 
 588              	.LASF13:
 589 0165 646F7562 		.ascii	"double\000"
 589      6C6500
 590              	.LASF22:
ARM GAS  C:\Users\DANSI7~1\AppData\Local\Temp\ccSQVplf.s 			page 13


 591 016c 5553425F 		.ascii	"USB_PutString\000"
 591      50757453 
 591      7472696E 
 591      6700
 592              	.LASF17:
 593 017a 49544D5F 		.ascii	"ITM_RxBuffer\000"
 593      52784275 
 593      66666572 
 593      00
 594              	.LASF25:
 595 0187 4D6F6442 		.ascii	"ModBus.c\000"
 595      75732E63 
 595      00
 596              	.LASF23:
 597 0190 55415254 		.ascii	"UART_WriteTxData\000"
 597      5F577269 
 597      74655478 
 597      44617461 
 597      00
 598              	.LASF9:
 599 01a1 5F5F696E 		.ascii	"__int32_t\000"
 599      7433325F 
 599      7400
 600              	.LASF26:
 601 01ab 433A5C44 		.ascii	"C:\\Dan\\Eng Projects\\BP308\\TLAUX\\ARM Code\\TLAU"
 601      616E5C45 
 601      6E672050 
 601      726F6A65 
 601      6374735C 
 602 01d8 585C544C 		.ascii	"X\\TLAUX_PSoC.cydsn\000"
 602      4155585F 
 602      50536F43 
 602      2E637964 
 602      736E00
 603              	.LASF12:
 604 01eb 666C6F61 		.ascii	"float\000"
 604      7400
 605              	.LASF10:
 606 01f1 696E7433 		.ascii	"int32_t\000"
 606      325F7400 
 607              	.LASF16:
 608 01f9 73697A65 		.ascii	"sizetype\000"
 608      74797065 
 608      00
 609              		.ident	"GCC: (GNU Tools for ARM Embedded Processors) 5.4.1 20160609 (release) [ARM/embedded-5-bran
