ARM GAS  C:\Users\Dan\AppData\Local\Temp\cciV8Tre.s 			page 1


   1              		.syntax unified
   2              		.cpu cortex-m3
   3              		.fpu softvfp
   4              		.eabi_attribute 20, 1
   5              		.eabi_attribute 21, 1
   6              		.eabi_attribute 23, 3
   7              		.eabi_attribute 24, 1
   8              		.eabi_attribute 25, 1
   9              		.eabi_attribute 26, 1
  10              		.eabi_attribute 30, 1
  11              		.eabi_attribute 34, 1
  12              		.eabi_attribute 18, 4
  13              		.thumb
  14              		.syntax unified
  15              		.file	"Serial_IO.c"
  16              		.text
  17              	.Ltext0:
  18              		.cfi_sections	.debug_frame
  19              		.section	.text.TX_ISR,"ax",%progbits
  20              		.align	2
  21              		.global	TX_ISR
  22              		.thumb
  23              		.thumb_func
  24              		.type	TX_ISR, %function
  25              	TX_ISR:
  26              	.LFB63:
  27              		.file 1 "Serial_IO.c"
   1:Serial_IO.c   **** /* ========================================
   2:Serial_IO.c   ****  *
   3:Serial_IO.c   ****  * Copyright YOUR COMPANY, THE YEAR
   4:Serial_IO.c   ****  * All Rights Reserved
   5:Serial_IO.c   ****  * UNPUBLISHED, LICENSED SOFTWARE.
   6:Serial_IO.c   ****  *
   7:Serial_IO.c   ****  * CONFIDENTIAL AND PROPRIETARY INFORMATION
   8:Serial_IO.c   ****  * WHICH IS THE PROPERTY OF your company.
   9:Serial_IO.c   ****  *
  10:Serial_IO.c   ****  * ========================================
  11:Serial_IO.c   **** */
  12:Serial_IO.c   **** 
  13:Serial_IO.c   **** // functions for serial IO
  14:Serial_IO.c   **** #include "Serial_IO.h"
  15:Serial_IO.c   **** #include "project.h"
  16:Serial_IO.c   **** 
  17:Serial_IO.c   **** // buffers for serial communications
  18:Serial_IO.c   **** #define SERIAL_BUFF_SIZE 32
  19:Serial_IO.c   **** 
  20:Serial_IO.c   **** uint8 TX_BUFF[SERIAL_BUFF_SIZE];
  21:Serial_IO.c   **** uint8 RX_BUFF[SERIAL_BUFF_SIZE];
  22:Serial_IO.c   **** 
  23:Serial_IO.c   **** volatile uint8 *TX_HeadPtr;
  24:Serial_IO.c   **** volatile uint8 *TX_TailPtr;
  25:Serial_IO.c   **** volatile uint8 *RX_HeadPtr;
  26:Serial_IO.c   **** volatile uint8 *RX_TailPtr;
  27:Serial_IO.c   ****     
  28:Serial_IO.c   **** 
  29:Serial_IO.c   **** // UART Transmit interrupt
  30:Serial_IO.c   **** CY_ISR(TX_ISR)
ARM GAS  C:\Users\Dan\AppData\Local\Temp\cciV8Tre.s 			page 2


  31:Serial_IO.c   **** {
  28              		.loc 1 31 0
  29              		.cfi_startproc
  30              		@ args = 0, pretend = 0, frame = 0
  31              		@ frame_needed = 0, uses_anonymous_args = 0
  32 0000 08B5     		push	{r3, lr}
  33              		.cfi_def_cfa_offset 8
  34              		.cfi_offset 3, -8
  35              		.cfi_offset 14, -4
  32:Serial_IO.c   ****     // toggle the test point
  33:Serial_IO.c   ****     Pin_1_Write(~(Pin_1_Read()));
  36              		.loc 1 33 0
  37 0002 FFF7FEFF 		bl	Pin_1_Read
  38              	.LVL0:
  39 0006 C043     		mvns	r0, r0
  40 0008 C0B2     		uxtb	r0, r0
  41 000a FFF7FEFF 		bl	Pin_1_Write
  42              	.LVL1:
  43 000e 08BD     		pop	{r3, pc}
  44              		.cfi_endproc
  45              	.LFE63:
  46              		.size	TX_ISR, .-TX_ISR
  47              		.section	.text.RX_ISR,"ax",%progbits
  48              		.align	2
  49              		.global	RX_ISR
  50              		.thumb
  51              		.thumb_func
  52              		.type	RX_ISR, %function
  53              	RX_ISR:
  54              	.LFB64:
  34:Serial_IO.c   **** 
  35:Serial_IO.c   ****   
  36:Serial_IO.c   **** }
  37:Serial_IO.c   **** 
  38:Serial_IO.c   **** // UART Receive interrupt
  39:Serial_IO.c   **** CY_ISR(RX_ISR)
  40:Serial_IO.c   **** {
  55              		.loc 1 40 0
  56              		.cfi_startproc
  57              		@ args = 0, pretend = 0, frame = 0
  58              		@ frame_needed = 0, uses_anonymous_args = 0
  59              		@ link register save eliminated.
  41:Serial_IO.c   ****     // interrupt says there is a character in the RX Buffer
  42:Serial_IO.c   ****     *RX_HeadPtr++ = UART_RXDATA_REG;
  60              		.loc 1 42 0
  61 0000 084B     		ldr	r3, .L5
  62 0002 1968     		ldr	r1, [r3]
  63 0004 4A1C     		adds	r2, r1, #1
  64 0006 1A60     		str	r2, [r3]
  65 0008 074A     		ldr	r2, .L5+4
  66 000a 1278     		ldrb	r2, [r2]	@ zero_extendqisi2
  67 000c D2B2     		uxtb	r2, r2
  68 000e 0A70     		strb	r2, [r1]
  43:Serial_IO.c   ****     // *RX_HeadPtr++ = UART_ReadRxData();  // get data from the buffer and incrememnt the Head Poin
  44:Serial_IO.c   ****     if(RX_HeadPtr >= (RX_BUFF + SERIAL_BUFF_SIZE))   // check for circular buffer wraparound
  69              		.loc 1 44 0
  70 0010 1A68     		ldr	r2, [r3]
ARM GAS  C:\Users\Dan\AppData\Local\Temp\cciV8Tre.s 			page 3


  71 0012 064B     		ldr	r3, .L5+8
  72 0014 9A42     		cmp	r2, r3
  73 0016 03D3     		bcc	.L3
  45:Serial_IO.c   ****     {
  46:Serial_IO.c   ****         RX_HeadPtr = RX_BUFF;   
  74              		.loc 1 46 0
  75 0018 A3F12002 		sub	r2, r3, #32
  76 001c 014B     		ldr	r3, .L5
  77 001e 1A60     		str	r2, [r3]
  78              	.L3:
  79 0020 7047     		bx	lr
  80              	.L6:
  81 0022 00BF     		.align	2
  82              	.L5:
  83 0024 00000000 		.word	RX_HeadPtr
  84 0028 49640040 		.word	1073767497
  85 002c 20000000 		.word	RX_BUFF+32
  86              		.cfi_endproc
  87              	.LFE64:
  88              		.size	RX_ISR, .-RX_ISR
  89              		.section	.text.Init_Serial_IO,"ax",%progbits
  90              		.align	2
  91              		.global	Init_Serial_IO
  92              		.thumb
  93              		.thumb_func
  94              		.type	Init_Serial_IO, %function
  95              	Init_Serial_IO:
  96              	.LFB65:
  47:Serial_IO.c   ****     }
  48:Serial_IO.c   **** }
  49:Serial_IO.c   **** 
  50:Serial_IO.c   **** // Init Serial IO
  51:Serial_IO.c   **** 
  52:Serial_IO.c   **** void Init_Serial_IO(void)
  53:Serial_IO.c   **** {
  97              		.loc 1 53 0
  98              		.cfi_startproc
  99              		@ args = 0, pretend = 0, frame = 0
 100              		@ frame_needed = 0, uses_anonymous_args = 0
 101 0000 08B5     		push	{r3, lr}
 102              		.cfi_def_cfa_offset 8
 103              		.cfi_offset 3, -8
 104              		.cfi_offset 14, -4
  54:Serial_IO.c   ****     UART_Start();
 105              		.loc 1 54 0
 106 0002 FFF7FEFF 		bl	UART_Start
 107              	.LVL2:
 108 0006 08BD     		pop	{r3, pc}
 109              		.cfi_endproc
 110              	.LFE65:
 111              		.size	Init_Serial_IO, .-Init_Serial_IO
 112              		.section	.text.SER_PutStr,"ax",%progbits
 113              		.align	2
 114              		.global	SER_PutStr
 115              		.thumb
 116              		.thumb_func
 117              		.type	SER_PutStr, %function
ARM GAS  C:\Users\Dan\AppData\Local\Temp\cciV8Tre.s 			page 4


 118              	SER_PutStr:
 119              	.LFB66:
  55:Serial_IO.c   **** }
  56:Serial_IO.c   **** 
  57:Serial_IO.c   **** /*
  58:Serial_IO.c   **** void SER_PutChar(uint8 c) 
  59:Serial_IO.c   **** {
  60:Serial_IO.c   ****     UART_WriteTxData(c);
  61:Serial_IO.c   **** }
  62:Serial_IO.c   **** 
  63:Serial_IO.c   **** uint8 SER_GetChar(void)
  64:Serial_IO.c   **** {
  65:Serial_IO.c   ****     return (UART_GetChar());
  66:Serial_IO.c   **** }
  67:Serial_IO.c   **** */
  68:Serial_IO.c   **** 
  69:Serial_IO.c   **** 
  70:Serial_IO.c   **** void SER_PutStr(uint8 *msg)
  71:Serial_IO.c   **** {
 120              		.loc 1 71 0
 121              		.cfi_startproc
 122              		@ args = 0, pretend = 0, frame = 0
 123              		@ frame_needed = 0, uses_anonymous_args = 0
 124              	.LVL3:
 125 0000 10B5     		push	{r4, lr}
 126              		.cfi_def_cfa_offset 8
 127              		.cfi_offset 4, -8
 128              		.cfi_offset 14, -4
 129 0002 0446     		mov	r4, r0
  72:Serial_IO.c   ****     while(*msg != 0x00)
 130              		.loc 1 72 0
 131 0004 02E0     		b	.L10
 132              	.LVL4:
 133              	.L11:
  73:Serial_IO.c   ****     {
  74:Serial_IO.c   ****         SER_PutChar(*msg++);
 134              		.loc 1 74 0
 135 0006 0134     		adds	r4, r4, #1
 136              	.LVL5:
 137 0008 FFF7FEFF 		bl	UART_WriteTxData
 138              	.LVL6:
 139              	.L10:
  72:Serial_IO.c   ****     while(*msg != 0x00)
 140              		.loc 1 72 0
 141 000c 2078     		ldrb	r0, [r4]	@ zero_extendqisi2
 142 000e 0028     		cmp	r0, #0
 143 0010 F9D1     		bne	.L11
  75:Serial_IO.c   ****     }
  76:Serial_IO.c   **** }
 144              		.loc 1 76 0
 145 0012 10BD     		pop	{r4, pc}
 146              		.cfi_endproc
 147              	.LFE66:
 148              		.size	SER_PutStr, .-SER_PutStr
 149              		.section	.text.SER_CheckForRx,"ax",%progbits
 150              		.align	2
 151              		.global	SER_CheckForRx
ARM GAS  C:\Users\Dan\AppData\Local\Temp\cciV8Tre.s 			page 5


 152              		.thumb
 153              		.thumb_func
 154              		.type	SER_CheckForRx, %function
 155              	SER_CheckForRx:
 156              	.LFB67:
  77:Serial_IO.c   **** 
  78:Serial_IO.c   **** // check for Rx - returns 0 if the buffer is empty, non zero if data in the buffer
  79:Serial_IO.c   **** uint8 SER_CheckForRx(void)
  80:Serial_IO.c   **** {
 157              		.loc 1 80 0
 158              		.cfi_startproc
 159              		@ args = 0, pretend = 0, frame = 0
 160              		@ frame_needed = 0, uses_anonymous_args = 0
 161 0000 08B5     		push	{r3, lr}
 162              		.cfi_def_cfa_offset 8
 163              		.cfi_offset 3, -8
 164              		.cfi_offset 14, -4
  81:Serial_IO.c   **** //    UART_ReadRxStatus();
  82:Serial_IO.c   ****     return((uint8)UART_GetRxBufferSize());
 165              		.loc 1 82 0
 166 0002 FFF7FEFF 		bl	UART_GetRxBufferSize
 167              	.LVL7:
  83:Serial_IO.c   **** }
 168              		.loc 1 83 0
 169 0006 08BD     		pop	{r3, pc}
 170              		.cfi_endproc
 171              	.LFE67:
 172              		.size	SER_CheckForRx, .-SER_CheckForRx
 173              		.comm	RX_TailPtr,4,4
 174              		.comm	RX_HeadPtr,4,4
 175              		.comm	TX_TailPtr,4,4
 176              		.comm	TX_HeadPtr,4,4
 177              		.comm	RX_BUFF,32,4
 178              		.comm	TX_BUFF,32,4
 179              		.text
 180              	.Letext0:
 181              		.file 2 "c:\\program files (x86)\\cypress\\psoc creator\\4.2\\psoc creator\\import\\gnu\\arm\\5.4.
 182              		.file 3 "c:\\program files (x86)\\cypress\\psoc creator\\4.2\\psoc creator\\import\\gnu\\arm\\5.4.
 183              		.file 4 "Generated_Source\\PSoC5/cytypes.h"
 184              		.file 5 "Generated_Source\\PSoC5/core_cm3.h"
 185              		.file 6 "Generated_Source\\PSoC5/Pin_1.h"
 186              		.file 7 "Generated_Source\\PSoC5/UART.h"
 187              		.section	.debug_info,"",%progbits
 188              	.Ldebug_info0:
 189 0000 31020000 		.4byte	0x231
 190 0004 0400     		.2byte	0x4
 191 0006 00000000 		.4byte	.Ldebug_abbrev0
 192 000a 04       		.byte	0x4
 193 000b 01       		.uleb128 0x1
 194 000c 6A000000 		.4byte	.LASF33
 195 0010 0C       		.byte	0xc
 196 0011 C4010000 		.4byte	.LASF34
 197 0015 50010000 		.4byte	.LASF35
 198 0019 00000000 		.4byte	.Ldebug_ranges0+0
 199 001d 00000000 		.4byte	0
 200 0021 00000000 		.4byte	.Ldebug_line0
 201 0025 02       		.uleb128 0x2
ARM GAS  C:\Users\Dan\AppData\Local\Temp\cciV8Tre.s 			page 6


 202 0026 01       		.byte	0x1
 203 0027 06       		.byte	0x6
 204 0028 47020000 		.4byte	.LASF0
 205 002c 02       		.uleb128 0x2
 206 002d 01       		.byte	0x1
 207 002e 08       		.byte	0x8
 208 002f 5C000000 		.4byte	.LASF1
 209 0033 02       		.uleb128 0x2
 210 0034 02       		.byte	0x2
 211 0035 05       		.byte	0x5
 212 0036 0D020000 		.4byte	.LASF2
 213 003a 02       		.uleb128 0x2
 214 003b 02       		.byte	0x2
 215 003c 07       		.byte	0x7
 216 003d 17010000 		.4byte	.LASF3
 217 0041 03       		.uleb128 0x3
 218 0042 2B000000 		.4byte	.LASF9
 219 0046 02       		.byte	0x2
 220 0047 3F       		.byte	0x3f
 221 0048 4C000000 		.4byte	0x4c
 222 004c 02       		.uleb128 0x2
 223 004d 04       		.byte	0x4
 224 004e 05       		.byte	0x5
 225 004f 32020000 		.4byte	.LASF4
 226 0053 02       		.uleb128 0x2
 227 0054 04       		.byte	0x4
 228 0055 07       		.byte	0x7
 229 0056 FD000000 		.4byte	.LASF5
 230 005a 02       		.uleb128 0x2
 231 005b 08       		.byte	0x8
 232 005c 05       		.byte	0x5
 233 005d E4010000 		.4byte	.LASF6
 234 0061 02       		.uleb128 0x2
 235 0062 08       		.byte	0x8
 236 0063 07       		.byte	0x7
 237 0064 A5010000 		.4byte	.LASF7
 238 0068 04       		.uleb128 0x4
 239 0069 04       		.byte	0x4
 240 006a 05       		.byte	0x5
 241 006b 696E7400 		.ascii	"int\000"
 242 006f 02       		.uleb128 0x2
 243 0070 04       		.byte	0x4
 244 0071 07       		.byte	0x7
 245 0072 98010000 		.4byte	.LASF8
 246 0076 03       		.uleb128 0x3
 247 0077 BC010000 		.4byte	.LASF10
 248 007b 03       		.byte	0x3
 249 007c 2C       		.byte	0x2c
 250 007d 41000000 		.4byte	0x41
 251 0081 05       		.uleb128 0x5
 252 0082 17020000 		.4byte	.LASF11
 253 0086 04       		.byte	0x4
 254 0087 E401     		.2byte	0x1e4
 255 0089 2C000000 		.4byte	0x2c
 256 008d 02       		.uleb128 0x2
 257 008e 04       		.byte	0x4
 258 008f 04       		.byte	0x4
ARM GAS  C:\Users\Dan\AppData\Local\Temp\cciV8Tre.s 			page 7


 259 0090 56000000 		.4byte	.LASF12
 260 0094 02       		.uleb128 0x2
 261 0095 08       		.byte	0x8
 262 0096 04       		.byte	0x4
 263 0097 49010000 		.4byte	.LASF13
 264 009b 02       		.uleb128 0x2
 265 009c 01       		.byte	0x1
 266 009d 08       		.byte	0x8
 267 009e FD010000 		.4byte	.LASF14
 268 00a2 05       		.uleb128 0x5
 269 00a3 F8000000 		.4byte	.LASF15
 270 00a7 04       		.byte	0x4
 271 00a8 8E02     		.2byte	0x28e
 272 00aa AE000000 		.4byte	0xae
 273 00ae 06       		.uleb128 0x6
 274 00af 81000000 		.4byte	0x81
 275 00b3 02       		.uleb128 0x2
 276 00b4 08       		.byte	0x8
 277 00b5 04       		.byte	0x4
 278 00b6 3B020000 		.4byte	.LASF16
 279 00ba 02       		.uleb128 0x2
 280 00bb 04       		.byte	0x4
 281 00bc 07       		.byte	0x7
 282 00bd DB010000 		.4byte	.LASF17
 283 00c1 07       		.uleb128 0x7
 284 00c2 04       		.byte	0x4
 285 00c3 AE000000 		.4byte	0xae
 286 00c7 08       		.uleb128 0x8
 287 00c8 35000000 		.4byte	.LASF18
 288 00cc 01       		.byte	0x1
 289 00cd 1E       		.byte	0x1e
 290 00ce 00000000 		.4byte	.LFB63
 291 00d2 10000000 		.4byte	.LFE63-.LFB63
 292 00d6 01       		.uleb128 0x1
 293 00d7 9C       		.byte	0x9c
 294 00d8 EF000000 		.4byte	0xef
 295 00dc 09       		.uleb128 0x9
 296 00dd 06000000 		.4byte	.LVL0
 297 00e1 FD010000 		.4byte	0x1fd
 298 00e5 09       		.uleb128 0x9
 299 00e6 0E000000 		.4byte	.LVL1
 300 00ea 08020000 		.4byte	0x208
 301 00ee 00       		.byte	0
 302 00ef 0A       		.uleb128 0xa
 303 00f0 42010000 		.4byte	.LASF36
 304 00f4 01       		.byte	0x1
 305 00f5 27       		.byte	0x27
 306 00f6 00000000 		.4byte	.LFB64
 307 00fa 30000000 		.4byte	.LFE64-.LFB64
 308 00fe 01       		.uleb128 0x1
 309 00ff 9C       		.byte	0x9c
 310 0100 08       		.uleb128 0x8
 311 0101 3C000000 		.4byte	.LASF19
 312 0105 01       		.byte	0x1
 313 0106 34       		.byte	0x34
 314 0107 00000000 		.4byte	.LFB65
 315 010b 08000000 		.4byte	.LFE65-.LFB65
ARM GAS  C:\Users\Dan\AppData\Local\Temp\cciV8Tre.s 			page 8


 316 010f 01       		.uleb128 0x1
 317 0110 9C       		.byte	0x9c
 318 0111 1F010000 		.4byte	0x11f
 319 0115 09       		.uleb128 0x9
 320 0116 06000000 		.4byte	.LVL2
 321 011a 13020000 		.4byte	0x213
 322 011e 00       		.byte	0
 323 011f 08       		.uleb128 0x8
 324 0120 5F020000 		.4byte	.LASF20
 325 0124 01       		.byte	0x1
 326 0125 46       		.byte	0x46
 327 0126 00000000 		.4byte	.LFB66
 328 012a 14000000 		.4byte	.LFE66-.LFB66
 329 012e 01       		.uleb128 0x1
 330 012f 9C       		.byte	0x9c
 331 0130 4D010000 		.4byte	0x14d
 332 0134 0B       		.uleb128 0xb
 333 0135 6D736700 		.ascii	"msg\000"
 334 0139 01       		.byte	0x1
 335 013a 46       		.byte	0x46
 336 013b 4D010000 		.4byte	0x14d
 337 013f 00000000 		.4byte	.LLST0
 338 0143 09       		.uleb128 0x9
 339 0144 0C000000 		.4byte	.LVL6
 340 0148 1E020000 		.4byte	0x21e
 341 014c 00       		.byte	0
 342 014d 07       		.uleb128 0x7
 343 014e 04       		.byte	0x4
 344 014f 81000000 		.4byte	0x81
 345 0153 0C       		.uleb128 0xc
 346 0154 0B000000 		.4byte	.LASF37
 347 0158 01       		.byte	0x1
 348 0159 4F       		.byte	0x4f
 349 015a 81000000 		.4byte	0x81
 350 015e 00000000 		.4byte	.LFB67
 351 0162 08000000 		.4byte	.LFE67-.LFB67
 352 0166 01       		.uleb128 0x1
 353 0167 9C       		.byte	0x9c
 354 0168 76010000 		.4byte	0x176
 355 016c 09       		.uleb128 0x9
 356 016d 06000000 		.4byte	.LVL7
 357 0171 29020000 		.4byte	0x229
 358 0175 00       		.byte	0
 359 0176 0D       		.uleb128 0xd
 360 0177 35010000 		.4byte	.LASF21
 361 017b 05       		.byte	0x5
 362 017c 1207     		.2byte	0x712
 363 017e 82010000 		.4byte	0x182
 364 0182 06       		.uleb128 0x6
 365 0183 76000000 		.4byte	0x76
 366 0187 0E       		.uleb128 0xe
 367 0188 81000000 		.4byte	0x81
 368 018c 97010000 		.4byte	0x197
 369 0190 0F       		.uleb128 0xf
 370 0191 BA000000 		.4byte	0xba
 371 0195 1F       		.byte	0x1f
 372 0196 00       		.byte	0
ARM GAS  C:\Users\Dan\AppData\Local\Temp\cciV8Tre.s 			page 9


 373 0197 10       		.uleb128 0x10
 374 0198 90010000 		.4byte	.LASF22
 375 019c 01       		.byte	0x1
 376 019d 14       		.byte	0x14
 377 019e 87010000 		.4byte	0x187
 378 01a2 05       		.uleb128 0x5
 379 01a3 03       		.byte	0x3
 380 01a4 00000000 		.4byte	TX_BUFF
 381 01a8 10       		.uleb128 0x10
 382 01a9 0F010000 		.4byte	.LASF23
 383 01ad 01       		.byte	0x1
 384 01ae 15       		.byte	0x15
 385 01af 87010000 		.4byte	0x187
 386 01b3 05       		.uleb128 0x5
 387 01b4 03       		.byte	0x3
 388 01b5 00000000 		.4byte	RX_BUFF
 389 01b9 10       		.uleb128 0x10
 390 01ba 00000000 		.4byte	.LASF24
 391 01be 01       		.byte	0x1
 392 01bf 17       		.byte	0x17
 393 01c0 C1000000 		.4byte	0xc1
 394 01c4 05       		.uleb128 0x5
 395 01c5 03       		.byte	0x3
 396 01c6 00000000 		.4byte	TX_HeadPtr
 397 01ca 10       		.uleb128 0x10
 398 01cb 02020000 		.4byte	.LASF25
 399 01cf 01       		.byte	0x1
 400 01d0 18       		.byte	0x18
 401 01d1 C1000000 		.4byte	0xc1
 402 01d5 05       		.uleb128 0x5
 403 01d6 03       		.byte	0x3
 404 01d7 00000000 		.4byte	TX_TailPtr
 405 01db 10       		.uleb128 0x10
 406 01dc 4B000000 		.4byte	.LASF26
 407 01e0 01       		.byte	0x1
 408 01e1 19       		.byte	0x19
 409 01e2 C1000000 		.4byte	0xc1
 410 01e6 05       		.uleb128 0x5
 411 01e7 03       		.byte	0x3
 412 01e8 00000000 		.4byte	RX_HeadPtr
 413 01ec 10       		.uleb128 0x10
 414 01ed F2010000 		.4byte	.LASF27
 415 01f1 01       		.byte	0x1
 416 01f2 1A       		.byte	0x1a
 417 01f3 C1000000 		.4byte	0xc1
 418 01f7 05       		.uleb128 0x5
 419 01f8 03       		.byte	0x3
 420 01f9 00000000 		.4byte	RX_TailPtr
 421 01fd 11       		.uleb128 0x11
 422 01fe D0010000 		.4byte	.LASF28
 423 0202 D0010000 		.4byte	.LASF28
 424 0206 06       		.byte	0x6
 425 0207 29       		.byte	0x29
 426 0208 11       		.uleb128 0x11
 427 0209 53020000 		.4byte	.LASF29
 428 020d 53020000 		.4byte	.LASF29
 429 0211 06       		.byte	0x6
ARM GAS  C:\Users\Dan\AppData\Local\Temp\cciV8Tre.s 			page 10


 430 0212 26       		.byte	0x26
 431 0213 11       		.uleb128 0x11
 432 0214 2A010000 		.4byte	.LASF30
 433 0218 2A010000 		.4byte	.LASF30
 434 021c 07       		.byte	0x7
 435 021d 54       		.byte	0x54
 436 021e 11       		.uleb128 0x11
 437 021f 1A000000 		.4byte	.LASF31
 438 0223 1A000000 		.4byte	.LASF31
 439 0227 07       		.byte	0x7
 440 0228 88       		.byte	0x88
 441 0229 11       		.uleb128 0x11
 442 022a 1D020000 		.4byte	.LASF32
 443 022e 1D020000 		.4byte	.LASF32
 444 0232 07       		.byte	0x7
 445 0233 73       		.byte	0x73
 446 0234 00       		.byte	0
 447              		.section	.debug_abbrev,"",%progbits
 448              	.Ldebug_abbrev0:
 449 0000 01       		.uleb128 0x1
 450 0001 11       		.uleb128 0x11
 451 0002 01       		.byte	0x1
 452 0003 25       		.uleb128 0x25
 453 0004 0E       		.uleb128 0xe
 454 0005 13       		.uleb128 0x13
 455 0006 0B       		.uleb128 0xb
 456 0007 03       		.uleb128 0x3
 457 0008 0E       		.uleb128 0xe
 458 0009 1B       		.uleb128 0x1b
 459 000a 0E       		.uleb128 0xe
 460 000b 55       		.uleb128 0x55
 461 000c 17       		.uleb128 0x17
 462 000d 11       		.uleb128 0x11
 463 000e 01       		.uleb128 0x1
 464 000f 10       		.uleb128 0x10
 465 0010 17       		.uleb128 0x17
 466 0011 00       		.byte	0
 467 0012 00       		.byte	0
 468 0013 02       		.uleb128 0x2
 469 0014 24       		.uleb128 0x24
 470 0015 00       		.byte	0
 471 0016 0B       		.uleb128 0xb
 472 0017 0B       		.uleb128 0xb
 473 0018 3E       		.uleb128 0x3e
 474 0019 0B       		.uleb128 0xb
 475 001a 03       		.uleb128 0x3
 476 001b 0E       		.uleb128 0xe
 477 001c 00       		.byte	0
 478 001d 00       		.byte	0
 479 001e 03       		.uleb128 0x3
 480 001f 16       		.uleb128 0x16
 481 0020 00       		.byte	0
 482 0021 03       		.uleb128 0x3
 483 0022 0E       		.uleb128 0xe
 484 0023 3A       		.uleb128 0x3a
 485 0024 0B       		.uleb128 0xb
 486 0025 3B       		.uleb128 0x3b
ARM GAS  C:\Users\Dan\AppData\Local\Temp\cciV8Tre.s 			page 11


 487 0026 0B       		.uleb128 0xb
 488 0027 49       		.uleb128 0x49
 489 0028 13       		.uleb128 0x13
 490 0029 00       		.byte	0
 491 002a 00       		.byte	0
 492 002b 04       		.uleb128 0x4
 493 002c 24       		.uleb128 0x24
 494 002d 00       		.byte	0
 495 002e 0B       		.uleb128 0xb
 496 002f 0B       		.uleb128 0xb
 497 0030 3E       		.uleb128 0x3e
 498 0031 0B       		.uleb128 0xb
 499 0032 03       		.uleb128 0x3
 500 0033 08       		.uleb128 0x8
 501 0034 00       		.byte	0
 502 0035 00       		.byte	0
 503 0036 05       		.uleb128 0x5
 504 0037 16       		.uleb128 0x16
 505 0038 00       		.byte	0
 506 0039 03       		.uleb128 0x3
 507 003a 0E       		.uleb128 0xe
 508 003b 3A       		.uleb128 0x3a
 509 003c 0B       		.uleb128 0xb
 510 003d 3B       		.uleb128 0x3b
 511 003e 05       		.uleb128 0x5
 512 003f 49       		.uleb128 0x49
 513 0040 13       		.uleb128 0x13
 514 0041 00       		.byte	0
 515 0042 00       		.byte	0
 516 0043 06       		.uleb128 0x6
 517 0044 35       		.uleb128 0x35
 518 0045 00       		.byte	0
 519 0046 49       		.uleb128 0x49
 520 0047 13       		.uleb128 0x13
 521 0048 00       		.byte	0
 522 0049 00       		.byte	0
 523 004a 07       		.uleb128 0x7
 524 004b 0F       		.uleb128 0xf
 525 004c 00       		.byte	0
 526 004d 0B       		.uleb128 0xb
 527 004e 0B       		.uleb128 0xb
 528 004f 49       		.uleb128 0x49
 529 0050 13       		.uleb128 0x13
 530 0051 00       		.byte	0
 531 0052 00       		.byte	0
 532 0053 08       		.uleb128 0x8
 533 0054 2E       		.uleb128 0x2e
 534 0055 01       		.byte	0x1
 535 0056 3F       		.uleb128 0x3f
 536 0057 19       		.uleb128 0x19
 537 0058 03       		.uleb128 0x3
 538 0059 0E       		.uleb128 0xe
 539 005a 3A       		.uleb128 0x3a
 540 005b 0B       		.uleb128 0xb
 541 005c 3B       		.uleb128 0x3b
 542 005d 0B       		.uleb128 0xb
 543 005e 27       		.uleb128 0x27
ARM GAS  C:\Users\Dan\AppData\Local\Temp\cciV8Tre.s 			page 12


 544 005f 19       		.uleb128 0x19
 545 0060 11       		.uleb128 0x11
 546 0061 01       		.uleb128 0x1
 547 0062 12       		.uleb128 0x12
 548 0063 06       		.uleb128 0x6
 549 0064 40       		.uleb128 0x40
 550 0065 18       		.uleb128 0x18
 551 0066 9742     		.uleb128 0x2117
 552 0068 19       		.uleb128 0x19
 553 0069 01       		.uleb128 0x1
 554 006a 13       		.uleb128 0x13
 555 006b 00       		.byte	0
 556 006c 00       		.byte	0
 557 006d 09       		.uleb128 0x9
 558 006e 898201   		.uleb128 0x4109
 559 0071 00       		.byte	0
 560 0072 11       		.uleb128 0x11
 561 0073 01       		.uleb128 0x1
 562 0074 31       		.uleb128 0x31
 563 0075 13       		.uleb128 0x13
 564 0076 00       		.byte	0
 565 0077 00       		.byte	0
 566 0078 0A       		.uleb128 0xa
 567 0079 2E       		.uleb128 0x2e
 568 007a 00       		.byte	0
 569 007b 3F       		.uleb128 0x3f
 570 007c 19       		.uleb128 0x19
 571 007d 03       		.uleb128 0x3
 572 007e 0E       		.uleb128 0xe
 573 007f 3A       		.uleb128 0x3a
 574 0080 0B       		.uleb128 0xb
 575 0081 3B       		.uleb128 0x3b
 576 0082 0B       		.uleb128 0xb
 577 0083 27       		.uleb128 0x27
 578 0084 19       		.uleb128 0x19
 579 0085 11       		.uleb128 0x11
 580 0086 01       		.uleb128 0x1
 581 0087 12       		.uleb128 0x12
 582 0088 06       		.uleb128 0x6
 583 0089 40       		.uleb128 0x40
 584 008a 18       		.uleb128 0x18
 585 008b 9742     		.uleb128 0x2117
 586 008d 19       		.uleb128 0x19
 587 008e 00       		.byte	0
 588 008f 00       		.byte	0
 589 0090 0B       		.uleb128 0xb
 590 0091 05       		.uleb128 0x5
 591 0092 00       		.byte	0
 592 0093 03       		.uleb128 0x3
 593 0094 08       		.uleb128 0x8
 594 0095 3A       		.uleb128 0x3a
 595 0096 0B       		.uleb128 0xb
 596 0097 3B       		.uleb128 0x3b
 597 0098 0B       		.uleb128 0xb
 598 0099 49       		.uleb128 0x49
 599 009a 13       		.uleb128 0x13
 600 009b 02       		.uleb128 0x2
ARM GAS  C:\Users\Dan\AppData\Local\Temp\cciV8Tre.s 			page 13


 601 009c 17       		.uleb128 0x17
 602 009d 00       		.byte	0
 603 009e 00       		.byte	0
 604 009f 0C       		.uleb128 0xc
 605 00a0 2E       		.uleb128 0x2e
 606 00a1 01       		.byte	0x1
 607 00a2 3F       		.uleb128 0x3f
 608 00a3 19       		.uleb128 0x19
 609 00a4 03       		.uleb128 0x3
 610 00a5 0E       		.uleb128 0xe
 611 00a6 3A       		.uleb128 0x3a
 612 00a7 0B       		.uleb128 0xb
 613 00a8 3B       		.uleb128 0x3b
 614 00a9 0B       		.uleb128 0xb
 615 00aa 27       		.uleb128 0x27
 616 00ab 19       		.uleb128 0x19
 617 00ac 49       		.uleb128 0x49
 618 00ad 13       		.uleb128 0x13
 619 00ae 11       		.uleb128 0x11
 620 00af 01       		.uleb128 0x1
 621 00b0 12       		.uleb128 0x12
 622 00b1 06       		.uleb128 0x6
 623 00b2 40       		.uleb128 0x40
 624 00b3 18       		.uleb128 0x18
 625 00b4 9742     		.uleb128 0x2117
 626 00b6 19       		.uleb128 0x19
 627 00b7 01       		.uleb128 0x1
 628 00b8 13       		.uleb128 0x13
 629 00b9 00       		.byte	0
 630 00ba 00       		.byte	0
 631 00bb 0D       		.uleb128 0xd
 632 00bc 34       		.uleb128 0x34
 633 00bd 00       		.byte	0
 634 00be 03       		.uleb128 0x3
 635 00bf 0E       		.uleb128 0xe
 636 00c0 3A       		.uleb128 0x3a
 637 00c1 0B       		.uleb128 0xb
 638 00c2 3B       		.uleb128 0x3b
 639 00c3 05       		.uleb128 0x5
 640 00c4 49       		.uleb128 0x49
 641 00c5 13       		.uleb128 0x13
 642 00c6 3F       		.uleb128 0x3f
 643 00c7 19       		.uleb128 0x19
 644 00c8 3C       		.uleb128 0x3c
 645 00c9 19       		.uleb128 0x19
 646 00ca 00       		.byte	0
 647 00cb 00       		.byte	0
 648 00cc 0E       		.uleb128 0xe
 649 00cd 01       		.uleb128 0x1
 650 00ce 01       		.byte	0x1
 651 00cf 49       		.uleb128 0x49
 652 00d0 13       		.uleb128 0x13
 653 00d1 01       		.uleb128 0x1
 654 00d2 13       		.uleb128 0x13
 655 00d3 00       		.byte	0
 656 00d4 00       		.byte	0
 657 00d5 0F       		.uleb128 0xf
ARM GAS  C:\Users\Dan\AppData\Local\Temp\cciV8Tre.s 			page 14


 658 00d6 21       		.uleb128 0x21
 659 00d7 00       		.byte	0
 660 00d8 49       		.uleb128 0x49
 661 00d9 13       		.uleb128 0x13
 662 00da 2F       		.uleb128 0x2f
 663 00db 0B       		.uleb128 0xb
 664 00dc 00       		.byte	0
 665 00dd 00       		.byte	0
 666 00de 10       		.uleb128 0x10
 667 00df 34       		.uleb128 0x34
 668 00e0 00       		.byte	0
 669 00e1 03       		.uleb128 0x3
 670 00e2 0E       		.uleb128 0xe
 671 00e3 3A       		.uleb128 0x3a
 672 00e4 0B       		.uleb128 0xb
 673 00e5 3B       		.uleb128 0x3b
 674 00e6 0B       		.uleb128 0xb
 675 00e7 49       		.uleb128 0x49
 676 00e8 13       		.uleb128 0x13
 677 00e9 3F       		.uleb128 0x3f
 678 00ea 19       		.uleb128 0x19
 679 00eb 02       		.uleb128 0x2
 680 00ec 18       		.uleb128 0x18
 681 00ed 00       		.byte	0
 682 00ee 00       		.byte	0
 683 00ef 11       		.uleb128 0x11
 684 00f0 2E       		.uleb128 0x2e
 685 00f1 00       		.byte	0
 686 00f2 3F       		.uleb128 0x3f
 687 00f3 19       		.uleb128 0x19
 688 00f4 3C       		.uleb128 0x3c
 689 00f5 19       		.uleb128 0x19
 690 00f6 6E       		.uleb128 0x6e
 691 00f7 0E       		.uleb128 0xe
 692 00f8 03       		.uleb128 0x3
 693 00f9 0E       		.uleb128 0xe
 694 00fa 3A       		.uleb128 0x3a
 695 00fb 0B       		.uleb128 0xb
 696 00fc 3B       		.uleb128 0x3b
 697 00fd 0B       		.uleb128 0xb
 698 00fe 00       		.byte	0
 699 00ff 00       		.byte	0
 700 0100 00       		.byte	0
 701              		.section	.debug_loc,"",%progbits
 702              	.Ldebug_loc0:
 703              	.LLST0:
 704 0000 00000000 		.4byte	.LVL3
 705 0004 06000000 		.4byte	.LVL4
 706 0008 0100     		.2byte	0x1
 707 000a 50       		.byte	0x50
 708 000b 06000000 		.4byte	.LVL4
 709 000f 14000000 		.4byte	.LFE66
 710 0013 0100     		.2byte	0x1
 711 0015 54       		.byte	0x54
 712 0016 00000000 		.4byte	0
 713 001a 00000000 		.4byte	0
 714              		.section	.debug_aranges,"",%progbits
ARM GAS  C:\Users\Dan\AppData\Local\Temp\cciV8Tre.s 			page 15


 715 0000 3C000000 		.4byte	0x3c
 716 0004 0200     		.2byte	0x2
 717 0006 00000000 		.4byte	.Ldebug_info0
 718 000a 04       		.byte	0x4
 719 000b 00       		.byte	0
 720 000c 0000     		.2byte	0
 721 000e 0000     		.2byte	0
 722 0010 00000000 		.4byte	.LFB63
 723 0014 10000000 		.4byte	.LFE63-.LFB63
 724 0018 00000000 		.4byte	.LFB64
 725 001c 30000000 		.4byte	.LFE64-.LFB64
 726 0020 00000000 		.4byte	.LFB65
 727 0024 08000000 		.4byte	.LFE65-.LFB65
 728 0028 00000000 		.4byte	.LFB66
 729 002c 14000000 		.4byte	.LFE66-.LFB66
 730 0030 00000000 		.4byte	.LFB67
 731 0034 08000000 		.4byte	.LFE67-.LFB67
 732 0038 00000000 		.4byte	0
 733 003c 00000000 		.4byte	0
 734              		.section	.debug_ranges,"",%progbits
 735              	.Ldebug_ranges0:
 736 0000 00000000 		.4byte	.LFB63
 737 0004 10000000 		.4byte	.LFE63
 738 0008 00000000 		.4byte	.LFB64
 739 000c 30000000 		.4byte	.LFE64
 740 0010 00000000 		.4byte	.LFB65
 741 0014 08000000 		.4byte	.LFE65
 742 0018 00000000 		.4byte	.LFB66
 743 001c 14000000 		.4byte	.LFE66
 744 0020 00000000 		.4byte	.LFB67
 745 0024 08000000 		.4byte	.LFE67
 746 0028 00000000 		.4byte	0
 747 002c 00000000 		.4byte	0
 748              		.section	.debug_line,"",%progbits
 749              	.Ldebug_line0:
 750 0000 C4010000 		.section	.debug_str,"MS",%progbits,1
 750      02006601 
 750      00000201 
 750      FB0E0D00 
 750      01010101 
 751              	.LASF24:
 752 0000 54585F48 		.ascii	"TX_HeadPtr\000"
 752      65616450 
 752      747200
 753              	.LASF37:
 754 000b 5345525F 		.ascii	"SER_CheckForRx\000"
 754      43686563 
 754      6B466F72 
 754      527800
 755              	.LASF31:
 756 001a 55415254 		.ascii	"UART_WriteTxData\000"
 756      5F577269 
 756      74655478 
 756      44617461 
 756      00
 757              	.LASF9:
 758 002b 5F5F696E 		.ascii	"__int32_t\000"
ARM GAS  C:\Users\Dan\AppData\Local\Temp\cciV8Tre.s 			page 16


 758      7433325F 
 758      7400
 759              	.LASF18:
 760 0035 54585F49 		.ascii	"TX_ISR\000"
 760      535200
 761              	.LASF19:
 762 003c 496E6974 		.ascii	"Init_Serial_IO\000"
 762      5F536572 
 762      69616C5F 
 762      494F00
 763              	.LASF26:
 764 004b 52585F48 		.ascii	"RX_HeadPtr\000"
 764      65616450 
 764      747200
 765              	.LASF12:
 766 0056 666C6F61 		.ascii	"float\000"
 766      7400
 767              	.LASF1:
 768 005c 756E7369 		.ascii	"unsigned char\000"
 768      676E6564 
 768      20636861 
 768      7200
 769              	.LASF33:
 770 006a 474E5520 		.ascii	"GNU C11 5.4.1 20160609 (release) [ARM/embedded-5-br"
 770      43313120 
 770      352E342E 
 770      31203230 
 770      31363036 
 771 009d 616E6368 		.ascii	"anch revision 237715] -mcpu=cortex-m3 -mthumb -g -O"
 771      20726576 
 771      6973696F 
 771      6E203233 
 771      37373135 
 772 00d0 67202D66 		.ascii	"g -ffunction-sections -ffat-lto-objects\000"
 772      66756E63 
 772      74696F6E 
 772      2D736563 
 772      74696F6E 
 773              	.LASF15:
 774 00f8 72656738 		.ascii	"reg8\000"
 774      00
 775              	.LASF5:
 776 00fd 6C6F6E67 		.ascii	"long unsigned int\000"
 776      20756E73 
 776      69676E65 
 776      6420696E 
 776      7400
 777              	.LASF23:
 778 010f 52585F42 		.ascii	"RX_BUFF\000"
 778      55464600 
 779              	.LASF3:
 780 0117 73686F72 		.ascii	"short unsigned int\000"
 780      7420756E 
 780      7369676E 
 780      65642069 
 780      6E7400
 781              	.LASF30:
ARM GAS  C:\Users\Dan\AppData\Local\Temp\cciV8Tre.s 			page 17


 782 012a 55415254 		.ascii	"UART_Start\000"
 782      5F537461 
 782      727400
 783              	.LASF21:
 784 0135 49544D5F 		.ascii	"ITM_RxBuffer\000"
 784      52784275 
 784      66666572 
 784      00
 785              	.LASF36:
 786 0142 52585F49 		.ascii	"RX_ISR\000"
 786      535200
 787              	.LASF13:
 788 0149 646F7562 		.ascii	"double\000"
 788      6C6500
 789              	.LASF35:
 790 0150 433A5C44 		.ascii	"C:\\Dan\\Eng Projects\\BP308\\TLAUX\\ARM Code\\TLAU"
 790      616E5C45 
 790      6E672050 
 790      726F6A65 
 790      6374735C 
 791 017d 585C544C 		.ascii	"X\\TLAUX_PSoC.cydsn\000"
 791      4155585F 
 791      50536F43 
 791      2E637964 
 791      736E00
 792              	.LASF22:
 793 0190 54585F42 		.ascii	"TX_BUFF\000"
 793      55464600 
 794              	.LASF8:
 795 0198 756E7369 		.ascii	"unsigned int\000"
 795      676E6564 
 795      20696E74 
 795      00
 796              	.LASF7:
 797 01a5 6C6F6E67 		.ascii	"long long unsigned int\000"
 797      206C6F6E 
 797      6720756E 
 797      7369676E 
 797      65642069 
 798              	.LASF10:
 799 01bc 696E7433 		.ascii	"int32_t\000"
 799      325F7400 
 800              	.LASF34:
 801 01c4 53657269 		.ascii	"Serial_IO.c\000"
 801      616C5F49 
 801      4F2E6300 
 802              	.LASF28:
 803 01d0 50696E5F 		.ascii	"Pin_1_Read\000"
 803      315F5265 
 803      616400
 804              	.LASF17:
 805 01db 73697A65 		.ascii	"sizetype\000"
 805      74797065 
 805      00
 806              	.LASF6:
 807 01e4 6C6F6E67 		.ascii	"long long int\000"
 807      206C6F6E 
ARM GAS  C:\Users\Dan\AppData\Local\Temp\cciV8Tre.s 			page 18


 807      6720696E 
 807      7400
 808              	.LASF27:
 809 01f2 52585F54 		.ascii	"RX_TailPtr\000"
 809      61696C50 
 809      747200
 810              	.LASF14:
 811 01fd 63686172 		.ascii	"char\000"
 811      00
 812              	.LASF25:
 813 0202 54585F54 		.ascii	"TX_TailPtr\000"
 813      61696C50 
 813      747200
 814              	.LASF2:
 815 020d 73686F72 		.ascii	"short int\000"
 815      7420696E 
 815      7400
 816              	.LASF11:
 817 0217 75696E74 		.ascii	"uint8\000"
 817      3800
 818              	.LASF32:
 819 021d 55415254 		.ascii	"UART_GetRxBufferSize\000"
 819      5F476574 
 819      52784275 
 819      66666572 
 819      53697A65 
 820              	.LASF4:
 821 0232 6C6F6E67 		.ascii	"long int\000"
 821      20696E74 
 821      00
 822              	.LASF16:
 823 023b 6C6F6E67 		.ascii	"long double\000"
 823      20646F75 
 823      626C6500 
 824              	.LASF0:
 825 0247 7369676E 		.ascii	"signed char\000"
 825      65642063 
 825      68617200 
 826              	.LASF29:
 827 0253 50696E5F 		.ascii	"Pin_1_Write\000"
 827      315F5772 
 827      69746500 
 828              	.LASF20:
 829 025f 5345525F 		.ascii	"SER_PutStr\000"
 829      50757453 
 829      747200
 830              		.ident	"GCC: (GNU Tools for ARM Embedded Processors) 5.4.1 20160609 (release) [ARM/embedded-5-bran
