--------------- Clean Started: 01/16/2020 17:47:54 Project: MPG_PSoC, Configuration: ARM GCC 5.4-2016-q2-update Debug ---------------
Deleting file ".\CortexM3\ARM_GCC_541\Debug\main.o"
Deleting file ".\CortexM3\ARM_GCC_541\Debug\CLI.o"
Deleting file ".\CortexM3\ARM_GCC_541\Debug\Cmds.o"
Deleting file ".\CortexM3\ARM_GCC_541\Debug\Processes.o"
Deleting file ".\CortexM3\ARM_GCC_541\Debug\State_Machine.o"
Deleting file ".\CortexM3\ARM_GCC_541\Debug\U_HW.o"
Deleting file ".\CortexM3\ARM_GCC_541\Debug\Serial.o"
Deleting file ".\CortexM3\ARM_GCC_541\Debug\SerCmds.o"
Deleting file ".\CortexM3\ARM_GCC_541\Debug\Serial_IO.o"
Deleting file ".\CortexM3\ARM_GCC_541\Debug\MPGCmds.o"
Deleting file ".\CortexM3\ARM_GCC_541\Debug\cyfitter_cfg.o"
Deleting file ".\CortexM3\ARM_GCC_541\Debug\cymetadata.o"
Deleting file ".\CortexM3\ARM_GCC_541\Debug\Cm3Start.o"
Deleting file ".\CortexM3\ARM_GCC_541\Debug\CyBootAsmGnu.o"
Deleting file ".\CortexM3\ARM_GCC_541\Debug\CyDmac.o"
Deleting file ".\CortexM3\ARM_GCC_541\Debug\CyFlash.o"
Deleting file ".\CortexM3\ARM_GCC_541\Debug\CyLib.o"
Deleting file ".\CortexM3\ARM_GCC_541\Debug\cyPm.o"
Deleting file ".\CortexM3\ARM_GCC_541\Debug\CySpc.o"
Deleting file ".\CortexM3\ARM_GCC_541\Debug\cyutils.o"
Deleting file ".\CortexM3\ARM_GCC_541\Debug\cy_em_eeprom.o"
Deleting file ".\CortexM3\ARM_GCC_541\Debug\USBUART.o"
Deleting file ".\CortexM3\ARM_GCC_541\Debug\USBUART_audio.o"
Deleting file ".\CortexM3\ARM_GCC_541\Debug\USBUART_boot.o"
Deleting file ".\CortexM3\ARM_GCC_541\Debug\USBUART_cdc.o"
Deleting file ".\CortexM3\ARM_GCC_541\Debug\USBUART_cls.o"
Deleting file ".\CortexM3\ARM_GCC_541\Debug\USBUART_descr.o"
Deleting file ".\CortexM3\ARM_GCC_541\Debug\USBUART_drv.o"
Deleting file ".\CortexM3\ARM_GCC_541\Debug\USBUART_episr.o"
Deleting file ".\CortexM3\ARM_GCC_541\Debug\USBUART_hid.o"
Deleting file ".\CortexM3\ARM_GCC_541\Debug\USBUART_pm.o"
Deleting file ".\CortexM3\ARM_GCC_541\Debug\USBUART_std.o"
Deleting file ".\CortexM3\ARM_GCC_541\Debug\USBUART_vnd.o"
Deleting file ".\CortexM3\ARM_GCC_541\Debug\USBUART_midi.o"
Deleting file ".\CortexM3\ARM_GCC_541\Debug\USBUART_msc.o"
Deleting file ".\CortexM3\ARM_GCC_541\Debug\USBUART_Dm.o"
Deleting file ".\CortexM3\ARM_GCC_541\Debug\USBUART_Dp.o"
Deleting file ".\CortexM3\ARM_GCC_541\Debug\TX_EN.o"
Deleting file ".\CortexM3\ARM_GCC_541\Debug\Pin_LED.o"
Deleting file ".\CortexM3\ARM_GCC_541\Debug\Pin_ESTOP.o"
Deleting file ".\CortexM3\ARM_GCC_541\Debug\UART.o"
Deleting file ".\CortexM3\ARM_GCC_541\Debug\UART_PM.o"
Deleting file ".\CortexM3\ARM_GCC_541\Debug\UART_INT.o"
Deleting file ".\CortexM3\ARM_GCC_541\Debug\UART_BOOT.o"
Deleting file ".\CortexM3\ARM_GCC_541\Debug\UART_IntClock.o"
Deleting file ".\CortexM3\ARM_GCC_541\Debug\cybootloader.o"
Deleting file ".\CortexM3\ARM_GCC_541\Debug\Bootloadable.o"
Deleting file ".\CortexM3\ARM_GCC_541\Debug\Pin_TP5.o"
Deleting file ".\CortexM3\ARM_GCC_541\Debug\Pin_X.o"
Deleting file ".\CortexM3\ARM_GCC_541\Debug\Pin_Y.o"
Deleting file ".\CortexM3\ARM_GCC_541\Debug\Pin_TP7.o"
Deleting file ".\CortexM3\ARM_GCC_541\Debug\Pin_TP4.o"
Deleting file ".\CortexM3\ARM_GCC_541\Debug\Pin_TP3.o"
Deleting file ".\CortexM3\ARM_GCC_541\Debug\Pin_Z.o"
Deleting file ".\CortexM3\ARM_GCC_541\Debug\Pin_A.o"
Deleting file ".\CortexM3\ARM_GCC_541\Debug\Pin_X1.o"
Deleting file ".\CortexM3\ARM_GCC_541\Debug\Pin_X10.o"
Deleting file ".\CortexM3\ARM_GCC_541\Debug\Pin_X100.o"
Deleting file ".\CortexM3\ARM_GCC_541\Debug\Pin_MPG_Ap.o"
Deleting file ".\CortexM3\ARM_GCC_541\Debug\Pin_MPG_Bn.o"
Deleting file ".\CortexM3\ARM_GCC_541\Debug\Pin_MPG_Bp.o"
Deleting file ".\CortexM3\ARM_GCC_541\Debug\Pin_MPG_An.o"
Deleting file ".\CortexM3\ARM_GCC_541\Debug\Pin_TP6.o"
Deleting file ".\CortexM3\ARM_GCC_541\Debug\Pin_EN_SW.o"
Deleting file ".\CortexM3\ARM_GCC_541\Debug\Pin_LocMPG_B.o"
Deleting file ".\CortexM3\ARM_GCC_541\Debug\Pin_LocMPG_A.o"
Deleting file ".\CortexM3\ARM_GCC_541\Debug\Pin_RemMPG_Bp.o"
Deleting file ".\CortexM3\ARM_GCC_541\Debug\Pin_RemMPG_Ap.o"
Deleting file ".\CortexM3\ARM_GCC_541\Debug\Control_Reg_MPG.o"
Deleting file ".\CortexM3\ARM_GCC_541\Debug\Control_Reg_MPG_PM.o"
Deleting file ".\CortexM3\ARM_GCC_541\Debug\Clock_1.o"
Deleting file ".\CortexM3\ARM_GCC_541\Debug\isr_Rem_Inc.o"
Deleting file ".\CortexM3\ARM_GCC_541\Debug\isr_Rem_Dec.o"
Deleting file ".\CortexM3\ARM_GCC_541\Debug\isr_Loc_Inc.o"
Deleting file ".\CortexM3\ARM_GCC_541\Debug\isr_Loc_Dec.o"
Deleting file ".\CortexM3\ARM_GCC_541\Debug\MPG_PSoC.map"
Deleting file ".\MPG_PSoC.cycdx"
Deleting file ".\MPG_PSoC.svd"
Deleting file ".\MPG_PSoC.rpt"
Deleting file ".\MPG_PSoC_timing.html"
Deleting file ".\CortexM3\ARM_GCC_541\Debug\.deps\SOURCE_C__ARM_GCC_GENERIC.P"
Deleting file ".\CortexM3\ARM_GCC_541\Debug\.deps\SOURCE_ASM__ARM_GCC_GENERIC.P"
--------------- Clean Succeeded: 01/16/2020 17:47:54 ---------------
