ARM GAS  C:\Users\Dan\AppData\Local\Temp\cctpNSVO.s 			page 1


   1              		.syntax unified
   2              		.cpu cortex-m3
   3              		.fpu softvfp
   4              		.eabi_attribute 20, 1
   5              		.eabi_attribute 21, 1
   6              		.eabi_attribute 23, 3
   7              		.eabi_attribute 24, 1
   8              		.eabi_attribute 25, 1
   9              		.eabi_attribute 26, 1
  10              		.eabi_attribute 30, 1
  11              		.eabi_attribute 34, 1
  12              		.eabi_attribute 18, 4
  13              		.thumb
  14              		.syntax unified
  15              		.file	"main.c"
  16              		.text
  17              	.Ltext0:
  18              		.cfi_sections	.debug_frame
  19              		.section	.text.Blink_Isr,"ax",%progbits
  20              		.align	2
  21              		.global	Blink_Isr
  22              		.thumb
  23              		.thumb_func
  24              		.type	Blink_Isr, %function
  25              	Blink_Isr:
  26              	.LFB63:
  27              		.file 1 "main.c"
   1:main.c        **** /* ========================================
   2:main.c        ****  *
   3:main.c        ****  * Copyright YOUR COMPANY, THE YEAR
   4:main.c        ****  * All Rights Reserved
   5:main.c        ****  * UNPUBLISHED, LICENSED SOFTWARE.
   6:main.c        ****  *
   7:main.c        ****  * CONFIDENTIAL AND PROPRIETARY INFORMATION
   8:main.c        ****  * WHICH IS THE PROPERTY OF your company.
   9:main.c        ****  *
  10:main.c        ****  * ========================================
  11:main.c        **** */
  12:main.c        **** #include "project.h"
  13:main.c        **** 
  14:main.c        **** #define USBFS_DEVICE 0
  15:main.c        **** 
  16:main.c        **** CY_ISR(Blink_Isr)
  17:main.c        **** {
  28              		.loc 1 17 0
  29              		.cfi_startproc
  30              		@ args = 0, pretend = 0, frame = 0
  31              		@ frame_needed = 0, uses_anonymous_args = 0
  32 0000 08B5     		push	{r3, lr}
  33              		.cfi_def_cfa_offset 8
  34              		.cfi_offset 3, -8
  35              		.cfi_offset 14, -4
  18:main.c        ****     Timer_1_ReadStatusRegister();   // clear the interrupt
  36              		.loc 1 18 0
  37 0002 FFF7FEFF 		bl	Timer_1_ReadStatusRegister
  38              	.LVL0:
  19:main.c        ****     Pin_LED_Write(~(Pin_LED_Read()));    // toggle the LED
ARM GAS  C:\Users\Dan\AppData\Local\Temp\cctpNSVO.s 			page 2


  39              		.loc 1 19 0
  40 0006 FFF7FEFF 		bl	Pin_LED_Read
  41              	.LVL1:
  42 000a C043     		mvns	r0, r0
  43 000c C0B2     		uxtb	r0, r0
  44 000e FFF7FEFF 		bl	Pin_LED_Write
  45              	.LVL2:
  46 0012 08BD     		pop	{r3, pc}
  47              		.cfi_endproc
  48              	.LFE63:
  49              		.size	Blink_Isr, .-Blink_Isr
  50              		.section	.text.main,"ax",%progbits
  51              		.align	2
  52              		.global	main
  53              		.thumb
  54              		.thumb_func
  55              		.type	main, %function
  56              	main:
  57              	.LFB64:
  20:main.c        **** }
  21:main.c        **** 
  22:main.c        **** int main(void)
  23:main.c        **** {
  58              		.loc 1 23 0
  59              		.cfi_startproc
  60              		@ Volatile: function does not return.
  61              		@ args = 0, pretend = 0, frame = 0
  62              		@ frame_needed = 0, uses_anonymous_args = 0
  63 0000 08B5     		push	{r3, lr}
  64              		.cfi_def_cfa_offset 8
  65              		.cfi_offset 3, -8
  66              		.cfi_offset 14, -4
  24:main.c        ****     CyGlobalIntEnable; /* Enable global interrupts. */
  67              		.loc 1 24 0
  68              		.syntax unified
  69              	@ 24 "main.c" 1
  70 0002 62B6     		CPSIE   i
  71              	@ 0 "" 2
  25:main.c        ****     isr_Blink_StartEx(Blink_Isr);
  72              		.loc 1 25 0
  73              		.thumb
  74              		.syntax unified
  75 0004 0748     		ldr	r0, .L6
  76 0006 FFF7FEFF 		bl	isr_Blink_StartEx
  77              	.LVL3:
  26:main.c        ****     Timer_1_Start();    // start the timer
  78              		.loc 1 26 0
  79 000a FFF7FEFF 		bl	Timer_1_Start
  80              	.LVL4:
  27:main.c        ****     
  28:main.c        ****     USBFS_Start(USBFS_DEVICE, USBFS_5V_OPERATION);
  81              		.loc 1 28 0
  82 000e 0121     		movs	r1, #1
  83 0010 0020     		movs	r0, #0
  84 0012 FFF7FEFF 		bl	USBFS_Start
  85              	.LVL5:
  29:main.c        **** 
ARM GAS  C:\Users\Dan\AppData\Local\Temp\cctpNSVO.s 			page 3


  30:main.c        ****     /* Place your initialization/startup code here (e.g. MyInst_Start()) */
  31:main.c        ****     // set all the port bits low
  32:main.c        ****     Pins_Port3_DR = 0;  
  86              		.loc 1 32 0
  87 0016 0022     		movs	r2, #0
  88 0018 034B     		ldr	r3, .L6+4
  89 001a 1A70     		strb	r2, [r3]
  33:main.c        ****     Bootloader_Start();
  90              		.loc 1 33 0
  91 001c FFF7FEFF 		bl	Bootloader_Start
  92              	.LVL6:
  93              	.L4:
  94 0020 FEE7     		b	.L4
  95              	.L7:
  96 0022 00BF     		.align	2
  97              	.L6:
  98 0024 00000000 		.word	Blink_Isr
  99 0028 30510040 		.word	1073762608
 100              		.cfi_endproc
 101              	.LFE64:
 102              		.size	main, .-main
 103              		.text
 104              	.Letext0:
 105              		.file 2 "c:\\program files (x86)\\cypress\\psoc creator\\4.2\\psoc creator\\import\\gnu\\arm\\5.4.
 106              		.file 3 "c:\\program files (x86)\\cypress\\psoc creator\\4.2\\psoc creator\\import\\gnu\\arm\\5.4.
 107              		.file 4 "Generated_Source\\PSoC5/cytypes.h"
 108              		.file 5 "Generated_Source\\PSoC5/Timer_1.h"
 109              		.file 6 "Generated_Source\\PSoC5/Pin_LED.h"
 110              		.file 7 "Generated_Source\\PSoC5/isr_Blink.h"
 111              		.file 8 "Generated_Source\\PSoC5/USBFS.h"
 112              		.file 9 "Generated_Source\\PSoC5/Bootloader.h"
 113              		.file 10 "Generated_Source\\PSoC5/core_cm3.h"
 114              		.section	.debug_info,"",%progbits
 115              	.Ldebug_info0:
 116 0000 A9010000 		.4byte	0x1a9
 117 0004 0400     		.2byte	0x4
 118 0006 00000000 		.4byte	.Ldebug_abbrev0
 119 000a 04       		.byte	0x4
 120 000b 01       		.uleb128 0x1
 121 000c 7C000000 		.4byte	.LASF25
 122 0010 0C       		.byte	0xc
 123 0011 C6010000 		.4byte	.LASF26
 124 0015 0E000000 		.4byte	.LASF27
 125 0019 00000000 		.4byte	.Ldebug_ranges0+0
 126 001d 00000000 		.4byte	0
 127 0021 00000000 		.4byte	.Ldebug_line0
 128 0025 02       		.uleb128 0x2
 129 0026 01       		.byte	0x1
 130 0027 06       		.byte	0x6
 131 0028 14020000 		.4byte	.LASF0
 132 002c 02       		.uleb128 0x2
 133 002d 01       		.byte	0x1
 134 002e 08       		.byte	0x8
 135 002f 6E000000 		.4byte	.LASF1
 136 0033 02       		.uleb128 0x2
 137 0034 02       		.byte	0x2
 138 0035 05       		.byte	0x5
ARM GAS  C:\Users\Dan\AppData\Local\Temp\cctpNSVO.s 			page 4


 139 0036 48010000 		.4byte	.LASF2
 140 003a 02       		.uleb128 0x2
 141 003b 02       		.byte	0x2
 142 003c 07       		.byte	0x7
 143 003d 21010000 		.4byte	.LASF3
 144 0041 03       		.uleb128 0x3
 145 0042 54000000 		.4byte	.LASF9
 146 0046 02       		.byte	0x2
 147 0047 3F       		.byte	0x3f
 148 0048 4C000000 		.4byte	0x4c
 149 004c 02       		.uleb128 0x2
 150 004d 04       		.byte	0x4
 151 004e 05       		.byte	0x5
 152 004f FF010000 		.4byte	.LASF4
 153 0053 02       		.uleb128 0x2
 154 0054 04       		.byte	0x4
 155 0055 07       		.byte	0x7
 156 0056 0F010000 		.4byte	.LASF5
 157 005a 02       		.uleb128 0x2
 158 005b 08       		.byte	0x8
 159 005c 05       		.byte	0x5
 160 005d B8010000 		.4byte	.LASF6
 161 0061 02       		.uleb128 0x2
 162 0062 08       		.byte	0x8
 163 0063 07       		.byte	0x7
 164 0064 72010000 		.4byte	.LASF7
 165 0068 04       		.uleb128 0x4
 166 0069 04       		.byte	0x4
 167 006a 05       		.byte	0x5
 168 006b 696E7400 		.ascii	"int\000"
 169 006f 02       		.uleb128 0x2
 170 0070 04       		.byte	0x4
 171 0071 07       		.byte	0x7
 172 0072 57010000 		.4byte	.LASF8
 173 0076 03       		.uleb128 0x3
 174 0077 96010000 		.4byte	.LASF10
 175 007b 03       		.byte	0x3
 176 007c 2C       		.byte	0x2c
 177 007d 41000000 		.4byte	0x41
 178 0081 05       		.uleb128 0x5
 179 0082 DE010000 		.4byte	.LASF11
 180 0086 04       		.byte	0x4
 181 0087 E401     		.2byte	0x1e4
 182 0089 2C000000 		.4byte	0x2c
 183 008d 02       		.uleb128 0x2
 184 008e 04       		.byte	0x4
 185 008f 04       		.byte	0x4
 186 0090 68000000 		.4byte	.LASF12
 187 0094 02       		.uleb128 0x2
 188 0095 08       		.byte	0x8
 189 0096 04       		.byte	0x4
 190 0097 41010000 		.4byte	.LASF13
 191 009b 02       		.uleb128 0x2
 192 009c 01       		.byte	0x1
 193 009d 08       		.byte	0x8
 194 009e CD010000 		.4byte	.LASF14
 195 00a2 05       		.uleb128 0x5
ARM GAS  C:\Users\Dan\AppData\Local\Temp\cctpNSVO.s 			page 5


 196 00a3 0A010000 		.4byte	.LASF15
 197 00a7 04       		.byte	0x4
 198 00a8 8E02     		.2byte	0x28e
 199 00aa AE000000 		.4byte	0xae
 200 00ae 06       		.uleb128 0x6
 201 00af 81000000 		.4byte	0x81
 202 00b3 02       		.uleb128 0x2
 203 00b4 08       		.byte	0x8
 204 00b5 04       		.byte	0x4
 205 00b6 08020000 		.4byte	.LASF16
 206 00ba 02       		.uleb128 0x2
 207 00bb 04       		.byte	0x4
 208 00bc 07       		.byte	0x7
 209 00bd AF010000 		.4byte	.LASF17
 210 00c1 07       		.uleb128 0x7
 211 00c2 5E000000 		.4byte	.LASF28
 212 00c6 01       		.byte	0x1
 213 00c7 10       		.byte	0x10
 214 00c8 00000000 		.4byte	.LFB63
 215 00cc 14000000 		.4byte	.LFE63-.LFB63
 216 00d0 01       		.uleb128 0x1
 217 00d1 9C       		.byte	0x9c
 218 00d2 F2000000 		.4byte	0xf2
 219 00d6 08       		.uleb128 0x8
 220 00d7 06000000 		.4byte	.LVL0
 221 00db 5E010000 		.4byte	0x15e
 222 00df 08       		.uleb128 0x8
 223 00e0 0A000000 		.4byte	.LVL1
 224 00e4 69010000 		.4byte	0x169
 225 00e8 08       		.uleb128 0x8
 226 00e9 12000000 		.4byte	.LVL2
 227 00ed 74010000 		.4byte	0x174
 228 00f1 00       		.byte	0
 229 00f2 09       		.uleb128 0x9
 230 00f3 52010000 		.4byte	.LASF29
 231 00f7 01       		.byte	0x1
 232 00f8 16       		.byte	0x16
 233 00f9 68000000 		.4byte	0x68
 234 00fd 00000000 		.4byte	.LFB64
 235 0101 2C000000 		.4byte	.LFE64-.LFB64
 236 0105 01       		.uleb128 0x1
 237 0106 9C       		.byte	0x9c
 238 0107 4D010000 		.4byte	0x14d
 239 010b 0A       		.uleb128 0xa
 240 010c 0A000000 		.4byte	.LVL3
 241 0110 7F010000 		.4byte	0x17f
 242 0114 22010000 		.4byte	0x122
 243 0118 0B       		.uleb128 0xb
 244 0119 01       		.uleb128 0x1
 245 011a 50       		.byte	0x50
 246 011b 05       		.uleb128 0x5
 247 011c 03       		.byte	0x3
 248 011d 00000000 		.4byte	Blink_Isr
 249 0121 00       		.byte	0
 250 0122 08       		.uleb128 0x8
 251 0123 0E000000 		.4byte	.LVL4
 252 0127 8A010000 		.4byte	0x18a
ARM GAS  C:\Users\Dan\AppData\Local\Temp\cctpNSVO.s 			page 6


 253 012b 0A       		.uleb128 0xa
 254 012c 16000000 		.4byte	.LVL5
 255 0130 95010000 		.4byte	0x195
 256 0134 43010000 		.4byte	0x143
 257 0138 0B       		.uleb128 0xb
 258 0139 01       		.uleb128 0x1
 259 013a 50       		.byte	0x50
 260 013b 01       		.uleb128 0x1
 261 013c 30       		.byte	0x30
 262 013d 0B       		.uleb128 0xb
 263 013e 01       		.uleb128 0x1
 264 013f 51       		.byte	0x51
 265 0140 01       		.uleb128 0x1
 266 0141 31       		.byte	0x31
 267 0142 00       		.byte	0
 268 0143 08       		.uleb128 0x8
 269 0144 20000000 		.4byte	.LVL6
 270 0148 A1010000 		.4byte	0x1a1
 271 014c 00       		.byte	0
 272 014d 0C       		.uleb128 0xc
 273 014e 34010000 		.4byte	.LASF30
 274 0152 0A       		.byte	0xa
 275 0153 1207     		.2byte	0x712
 276 0155 59010000 		.4byte	0x159
 277 0159 06       		.uleb128 0x6
 278 015a 76000000 		.4byte	0x76
 279 015e 0D       		.uleb128 0xd
 280 015f E4010000 		.4byte	.LASF18
 281 0163 E4010000 		.4byte	.LASF18
 282 0167 05       		.byte	0x5
 283 0168 5E       		.byte	0x5e
 284 0169 0D       		.uleb128 0xd
 285 016a 89010000 		.4byte	.LASF19
 286 016e 89010000 		.4byte	.LASF19
 287 0172 06       		.byte	0x6
 288 0173 29       		.byte	0x29
 289 0174 0D       		.uleb128 0xd
 290 0175 64010000 		.4byte	.LASF20
 291 0179 64010000 		.4byte	.LASF20
 292 017d 06       		.byte	0x6
 293 017e 26       		.byte	0x26
 294 017f 0D       		.uleb128 0xd
 295 0180 20020000 		.4byte	.LASF21
 296 0184 20020000 		.4byte	.LASF21
 297 0188 07       		.byte	0x7
 298 0189 18       		.byte	0x18
 299 018a 0D       		.uleb128 0xd
 300 018b 00000000 		.4byte	.LASF22
 301 018f 00000000 		.4byte	.LASF22
 302 0193 05       		.byte	0x5
 303 0194 5A       		.byte	0x5a
 304 0195 0E       		.uleb128 0xe
 305 0196 D2010000 		.4byte	.LASF23
 306 019a D2010000 		.4byte	.LASF23
 307 019e 08       		.byte	0x8
 308 019f 3001     		.2byte	0x130
 309 01a1 0D       		.uleb128 0xd
ARM GAS  C:\Users\Dan\AppData\Local\Temp\cctpNSVO.s 			page 7


 310 01a2 9E010000 		.4byte	.LASF24
 311 01a6 9E010000 		.4byte	.LASF24
 312 01aa 09       		.byte	0x9
 313 01ab E6       		.byte	0xe6
 314 01ac 00       		.byte	0
 315              		.section	.debug_abbrev,"",%progbits
 316              	.Ldebug_abbrev0:
 317 0000 01       		.uleb128 0x1
 318 0001 11       		.uleb128 0x11
 319 0002 01       		.byte	0x1
 320 0003 25       		.uleb128 0x25
 321 0004 0E       		.uleb128 0xe
 322 0005 13       		.uleb128 0x13
 323 0006 0B       		.uleb128 0xb
 324 0007 03       		.uleb128 0x3
 325 0008 0E       		.uleb128 0xe
 326 0009 1B       		.uleb128 0x1b
 327 000a 0E       		.uleb128 0xe
 328 000b 55       		.uleb128 0x55
 329 000c 17       		.uleb128 0x17
 330 000d 11       		.uleb128 0x11
 331 000e 01       		.uleb128 0x1
 332 000f 10       		.uleb128 0x10
 333 0010 17       		.uleb128 0x17
 334 0011 00       		.byte	0
 335 0012 00       		.byte	0
 336 0013 02       		.uleb128 0x2
 337 0014 24       		.uleb128 0x24
 338 0015 00       		.byte	0
 339 0016 0B       		.uleb128 0xb
 340 0017 0B       		.uleb128 0xb
 341 0018 3E       		.uleb128 0x3e
 342 0019 0B       		.uleb128 0xb
 343 001a 03       		.uleb128 0x3
 344 001b 0E       		.uleb128 0xe
 345 001c 00       		.byte	0
 346 001d 00       		.byte	0
 347 001e 03       		.uleb128 0x3
 348 001f 16       		.uleb128 0x16
 349 0020 00       		.byte	0
 350 0021 03       		.uleb128 0x3
 351 0022 0E       		.uleb128 0xe
 352 0023 3A       		.uleb128 0x3a
 353 0024 0B       		.uleb128 0xb
 354 0025 3B       		.uleb128 0x3b
 355 0026 0B       		.uleb128 0xb
 356 0027 49       		.uleb128 0x49
 357 0028 13       		.uleb128 0x13
 358 0029 00       		.byte	0
 359 002a 00       		.byte	0
 360 002b 04       		.uleb128 0x4
 361 002c 24       		.uleb128 0x24
 362 002d 00       		.byte	0
 363 002e 0B       		.uleb128 0xb
 364 002f 0B       		.uleb128 0xb
 365 0030 3E       		.uleb128 0x3e
 366 0031 0B       		.uleb128 0xb
ARM GAS  C:\Users\Dan\AppData\Local\Temp\cctpNSVO.s 			page 8


 367 0032 03       		.uleb128 0x3
 368 0033 08       		.uleb128 0x8
 369 0034 00       		.byte	0
 370 0035 00       		.byte	0
 371 0036 05       		.uleb128 0x5
 372 0037 16       		.uleb128 0x16
 373 0038 00       		.byte	0
 374 0039 03       		.uleb128 0x3
 375 003a 0E       		.uleb128 0xe
 376 003b 3A       		.uleb128 0x3a
 377 003c 0B       		.uleb128 0xb
 378 003d 3B       		.uleb128 0x3b
 379 003e 05       		.uleb128 0x5
 380 003f 49       		.uleb128 0x49
 381 0040 13       		.uleb128 0x13
 382 0041 00       		.byte	0
 383 0042 00       		.byte	0
 384 0043 06       		.uleb128 0x6
 385 0044 35       		.uleb128 0x35
 386 0045 00       		.byte	0
 387 0046 49       		.uleb128 0x49
 388 0047 13       		.uleb128 0x13
 389 0048 00       		.byte	0
 390 0049 00       		.byte	0
 391 004a 07       		.uleb128 0x7
 392 004b 2E       		.uleb128 0x2e
 393 004c 01       		.byte	0x1
 394 004d 3F       		.uleb128 0x3f
 395 004e 19       		.uleb128 0x19
 396 004f 03       		.uleb128 0x3
 397 0050 0E       		.uleb128 0xe
 398 0051 3A       		.uleb128 0x3a
 399 0052 0B       		.uleb128 0xb
 400 0053 3B       		.uleb128 0x3b
 401 0054 0B       		.uleb128 0xb
 402 0055 27       		.uleb128 0x27
 403 0056 19       		.uleb128 0x19
 404 0057 11       		.uleb128 0x11
 405 0058 01       		.uleb128 0x1
 406 0059 12       		.uleb128 0x12
 407 005a 06       		.uleb128 0x6
 408 005b 40       		.uleb128 0x40
 409 005c 18       		.uleb128 0x18
 410 005d 9742     		.uleb128 0x2117
 411 005f 19       		.uleb128 0x19
 412 0060 01       		.uleb128 0x1
 413 0061 13       		.uleb128 0x13
 414 0062 00       		.byte	0
 415 0063 00       		.byte	0
 416 0064 08       		.uleb128 0x8
 417 0065 898201   		.uleb128 0x4109
 418 0068 00       		.byte	0
 419 0069 11       		.uleb128 0x11
 420 006a 01       		.uleb128 0x1
 421 006b 31       		.uleb128 0x31
 422 006c 13       		.uleb128 0x13
 423 006d 00       		.byte	0
ARM GAS  C:\Users\Dan\AppData\Local\Temp\cctpNSVO.s 			page 9


 424 006e 00       		.byte	0
 425 006f 09       		.uleb128 0x9
 426 0070 2E       		.uleb128 0x2e
 427 0071 01       		.byte	0x1
 428 0072 3F       		.uleb128 0x3f
 429 0073 19       		.uleb128 0x19
 430 0074 03       		.uleb128 0x3
 431 0075 0E       		.uleb128 0xe
 432 0076 3A       		.uleb128 0x3a
 433 0077 0B       		.uleb128 0xb
 434 0078 3B       		.uleb128 0x3b
 435 0079 0B       		.uleb128 0xb
 436 007a 27       		.uleb128 0x27
 437 007b 19       		.uleb128 0x19
 438 007c 49       		.uleb128 0x49
 439 007d 13       		.uleb128 0x13
 440 007e 8701     		.uleb128 0x87
 441 0080 19       		.uleb128 0x19
 442 0081 11       		.uleb128 0x11
 443 0082 01       		.uleb128 0x1
 444 0083 12       		.uleb128 0x12
 445 0084 06       		.uleb128 0x6
 446 0085 40       		.uleb128 0x40
 447 0086 18       		.uleb128 0x18
 448 0087 9742     		.uleb128 0x2117
 449 0089 19       		.uleb128 0x19
 450 008a 01       		.uleb128 0x1
 451 008b 13       		.uleb128 0x13
 452 008c 00       		.byte	0
 453 008d 00       		.byte	0
 454 008e 0A       		.uleb128 0xa
 455 008f 898201   		.uleb128 0x4109
 456 0092 01       		.byte	0x1
 457 0093 11       		.uleb128 0x11
 458 0094 01       		.uleb128 0x1
 459 0095 31       		.uleb128 0x31
 460 0096 13       		.uleb128 0x13
 461 0097 01       		.uleb128 0x1
 462 0098 13       		.uleb128 0x13
 463 0099 00       		.byte	0
 464 009a 00       		.byte	0
 465 009b 0B       		.uleb128 0xb
 466 009c 8A8201   		.uleb128 0x410a
 467 009f 00       		.byte	0
 468 00a0 02       		.uleb128 0x2
 469 00a1 18       		.uleb128 0x18
 470 00a2 9142     		.uleb128 0x2111
 471 00a4 18       		.uleb128 0x18
 472 00a5 00       		.byte	0
 473 00a6 00       		.byte	0
 474 00a7 0C       		.uleb128 0xc
 475 00a8 34       		.uleb128 0x34
 476 00a9 00       		.byte	0
 477 00aa 03       		.uleb128 0x3
 478 00ab 0E       		.uleb128 0xe
 479 00ac 3A       		.uleb128 0x3a
 480 00ad 0B       		.uleb128 0xb
ARM GAS  C:\Users\Dan\AppData\Local\Temp\cctpNSVO.s 			page 10


 481 00ae 3B       		.uleb128 0x3b
 482 00af 05       		.uleb128 0x5
 483 00b0 49       		.uleb128 0x49
 484 00b1 13       		.uleb128 0x13
 485 00b2 3F       		.uleb128 0x3f
 486 00b3 19       		.uleb128 0x19
 487 00b4 3C       		.uleb128 0x3c
 488 00b5 19       		.uleb128 0x19
 489 00b6 00       		.byte	0
 490 00b7 00       		.byte	0
 491 00b8 0D       		.uleb128 0xd
 492 00b9 2E       		.uleb128 0x2e
 493 00ba 00       		.byte	0
 494 00bb 3F       		.uleb128 0x3f
 495 00bc 19       		.uleb128 0x19
 496 00bd 3C       		.uleb128 0x3c
 497 00be 19       		.uleb128 0x19
 498 00bf 6E       		.uleb128 0x6e
 499 00c0 0E       		.uleb128 0xe
 500 00c1 03       		.uleb128 0x3
 501 00c2 0E       		.uleb128 0xe
 502 00c3 3A       		.uleb128 0x3a
 503 00c4 0B       		.uleb128 0xb
 504 00c5 3B       		.uleb128 0x3b
 505 00c6 0B       		.uleb128 0xb
 506 00c7 00       		.byte	0
 507 00c8 00       		.byte	0
 508 00c9 0E       		.uleb128 0xe
 509 00ca 2E       		.uleb128 0x2e
 510 00cb 00       		.byte	0
 511 00cc 3F       		.uleb128 0x3f
 512 00cd 19       		.uleb128 0x19
 513 00ce 3C       		.uleb128 0x3c
 514 00cf 19       		.uleb128 0x19
 515 00d0 6E       		.uleb128 0x6e
 516 00d1 0E       		.uleb128 0xe
 517 00d2 03       		.uleb128 0x3
 518 00d3 0E       		.uleb128 0xe
 519 00d4 3A       		.uleb128 0x3a
 520 00d5 0B       		.uleb128 0xb
 521 00d6 3B       		.uleb128 0x3b
 522 00d7 05       		.uleb128 0x5
 523 00d8 00       		.byte	0
 524 00d9 00       		.byte	0
 525 00da 00       		.byte	0
 526              		.section	.debug_aranges,"",%progbits
 527 0000 24000000 		.4byte	0x24
 528 0004 0200     		.2byte	0x2
 529 0006 00000000 		.4byte	.Ldebug_info0
 530 000a 04       		.byte	0x4
 531 000b 00       		.byte	0
 532 000c 0000     		.2byte	0
 533 000e 0000     		.2byte	0
 534 0010 00000000 		.4byte	.LFB63
 535 0014 14000000 		.4byte	.LFE63-.LFB63
 536 0018 00000000 		.4byte	.LFB64
 537 001c 2C000000 		.4byte	.LFE64-.LFB64
ARM GAS  C:\Users\Dan\AppData\Local\Temp\cctpNSVO.s 			page 11


 538 0020 00000000 		.4byte	0
 539 0024 00000000 		.4byte	0
 540              		.section	.debug_ranges,"",%progbits
 541              	.Ldebug_ranges0:
 542 0000 00000000 		.4byte	.LFB63
 543 0004 14000000 		.4byte	.LFE63
 544 0008 00000000 		.4byte	.LFB64
 545 000c 2C000000 		.4byte	.LFE64
 546 0010 00000000 		.4byte	0
 547 0014 00000000 		.4byte	0
 548              		.section	.debug_line,"",%progbits
 549              	.Ldebug_line0:
 550 0000 BC010000 		.section	.debug_str,"MS",%progbits,1
 550      02009001 
 550      00000201 
 550      FB0E0D00 
 550      01010101 
 551              	.LASF22:
 552 0000 54696D65 		.ascii	"Timer_1_Start\000"
 552      725F315F 
 552      53746172 
 552      7400
 553              	.LASF27:
 554 000e 433A5C44 		.ascii	"C:\\Dan\\Eng Projects\\BP308\\TLAUX\\ARM Code\\TLAU"
 554      616E5C45 
 554      6E672050 
 554      726F6A65 
 554      6374735C 
 555 003b 585C544C 		.ascii	"X\\TLAUX_Bootloader.cydsn\000"
 555      4155585F 
 555      426F6F74 
 555      6C6F6164 
 555      65722E63 
 556              	.LASF9:
 557 0054 5F5F696E 		.ascii	"__int32_t\000"
 557      7433325F 
 557      7400
 558              	.LASF28:
 559 005e 426C696E 		.ascii	"Blink_Isr\000"
 559      6B5F4973 
 559      7200
 560              	.LASF12:
 561 0068 666C6F61 		.ascii	"float\000"
 561      7400
 562              	.LASF1:
 563 006e 756E7369 		.ascii	"unsigned char\000"
 563      676E6564 
 563      20636861 
 563      7200
 564              	.LASF25:
 565 007c 474E5520 		.ascii	"GNU C11 5.4.1 20160609 (release) [ARM/embedded-5-br"
 565      43313120 
 565      352E342E 
 565      31203230 
 565      31363036 
 566 00af 616E6368 		.ascii	"anch revision 237715] -mcpu=cortex-m3 -mthumb -g -O"
 566      20726576 
ARM GAS  C:\Users\Dan\AppData\Local\Temp\cctpNSVO.s 			page 12


 566      6973696F 
 566      6E203233 
 566      37373135 
 567 00e2 67202D66 		.ascii	"g -ffunction-sections -ffat-lto-objects\000"
 567      66756E63 
 567      74696F6E 
 567      2D736563 
 567      74696F6E 
 568              	.LASF15:
 569 010a 72656738 		.ascii	"reg8\000"
 569      00
 570              	.LASF5:
 571 010f 6C6F6E67 		.ascii	"long unsigned int\000"
 571      20756E73 
 571      69676E65 
 571      6420696E 
 571      7400
 572              	.LASF3:
 573 0121 73686F72 		.ascii	"short unsigned int\000"
 573      7420756E 
 573      7369676E 
 573      65642069 
 573      6E7400
 574              	.LASF30:
 575 0134 49544D5F 		.ascii	"ITM_RxBuffer\000"
 575      52784275 
 575      66666572 
 575      00
 576              	.LASF13:
 577 0141 646F7562 		.ascii	"double\000"
 577      6C6500
 578              	.LASF2:
 579 0148 73686F72 		.ascii	"short int\000"
 579      7420696E 
 579      7400
 580              	.LASF29:
 581 0152 6D61696E 		.ascii	"main\000"
 581      00
 582              	.LASF8:
 583 0157 756E7369 		.ascii	"unsigned int\000"
 583      676E6564 
 583      20696E74 
 583      00
 584              	.LASF20:
 585 0164 50696E5F 		.ascii	"Pin_LED_Write\000"
 585      4C45445F 
 585      57726974 
 585      6500
 586              	.LASF7:
 587 0172 6C6F6E67 		.ascii	"long long unsigned int\000"
 587      206C6F6E 
 587      6720756E 
 587      7369676E 
 587      65642069 
 588              	.LASF19:
 589 0189 50696E5F 		.ascii	"Pin_LED_Read\000"
 589      4C45445F 
ARM GAS  C:\Users\Dan\AppData\Local\Temp\cctpNSVO.s 			page 13


 589      52656164 
 589      00
 590              	.LASF10:
 591 0196 696E7433 		.ascii	"int32_t\000"
 591      325F7400 
 592              	.LASF24:
 593 019e 426F6F74 		.ascii	"Bootloader_Start\000"
 593      6C6F6164 
 593      65725F53 
 593      74617274 
 593      00
 594              	.LASF17:
 595 01af 73697A65 		.ascii	"sizetype\000"
 595      74797065 
 595      00
 596              	.LASF6:
 597 01b8 6C6F6E67 		.ascii	"long long int\000"
 597      206C6F6E 
 597      6720696E 
 597      7400
 598              	.LASF26:
 599 01c6 6D61696E 		.ascii	"main.c\000"
 599      2E6300
 600              	.LASF14:
 601 01cd 63686172 		.ascii	"char\000"
 601      00
 602              	.LASF23:
 603 01d2 55534246 		.ascii	"USBFS_Start\000"
 603      535F5374 
 603      61727400 
 604              	.LASF11:
 605 01de 75696E74 		.ascii	"uint8\000"
 605      3800
 606              	.LASF18:
 607 01e4 54696D65 		.ascii	"Timer_1_ReadStatusRegister\000"
 607      725F315F 
 607      52656164 
 607      53746174 
 607      75735265 
 608              	.LASF4:
 609 01ff 6C6F6E67 		.ascii	"long int\000"
 609      20696E74 
 609      00
 610              	.LASF16:
 611 0208 6C6F6E67 		.ascii	"long double\000"
 611      20646F75 
 611      626C6500 
 612              	.LASF0:
 613 0214 7369676E 		.ascii	"signed char\000"
 613      65642063 
 613      68617200 
 614              	.LASF21:
 615 0220 6973725F 		.ascii	"isr_Blink_StartEx\000"
 615      426C696E 
 615      6B5F5374 
 615      61727445 
 615      7800
ARM GAS  C:\Users\Dan\AppData\Local\Temp\cctpNSVO.s 			page 14


 616              		.ident	"GCC: (GNU Tools for ARM Embedded Processors) 5.4.1 20160609 (release) [ARM/embedded-5-bran
