ARM GAS  C:\Users\Dan\AppData\Local\Temp\ccJ7QnKk.s 			page 1


   1              		.syntax unified
   2              		.cpu cortex-m3
   3              		.fpu softvfp
   4              		.eabi_attribute 20, 1
   5              		.eabi_attribute 21, 1
   6              		.eabi_attribute 23, 3
   7              		.eabi_attribute 24, 1
   8              		.eabi_attribute 25, 1
   9              		.eabi_attribute 26, 1
  10              		.eabi_attribute 30, 1
  11              		.eabi_attribute 34, 1
  12              		.eabi_attribute 18, 4
  13              		.thumb
  14              		.syntax unified
  15              		.file	"USBFS_boot.c"
  16              		.text
  17              	.Ltext0:
  18              		.cfi_sections	.debug_frame
  19              		.section	.text.USBFS_CyBtldrCommStart,"ax",%progbits
  20              		.align	2
  21              		.global	USBFS_CyBtldrCommStart
  22              		.thumb
  23              		.thumb_func
  24              		.type	USBFS_CyBtldrCommStart, %function
  25              	USBFS_CyBtldrCommStart:
  26              	.LFB0:
  27              		.file 1 "Generated_Source\\PSoC5\\USBFS_boot.c"
   1:Generated_Source\PSoC5/USBFS_boot.c **** /***************************************************************************//**
   2:Generated_Source\PSoC5/USBFS_boot.c **** * \file USBFS_boot.c
   3:Generated_Source\PSoC5/USBFS_boot.c **** * \version 3.20
   4:Generated_Source\PSoC5/USBFS_boot.c **** *
   5:Generated_Source\PSoC5/USBFS_boot.c **** * \brief
   6:Generated_Source\PSoC5/USBFS_boot.c **** *  This file contains the Bootloader API for USBFS Component.
   7:Generated_Source\PSoC5/USBFS_boot.c **** *
   8:Generated_Source\PSoC5/USBFS_boot.c **** ********************************************************************************
   9:Generated_Source\PSoC5/USBFS_boot.c **** * \copyright
  10:Generated_Source\PSoC5/USBFS_boot.c **** * Copyright 2008-2016, Cypress Semiconductor Corporation.  All rights reserved.
  11:Generated_Source\PSoC5/USBFS_boot.c **** * You may use this file only in accordance with the license, terms, conditions,
  12:Generated_Source\PSoC5/USBFS_boot.c **** * disclaimers, and limitations in the end user license agreement accompanying
  13:Generated_Source\PSoC5/USBFS_boot.c **** * the software package with which this file was provided.
  14:Generated_Source\PSoC5/USBFS_boot.c **** *******************************************************************************/
  15:Generated_Source\PSoC5/USBFS_boot.c **** 
  16:Generated_Source\PSoC5/USBFS_boot.c **** #include "USBFS_pvt.h"
  17:Generated_Source\PSoC5/USBFS_boot.c **** 
  18:Generated_Source\PSoC5/USBFS_boot.c **** #if defined(CYDEV_BOOTLOADER_IO_COMP) && ((CYDEV_BOOTLOADER_IO_COMP == CyBtldr_USBFS) || \
  19:Generated_Source\PSoC5/USBFS_boot.c ****                                           (CYDEV_BOOTLOADER_IO_COMP == CyBtldr_Custom_Interface))  
  20:Generated_Source\PSoC5/USBFS_boot.c **** 
  21:Generated_Source\PSoC5/USBFS_boot.c **** /***************************************
  22:Generated_Source\PSoC5/USBFS_boot.c **** *    Bootloader Variables
  23:Generated_Source\PSoC5/USBFS_boot.c **** ***************************************/
  24:Generated_Source\PSoC5/USBFS_boot.c ****     
  25:Generated_Source\PSoC5/USBFS_boot.c **** 
  26:Generated_Source\PSoC5/USBFS_boot.c **** static uint8  USBFS_started = 0u;
  27:Generated_Source\PSoC5/USBFS_boot.c **** 
  28:Generated_Source\PSoC5/USBFS_boot.c **** 
  29:Generated_Source\PSoC5/USBFS_boot.c **** /*******************************************************************************
  30:Generated_Source\PSoC5/USBFS_boot.c **** * Function Name: USBFS_CyBtldrCommStart
ARM GAS  C:\Users\Dan\AppData\Local\Temp\ccJ7QnKk.s 			page 2


  31:Generated_Source\PSoC5/USBFS_boot.c **** ****************************************************************************//**
  32:Generated_Source\PSoC5/USBFS_boot.c **** *
  33:Generated_Source\PSoC5/USBFS_boot.c **** *  This function performs all required initialization for the USBFS component, 
  34:Generated_Source\PSoC5/USBFS_boot.c **** *  waits on enumeration, and enables communication.
  35:Generated_Source\PSoC5/USBFS_boot.c **** *
  36:Generated_Source\PSoC5/USBFS_boot.c **** * \sideeffect
  37:Generated_Source\PSoC5/USBFS_boot.c **** *  This function starts the USB with 3V or 5V operation.
  38:Generated_Source\PSoC5/USBFS_boot.c **** *
  39:Generated_Source\PSoC5/USBFS_boot.c **** * \reentrant
  40:Generated_Source\PSoC5/USBFS_boot.c **** *  No.
  41:Generated_Source\PSoC5/USBFS_boot.c **** *
  42:Generated_Source\PSoC5/USBFS_boot.c **** *******************************************************************************/
  43:Generated_Source\PSoC5/USBFS_boot.c **** void USBFS_CyBtldrCommStart(void) 
  44:Generated_Source\PSoC5/USBFS_boot.c **** {
  28              		.loc 1 44 0
  29              		.cfi_startproc
  30              		@ args = 0, pretend = 0, frame = 0
  31              		@ frame_needed = 0, uses_anonymous_args = 0
  32 0000 08B5     		push	{r3, lr}
  33              		.cfi_def_cfa_offset 8
  34              		.cfi_offset 3, -8
  35              		.cfi_offset 14, -4
  45:Generated_Source\PSoC5/USBFS_boot.c ****     /* Enable Global Interrupts. Interrupts are mandatory for USBFS component operation. */
  46:Generated_Source\PSoC5/USBFS_boot.c ****     CyGlobalIntEnable;
  36              		.loc 1 46 0
  37              		.syntax unified
  38              	@ 46 "Generated_Source\PSoC5\USBFS_boot.c" 1
  39 0002 62B6     		CPSIE   i
  40              	@ 0 "" 2
  47:Generated_Source\PSoC5/USBFS_boot.c **** 
  48:Generated_Source\PSoC5/USBFS_boot.c ****     /* Start USBFS Operation: device 0 and with 5V or 3V operation depend on Voltage Configuration 
  49:Generated_Source\PSoC5/USBFS_boot.c ****     USBFS_Start(0u, USBFS_DWR_POWER_OPERATION);
  41              		.loc 1 49 0
  42              		.thumb
  43              		.syntax unified
  44 0004 0221     		movs	r1, #2
  45 0006 0020     		movs	r0, #0
  46 0008 FFF7FEFF 		bl	USBFS_Start
  47              	.LVL0:
  50:Generated_Source\PSoC5/USBFS_boot.c **** 
  51:Generated_Source\PSoC5/USBFS_boot.c ****     /* USB component started, the correct enumeration will be checked in the first Read operation. 
  52:Generated_Source\PSoC5/USBFS_boot.c ****     USBFS_started = 1u;
  48              		.loc 1 52 0
  49 000c 0122     		movs	r2, #1
  50 000e 014B     		ldr	r3, .L3
  51 0010 1A70     		strb	r2, [r3]
  52 0012 08BD     		pop	{r3, pc}
  53              	.L4:
  54              		.align	2
  55              	.L3:
  56 0014 00000000 		.word	.LANCHOR0
  57              		.cfi_endproc
  58              	.LFE0:
  59              		.size	USBFS_CyBtldrCommStart, .-USBFS_CyBtldrCommStart
  60              		.section	.text.USBFS_CyBtldrCommStop,"ax",%progbits
  61              		.align	2
  62              		.global	USBFS_CyBtldrCommStop
ARM GAS  C:\Users\Dan\AppData\Local\Temp\ccJ7QnKk.s 			page 3


  63              		.thumb
  64              		.thumb_func
  65              		.type	USBFS_CyBtldrCommStop, %function
  66              	USBFS_CyBtldrCommStop:
  67              	.LFB1:
  53:Generated_Source\PSoC5/USBFS_boot.c **** }
  54:Generated_Source\PSoC5/USBFS_boot.c **** 
  55:Generated_Source\PSoC5/USBFS_boot.c **** 
  56:Generated_Source\PSoC5/USBFS_boot.c **** /*******************************************************************************
  57:Generated_Source\PSoC5/USBFS_boot.c **** * Function Name: USBFS_CyBtldrCommStop.
  58:Generated_Source\PSoC5/USBFS_boot.c **** ****************************************************************************//**
  59:Generated_Source\PSoC5/USBFS_boot.c **** *
  60:Generated_Source\PSoC5/USBFS_boot.c **** *  This function performs all necessary shutdown tasks required for the USBFS 
  61:Generated_Source\PSoC5/USBFS_boot.c **** *  component.
  62:Generated_Source\PSoC5/USBFS_boot.c **** *  
  63:Generated_Source\PSoC5/USBFS_boot.c **** *  \sideeffect
  64:Generated_Source\PSoC5/USBFS_boot.c **** *   Calls the USBFS_Stop() function.
  65:Generated_Source\PSoC5/USBFS_boot.c **** *
  66:Generated_Source\PSoC5/USBFS_boot.c **** *******************************************************************************/
  67:Generated_Source\PSoC5/USBFS_boot.c **** void USBFS_CyBtldrCommStop(void) 
  68:Generated_Source\PSoC5/USBFS_boot.c **** {
  68              		.loc 1 68 0
  69              		.cfi_startproc
  70              		@ args = 0, pretend = 0, frame = 0
  71              		@ frame_needed = 0, uses_anonymous_args = 0
  72 0000 08B5     		push	{r3, lr}
  73              		.cfi_def_cfa_offset 8
  74              		.cfi_offset 3, -8
  75              		.cfi_offset 14, -4
  69:Generated_Source\PSoC5/USBFS_boot.c ****     USBFS_Stop();
  76              		.loc 1 69 0
  77 0002 FFF7FEFF 		bl	USBFS_Stop
  78              	.LVL1:
  79 0006 08BD     		pop	{r3, pc}
  80              		.cfi_endproc
  81              	.LFE1:
  82              		.size	USBFS_CyBtldrCommStop, .-USBFS_CyBtldrCommStop
  83              		.section	.text.USBFS_CyBtldrCommReset,"ax",%progbits
  84              		.align	2
  85              		.global	USBFS_CyBtldrCommReset
  86              		.thumb
  87              		.thumb_func
  88              		.type	USBFS_CyBtldrCommReset, %function
  89              	USBFS_CyBtldrCommReset:
  90              	.LFB2:
  70:Generated_Source\PSoC5/USBFS_boot.c **** }
  71:Generated_Source\PSoC5/USBFS_boot.c **** 
  72:Generated_Source\PSoC5/USBFS_boot.c **** 
  73:Generated_Source\PSoC5/USBFS_boot.c **** /*******************************************************************************
  74:Generated_Source\PSoC5/USBFS_boot.c **** * Function Name: USBFS_CyBtldrCommReset.
  75:Generated_Source\PSoC5/USBFS_boot.c **** ****************************************************************************//**
  76:Generated_Source\PSoC5/USBFS_boot.c **** *
  77:Generated_Source\PSoC5/USBFS_boot.c **** *  This function resets receive and transmit communication buffers.
  78:Generated_Source\PSoC5/USBFS_boot.c **** *
  79:Generated_Source\PSoC5/USBFS_boot.c **** * \reentrant
  80:Generated_Source\PSoC5/USBFS_boot.c **** *  No
  81:Generated_Source\PSoC5/USBFS_boot.c **** *
ARM GAS  C:\Users\Dan\AppData\Local\Temp\ccJ7QnKk.s 			page 4


  82:Generated_Source\PSoC5/USBFS_boot.c **** *******************************************************************************/
  83:Generated_Source\PSoC5/USBFS_boot.c **** void USBFS_CyBtldrCommReset(void) 
  84:Generated_Source\PSoC5/USBFS_boot.c **** {
  91              		.loc 1 84 0
  92              		.cfi_startproc
  93              		@ args = 0, pretend = 0, frame = 0
  94              		@ frame_needed = 0, uses_anonymous_args = 0
  95 0000 08B5     		push	{r3, lr}
  96              		.cfi_def_cfa_offset 8
  97              		.cfi_offset 3, -8
  98              		.cfi_offset 14, -4
  85:Generated_Source\PSoC5/USBFS_boot.c ****     USBFS_EnableOutEP(USBFS_BTLDR_OUT_EP); 
  99              		.loc 1 85 0
 100 0002 0120     		movs	r0, #1
 101 0004 FFF7FEFF 		bl	USBFS_EnableOutEP
 102              	.LVL2:
 103 0008 08BD     		pop	{r3, pc}
 104              		.cfi_endproc
 105              	.LFE2:
 106              		.size	USBFS_CyBtldrCommReset, .-USBFS_CyBtldrCommReset
 107 000a 00BF     		.section	.text.USBFS_CyBtldrCommWrite,"ax",%progbits
 108              		.align	2
 109              		.global	USBFS_CyBtldrCommWrite
 110              		.thumb
 111              		.thumb_func
 112              		.type	USBFS_CyBtldrCommWrite, %function
 113              	USBFS_CyBtldrCommWrite:
 114              	.LFB3:
  86:Generated_Source\PSoC5/USBFS_boot.c **** }
  87:Generated_Source\PSoC5/USBFS_boot.c **** 
  88:Generated_Source\PSoC5/USBFS_boot.c **** 
  89:Generated_Source\PSoC5/USBFS_boot.c **** /*******************************************************************************
  90:Generated_Source\PSoC5/USBFS_boot.c **** * Function Name: USBFS_CyBtldrCommWrite.
  91:Generated_Source\PSoC5/USBFS_boot.c **** ****************************************************************************//**
  92:Generated_Source\PSoC5/USBFS_boot.c **** *
  93:Generated_Source\PSoC5/USBFS_boot.c **** *  This function allows the caller to write data to the bootloader host. It 
  94:Generated_Source\PSoC5/USBFS_boot.c **** *  handles polling to allow a block of data to be completely sent to the host 
  95:Generated_Source\PSoC5/USBFS_boot.c **** *  device.
  96:Generated_Source\PSoC5/USBFS_boot.c **** *
  97:Generated_Source\PSoC5/USBFS_boot.c **** *  \param pData    A pointer to the block of data to send to the device
  98:Generated_Source\PSoC5/USBFS_boot.c **** *  \param size     The number of bytes to write.
  99:Generated_Source\PSoC5/USBFS_boot.c **** *  \param count    Pointer to an unsigned short variable to write the number of
 100:Generated_Source\PSoC5/USBFS_boot.c **** *                  bytes actually written.
 101:Generated_Source\PSoC5/USBFS_boot.c **** *  \param timeOut  Number of units to wait before returning because of a timeout.
 102:Generated_Source\PSoC5/USBFS_boot.c **** *
 103:Generated_Source\PSoC5/USBFS_boot.c **** * \return
 104:Generated_Source\PSoC5/USBFS_boot.c **** *  Returns CYRET_SUCCESS if no problem was encountered or returns the value that 
 105:Generated_Source\PSoC5/USBFS_boot.c **** *  best describes the problem. For more information, see the “Return Codes” 
 106:Generated_Source\PSoC5/USBFS_boot.c **** *  section of the System Reference Guide.
 107:Generated_Source\PSoC5/USBFS_boot.c **** *
 108:Generated_Source\PSoC5/USBFS_boot.c **** * \reentrant
 109:Generated_Source\PSoC5/USBFS_boot.c **** *  No
 110:Generated_Source\PSoC5/USBFS_boot.c **** *
 111:Generated_Source\PSoC5/USBFS_boot.c **** *******************************************************************************/
 112:Generated_Source\PSoC5/USBFS_boot.c **** cystatus USBFS_CyBtldrCommWrite(const uint8 pData[], uint16 size, uint16 *count, uint8 timeOut) CYS
 113:Generated_Source\PSoC5/USBFS_boot.c ****                                                             
 114:Generated_Source\PSoC5/USBFS_boot.c **** {
ARM GAS  C:\Users\Dan\AppData\Local\Temp\ccJ7QnKk.s 			page 5


 115              		.loc 1 114 0
 116              		.cfi_startproc
 117              		@ args = 0, pretend = 0, frame = 0
 118              		@ frame_needed = 0, uses_anonymous_args = 0
 119              	.LVL3:
 120 0000 70B5     		push	{r4, r5, r6, lr}
 121              		.cfi_def_cfa_offset 16
 122              		.cfi_offset 4, -16
 123              		.cfi_offset 5, -12
 124              		.cfi_offset 6, -8
 125              		.cfi_offset 14, -4
 126 0002 0E46     		mov	r6, r1
 127 0004 1546     		mov	r5, r2
 115:Generated_Source\PSoC5/USBFS_boot.c ****     cystatus retCode;
 116:Generated_Source\PSoC5/USBFS_boot.c ****     uint16 timeoutMs;
 117:Generated_Source\PSoC5/USBFS_boot.c **** 
 118:Generated_Source\PSoC5/USBFS_boot.c ****     /* Convert 10mS checks into 1mS checks. */
 119:Generated_Source\PSoC5/USBFS_boot.c ****     timeoutMs = ((uint16) 10u * timeOut);
 128              		.loc 1 119 0
 129 0006 03EB8303 		add	r3, r3, r3, lsl #2
 130              	.LVL4:
 131 000a 5C00     		lsls	r4, r3, #1
 132 000c A4B2     		uxth	r4, r4
 133              	.LVL5:
 120:Generated_Source\PSoC5/USBFS_boot.c **** 
 121:Generated_Source\PSoC5/USBFS_boot.c ****     /* Load data into IN endpoint to be read by host. */
 122:Generated_Source\PSoC5/USBFS_boot.c ****     USBFS_LoadInEP(USBFS_BTLDR_IN_EP, pData, USBFS_BTLDR_SIZEOF_READ_BUFFER);
 134              		.loc 1 122 0
 135 000e 4022     		movs	r2, #64
 136              	.LVL6:
 137 0010 0146     		mov	r1, r0
 138              	.LVL7:
 139 0012 0220     		movs	r0, #2
 140              	.LVL8:
 141 0014 FFF7FEFF 		bl	USBFS_LoadInEP
 142              	.LVL9:
 123:Generated_Source\PSoC5/USBFS_boot.c **** 
 124:Generated_Source\PSoC5/USBFS_boot.c ****     /* Wait unitl host reads data from IN endpoint. */
 125:Generated_Source\PSoC5/USBFS_boot.c ****     while ((USBFS_GetEPState(USBFS_BTLDR_IN_EP) == USBFS_IN_BUFFER_FULL) &&
 143              		.loc 1 125 0
 144 0018 04E0     		b	.L10
 145              	.L12:
 126:Generated_Source\PSoC5/USBFS_boot.c ****            (0u != timeoutMs))
 127:Generated_Source\PSoC5/USBFS_boot.c ****     {
 128:Generated_Source\PSoC5/USBFS_boot.c ****         CyDelay(USBFS_BTLDR_WAIT_1_MS);
 146              		.loc 1 128 0
 147 001a 0120     		movs	r0, #1
 148 001c FFF7FEFF 		bl	CyDelay
 149              	.LVL10:
 129:Generated_Source\PSoC5/USBFS_boot.c ****         timeoutMs--;
 150              		.loc 1 129 0
 151 0020 013C     		subs	r4, r4, #1
 152              	.LVL11:
 153 0022 A4B2     		uxth	r4, r4
 154              	.LVL12:
 155              	.L10:
 125:Generated_Source\PSoC5/USBFS_boot.c ****            (0u != timeoutMs))
ARM GAS  C:\Users\Dan\AppData\Local\Temp\ccJ7QnKk.s 			page 6


 156              		.loc 1 125 0
 157 0024 0220     		movs	r0, #2
 158 0026 FFF7FEFF 		bl	USBFS_GetEPState
 159              	.LVL13:
 160 002a 08B9     		cbnz	r0, .L11
 125:Generated_Source\PSoC5/USBFS_boot.c ****            (0u != timeoutMs))
 161              		.loc 1 125 0 is_stmt 0 discriminator 1
 162 002c 002C     		cmp	r4, #0
 163 002e F4D1     		bne	.L12
 164              	.L11:
 130:Generated_Source\PSoC5/USBFS_boot.c ****     }
 131:Generated_Source\PSoC5/USBFS_boot.c **** 
 132:Generated_Source\PSoC5/USBFS_boot.c ****     if (USBFS_GetEPState(USBFS_BTLDR_IN_EP) == USBFS_IN_BUFFER_FULL)
 165              		.loc 1 132 0 is_stmt 1
 166 0030 0220     		movs	r0, #2
 167 0032 FFF7FEFF 		bl	USBFS_GetEPState
 168              	.LVL14:
 169 0036 10B1     		cbz	r0, .L14
 133:Generated_Source\PSoC5/USBFS_boot.c ****     {
 134:Generated_Source\PSoC5/USBFS_boot.c ****         retCode = CYRET_TIMEOUT;
 135:Generated_Source\PSoC5/USBFS_boot.c ****     }
 136:Generated_Source\PSoC5/USBFS_boot.c ****     else
 137:Generated_Source\PSoC5/USBFS_boot.c ****     {
 138:Generated_Source\PSoC5/USBFS_boot.c ****         *count = size;
 170              		.loc 1 138 0
 171 0038 2E80     		strh	r6, [r5]	@ movhi
 172              	.LVL15:
 139:Generated_Source\PSoC5/USBFS_boot.c ****         retCode = CYRET_SUCCESS;
 173              		.loc 1 139 0
 174 003a 0020     		movs	r0, #0
 175 003c 70BD     		pop	{r4, r5, r6, pc}
 176              	.LVL16:
 177              	.L14:
 134:Generated_Source\PSoC5/USBFS_boot.c ****     }
 178              		.loc 1 134 0
 179 003e 1020     		movs	r0, #16
 180              	.LVL17:
 140:Generated_Source\PSoC5/USBFS_boot.c ****     }
 141:Generated_Source\PSoC5/USBFS_boot.c **** 
 142:Generated_Source\PSoC5/USBFS_boot.c ****     return (retCode);
 143:Generated_Source\PSoC5/USBFS_boot.c **** }
 181              		.loc 1 143 0
 182 0040 70BD     		pop	{r4, r5, r6, pc}
 183              		.cfi_endproc
 184              	.LFE3:
 185              		.size	USBFS_CyBtldrCommWrite, .-USBFS_CyBtldrCommWrite
 186 0042 00BF     		.section	.text.USBFS_CyBtldrCommRead,"ax",%progbits
 187              		.align	2
 188              		.global	USBFS_CyBtldrCommRead
 189              		.thumb
 190              		.thumb_func
 191              		.type	USBFS_CyBtldrCommRead, %function
 192              	USBFS_CyBtldrCommRead:
 193              	.LFB4:
 144:Generated_Source\PSoC5/USBFS_boot.c **** 
 145:Generated_Source\PSoC5/USBFS_boot.c **** 
 146:Generated_Source\PSoC5/USBFS_boot.c **** /*******************************************************************************
ARM GAS  C:\Users\Dan\AppData\Local\Temp\ccJ7QnKk.s 			page 7


 147:Generated_Source\PSoC5/USBFS_boot.c **** * Function Name: USBFS_CyBtldrCommRead.
 148:Generated_Source\PSoC5/USBFS_boot.c **** ****************************************************************************//**
 149:Generated_Source\PSoC5/USBFS_boot.c **** *
 150:Generated_Source\PSoC5/USBFS_boot.c **** *  This function allows the caller to read data from the bootloader host. It 
 151:Generated_Source\PSoC5/USBFS_boot.c **** *  handles polling to allow a block of data to be completely received from the 
 152:Generated_Source\PSoC5/USBFS_boot.c **** *  host device.
 153:Generated_Source\PSoC5/USBFS_boot.c **** *
 154:Generated_Source\PSoC5/USBFS_boot.c **** *  \param pData    A pointer to the area to store the block of data received
 155:Generated_Source\PSoC5/USBFS_boot.c **** *                  from the device.
 156:Generated_Source\PSoC5/USBFS_boot.c **** *  \param size     The number of bytes to read.
 157:Generated_Source\PSoC5/USBFS_boot.c **** *  \param count    Pointer to an unsigned short variable to write the number
 158:Generated_Source\PSoC5/USBFS_boot.c **** *                  of bytes actually read.
 159:Generated_Source\PSoC5/USBFS_boot.c **** *  \param timeOut  Number of units to wait before returning because of a timeOut.
 160:Generated_Source\PSoC5/USBFS_boot.c **** *                  Timeout is measured in 10s of ms.
 161:Generated_Source\PSoC5/USBFS_boot.c **** *
 162:Generated_Source\PSoC5/USBFS_boot.c **** * \return
 163:Generated_Source\PSoC5/USBFS_boot.c **** *  Returns CYRET_SUCCESS if no problem was encountered or returns the value that 
 164:Generated_Source\PSoC5/USBFS_boot.c **** *  best describes the problem. For more information, see the “Return Codes” 
 165:Generated_Source\PSoC5/USBFS_boot.c **** *  section of the System Reference Guide.
 166:Generated_Source\PSoC5/USBFS_boot.c **** *
 167:Generated_Source\PSoC5/USBFS_boot.c **** * \reentrant
 168:Generated_Source\PSoC5/USBFS_boot.c **** *  No
 169:Generated_Source\PSoC5/USBFS_boot.c **** *
 170:Generated_Source\PSoC5/USBFS_boot.c **** *******************************************************************************/
 171:Generated_Source\PSoC5/USBFS_boot.c **** cystatus USBFS_CyBtldrCommRead(uint8 pData[], uint16 size, uint16 *count, uint8 timeOut) CYSMALL
 172:Generated_Source\PSoC5/USBFS_boot.c ****                                                             
 173:Generated_Source\PSoC5/USBFS_boot.c **** {
 194              		.loc 1 173 0
 195              		.cfi_startproc
 196              		@ args = 0, pretend = 0, frame = 0
 197              		@ frame_needed = 0, uses_anonymous_args = 0
 198              	.LVL18:
 199 0000 2DE9F041 		push	{r4, r5, r6, r7, r8, lr}
 200              		.cfi_def_cfa_offset 24
 201              		.cfi_offset 4, -24
 202              		.cfi_offset 5, -20
 203              		.cfi_offset 6, -16
 204              		.cfi_offset 7, -12
 205              		.cfi_offset 8, -8
 206              		.cfi_offset 14, -4
 207 0004 8046     		mov	r8, r0
 208 0006 0E46     		mov	r6, r1
 209 0008 1746     		mov	r7, r2
 174:Generated_Source\PSoC5/USBFS_boot.c ****     cystatus retCode;
 175:Generated_Source\PSoC5/USBFS_boot.c ****     uint16 timeoutMs;
 176:Generated_Source\PSoC5/USBFS_boot.c **** 
 177:Generated_Source\PSoC5/USBFS_boot.c ****     /* Convert 10mS checks into 1mS checks. */
 178:Generated_Source\PSoC5/USBFS_boot.c ****     timeoutMs = ((uint16) 10u * timeOut);
 210              		.loc 1 178 0
 211 000a 03EB8303 		add	r3, r3, r3, lsl #2
 212              	.LVL19:
 213 000e 5C00     		lsls	r4, r3, #1
 214 0010 A4B2     		uxth	r4, r4
 215              	.LVL20:
 179:Generated_Source\PSoC5/USBFS_boot.c **** 
 180:Generated_Source\PSoC5/USBFS_boot.c ****     if (size > USBFS_BTLDR_SIZEOF_WRITE_BUFFER)
 216              		.loc 1 180 0
ARM GAS  C:\Users\Dan\AppData\Local\Temp\ccJ7QnKk.s 			page 8


 217 0012 4029     		cmp	r1, #64
 218 0014 00D9     		bls	.L17
 181:Generated_Source\PSoC5/USBFS_boot.c ****     {
 182:Generated_Source\PSoC5/USBFS_boot.c ****         size = USBFS_BTLDR_SIZEOF_WRITE_BUFFER;
 219              		.loc 1 182 0
 220 0016 4026     		movs	r6, #64
 221              	.L17:
 222              	.LVL21:
 183:Generated_Source\PSoC5/USBFS_boot.c ****     }
 184:Generated_Source\PSoC5/USBFS_boot.c **** 
 185:Generated_Source\PSoC5/USBFS_boot.c ****     /* Wait for enumeration first time. */
 186:Generated_Source\PSoC5/USBFS_boot.c ****     if (0u != USBFS_started)
 223              		.loc 1 186 0
 224 0018 204B     		ldr	r3, .L32
 225 001a 1B78     		ldrb	r3, [r3]	@ zero_extendqisi2
 226 001c 33B9     		cbnz	r3, .L29
 227 001e 16E0     		b	.L30
 228              	.LVL22:
 229              	.L21:
 187:Generated_Source\PSoC5/USBFS_boot.c ****     {
 188:Generated_Source\PSoC5/USBFS_boot.c ****         /* Wait for device enumeration. */
 189:Generated_Source\PSoC5/USBFS_boot.c ****         while ((0u == USBFS_GetConfiguration()) && (0u != timeoutMs))
 190:Generated_Source\PSoC5/USBFS_boot.c ****         {
 191:Generated_Source\PSoC5/USBFS_boot.c ****             CyDelay(USBFS_BTLDR_WAIT_1_MS);
 230              		.loc 1 191 0
 231 0020 0120     		movs	r0, #1
 232 0022 FFF7FEFF 		bl	CyDelay
 233              	.LVL23:
 192:Generated_Source\PSoC5/USBFS_boot.c ****             timeoutMs--;
 234              		.loc 1 192 0
 235 0026 013D     		subs	r5, r5, #1
 236              	.LVL24:
 237 0028 ADB2     		uxth	r5, r5
 238              	.LVL25:
 239 002a 00E0     		b	.L18
 240              	.LVL26:
 241              	.L29:
 242 002c 2546     		mov	r5, r4
 243              	.LVL27:
 244              	.L18:
 189:Generated_Source\PSoC5/USBFS_boot.c ****         {
 245              		.loc 1 189 0
 246 002e FFF7FEFF 		bl	USBFS_GetConfiguration
 247              	.LVL28:
 248 0032 08B9     		cbnz	r0, .L20
 189:Generated_Source\PSoC5/USBFS_boot.c ****         {
 249              		.loc 1 189 0 is_stmt 0 discriminator 1
 250 0034 002D     		cmp	r5, #0
 251 0036 F3D1     		bne	.L21
 252              	.L20:
 193:Generated_Source\PSoC5/USBFS_boot.c ****         }
 194:Generated_Source\PSoC5/USBFS_boot.c **** 
 195:Generated_Source\PSoC5/USBFS_boot.c ****         /* Enable OUT after enumeration. */
 196:Generated_Source\PSoC5/USBFS_boot.c ****         if (0u != USBFS_GetConfiguration())
 253              		.loc 1 196 0 is_stmt 1
 254 0038 FFF7FEFF 		bl	USBFS_GetConfiguration
 255              	.LVL29:
ARM GAS  C:\Users\Dan\AppData\Local\Temp\ccJ7QnKk.s 			page 9


 256 003c A8B1     		cbz	r0, .L23
 197:Generated_Source\PSoC5/USBFS_boot.c ****         {
 198:Generated_Source\PSoC5/USBFS_boot.c ****             (void) USBFS_IsConfigurationChanged();  /* Clear configuration changes state status. */
 257              		.loc 1 198 0
 258 003e FFF7FEFF 		bl	USBFS_IsConfigurationChanged
 259              	.LVL30:
 199:Generated_Source\PSoC5/USBFS_boot.c ****             USBFS_CyBtldrCommReset();
 260              		.loc 1 199 0
 261 0042 FFF7FEFF 		bl	USBFS_CyBtldrCommReset
 262              	.LVL31:
 200:Generated_Source\PSoC5/USBFS_boot.c ****             
 201:Generated_Source\PSoC5/USBFS_boot.c ****             USBFS_started = 0u;
 263              		.loc 1 201 0
 264 0046 0022     		movs	r2, #0
 265 0048 144B     		ldr	r3, .L32
 266 004a 1A70     		strb	r2, [r3]
 267 004c 0DE0     		b	.L23
 268              	.LVL32:
 269              	.L30:
 202:Generated_Source\PSoC5/USBFS_boot.c ****         }
 203:Generated_Source\PSoC5/USBFS_boot.c ****     }
 204:Generated_Source\PSoC5/USBFS_boot.c ****     else /* Check for configuration changes, has been done by Host. */
 205:Generated_Source\PSoC5/USBFS_boot.c ****     {
 206:Generated_Source\PSoC5/USBFS_boot.c ****         if (0u != USBFS_IsConfigurationChanged()) /* Host could send double SET_INTERFACE request o
 270              		.loc 1 206 0
 271 004e FFF7FEFF 		bl	USBFS_IsConfigurationChanged
 272              	.LVL33:
 273 0052 50B1     		cbz	r0, .L23
 207:Generated_Source\PSoC5/USBFS_boot.c ****         {
 208:Generated_Source\PSoC5/USBFS_boot.c ****             if (0u != USBFS_GetConfiguration())   /* Init OUT endpoints when device reconfigured. *
 274              		.loc 1 208 0
 275 0054 FFF7FEFF 		bl	USBFS_GetConfiguration
 276              	.LVL34:
 277 0058 38B1     		cbz	r0, .L23
 209:Generated_Source\PSoC5/USBFS_boot.c ****             {
 210:Generated_Source\PSoC5/USBFS_boot.c ****                 USBFS_CyBtldrCommReset();
 278              		.loc 1 210 0
 279 005a FFF7FEFF 		bl	USBFS_CyBtldrCommReset
 280              	.LVL35:
 281 005e 04E0     		b	.L23
 282              	.L25:
 211:Generated_Source\PSoC5/USBFS_boot.c ****             }
 212:Generated_Source\PSoC5/USBFS_boot.c ****         }
 213:Generated_Source\PSoC5/USBFS_boot.c ****     }
 214:Generated_Source\PSoC5/USBFS_boot.c **** 
 215:Generated_Source\PSoC5/USBFS_boot.c ****     timeoutMs = ((uint16) 10u * timeOut); /* Re-arm timeout */
 216:Generated_Source\PSoC5/USBFS_boot.c **** 
 217:Generated_Source\PSoC5/USBFS_boot.c ****     /* Wait unitl host writes data into OUT endpoint. */
 218:Generated_Source\PSoC5/USBFS_boot.c ****     while ((USBFS_GetEPState(USBFS_BTLDR_OUT_EP) != USBFS_OUT_BUFFER_FULL) && \
 219:Generated_Source\PSoC5/USBFS_boot.c ****            (0u != timeoutMs))
 220:Generated_Source\PSoC5/USBFS_boot.c ****     {
 221:Generated_Source\PSoC5/USBFS_boot.c ****         CyDelay(USBFS_BTLDR_WAIT_1_MS);
 283              		.loc 1 221 0
 284 0060 0120     		movs	r0, #1
 285 0062 FFF7FEFF 		bl	CyDelay
 286              	.LVL36:
 222:Generated_Source\PSoC5/USBFS_boot.c ****         timeoutMs--;
ARM GAS  C:\Users\Dan\AppData\Local\Temp\ccJ7QnKk.s 			page 10


 287              		.loc 1 222 0
 288 0066 013C     		subs	r4, r4, #1
 289              	.LVL37:
 290 0068 A4B2     		uxth	r4, r4
 291              	.LVL38:
 292              	.L23:
 218:Generated_Source\PSoC5/USBFS_boot.c ****            (0u != timeoutMs))
 293              		.loc 1 218 0
 294 006a 0120     		movs	r0, #1
 295 006c FFF7FEFF 		bl	USBFS_GetEPState
 296              	.LVL39:
 297 0070 0128     		cmp	r0, #1
 298 0072 01D0     		beq	.L24
 218:Generated_Source\PSoC5/USBFS_boot.c ****            (0u != timeoutMs))
 299              		.loc 1 218 0 is_stmt 0 discriminator 1
 300 0074 002C     		cmp	r4, #0
 301 0076 F3D1     		bne	.L25
 302              	.L24:
 223:Generated_Source\PSoC5/USBFS_boot.c ****     }
 224:Generated_Source\PSoC5/USBFS_boot.c **** 
 225:Generated_Source\PSoC5/USBFS_boot.c ****     /* Read data from OUT endpoint if host wrote data into it. */
 226:Generated_Source\PSoC5/USBFS_boot.c ****     if (USBFS_GetEPState(USBFS_BTLDR_OUT_EP) == USBFS_OUT_BUFFER_FULL)
 303              		.loc 1 226 0 is_stmt 1
 304 0078 0120     		movs	r0, #1
 305 007a FFF7FEFF 		bl	USBFS_GetEPState
 306              	.LVL40:
 307 007e 0128     		cmp	r0, #1
 308 0080 07D1     		bne	.L26
 227:Generated_Source\PSoC5/USBFS_boot.c ****     {
 228:Generated_Source\PSoC5/USBFS_boot.c ****         *count = USBFS_ReadOutEP(USBFS_BTLDR_OUT_EP, pData, size);
 309              		.loc 1 228 0
 310 0082 3246     		mov	r2, r6
 311 0084 4146     		mov	r1, r8
 312 0086 FFF7FEFF 		bl	USBFS_ReadOutEP
 313              	.LVL41:
 314 008a 3880     		strh	r0, [r7]	@ movhi
 315              	.LVL42:
 229:Generated_Source\PSoC5/USBFS_boot.c ****         retCode = CYRET_SUCCESS;
 316              		.loc 1 229 0
 317 008c 0020     		movs	r0, #0
 318 008e BDE8F081 		pop	{r4, r5, r6, r7, r8, pc}
 319              	.LVL43:
 320              	.L26:
 230:Generated_Source\PSoC5/USBFS_boot.c ****     }
 231:Generated_Source\PSoC5/USBFS_boot.c ****     else
 232:Generated_Source\PSoC5/USBFS_boot.c ****     {
 233:Generated_Source\PSoC5/USBFS_boot.c ****         *count = 0u;
 321              		.loc 1 233 0
 322 0092 0023     		movs	r3, #0
 323 0094 3B80     		strh	r3, [r7]	@ movhi
 324              	.LVL44:
 234:Generated_Source\PSoC5/USBFS_boot.c ****         retCode = CYRET_TIMEOUT;
 325              		.loc 1 234 0
 326 0096 1020     		movs	r0, #16
 327              	.LVL45:
 235:Generated_Source\PSoC5/USBFS_boot.c ****     }
 236:Generated_Source\PSoC5/USBFS_boot.c **** 
ARM GAS  C:\Users\Dan\AppData\Local\Temp\ccJ7QnKk.s 			page 11


 237:Generated_Source\PSoC5/USBFS_boot.c ****     return (retCode);
 238:Generated_Source\PSoC5/USBFS_boot.c **** }
 328              		.loc 1 238 0
 329 0098 BDE8F081 		pop	{r4, r5, r6, r7, r8, pc}
 330              	.LVL46:
 331              	.L33:
 332              		.align	2
 333              	.L32:
 334 009c 00000000 		.word	.LANCHOR0
 335              		.cfi_endproc
 336              	.LFE4:
 337              		.size	USBFS_CyBtldrCommRead, .-USBFS_CyBtldrCommRead
 338              		.bss
 339              		.set	.LANCHOR0,. + 0
 340              		.type	USBFS_started, %object
 341              		.size	USBFS_started, 1
 342              	USBFS_started:
 343 0000 00       		.space	1
 344              		.text
 345              	.Letext0:
 346              		.file 2 "Generated_Source\\PSoC5\\cytypes.h"
 347              		.file 3 "Generated_Source\\PSoC5\\USBFS.h"
 348              		.file 4 "Generated_Source\\PSoC5\\CyLib.h"
 349              		.section	.debug_info,"",%progbits
 350              	.Ldebug_info0:
 351 0000 8E030000 		.4byte	0x38e
 352 0004 0400     		.2byte	0x4
 353 0006 00000000 		.4byte	.Ldebug_abbrev0
 354 000a 04       		.byte	0x4
 355 000b 01       		.uleb128 0x1
 356 000c C8000000 		.4byte	.LASF38
 357 0010 0C       		.byte	0xc
 358 0011 06020000 		.4byte	.LASF39
 359 0015 13000000 		.4byte	.LASF40
 360 0019 00000000 		.4byte	.Ldebug_ranges0+0
 361 001d 00000000 		.4byte	0
 362 0021 00000000 		.4byte	.Ldebug_line0
 363 0025 02       		.uleb128 0x2
 364 0026 01       		.byte	0x1
 365 0027 06       		.byte	0x6
 366 0028 A3020000 		.4byte	.LASF0
 367 002c 02       		.uleb128 0x2
 368 002d 01       		.byte	0x1
 369 002e 08       		.byte	0x8
 370 002f 6E010000 		.4byte	.LASF1
 371 0033 02       		.uleb128 0x2
 372 0034 02       		.byte	0x2
 373 0035 05       		.byte	0x5
 374 0036 55020000 		.4byte	.LASF2
 375 003a 02       		.uleb128 0x2
 376 003b 02       		.byte	0x2
 377 003c 07       		.byte	0x7
 378 003d 5F000000 		.4byte	.LASF3
 379 0041 02       		.uleb128 0x2
 380 0042 04       		.byte	0x4
 381 0043 05       		.byte	0x5
 382 0044 78020000 		.4byte	.LASF4
ARM GAS  C:\Users\Dan\AppData\Local\Temp\ccJ7QnKk.s 			page 12


 383 0048 02       		.uleb128 0x2
 384 0049 04       		.byte	0x4
 385 004a 07       		.byte	0x7
 386 004b 56010000 		.4byte	.LASF5
 387 004f 02       		.uleb128 0x2
 388 0050 08       		.byte	0x8
 389 0051 05       		.byte	0x5
 390 0052 33020000 		.4byte	.LASF6
 391 0056 02       		.uleb128 0x2
 392 0057 08       		.byte	0x8
 393 0058 07       		.byte	0x7
 394 0059 D5010000 		.4byte	.LASF7
 395 005d 03       		.uleb128 0x3
 396 005e 04       		.byte	0x4
 397 005f 05       		.byte	0x5
 398 0060 696E7400 		.ascii	"int\000"
 399 0064 02       		.uleb128 0x2
 400 0065 04       		.byte	0x4
 401 0066 07       		.byte	0x7
 402 0067 C8010000 		.4byte	.LASF8
 403 006b 04       		.uleb128 0x4
 404 006c 68010000 		.4byte	.LASF9
 405 0070 02       		.byte	0x2
 406 0071 E401     		.2byte	0x1e4
 407 0073 2C000000 		.4byte	0x2c
 408 0077 04       		.uleb128 0x4
 409 0078 AA010000 		.4byte	.LASF10
 410 007c 02       		.byte	0x2
 411 007d E501     		.2byte	0x1e5
 412 007f 3A000000 		.4byte	0x3a
 413 0083 02       		.uleb128 0x2
 414 0084 04       		.byte	0x4
 415 0085 04       		.byte	0x4
 416 0086 B2000000 		.4byte	.LASF11
 417 008a 02       		.uleb128 0x2
 418 008b 08       		.byte	0x8
 419 008c 04       		.byte	0x4
 420 008d 7C010000 		.4byte	.LASF12
 421 0091 02       		.uleb128 0x2
 422 0092 01       		.byte	0x1
 423 0093 08       		.byte	0x8
 424 0094 41020000 		.4byte	.LASF13
 425 0098 04       		.uleb128 0x4
 426 0099 0A000000 		.4byte	.LASF14
 427 009d 02       		.byte	0x2
 428 009e 8602     		.2byte	0x286
 429 00a0 48000000 		.4byte	0x48
 430 00a4 02       		.uleb128 0x2
 431 00a5 08       		.byte	0x8
 432 00a6 04       		.byte	0x4
 433 00a7 81020000 		.4byte	.LASF15
 434 00ab 02       		.uleb128 0x2
 435 00ac 04       		.byte	0x4
 436 00ad 07       		.byte	0x7
 437 00ae 2A020000 		.4byte	.LASF16
 438 00b2 05       		.uleb128 0x5
 439 00b3 9B000000 		.4byte	.LASF17
ARM GAS  C:\Users\Dan\AppData\Local\Temp\ccJ7QnKk.s 			page 13


 440 00b7 01       		.byte	0x1
 441 00b8 2B       		.byte	0x2b
 442 00b9 00000000 		.4byte	.LFB0
 443 00bd 18000000 		.4byte	.LFE0-.LFB0
 444 00c1 01       		.uleb128 0x1
 445 00c2 9C       		.byte	0x9c
 446 00c3 DC000000 		.4byte	0xdc
 447 00c7 06       		.uleb128 0x6
 448 00c8 0C000000 		.4byte	.LVL0
 449 00cc 26030000 		.4byte	0x326
 450 00d0 07       		.uleb128 0x7
 451 00d1 01       		.uleb128 0x1
 452 00d2 50       		.byte	0x50
 453 00d3 01       		.uleb128 0x1
 454 00d4 30       		.byte	0x30
 455 00d5 07       		.uleb128 0x7
 456 00d6 01       		.uleb128 0x1
 457 00d7 51       		.byte	0x51
 458 00d8 01       		.uleb128 0x1
 459 00d9 32       		.byte	0x32
 460 00da 00       		.byte	0
 461 00db 00       		.byte	0
 462 00dc 05       		.uleb128 0x5
 463 00dd 8D020000 		.4byte	.LASF18
 464 00e1 01       		.byte	0x1
 465 00e2 43       		.byte	0x43
 466 00e3 00000000 		.4byte	.LFB1
 467 00e7 08000000 		.4byte	.LFE1-.LFB1
 468 00eb 01       		.uleb128 0x1
 469 00ec 9C       		.byte	0x9c
 470 00ed FB000000 		.4byte	0xfb
 471 00f1 08       		.uleb128 0x8
 472 00f2 06000000 		.4byte	.LVL1
 473 00f6 32030000 		.4byte	0x332
 474 00fa 00       		.byte	0
 475 00fb 05       		.uleb128 0x5
 476 00fc 72000000 		.4byte	.LASF19
 477 0100 01       		.byte	0x1
 478 0101 53       		.byte	0x53
 479 0102 00000000 		.4byte	.LFB2
 480 0106 0A000000 		.4byte	.LFE2-.LFB2
 481 010a 01       		.uleb128 0x1
 482 010b 9C       		.byte	0x9c
 483 010c 20010000 		.4byte	0x120
 484 0110 06       		.uleb128 0x6
 485 0111 08000000 		.4byte	.LVL2
 486 0115 3E030000 		.4byte	0x33e
 487 0119 07       		.uleb128 0x7
 488 011a 01       		.uleb128 0x1
 489 011b 50       		.byte	0x50
 490 011c 01       		.uleb128 0x1
 491 011d 31       		.byte	0x31
 492 011e 00       		.byte	0
 493 011f 00       		.byte	0
 494 0120 09       		.uleb128 0x9
 495 0121 93010000 		.4byte	.LASF26
 496 0125 01       		.byte	0x1
ARM GAS  C:\Users\Dan\AppData\Local\Temp\ccJ7QnKk.s 			page 14


 497 0126 70       		.byte	0x70
 498 0127 98000000 		.4byte	0x98
 499 012b 00000000 		.4byte	.LFB3
 500 012f 42000000 		.4byte	.LFE3-.LFB3
 501 0133 01       		.uleb128 0x1
 502 0134 9C       		.byte	0x9c
 503 0135 E9010000 		.4byte	0x1e9
 504 0139 0A       		.uleb128 0xa
 505 013a 95000000 		.4byte	.LASF20
 506 013e 01       		.byte	0x1
 507 013f 70       		.byte	0x70
 508 0140 E9010000 		.4byte	0x1e9
 509 0144 00000000 		.4byte	.LLST0
 510 0148 0A       		.uleb128 0xa
 511 0149 C3000000 		.4byte	.LASF21
 512 014d 01       		.byte	0x1
 513 014e 70       		.byte	0x70
 514 014f 77000000 		.4byte	0x77
 515 0153 2C000000 		.4byte	.LLST1
 516 0157 0A       		.uleb128 0xa
 517 0158 59000000 		.4byte	.LASF22
 518 015c 01       		.byte	0x1
 519 015d 70       		.byte	0x70
 520 015e F4010000 		.4byte	0x1f4
 521 0162 4D000000 		.4byte	.LLST2
 522 0166 0A       		.uleb128 0xa
 523 0167 5F020000 		.4byte	.LASF23
 524 016b 01       		.byte	0x1
 525 016c 70       		.byte	0x70
 526 016d 6B000000 		.4byte	0x6b
 527 0171 6B000000 		.4byte	.LLST3
 528 0175 0B       		.uleb128 0xb
 529 0176 FE010000 		.4byte	.LASF24
 530 017a 01       		.byte	0x1
 531 017b 73       		.byte	0x73
 532 017c 98000000 		.4byte	0x98
 533 0180 8C000000 		.4byte	.LLST4
 534 0184 0B       		.uleb128 0xb
 535 0185 00000000 		.4byte	.LASF25
 536 0189 01       		.byte	0x1
 537 018a 74       		.byte	0x74
 538 018b 77000000 		.4byte	0x77
 539 018f AB000000 		.4byte	.LLST5
 540 0193 0C       		.uleb128 0xc
 541 0194 18000000 		.4byte	.LVL9
 542 0198 4A030000 		.4byte	0x34a
 543 019c B3010000 		.4byte	0x1b3
 544 01a0 07       		.uleb128 0x7
 545 01a1 01       		.uleb128 0x1
 546 01a2 50       		.byte	0x50
 547 01a3 01       		.uleb128 0x1
 548 01a4 32       		.byte	0x32
 549 01a5 07       		.uleb128 0x7
 550 01a6 01       		.uleb128 0x1
 551 01a7 51       		.byte	0x51
 552 01a8 03       		.uleb128 0x3
 553 01a9 F3       		.byte	0xf3
ARM GAS  C:\Users\Dan\AppData\Local\Temp\ccJ7QnKk.s 			page 15


 554 01aa 01       		.uleb128 0x1
 555 01ab 50       		.byte	0x50
 556 01ac 07       		.uleb128 0x7
 557 01ad 01       		.uleb128 0x1
 558 01ae 52       		.byte	0x52
 559 01af 02       		.uleb128 0x2
 560 01b0 08       		.byte	0x8
 561 01b1 40       		.byte	0x40
 562 01b2 00       		.byte	0
 563 01b3 0C       		.uleb128 0xc
 564 01b4 20000000 		.4byte	.LVL10
 565 01b8 56030000 		.4byte	0x356
 566 01bc C6010000 		.4byte	0x1c6
 567 01c0 07       		.uleb128 0x7
 568 01c1 01       		.uleb128 0x1
 569 01c2 50       		.byte	0x50
 570 01c3 01       		.uleb128 0x1
 571 01c4 31       		.byte	0x31
 572 01c5 00       		.byte	0
 573 01c6 0C       		.uleb128 0xc
 574 01c7 2A000000 		.4byte	.LVL13
 575 01cb 61030000 		.4byte	0x361
 576 01cf D9010000 		.4byte	0x1d9
 577 01d3 07       		.uleb128 0x7
 578 01d4 01       		.uleb128 0x1
 579 01d5 50       		.byte	0x50
 580 01d6 01       		.uleb128 0x1
 581 01d7 32       		.byte	0x32
 582 01d8 00       		.byte	0
 583 01d9 06       		.uleb128 0x6
 584 01da 36000000 		.4byte	.LVL14
 585 01de 61030000 		.4byte	0x361
 586 01e2 07       		.uleb128 0x7
 587 01e3 01       		.uleb128 0x1
 588 01e4 50       		.byte	0x50
 589 01e5 01       		.uleb128 0x1
 590 01e6 32       		.byte	0x32
 591 01e7 00       		.byte	0
 592 01e8 00       		.byte	0
 593 01e9 0D       		.uleb128 0xd
 594 01ea 04       		.byte	0x4
 595 01eb EF010000 		.4byte	0x1ef
 596 01ef 0E       		.uleb128 0xe
 597 01f0 6B000000 		.4byte	0x6b
 598 01f4 0D       		.uleb128 0xd
 599 01f5 04       		.byte	0x4
 600 01f6 77000000 		.4byte	0x77
 601 01fa 09       		.uleb128 0x9
 602 01fb C5020000 		.4byte	.LASF27
 603 01ff 01       		.byte	0x1
 604 0200 AB       		.byte	0xab
 605 0201 98000000 		.4byte	0x98
 606 0205 00000000 		.4byte	.LFB4
 607 0209 A0000000 		.4byte	.LFE4-.LFB4
 608 020d 01       		.uleb128 0x1
 609 020e 9C       		.byte	0x9c
 610 020f 0F030000 		.4byte	0x30f
ARM GAS  C:\Users\Dan\AppData\Local\Temp\ccJ7QnKk.s 			page 16


 611 0213 0A       		.uleb128 0xa
 612 0214 95000000 		.4byte	.LASF20
 613 0218 01       		.byte	0x1
 614 0219 AB       		.byte	0xab
 615 021a 0F030000 		.4byte	0x30f
 616 021e C9000000 		.4byte	.LLST6
 617 0222 0A       		.uleb128 0xa
 618 0223 C3000000 		.4byte	.LASF21
 619 0227 01       		.byte	0x1
 620 0228 AB       		.byte	0xab
 621 0229 77000000 		.4byte	0x77
 622 022d 21010000 		.4byte	.LLST7
 623 0231 0A       		.uleb128 0xa
 624 0232 59000000 		.4byte	.LASF22
 625 0236 01       		.byte	0x1
 626 0237 AB       		.byte	0xab
 627 0238 F4010000 		.4byte	0x1f4
 628 023c 3F010000 		.4byte	.LLST8
 629 0240 0A       		.uleb128 0xa
 630 0241 5F020000 		.4byte	.LASF23
 631 0245 01       		.byte	0x1
 632 0246 AB       		.byte	0xab
 633 0247 6B000000 		.4byte	0x6b
 634 024b 97010000 		.4byte	.LLST9
 635 024f 0B       		.uleb128 0xb
 636 0250 FE010000 		.4byte	.LASF24
 637 0254 01       		.byte	0x1
 638 0255 AE       		.byte	0xae
 639 0256 98000000 		.4byte	0x98
 640 025a B8010000 		.4byte	.LLST10
 641 025e 0B       		.uleb128 0xb
 642 025f 00000000 		.4byte	.LASF25
 643 0263 01       		.byte	0x1
 644 0264 AF       		.byte	0xaf
 645 0265 77000000 		.4byte	0x77
 646 0269 E3010000 		.4byte	.LLST11
 647 026d 0C       		.uleb128 0xc
 648 026e 26000000 		.4byte	.LVL23
 649 0272 56030000 		.4byte	0x356
 650 0276 80020000 		.4byte	0x280
 651 027a 07       		.uleb128 0x7
 652 027b 01       		.uleb128 0x1
 653 027c 50       		.byte	0x50
 654 027d 01       		.uleb128 0x1
 655 027e 31       		.byte	0x31
 656 027f 00       		.byte	0
 657 0280 08       		.uleb128 0x8
 658 0281 32000000 		.4byte	.LVL28
 659 0285 6D030000 		.4byte	0x36d
 660 0289 08       		.uleb128 0x8
 661 028a 3C000000 		.4byte	.LVL29
 662 028e 6D030000 		.4byte	0x36d
 663 0292 08       		.uleb128 0x8
 664 0293 42000000 		.4byte	.LVL30
 665 0297 79030000 		.4byte	0x379
 666 029b 08       		.uleb128 0x8
 667 029c 46000000 		.4byte	.LVL31
ARM GAS  C:\Users\Dan\AppData\Local\Temp\ccJ7QnKk.s 			page 17


 668 02a0 FB000000 		.4byte	0xfb
 669 02a4 08       		.uleb128 0x8
 670 02a5 52000000 		.4byte	.LVL33
 671 02a9 79030000 		.4byte	0x379
 672 02ad 08       		.uleb128 0x8
 673 02ae 58000000 		.4byte	.LVL34
 674 02b2 6D030000 		.4byte	0x36d
 675 02b6 08       		.uleb128 0x8
 676 02b7 5E000000 		.4byte	.LVL35
 677 02bb FB000000 		.4byte	0xfb
 678 02bf 0C       		.uleb128 0xc
 679 02c0 66000000 		.4byte	.LVL36
 680 02c4 56030000 		.4byte	0x356
 681 02c8 D2020000 		.4byte	0x2d2
 682 02cc 07       		.uleb128 0x7
 683 02cd 01       		.uleb128 0x1
 684 02ce 50       		.byte	0x50
 685 02cf 01       		.uleb128 0x1
 686 02d0 31       		.byte	0x31
 687 02d1 00       		.byte	0
 688 02d2 0C       		.uleb128 0xc
 689 02d3 70000000 		.4byte	.LVL39
 690 02d7 61030000 		.4byte	0x361
 691 02db E5020000 		.4byte	0x2e5
 692 02df 07       		.uleb128 0x7
 693 02e0 01       		.uleb128 0x1
 694 02e1 50       		.byte	0x50
 695 02e2 01       		.uleb128 0x1
 696 02e3 31       		.byte	0x31
 697 02e4 00       		.byte	0
 698 02e5 0C       		.uleb128 0xc
 699 02e6 7E000000 		.4byte	.LVL40
 700 02ea 61030000 		.4byte	0x361
 701 02ee F8020000 		.4byte	0x2f8
 702 02f2 07       		.uleb128 0x7
 703 02f3 01       		.uleb128 0x1
 704 02f4 50       		.byte	0x50
 705 02f5 01       		.uleb128 0x1
 706 02f6 31       		.byte	0x31
 707 02f7 00       		.byte	0
 708 02f8 06       		.uleb128 0x6
 709 02f9 8A000000 		.4byte	.LVL41
 710 02fd 85030000 		.4byte	0x385
 711 0301 07       		.uleb128 0x7
 712 0302 01       		.uleb128 0x1
 713 0303 51       		.byte	0x51
 714 0304 02       		.uleb128 0x2
 715 0305 78       		.byte	0x78
 716 0306 00       		.sleb128 0
 717 0307 07       		.uleb128 0x7
 718 0308 01       		.uleb128 0x1
 719 0309 52       		.byte	0x52
 720 030a 02       		.uleb128 0x2
 721 030b 76       		.byte	0x76
 722 030c 00       		.sleb128 0
 723 030d 00       		.byte	0
 724 030e 00       		.byte	0
ARM GAS  C:\Users\Dan\AppData\Local\Temp\ccJ7QnKk.s 			page 18


 725 030f 0D       		.uleb128 0xd
 726 0310 04       		.byte	0x4
 727 0311 6B000000 		.4byte	0x6b
 728 0315 0F       		.uleb128 0xf
 729 0316 AF020000 		.4byte	.LASF28
 730 031a 01       		.byte	0x1
 731 031b 1A       		.byte	0x1a
 732 031c 6B000000 		.4byte	0x6b
 733 0320 05       		.uleb128 0x5
 734 0321 03       		.byte	0x3
 735 0322 00000000 		.4byte	USBFS_started
 736 0326 10       		.uleb128 0x10
 737 0327 89000000 		.4byte	.LASF29
 738 032b 89000000 		.4byte	.LASF29
 739 032f 03       		.byte	0x3
 740 0330 3001     		.2byte	0x130
 741 0332 10       		.uleb128 0x10
 742 0333 B8000000 		.4byte	.LASF30
 743 0337 B8000000 		.4byte	.LASF30
 744 033b 03       		.byte	0x3
 745 033c 3201     		.2byte	0x132
 746 033e 10       		.uleb128 0x10
 747 033f EC010000 		.4byte	.LASF31
 748 0343 EC010000 		.4byte	.LASF31
 749 0347 03       		.byte	0x3
 750 0348 3C01     		.2byte	0x13c
 751 034a 10       		.uleb128 0x10
 752 034b 46020000 		.4byte	.LASF32
 753 034f 46020000 		.4byte	.LASF32
 754 0353 03       		.byte	0x3
 755 0354 3801     		.2byte	0x138
 756 0356 11       		.uleb128 0x11
 757 0357 BD020000 		.4byte	.LASF33
 758 035b BD020000 		.4byte	.LASF33
 759 035f 04       		.byte	0x4
 760 0360 76       		.byte	0x76
 761 0361 10       		.uleb128 0x10
 762 0362 67020000 		.4byte	.LASF34
 763 0366 67020000 		.4byte	.LASF34
 764 036a 03       		.byte	0x3
 765 036b 3601     		.2byte	0x136
 766 036d 10       		.uleb128 0x10
 767 036e B1010000 		.4byte	.LASF35
 768 0372 B1010000 		.4byte	.LASF35
 769 0376 03       		.byte	0x3
 770 0377 3301     		.2byte	0x133
 771 0379 10       		.uleb128 0x10
 772 037a DB020000 		.4byte	.LASF36
 773 037e DB020000 		.4byte	.LASF36
 774 0382 03       		.byte	0x3
 775 0383 3401     		.2byte	0x134
 776 0385 10       		.uleb128 0x10
 777 0386 83010000 		.4byte	.LASF37
 778 038a 83010000 		.4byte	.LASF37
 779 038e 03       		.byte	0x3
 780 038f 3A01     		.2byte	0x13a
 781 0391 00       		.byte	0
ARM GAS  C:\Users\Dan\AppData\Local\Temp\ccJ7QnKk.s 			page 19


 782              		.section	.debug_abbrev,"",%progbits
 783              	.Ldebug_abbrev0:
 784 0000 01       		.uleb128 0x1
 785 0001 11       		.uleb128 0x11
 786 0002 01       		.byte	0x1
 787 0003 25       		.uleb128 0x25
 788 0004 0E       		.uleb128 0xe
 789 0005 13       		.uleb128 0x13
 790 0006 0B       		.uleb128 0xb
 791 0007 03       		.uleb128 0x3
 792 0008 0E       		.uleb128 0xe
 793 0009 1B       		.uleb128 0x1b
 794 000a 0E       		.uleb128 0xe
 795 000b 55       		.uleb128 0x55
 796 000c 17       		.uleb128 0x17
 797 000d 11       		.uleb128 0x11
 798 000e 01       		.uleb128 0x1
 799 000f 10       		.uleb128 0x10
 800 0010 17       		.uleb128 0x17
 801 0011 00       		.byte	0
 802 0012 00       		.byte	0
 803 0013 02       		.uleb128 0x2
 804 0014 24       		.uleb128 0x24
 805 0015 00       		.byte	0
 806 0016 0B       		.uleb128 0xb
 807 0017 0B       		.uleb128 0xb
 808 0018 3E       		.uleb128 0x3e
 809 0019 0B       		.uleb128 0xb
 810 001a 03       		.uleb128 0x3
 811 001b 0E       		.uleb128 0xe
 812 001c 00       		.byte	0
 813 001d 00       		.byte	0
 814 001e 03       		.uleb128 0x3
 815 001f 24       		.uleb128 0x24
 816 0020 00       		.byte	0
 817 0021 0B       		.uleb128 0xb
 818 0022 0B       		.uleb128 0xb
 819 0023 3E       		.uleb128 0x3e
 820 0024 0B       		.uleb128 0xb
 821 0025 03       		.uleb128 0x3
 822 0026 08       		.uleb128 0x8
 823 0027 00       		.byte	0
 824 0028 00       		.byte	0
 825 0029 04       		.uleb128 0x4
 826 002a 16       		.uleb128 0x16
 827 002b 00       		.byte	0
 828 002c 03       		.uleb128 0x3
 829 002d 0E       		.uleb128 0xe
 830 002e 3A       		.uleb128 0x3a
 831 002f 0B       		.uleb128 0xb
 832 0030 3B       		.uleb128 0x3b
 833 0031 05       		.uleb128 0x5
 834 0032 49       		.uleb128 0x49
 835 0033 13       		.uleb128 0x13
 836 0034 00       		.byte	0
 837 0035 00       		.byte	0
 838 0036 05       		.uleb128 0x5
ARM GAS  C:\Users\Dan\AppData\Local\Temp\ccJ7QnKk.s 			page 20


 839 0037 2E       		.uleb128 0x2e
 840 0038 01       		.byte	0x1
 841 0039 3F       		.uleb128 0x3f
 842 003a 19       		.uleb128 0x19
 843 003b 03       		.uleb128 0x3
 844 003c 0E       		.uleb128 0xe
 845 003d 3A       		.uleb128 0x3a
 846 003e 0B       		.uleb128 0xb
 847 003f 3B       		.uleb128 0x3b
 848 0040 0B       		.uleb128 0xb
 849 0041 27       		.uleb128 0x27
 850 0042 19       		.uleb128 0x19
 851 0043 11       		.uleb128 0x11
 852 0044 01       		.uleb128 0x1
 853 0045 12       		.uleb128 0x12
 854 0046 06       		.uleb128 0x6
 855 0047 40       		.uleb128 0x40
 856 0048 18       		.uleb128 0x18
 857 0049 9742     		.uleb128 0x2117
 858 004b 19       		.uleb128 0x19
 859 004c 01       		.uleb128 0x1
 860 004d 13       		.uleb128 0x13
 861 004e 00       		.byte	0
 862 004f 00       		.byte	0
 863 0050 06       		.uleb128 0x6
 864 0051 898201   		.uleb128 0x4109
 865 0054 01       		.byte	0x1
 866 0055 11       		.uleb128 0x11
 867 0056 01       		.uleb128 0x1
 868 0057 31       		.uleb128 0x31
 869 0058 13       		.uleb128 0x13
 870 0059 00       		.byte	0
 871 005a 00       		.byte	0
 872 005b 07       		.uleb128 0x7
 873 005c 8A8201   		.uleb128 0x410a
 874 005f 00       		.byte	0
 875 0060 02       		.uleb128 0x2
 876 0061 18       		.uleb128 0x18
 877 0062 9142     		.uleb128 0x2111
 878 0064 18       		.uleb128 0x18
 879 0065 00       		.byte	0
 880 0066 00       		.byte	0
 881 0067 08       		.uleb128 0x8
 882 0068 898201   		.uleb128 0x4109
 883 006b 00       		.byte	0
 884 006c 11       		.uleb128 0x11
 885 006d 01       		.uleb128 0x1
 886 006e 31       		.uleb128 0x31
 887 006f 13       		.uleb128 0x13
 888 0070 00       		.byte	0
 889 0071 00       		.byte	0
 890 0072 09       		.uleb128 0x9
 891 0073 2E       		.uleb128 0x2e
 892 0074 01       		.byte	0x1
 893 0075 3F       		.uleb128 0x3f
 894 0076 19       		.uleb128 0x19
 895 0077 03       		.uleb128 0x3
ARM GAS  C:\Users\Dan\AppData\Local\Temp\ccJ7QnKk.s 			page 21


 896 0078 0E       		.uleb128 0xe
 897 0079 3A       		.uleb128 0x3a
 898 007a 0B       		.uleb128 0xb
 899 007b 3B       		.uleb128 0x3b
 900 007c 0B       		.uleb128 0xb
 901 007d 27       		.uleb128 0x27
 902 007e 19       		.uleb128 0x19
 903 007f 49       		.uleb128 0x49
 904 0080 13       		.uleb128 0x13
 905 0081 11       		.uleb128 0x11
 906 0082 01       		.uleb128 0x1
 907 0083 12       		.uleb128 0x12
 908 0084 06       		.uleb128 0x6
 909 0085 40       		.uleb128 0x40
 910 0086 18       		.uleb128 0x18
 911 0087 9742     		.uleb128 0x2117
 912 0089 19       		.uleb128 0x19
 913 008a 01       		.uleb128 0x1
 914 008b 13       		.uleb128 0x13
 915 008c 00       		.byte	0
 916 008d 00       		.byte	0
 917 008e 0A       		.uleb128 0xa
 918 008f 05       		.uleb128 0x5
 919 0090 00       		.byte	0
 920 0091 03       		.uleb128 0x3
 921 0092 0E       		.uleb128 0xe
 922 0093 3A       		.uleb128 0x3a
 923 0094 0B       		.uleb128 0xb
 924 0095 3B       		.uleb128 0x3b
 925 0096 0B       		.uleb128 0xb
 926 0097 49       		.uleb128 0x49
 927 0098 13       		.uleb128 0x13
 928 0099 02       		.uleb128 0x2
 929 009a 17       		.uleb128 0x17
 930 009b 00       		.byte	0
 931 009c 00       		.byte	0
 932 009d 0B       		.uleb128 0xb
 933 009e 34       		.uleb128 0x34
 934 009f 00       		.byte	0
 935 00a0 03       		.uleb128 0x3
 936 00a1 0E       		.uleb128 0xe
 937 00a2 3A       		.uleb128 0x3a
 938 00a3 0B       		.uleb128 0xb
 939 00a4 3B       		.uleb128 0x3b
 940 00a5 0B       		.uleb128 0xb
 941 00a6 49       		.uleb128 0x49
 942 00a7 13       		.uleb128 0x13
 943 00a8 02       		.uleb128 0x2
 944 00a9 17       		.uleb128 0x17
 945 00aa 00       		.byte	0
 946 00ab 00       		.byte	0
 947 00ac 0C       		.uleb128 0xc
 948 00ad 898201   		.uleb128 0x4109
 949 00b0 01       		.byte	0x1
 950 00b1 11       		.uleb128 0x11
 951 00b2 01       		.uleb128 0x1
 952 00b3 31       		.uleb128 0x31
ARM GAS  C:\Users\Dan\AppData\Local\Temp\ccJ7QnKk.s 			page 22


 953 00b4 13       		.uleb128 0x13
 954 00b5 01       		.uleb128 0x1
 955 00b6 13       		.uleb128 0x13
 956 00b7 00       		.byte	0
 957 00b8 00       		.byte	0
 958 00b9 0D       		.uleb128 0xd
 959 00ba 0F       		.uleb128 0xf
 960 00bb 00       		.byte	0
 961 00bc 0B       		.uleb128 0xb
 962 00bd 0B       		.uleb128 0xb
 963 00be 49       		.uleb128 0x49
 964 00bf 13       		.uleb128 0x13
 965 00c0 00       		.byte	0
 966 00c1 00       		.byte	0
 967 00c2 0E       		.uleb128 0xe
 968 00c3 26       		.uleb128 0x26
 969 00c4 00       		.byte	0
 970 00c5 49       		.uleb128 0x49
 971 00c6 13       		.uleb128 0x13
 972 00c7 00       		.byte	0
 973 00c8 00       		.byte	0
 974 00c9 0F       		.uleb128 0xf
 975 00ca 34       		.uleb128 0x34
 976 00cb 00       		.byte	0
 977 00cc 03       		.uleb128 0x3
 978 00cd 0E       		.uleb128 0xe
 979 00ce 3A       		.uleb128 0x3a
 980 00cf 0B       		.uleb128 0xb
 981 00d0 3B       		.uleb128 0x3b
 982 00d1 0B       		.uleb128 0xb
 983 00d2 49       		.uleb128 0x49
 984 00d3 13       		.uleb128 0x13
 985 00d4 02       		.uleb128 0x2
 986 00d5 18       		.uleb128 0x18
 987 00d6 00       		.byte	0
 988 00d7 00       		.byte	0
 989 00d8 10       		.uleb128 0x10
 990 00d9 2E       		.uleb128 0x2e
 991 00da 00       		.byte	0
 992 00db 3F       		.uleb128 0x3f
 993 00dc 19       		.uleb128 0x19
 994 00dd 3C       		.uleb128 0x3c
 995 00de 19       		.uleb128 0x19
 996 00df 6E       		.uleb128 0x6e
 997 00e0 0E       		.uleb128 0xe
 998 00e1 03       		.uleb128 0x3
 999 00e2 0E       		.uleb128 0xe
 1000 00e3 3A       		.uleb128 0x3a
 1001 00e4 0B       		.uleb128 0xb
 1002 00e5 3B       		.uleb128 0x3b
 1003 00e6 05       		.uleb128 0x5
 1004 00e7 00       		.byte	0
 1005 00e8 00       		.byte	0
 1006 00e9 11       		.uleb128 0x11
 1007 00ea 2E       		.uleb128 0x2e
 1008 00eb 00       		.byte	0
 1009 00ec 3F       		.uleb128 0x3f
ARM GAS  C:\Users\Dan\AppData\Local\Temp\ccJ7QnKk.s 			page 23


 1010 00ed 19       		.uleb128 0x19
 1011 00ee 3C       		.uleb128 0x3c
 1012 00ef 19       		.uleb128 0x19
 1013 00f0 6E       		.uleb128 0x6e
 1014 00f1 0E       		.uleb128 0xe
 1015 00f2 03       		.uleb128 0x3
 1016 00f3 0E       		.uleb128 0xe
 1017 00f4 3A       		.uleb128 0x3a
 1018 00f5 0B       		.uleb128 0xb
 1019 00f6 3B       		.uleb128 0x3b
 1020 00f7 0B       		.uleb128 0xb
 1021 00f8 00       		.byte	0
 1022 00f9 00       		.byte	0
 1023 00fa 00       		.byte	0
 1024              		.section	.debug_loc,"",%progbits
 1025              	.Ldebug_loc0:
 1026              	.LLST0:
 1027 0000 00000000 		.4byte	.LVL3
 1028 0004 14000000 		.4byte	.LVL8
 1029 0008 0100     		.2byte	0x1
 1030 000a 50       		.byte	0x50
 1031 000b 14000000 		.4byte	.LVL8
 1032 000f 17000000 		.4byte	.LVL9-1
 1033 0013 0100     		.2byte	0x1
 1034 0015 51       		.byte	0x51
 1035 0016 17000000 		.4byte	.LVL9-1
 1036 001a 42000000 		.4byte	.LFE3
 1037 001e 0400     		.2byte	0x4
 1038 0020 F3       		.byte	0xf3
 1039 0021 01       		.uleb128 0x1
 1040 0022 50       		.byte	0x50
 1041 0023 9F       		.byte	0x9f
 1042 0024 00000000 		.4byte	0
 1043 0028 00000000 		.4byte	0
 1044              	.LLST1:
 1045 002c 00000000 		.4byte	.LVL3
 1046 0030 12000000 		.4byte	.LVL7
 1047 0034 0100     		.2byte	0x1
 1048 0036 51       		.byte	0x51
 1049 0037 12000000 		.4byte	.LVL7
 1050 003b 42000000 		.4byte	.LFE3
 1051 003f 0400     		.2byte	0x4
 1052 0041 F3       		.byte	0xf3
 1053 0042 01       		.uleb128 0x1
 1054 0043 51       		.byte	0x51
 1055 0044 9F       		.byte	0x9f
 1056 0045 00000000 		.4byte	0
 1057 0049 00000000 		.4byte	0
 1058              	.LLST2:
 1059 004d 00000000 		.4byte	.LVL3
 1060 0051 10000000 		.4byte	.LVL6
 1061 0055 0100     		.2byte	0x1
 1062 0057 52       		.byte	0x52
 1063 0058 10000000 		.4byte	.LVL6
 1064 005c 42000000 		.4byte	.LFE3
 1065 0060 0100     		.2byte	0x1
 1066 0062 55       		.byte	0x55
ARM GAS  C:\Users\Dan\AppData\Local\Temp\ccJ7QnKk.s 			page 24


 1067 0063 00000000 		.4byte	0
 1068 0067 00000000 		.4byte	0
 1069              	.LLST3:
 1070 006b 00000000 		.4byte	.LVL3
 1071 006f 0A000000 		.4byte	.LVL4
 1072 0073 0100     		.2byte	0x1
 1073 0075 53       		.byte	0x53
 1074 0076 0A000000 		.4byte	.LVL4
 1075 007a 42000000 		.4byte	.LFE3
 1076 007e 0400     		.2byte	0x4
 1077 0080 F3       		.byte	0xf3
 1078 0081 01       		.uleb128 0x1
 1079 0082 53       		.byte	0x53
 1080 0083 9F       		.byte	0x9f
 1081 0084 00000000 		.4byte	0
 1082 0088 00000000 		.4byte	0
 1083              	.LLST4:
 1084 008c 3A000000 		.4byte	.LVL15
 1085 0090 3E000000 		.4byte	.LVL16
 1086 0094 0200     		.2byte	0x2
 1087 0096 30       		.byte	0x30
 1088 0097 9F       		.byte	0x9f
 1089 0098 40000000 		.4byte	.LVL17
 1090 009c 42000000 		.4byte	.LFE3
 1091 00a0 0100     		.2byte	0x1
 1092 00a2 50       		.byte	0x50
 1093 00a3 00000000 		.4byte	0
 1094 00a7 00000000 		.4byte	0
 1095              	.LLST5:
 1096 00ab 0E000000 		.4byte	.LVL5
 1097 00af 22000000 		.4byte	.LVL11
 1098 00b3 0100     		.2byte	0x1
 1099 00b5 54       		.byte	0x54
 1100 00b6 24000000 		.4byte	.LVL12
 1101 00ba 42000000 		.4byte	.LFE3
 1102 00be 0100     		.2byte	0x1
 1103 00c0 54       		.byte	0x54
 1104 00c1 00000000 		.4byte	0
 1105 00c5 00000000 		.4byte	0
 1106              	.LLST6:
 1107 00c9 00000000 		.4byte	.LVL18
 1108 00cd 20000000 		.4byte	.LVL22
 1109 00d1 0100     		.2byte	0x1
 1110 00d3 50       		.byte	0x50
 1111 00d4 20000000 		.4byte	.LVL22
 1112 00d8 2C000000 		.4byte	.LVL26
 1113 00dc 0100     		.2byte	0x1
 1114 00de 58       		.byte	0x58
 1115 00df 2C000000 		.4byte	.LVL26
 1116 00e3 2E000000 		.4byte	.LVL27
 1117 00e7 0100     		.2byte	0x1
 1118 00e9 50       		.byte	0x50
 1119 00ea 2E000000 		.4byte	.LVL27
 1120 00ee 4E000000 		.4byte	.LVL32
 1121 00f2 0100     		.2byte	0x1
 1122 00f4 58       		.byte	0x58
 1123 00f5 4E000000 		.4byte	.LVL32
ARM GAS  C:\Users\Dan\AppData\Local\Temp\ccJ7QnKk.s 			page 25


 1124 00f9 51000000 		.4byte	.LVL33-1
 1125 00fd 0100     		.2byte	0x1
 1126 00ff 50       		.byte	0x50
 1127 0100 51000000 		.4byte	.LVL33-1
 1128 0104 9C000000 		.4byte	.LVL46
 1129 0108 0100     		.2byte	0x1
 1130 010a 58       		.byte	0x58
 1131 010b 9C000000 		.4byte	.LVL46
 1132 010f A0000000 		.4byte	.LFE4
 1133 0113 0400     		.2byte	0x4
 1134 0115 F3       		.byte	0xf3
 1135 0116 01       		.uleb128 0x1
 1136 0117 50       		.byte	0x50
 1137 0118 9F       		.byte	0x9f
 1138 0119 00000000 		.4byte	0
 1139 011d 00000000 		.4byte	0
 1140              	.LLST7:
 1141 0121 00000000 		.4byte	.LVL18
 1142 0125 18000000 		.4byte	.LVL21
 1143 0129 0100     		.2byte	0x1
 1144 012b 51       		.byte	0x51
 1145 012c 18000000 		.4byte	.LVL21
 1146 0130 9C000000 		.4byte	.LVL46
 1147 0134 0100     		.2byte	0x1
 1148 0136 56       		.byte	0x56
 1149 0137 00000000 		.4byte	0
 1150 013b 00000000 		.4byte	0
 1151              	.LLST8:
 1152 013f 00000000 		.4byte	.LVL18
 1153 0143 20000000 		.4byte	.LVL22
 1154 0147 0100     		.2byte	0x1
 1155 0149 52       		.byte	0x52
 1156 014a 20000000 		.4byte	.LVL22
 1157 014e 2C000000 		.4byte	.LVL26
 1158 0152 0100     		.2byte	0x1
 1159 0154 57       		.byte	0x57
 1160 0155 2C000000 		.4byte	.LVL26
 1161 0159 2E000000 		.4byte	.LVL27
 1162 015d 0100     		.2byte	0x1
 1163 015f 52       		.byte	0x52
 1164 0160 2E000000 		.4byte	.LVL27
 1165 0164 4E000000 		.4byte	.LVL32
 1166 0168 0100     		.2byte	0x1
 1167 016a 57       		.byte	0x57
 1168 016b 4E000000 		.4byte	.LVL32
 1169 016f 51000000 		.4byte	.LVL33-1
 1170 0173 0100     		.2byte	0x1
 1171 0175 52       		.byte	0x52
 1172 0176 51000000 		.4byte	.LVL33-1
 1173 017a 9C000000 		.4byte	.LVL46
 1174 017e 0100     		.2byte	0x1
 1175 0180 57       		.byte	0x57
 1176 0181 9C000000 		.4byte	.LVL46
 1177 0185 A0000000 		.4byte	.LFE4
 1178 0189 0400     		.2byte	0x4
 1179 018b F3       		.byte	0xf3
 1180 018c 01       		.uleb128 0x1
ARM GAS  C:\Users\Dan\AppData\Local\Temp\ccJ7QnKk.s 			page 26


 1181 018d 52       		.byte	0x52
 1182 018e 9F       		.byte	0x9f
 1183 018f 00000000 		.4byte	0
 1184 0193 00000000 		.4byte	0
 1185              	.LLST9:
 1186 0197 00000000 		.4byte	.LVL18
 1187 019b 0E000000 		.4byte	.LVL19
 1188 019f 0100     		.2byte	0x1
 1189 01a1 53       		.byte	0x53
 1190 01a2 0E000000 		.4byte	.LVL19
 1191 01a6 A0000000 		.4byte	.LFE4
 1192 01aa 0400     		.2byte	0x4
 1193 01ac F3       		.byte	0xf3
 1194 01ad 01       		.uleb128 0x1
 1195 01ae 53       		.byte	0x53
 1196 01af 9F       		.byte	0x9f
 1197 01b0 00000000 		.4byte	0
 1198 01b4 00000000 		.4byte	0
 1199              	.LLST10:
 1200 01b8 8C000000 		.4byte	.LVL42
 1201 01bc 92000000 		.4byte	.LVL43
 1202 01c0 0200     		.2byte	0x2
 1203 01c2 30       		.byte	0x30
 1204 01c3 9F       		.byte	0x9f
 1205 01c4 96000000 		.4byte	.LVL44
 1206 01c8 98000000 		.4byte	.LVL45
 1207 01cc 0200     		.2byte	0x2
 1208 01ce 40       		.byte	0x40
 1209 01cf 9F       		.byte	0x9f
 1210 01d0 98000000 		.4byte	.LVL45
 1211 01d4 A0000000 		.4byte	.LFE4
 1212 01d8 0100     		.2byte	0x1
 1213 01da 50       		.byte	0x50
 1214 01db 00000000 		.4byte	0
 1215 01df 00000000 		.4byte	0
 1216              	.LLST11:
 1217 01e3 12000000 		.4byte	.LVL20
 1218 01e7 20000000 		.4byte	.LVL22
 1219 01eb 0100     		.2byte	0x1
 1220 01ed 54       		.byte	0x54
 1221 01ee 20000000 		.4byte	.LVL22
 1222 01f2 28000000 		.4byte	.LVL24
 1223 01f6 0100     		.2byte	0x1
 1224 01f8 55       		.byte	0x55
 1225 01f9 2A000000 		.4byte	.LVL25
 1226 01fd 2C000000 		.4byte	.LVL26
 1227 0201 0100     		.2byte	0x1
 1228 0203 55       		.byte	0x55
 1229 0204 2C000000 		.4byte	.LVL26
 1230 0208 2E000000 		.4byte	.LVL27
 1231 020c 0100     		.2byte	0x1
 1232 020e 54       		.byte	0x54
 1233 020f 2E000000 		.4byte	.LVL27
 1234 0213 4E000000 		.4byte	.LVL32
 1235 0217 0100     		.2byte	0x1
 1236 0219 55       		.byte	0x55
 1237 021a 4E000000 		.4byte	.LVL32
ARM GAS  C:\Users\Dan\AppData\Local\Temp\ccJ7QnKk.s 			page 27


 1238 021e 68000000 		.4byte	.LVL37
 1239 0222 0100     		.2byte	0x1
 1240 0224 54       		.byte	0x54
 1241 0225 6A000000 		.4byte	.LVL38
 1242 0229 9C000000 		.4byte	.LVL46
 1243 022d 0100     		.2byte	0x1
 1244 022f 54       		.byte	0x54
 1245 0230 00000000 		.4byte	0
 1246 0234 00000000 		.4byte	0
 1247              		.section	.debug_aranges,"",%progbits
 1248 0000 3C000000 		.4byte	0x3c
 1249 0004 0200     		.2byte	0x2
 1250 0006 00000000 		.4byte	.Ldebug_info0
 1251 000a 04       		.byte	0x4
 1252 000b 00       		.byte	0
 1253 000c 0000     		.2byte	0
 1254 000e 0000     		.2byte	0
 1255 0010 00000000 		.4byte	.LFB0
 1256 0014 18000000 		.4byte	.LFE0-.LFB0
 1257 0018 00000000 		.4byte	.LFB1
 1258 001c 08000000 		.4byte	.LFE1-.LFB1
 1259 0020 00000000 		.4byte	.LFB2
 1260 0024 0A000000 		.4byte	.LFE2-.LFB2
 1261 0028 00000000 		.4byte	.LFB3
 1262 002c 42000000 		.4byte	.LFE3-.LFB3
 1263 0030 00000000 		.4byte	.LFB4
 1264 0034 A0000000 		.4byte	.LFE4-.LFB4
 1265 0038 00000000 		.4byte	0
 1266 003c 00000000 		.4byte	0
 1267              		.section	.debug_ranges,"",%progbits
 1268              	.Ldebug_ranges0:
 1269 0000 00000000 		.4byte	.LFB0
 1270 0004 18000000 		.4byte	.LFE0
 1271 0008 00000000 		.4byte	.LFB1
 1272 000c 08000000 		.4byte	.LFE1
 1273 0010 00000000 		.4byte	.LFB2
 1274 0014 0A000000 		.4byte	.LFE2
 1275 0018 00000000 		.4byte	.LFB3
 1276 001c 42000000 		.4byte	.LFE3
 1277 0020 00000000 		.4byte	.LFB4
 1278 0024 A0000000 		.4byte	.LFE4
 1279 0028 00000000 		.4byte	0
 1280 002c 00000000 		.4byte	0
 1281              		.section	.debug_line,"",%progbits
 1282              	.Ldebug_line0:
 1283 0000 F2000000 		.section	.debug_str,"MS",%progbits,1
 1283      02005D00 
 1283      00000201 
 1283      FB0E0D00 
 1283      01010101 
 1284              	.LASF25:
 1285 0000 74696D65 		.ascii	"timeoutMs\000"
 1285      6F75744D 
 1285      7300
 1286              	.LASF14:
 1287 000a 63797374 		.ascii	"cystatus\000"
 1287      61747573 
ARM GAS  C:\Users\Dan\AppData\Local\Temp\ccJ7QnKk.s 			page 28


 1287      00
 1288              	.LASF40:
 1289 0013 433A5C44 		.ascii	"C:\\Dan\\Eng Projects\\BP308\\TLAUX\\ARM Code\\TLAU"
 1289      616E5C45 
 1289      6E672050 
 1289      726F6A65 
 1289      6374735C 
 1290 0040 585C544C 		.ascii	"X\\TLAUX_Bootloader.cydsn\000"
 1290      4155585F 
 1290      426F6F74 
 1290      6C6F6164 
 1290      65722E63 
 1291              	.LASF22:
 1292 0059 636F756E 		.ascii	"count\000"
 1292      7400
 1293              	.LASF3:
 1294 005f 73686F72 		.ascii	"short unsigned int\000"
 1294      7420756E 
 1294      7369676E 
 1294      65642069 
 1294      6E7400
 1295              	.LASF19:
 1296 0072 55534246 		.ascii	"USBFS_CyBtldrCommReset\000"
 1296      535F4379 
 1296      42746C64 
 1296      72436F6D 
 1296      6D526573 
 1297              	.LASF29:
 1298 0089 55534246 		.ascii	"USBFS_Start\000"
 1298      535F5374 
 1298      61727400 
 1299              	.LASF20:
 1300 0095 70446174 		.ascii	"pData\000"
 1300      6100
 1301              	.LASF17:
 1302 009b 55534246 		.ascii	"USBFS_CyBtldrCommStart\000"
 1302      535F4379 
 1302      42746C64 
 1302      72436F6D 
 1302      6D537461 
 1303              	.LASF11:
 1304 00b2 666C6F61 		.ascii	"float\000"
 1304      7400
 1305              	.LASF30:
 1306 00b8 55534246 		.ascii	"USBFS_Stop\000"
 1306      535F5374 
 1306      6F7000
 1307              	.LASF21:
 1308 00c3 73697A65 		.ascii	"size\000"
 1308      00
 1309              	.LASF38:
 1310 00c8 474E5520 		.ascii	"GNU C11 5.4.1 20160609 (release) [ARM/embedded-5-br"
 1310      43313120 
 1310      352E342E 
 1310      31203230 
 1310      31363036 
 1311 00fb 616E6368 		.ascii	"anch revision 237715] -mcpu=cortex-m3 -mthumb -g -O"
ARM GAS  C:\Users\Dan\AppData\Local\Temp\ccJ7QnKk.s 			page 29


 1311      20726576 
 1311      6973696F 
 1311      6E203233 
 1311      37373135 
 1312 012e 67202D66 		.ascii	"g -ffunction-sections -ffat-lto-objects\000"
 1312      66756E63 
 1312      74696F6E 
 1312      2D736563 
 1312      74696F6E 
 1313              	.LASF5:
 1314 0156 6C6F6E67 		.ascii	"long unsigned int\000"
 1314      20756E73 
 1314      69676E65 
 1314      6420696E 
 1314      7400
 1315              	.LASF9:
 1316 0168 75696E74 		.ascii	"uint8\000"
 1316      3800
 1317              	.LASF1:
 1318 016e 756E7369 		.ascii	"unsigned char\000"
 1318      676E6564 
 1318      20636861 
 1318      7200
 1319              	.LASF12:
 1320 017c 646F7562 		.ascii	"double\000"
 1320      6C6500
 1321              	.LASF37:
 1322 0183 55534246 		.ascii	"USBFS_ReadOutEP\000"
 1322      535F5265 
 1322      61644F75 
 1322      74455000 
 1323              	.LASF26:
 1324 0193 55534246 		.ascii	"USBFS_CyBtldrCommWrite\000"
 1324      535F4379 
 1324      42746C64 
 1324      72436F6D 
 1324      6D577269 
 1325              	.LASF10:
 1326 01aa 75696E74 		.ascii	"uint16\000"
 1326      313600
 1327              	.LASF35:
 1328 01b1 55534246 		.ascii	"USBFS_GetConfiguration\000"
 1328      535F4765 
 1328      74436F6E 
 1328      66696775 
 1328      72617469 
 1329              	.LASF8:
 1330 01c8 756E7369 		.ascii	"unsigned int\000"
 1330      676E6564 
 1330      20696E74 
 1330      00
 1331              	.LASF7:
 1332 01d5 6C6F6E67 		.ascii	"long long unsigned int\000"
 1332      206C6F6E 
 1332      6720756E 
 1332      7369676E 
 1332      65642069 
ARM GAS  C:\Users\Dan\AppData\Local\Temp\ccJ7QnKk.s 			page 30


 1333              	.LASF31:
 1334 01ec 55534246 		.ascii	"USBFS_EnableOutEP\000"
 1334      535F456E 
 1334      61626C65 
 1334      4F757445 
 1334      5000
 1335              	.LASF24:
 1336 01fe 72657443 		.ascii	"retCode\000"
 1336      6F646500 
 1337              	.LASF39:
 1338 0206 47656E65 		.ascii	"Generated_Source\\PSoC5\\USBFS_boot.c\000"
 1338      72617465 
 1338      645F536F 
 1338      75726365 
 1338      5C50536F 
 1339              	.LASF16:
 1340 022a 73697A65 		.ascii	"sizetype\000"
 1340      74797065 
 1340      00
 1341              	.LASF6:
 1342 0233 6C6F6E67 		.ascii	"long long int\000"
 1342      206C6F6E 
 1342      6720696E 
 1342      7400
 1343              	.LASF13:
 1344 0241 63686172 		.ascii	"char\000"
 1344      00
 1345              	.LASF32:
 1346 0246 55534246 		.ascii	"USBFS_LoadInEP\000"
 1346      535F4C6F 
 1346      6164496E 
 1346      455000
 1347              	.LASF2:
 1348 0255 73686F72 		.ascii	"short int\000"
 1348      7420696E 
 1348      7400
 1349              	.LASF23:
 1350 025f 74696D65 		.ascii	"timeOut\000"
 1350      4F757400 
 1351              	.LASF34:
 1352 0267 55534246 		.ascii	"USBFS_GetEPState\000"
 1352      535F4765 
 1352      74455053 
 1352      74617465 
 1352      00
 1353              	.LASF4:
 1354 0278 6C6F6E67 		.ascii	"long int\000"
 1354      20696E74 
 1354      00
 1355              	.LASF15:
 1356 0281 6C6F6E67 		.ascii	"long double\000"
 1356      20646F75 
 1356      626C6500 
 1357              	.LASF18:
 1358 028d 55534246 		.ascii	"USBFS_CyBtldrCommStop\000"
 1358      535F4379 
 1358      42746C64 
ARM GAS  C:\Users\Dan\AppData\Local\Temp\ccJ7QnKk.s 			page 31


 1358      72436F6D 
 1358      6D53746F 
 1359              	.LASF0:
 1360 02a3 7369676E 		.ascii	"signed char\000"
 1360      65642063 
 1360      68617200 
 1361              	.LASF28:
 1362 02af 55534246 		.ascii	"USBFS_started\000"
 1362      535F7374 
 1362      61727465 
 1362      6400
 1363              	.LASF33:
 1364 02bd 43794465 		.ascii	"CyDelay\000"
 1364      6C617900 
 1365              	.LASF27:
 1366 02c5 55534246 		.ascii	"USBFS_CyBtldrCommRead\000"
 1366      535F4379 
 1366      42746C64 
 1366      72436F6D 
 1366      6D526561 
 1367              	.LASF36:
 1368 02db 55534246 		.ascii	"USBFS_IsConfigurationChanged\000"
 1368      535F4973 
 1368      436F6E66 
 1368      69677572 
 1368      6174696F 
 1369              		.ident	"GCC: (GNU Tools for ARM Embedded Processors) 5.4.1 20160609 (release) [ARM/embedded-5-bran
