ARM GAS  C:\Users\Dan\AppData\Local\Temp\ccoMxLTS.s 			page 1


   1              		.syntax unified
   2              		.cpu cortex-m3
   3              		.fpu softvfp
   4              		.eabi_attribute 20, 1
   5              		.eabi_attribute 21, 1
   6              		.eabi_attribute 23, 3
   7              		.eabi_attribute 24, 1
   8              		.eabi_attribute 25, 1
   9              		.eabi_attribute 26, 1
  10              		.eabi_attribute 30, 1
  11              		.eabi_attribute 34, 1
  12              		.eabi_attribute 18, 4
  13              		.thumb
  14              		.syntax unified
  15              		.file	"Cmds.c"
  16              		.text
  17              	.Ltext0:
  18              		.cfi_sections	.debug_frame
  19              		.section	.text.Ver_Cmd,"ax",%progbits
  20              		.align	2
  21              		.global	Ver_Cmd
  22              		.thumb
  23              		.thumb_func
  24              		.type	Ver_Cmd, %function
  25              	Ver_Cmd:
  26              	.LFB64:
  27              		.file 1 "Cmds.c"
   1:Cmds.c        **** /* ========================================
   2:Cmds.c        ****  *
   3:Cmds.c        ****  * Copyright YOUR COMPANY, THE YEAR
   4:Cmds.c        ****  * All Rights Reserved
   5:Cmds.c        ****  * UNPUBLISHED, LICENSED SOFTWARE.
   6:Cmds.c        ****  *
   7:Cmds.c        ****  * CONFIDENTIAL AND PROPRIETARY INFORMATION
   8:Cmds.c        ****  * WHICH IS THE PROPERTY OF your company.
   9:Cmds.c        ****  *
  10:Cmds.c        ****  * ========================================
  11:Cmds.c        **** */
  12:Cmds.c        **** 
  13:Cmds.c        **** #include <project.h>
  14:Cmds.c        **** 
  15:Cmds.c        **** #include "Cmds.h"
  16:Cmds.c        **** #include "CLI.h"
  17:Cmds.c        **** #include "U_HW.h"
  18:Cmds.c        **** #include "State_Machine.h"
  19:Cmds.c        **** #include "MPGCmds.h"
  20:Cmds.c        **** #include "Processes.h"
  21:Cmds.c        **** 
  22:Cmds.c        **** #include <stdint.h>
  23:Cmds.c        **** #include <stdlib.h>
  24:Cmds.c        **** #include <string.h>
  25:Cmds.c        **** #include <stdio.h>
  26:Cmds.c        **** 
  27:Cmds.c        **** #include "Serial_IO.h"
  28:Cmds.c        **** 
  29:Cmds.c        **** extern func_ptr FastProcess[];
  30:Cmds.c        **** extern func_ptr MsProcess[];
ARM GAS  C:\Users\Dan\AppData\Local\Temp\ccoMxLTS.s 			page 2


  31:Cmds.c        **** extern func_ptr SlowProcess[];
  32:Cmds.c        **** 
  33:Cmds.c        **** extern func_ptr MPG_SM;
  34:Cmds.c        **** 
  35:Cmds.c        **** char u_msg[32];
  36:Cmds.c        **** 
  37:Cmds.c        **** CLI_CMD(Ver_Cmd)
  38:Cmds.c        **** {
  28              		.loc 1 38 0
  29              		.cfi_startproc
  30              		@ args = 0, pretend = 0, frame = 0
  31              		@ frame_needed = 0, uses_anonymous_args = 0
  32              	.LVL0:
  33 0000 08B5     		push	{r3, lr}
  34              		.cfi_def_cfa_offset 8
  35              		.cfi_offset 3, -8
  36              		.cfi_offset 14, -4
  39:Cmds.c        ****     UNUSED_ARG(argc);UNUSED_ARG(argv);
  40:Cmds.c        ****     
  41:Cmds.c        ****     PutStr("\r** BP308 MPG with PSOC-5 **\r");
  37              		.loc 1 41 0
  38 0002 0548     		ldr	r0, .L3
  39              	.LVL1:
  40 0004 FFF7FEFF 		bl	USB_PutString
  41              	.LVL2:
  42:Cmds.c        **** 	PutStr("  Version 1.00\r");
  42              		.loc 1 42 0
  43 0008 0448     		ldr	r0, .L3+4
  44 000a FFF7FEFF 		bl	USB_PutString
  45              	.LVL3:
  43:Cmds.c        **** 	PutStr(__DATE__" "__TIME__"\r");
  46              		.loc 1 43 0
  47 000e 0448     		ldr	r0, .L3+8
  48 0010 FFF7FEFF 		bl	USB_PutString
  49              	.LVL4:
  44:Cmds.c        **** 	return 0;
  45:Cmds.c        **** }
  50              		.loc 1 45 0
  51 0014 0020     		movs	r0, #0
  52 0016 08BD     		pop	{r3, pc}
  53              	.L4:
  54              		.align	2
  55              	.L3:
  56 0018 00000000 		.word	.LC0
  57 001c 20000000 		.word	.LC1
  58 0020 30000000 		.word	.LC2
  59              		.cfi_endproc
  60              	.LFE64:
  61              		.size	Ver_Cmd, .-Ver_Cmd
  62              		.section	.text.Comment_Cmd,"ax",%progbits
  63              		.align	2
  64              		.global	Comment_Cmd
  65              		.thumb
  66              		.thumb_func
  67              		.type	Comment_Cmd, %function
  68              	Comment_Cmd:
  69              	.LFB65:
ARM GAS  C:\Users\Dan\AppData\Local\Temp\ccoMxLTS.s 			page 3


  46:Cmds.c        **** 
  47:Cmds.c        **** CLI_CMD(Comment_Cmd)
  48:Cmds.c        **** {
  70              		.loc 1 48 0
  71              		.cfi_startproc
  72              		@ args = 0, pretend = 0, frame = 0
  73              		@ frame_needed = 0, uses_anonymous_args = 0
  74              		@ link register save eliminated.
  75              	.LVL5:
  49:Cmds.c        ****     UNUSED_ARG(argc);UNUSED_ARG(argv);
  50:Cmds.c        ****     
  51:Cmds.c        ****     return 0;
  52:Cmds.c        **** }
  76              		.loc 1 52 0
  77 0000 0020     		movs	r0, #0
  78              	.LVL6:
  79 0002 7047     		bx	lr
  80              		.cfi_endproc
  81              	.LFE65:
  82              		.size	Comment_Cmd, .-Comment_Cmd
  83              		.section	.text.Count_Cmd,"ax",%progbits
  84              		.align	2
  85              		.global	Count_Cmd
  86              		.thumb
  87              		.thumb_func
  88              		.type	Count_Cmd, %function
  89              	Count_Cmd:
  90              	.LFB66:
  53:Cmds.c        **** 
  54:Cmds.c        **** CLI_CMD(Count_Cmd)
  55:Cmds.c        **** {
  91              		.loc 1 55 0
  92              		.cfi_startproc
  93              		@ args = 0, pretend = 0, frame = 0
  94              		@ frame_needed = 0, uses_anonymous_args = 0
  95              	.LVL7:
  96 0000 10B5     		push	{r4, lr}
  97              		.cfi_def_cfa_offset 8
  98              		.cfi_offset 4, -8
  99              		.cfi_offset 14, -4
  56:Cmds.c        ****     if(argc < 2)
 100              		.loc 1 56 0
 101 0002 0128     		cmp	r0, #1
 102 0004 03DC     		bgt	.L7
  57:Cmds.c        ****     {
  58:Cmds.c        ****         PutStr("usage: count {on/off}");
 103              		.loc 1 58 0
 104 0006 1548     		ldr	r0, .L12
 105              	.LVL8:
 106 0008 FFF7FEFF 		bl	USB_PutString
 107              	.LVL9:
  59:Cmds.c        ****         return 0;
 108              		.loc 1 59 0
 109 000c 23E0     		b	.L8
 110              	.LVL10:
 111              	.L7:
 112 000e 0C46     		mov	r4, r1
ARM GAS  C:\Users\Dan\AppData\Local\Temp\ccoMxLTS.s 			page 4


  60:Cmds.c        ****     }
  61:Cmds.c        ****    if(strcmp(argv[1], "on") == 0)
 113              		.loc 1 61 0
 114 0010 1349     		ldr	r1, .L12+4
 115              	.LVL11:
 116 0012 6068     		ldr	r0, [r4, #4]
 117              	.LVL12:
 118 0014 FFF7FEFF 		bl	strcmp
 119              	.LVL13:
 120 0018 88B9     		cbnz	r0, .L9
  62:Cmds.c        ****     {
  63:Cmds.c        ****         if(Process_Running(MsProcess, CountProcess))
 121              		.loc 1 63 0
 122 001a 1249     		ldr	r1, .L12+8
 123 001c 1248     		ldr	r0, .L12+12
 124 001e FFF7FEFF 		bl	Process_Running
 125              	.LVL14:
 126 0022 18B1     		cbz	r0, .L10
  64:Cmds.c        ****         {
  65:Cmds.c        ****             PutStr("Count already running!");
 127              		.loc 1 65 0
 128 0024 1148     		ldr	r0, .L12+16
 129 0026 FFF7FEFF 		bl	USB_PutString
 130              	.LVL15:
 131 002a 08E0     		b	.L9
 132              	.L10:
  66:Cmds.c        ****         } else {
  67:Cmds.c        ****             Add_Process(MsProcess, &(CountProcess));
 133              		.loc 1 67 0
 134 002c 0D49     		ldr	r1, .L12+8
 135 002e 0E48     		ldr	r0, .L12+12
 136 0030 FFF7FEFF 		bl	Add_Process
 137              	.LVL16:
  68:Cmds.c        ****             InitCountProcess();
 138              		.loc 1 68 0
 139 0034 FFF7FEFF 		bl	InitCountProcess
 140              	.LVL17:
  69:Cmds.c        ****             PutStr("Count is ON!");
 141              		.loc 1 69 0
 142 0038 0D48     		ldr	r0, .L12+20
 143 003a FFF7FEFF 		bl	USB_PutString
 144              	.LVL18:
 145              	.L9:
  70:Cmds.c        ****         }
  71:Cmds.c        ****     }
  72:Cmds.c        ****     if(strcmp(argv[1], "off") == 0)
 146              		.loc 1 72 0
 147 003e 0D49     		ldr	r1, .L12+24
 148 0040 6068     		ldr	r0, [r4, #4]
 149 0042 FFF7FEFF 		bl	strcmp
 150              	.LVL19:
 151 0046 30B9     		cbnz	r0, .L8
  73:Cmds.c        ****     {
  74:Cmds.c        ****         Del_Process(MsProcess, &(CountProcess));
 152              		.loc 1 74 0
 153 0048 0649     		ldr	r1, .L12+8
 154 004a 0748     		ldr	r0, .L12+12
ARM GAS  C:\Users\Dan\AppData\Local\Temp\ccoMxLTS.s 			page 5


 155 004c FFF7FEFF 		bl	Del_Process
 156              	.LVL20:
  75:Cmds.c        ****         PutStr("Count is OFF!");
 157              		.loc 1 75 0
 158 0050 0948     		ldr	r0, .L12+28
 159 0052 FFF7FEFF 		bl	USB_PutString
 160              	.LVL21:
 161              	.L8:
  76:Cmds.c        **** 
  77:Cmds.c        ****     }
  78:Cmds.c        ****     return 0;
  79:Cmds.c        **** }
 162              		.loc 1 79 0
 163 0056 0020     		movs	r0, #0
 164 0058 10BD     		pop	{r4, pc}
 165              	.L13:
 166 005a 00BF     		.align	2
 167              	.L12:
 168 005c 48000000 		.word	.LC3
 169 0060 60000000 		.word	.LC4
 170 0064 00000000 		.word	CountProcess
 171 0068 00000000 		.word	MsProcess
 172 006c 64000000 		.word	.LC5
 173 0070 7C000000 		.word	.LC6
 174 0074 8C000000 		.word	.LC7
 175 0078 90000000 		.word	.LC8
 176              		.cfi_endproc
 177              	.LFE66:
 178              		.size	Count_Cmd, .-Count_Cmd
 179              		.section	.text.Alpha_Cmd,"ax",%progbits
 180              		.align	2
 181              		.global	Alpha_Cmd
 182              		.thumb
 183              		.thumb_func
 184              		.type	Alpha_Cmd, %function
 185              	Alpha_Cmd:
 186              	.LFB67:
  80:Cmds.c        **** 
  81:Cmds.c        **** CLI_CMD(Alpha_Cmd)
  82:Cmds.c        **** {
 187              		.loc 1 82 0
 188              		.cfi_startproc
 189              		@ args = 0, pretend = 0, frame = 0
 190              		@ frame_needed = 0, uses_anonymous_args = 0
 191              	.LVL22:
 192 0000 10B5     		push	{r4, lr}
 193              		.cfi_def_cfa_offset 8
 194              		.cfi_offset 4, -8
 195              		.cfi_offset 14, -4
  83:Cmds.c        ****         if(argc < 2)
 196              		.loc 1 83 0
 197 0002 0128     		cmp	r0, #1
 198 0004 03DC     		bgt	.L15
  84:Cmds.c        ****     {
  85:Cmds.c        ****         PutStr("usage: alpha {on/off}");
 199              		.loc 1 85 0
 200 0006 1548     		ldr	r0, .L20
ARM GAS  C:\Users\Dan\AppData\Local\Temp\ccoMxLTS.s 			page 6


 201              	.LVL23:
 202 0008 FFF7FEFF 		bl	USB_PutString
 203              	.LVL24:
  86:Cmds.c        ****         return 0;
 204              		.loc 1 86 0
 205 000c 23E0     		b	.L16
 206              	.LVL25:
 207              	.L15:
 208 000e 0C46     		mov	r4, r1
  87:Cmds.c        ****     }
  88:Cmds.c        ****    if(strcmp(argv[1], "on") == 0)
 209              		.loc 1 88 0
 210 0010 1349     		ldr	r1, .L20+4
 211              	.LVL26:
 212 0012 6068     		ldr	r0, [r4, #4]
 213              	.LVL27:
 214 0014 FFF7FEFF 		bl	strcmp
 215              	.LVL28:
 216 0018 88B9     		cbnz	r0, .L17
  89:Cmds.c        ****     {
  90:Cmds.c        ****         if(Process_Running(MsProcess, AlphaProcess))
 217              		.loc 1 90 0
 218 001a 1249     		ldr	r1, .L20+8
 219 001c 1248     		ldr	r0, .L20+12
 220 001e FFF7FEFF 		bl	Process_Running
 221              	.LVL29:
 222 0022 18B1     		cbz	r0, .L18
  91:Cmds.c        ****         {
  92:Cmds.c        ****             PutStr("Alpha already running!");
 223              		.loc 1 92 0
 224 0024 1148     		ldr	r0, .L20+16
 225 0026 FFF7FEFF 		bl	USB_PutString
 226              	.LVL30:
 227 002a 08E0     		b	.L17
 228              	.L18:
  93:Cmds.c        ****         } else {
  94:Cmds.c        ****             Add_Process(MsProcess, &(AlphaProcess));
 229              		.loc 1 94 0
 230 002c 0D49     		ldr	r1, .L20+8
 231 002e 0E48     		ldr	r0, .L20+12
 232 0030 FFF7FEFF 		bl	Add_Process
 233              	.LVL31:
  95:Cmds.c        ****             InitAlphaProcess();
 234              		.loc 1 95 0
 235 0034 FFF7FEFF 		bl	InitAlphaProcess
 236              	.LVL32:
  96:Cmds.c        ****             PutStr("Alpha is ON!");
 237              		.loc 1 96 0
 238 0038 0D48     		ldr	r0, .L20+20
 239 003a FFF7FEFF 		bl	USB_PutString
 240              	.LVL33:
 241              	.L17:
  97:Cmds.c        ****         }
  98:Cmds.c        ****     }
  99:Cmds.c        ****     if(strcmp(argv[1], "off") == 0)
 242              		.loc 1 99 0
 243 003e 0D49     		ldr	r1, .L20+24
ARM GAS  C:\Users\Dan\AppData\Local\Temp\ccoMxLTS.s 			page 7


 244 0040 6068     		ldr	r0, [r4, #4]
 245 0042 FFF7FEFF 		bl	strcmp
 246              	.LVL34:
 247 0046 30B9     		cbnz	r0, .L16
 100:Cmds.c        ****     {
 101:Cmds.c        ****         Del_Process(MsProcess, &(AlphaProcess));
 248              		.loc 1 101 0
 249 0048 0649     		ldr	r1, .L20+8
 250 004a 0748     		ldr	r0, .L20+12
 251 004c FFF7FEFF 		bl	Del_Process
 252              	.LVL35:
 102:Cmds.c        ****         PutStr("Alpha is OFF!");
 253              		.loc 1 102 0
 254 0050 0948     		ldr	r0, .L20+28
 255 0052 FFF7FEFF 		bl	USB_PutString
 256              	.LVL36:
 257              	.L16:
 103:Cmds.c        ****     }
 104:Cmds.c        ****     return 0;
 105:Cmds.c        **** }
 258              		.loc 1 105 0
 259 0056 0020     		movs	r0, #0
 260 0058 10BD     		pop	{r4, pc}
 261              	.L21:
 262 005a 00BF     		.align	2
 263              	.L20:
 264 005c A0000000 		.word	.LC9
 265 0060 60000000 		.word	.LC4
 266 0064 00000000 		.word	AlphaProcess
 267 0068 00000000 		.word	MsProcess
 268 006c B8000000 		.word	.LC10
 269 0070 D0000000 		.word	.LC11
 270 0074 8C000000 		.word	.LC7
 271 0078 E0000000 		.word	.LC12
 272              		.cfi_endproc
 273              	.LFE67:
 274              		.size	Alpha_Cmd, .-Alpha_Cmd
 275              		.section	.text.UTX_Cmd,"ax",%progbits
 276              		.align	2
 277              		.global	UTX_Cmd
 278              		.thumb
 279              		.thumb_func
 280              		.type	UTX_Cmd, %function
 281              	UTX_Cmd:
 282              	.LFB68:
 106:Cmds.c        **** 
 107:Cmds.c        **** CLI_CMD(UTX_Cmd)
 108:Cmds.c        **** {
 283              		.loc 1 108 0
 284              		.cfi_startproc
 285              		@ args = 0, pretend = 0, frame = 0
 286              		@ frame_needed = 0, uses_anonymous_args = 0
 287              	.LVL37:
 109:Cmds.c        ****     if(argc >= 1)
 288              		.loc 1 109 0
 289 0000 0028     		cmp	r0, #0
 290 0002 08DC     		bgt	.L26
ARM GAS  C:\Users\Dan\AppData\Local\Temp\ccoMxLTS.s 			page 8


 110:Cmds.c        ****     {
 111:Cmds.c        ****         for(uint8 i=1; i < argc; i++)
 112:Cmds.c        ****         {
 113:Cmds.c        ****             UART_PutStr((uint8 *) argv[i]);
 114:Cmds.c        ****         }
 115:Cmds.c        ****     }
 116:Cmds.c        ****     return 0;
 117:Cmds.c        **** }
 291              		.loc 1 117 0
 292 0004 0020     		movs	r0, #0
 293              	.LVL38:
 294 0006 7047     		bx	lr
 295              	.LVL39:
 296              	.L25:
 297              		.cfi_def_cfa_offset 16
 298              		.cfi_offset 4, -16
 299              		.cfi_offset 5, -12
 300              		.cfi_offset 6, -8
 301              		.cfi_offset 14, -4
 302              	.LBB2:
 113:Cmds.c        ****         }
 303              		.loc 1 113 0 discriminator 3
 304 0008 56F82400 		ldr	r0, [r6, r4, lsl #2]
 305 000c FFF7FEFF 		bl	UART_PutStr
 306              	.LVL40:
 111:Cmds.c        ****         {
 307              		.loc 1 111 0 discriminator 3
 308 0010 0134     		adds	r4, r4, #1
 309              	.LVL41:
 310 0012 E4B2     		uxtb	r4, r4
 311              	.LVL42:
 312 0014 03E0     		b	.L23
 313              	.LVL43:
 314              	.L26:
 315              		.cfi_def_cfa_offset 0
 316              		.cfi_restore 4
 317              		.cfi_restore 5
 318              		.cfi_restore 6
 319              		.cfi_restore 14
 320              	.LBE2:
 108:Cmds.c        ****     if(argc >= 1)
 321              		.loc 1 108 0
 322 0016 70B5     		push	{r4, r5, r6, lr}
 323              		.cfi_def_cfa_offset 16
 324              		.cfi_offset 4, -16
 325              		.cfi_offset 5, -12
 326              		.cfi_offset 6, -8
 327              		.cfi_offset 14, -4
 328 0018 0546     		mov	r5, r0
 329 001a 0E46     		mov	r6, r1
 330 001c 0124     		movs	r4, #1
 331              	.LVL44:
 332              	.L23:
 333              	.LBB3:
 111:Cmds.c        ****         {
 334              		.loc 1 111 0 discriminator 1
 335 001e A542     		cmp	r5, r4
ARM GAS  C:\Users\Dan\AppData\Local\Temp\ccoMxLTS.s 			page 9


 336 0020 F2DC     		bgt	.L25
 337              	.LBE3:
 338              		.loc 1 117 0
 339 0022 0020     		movs	r0, #0
 340 0024 70BD     		pop	{r4, r5, r6, pc}
 341              		.cfi_endproc
 342              	.LFE68:
 343              		.size	UTX_Cmd, .-UTX_Cmd
 344 0026 00BF     		.section	.text.State_Cmd,"ax",%progbits
 345              		.align	2
 346              		.global	State_Cmd
 347              		.thumb
 348              		.thumb_func
 349              		.type	State_Cmd, %function
 350              	State_Cmd:
 351              	.LFB69:
 118:Cmds.c        **** 
 119:Cmds.c        **** 
 120:Cmds.c        **** CLI_CMD(State_Cmd)
 121:Cmds.c        **** {
 352              		.loc 1 121 0
 353              		.cfi_startproc
 354              		@ args = 0, pretend = 0, frame = 0
 355              		@ frame_needed = 0, uses_anonymous_args = 0
 356              	.LVL45:
 357 0000 08B5     		push	{r3, lr}
 358              		.cfi_def_cfa_offset 8
 359              		.cfi_offset 3, -8
 360              		.cfi_offset 14, -4
 122:Cmds.c        ****         UNUSED_ARG(argc);UNUSED_ARG(argv);
 123:Cmds.c        ****         PutStr("Status : ");
 361              		.loc 1 123 0
 362 0002 0348     		ldr	r0, .L30
 363              	.LVL46:
 364 0004 FFF7FEFF 		bl	USB_PutString
 365              	.LVL47:
 124:Cmds.c        ****         MPG_Status();
 366              		.loc 1 124 0
 367 0008 FFF7FEFF 		bl	MPG_Status
 368              	.LVL48:
 125:Cmds.c        ****     return 0;
 126:Cmds.c        **** }
 369              		.loc 1 126 0
 370 000c 0020     		movs	r0, #0
 371 000e 08BD     		pop	{r3, pc}
 372              	.L31:
 373              		.align	2
 374              	.L30:
 375 0010 F0000000 		.word	.LC13
 376              		.cfi_endproc
 377              	.LFE69:
 378              		.size	State_Cmd, .-State_Cmd
 379              		.section	.text.Load_Cmd,"ax",%progbits
 380              		.align	2
 381              		.global	Load_Cmd
 382              		.thumb
 383              		.thumb_func
ARM GAS  C:\Users\Dan\AppData\Local\Temp\ccoMxLTS.s 			page 10


 384              		.type	Load_Cmd, %function
 385              	Load_Cmd:
 386              	.LFB70:
 127:Cmds.c        **** 
 128:Cmds.c        **** 
 129:Cmds.c        **** 
 130:Cmds.c        **** CLI_CMD(Load_Cmd)
 131:Cmds.c        **** {
 387              		.loc 1 131 0
 388              		.cfi_startproc
 389              		@ args = 0, pretend = 0, frame = 0
 390              		@ frame_needed = 0, uses_anonymous_args = 0
 391              	.LVL49:
 392 0000 08B5     		push	{r3, lr}
 393              		.cfi_def_cfa_offset 8
 394              		.cfi_offset 3, -8
 395              		.cfi_offset 14, -4
 132:Cmds.c        ****     UNUSED_ARG(argc);UNUSED_ARG(argv);
 133:Cmds.c        ****     Bootloadable_Load();      // uncomment when the bootloadable is active
 396              		.loc 1 133 0
 397 0002 FFF7FEFF 		bl	Bootloadable_Load
 398              	.LVL50:
 134:Cmds.c        ****     
 135:Cmds.c        ****     return 0;
 136:Cmds.c        **** }
 399              		.loc 1 136 0
 400 0006 0020     		movs	r0, #0
 401 0008 08BD     		pop	{r3, pc}
 402              		.cfi_endproc
 403              	.LFE70:
 404              		.size	Load_Cmd, .-Load_Cmd
 405 000a 00BF     		.section	.text.In_Fault_Cmd,"ax",%progbits
 406              		.align	2
 407              		.global	In_Fault_Cmd
 408              		.thumb
 409              		.thumb_func
 410              		.type	In_Fault_Cmd, %function
 411              	In_Fault_Cmd:
 412              	.LFB71:
 137:Cmds.c        **** 
 138:Cmds.c        **** 
 139:Cmds.c        **** 
 140:Cmds.c        **** CLI_CMD(In_Fault_Cmd)
 141:Cmds.c        **** {
 413              		.loc 1 141 0
 414              		.cfi_startproc
 415              		@ args = 0, pretend = 0, frame = 0
 416              		@ frame_needed = 0, uses_anonymous_args = 0
 417              	.LVL51:
 418 0000 08B5     		push	{r3, lr}
 419              		.cfi_def_cfa_offset 8
 420              		.cfi_offset 3, -8
 421              		.cfi_offset 14, -4
 142:Cmds.c        ****     UNUSED_ARG(argc);UNUSED_ARG(argv);
 143:Cmds.c        ****     if(In_Fault() == 0)
 422              		.loc 1 143 0
 423 0002 FFF7FEFF 		bl	In_Fault
ARM GAS  C:\Users\Dan\AppData\Local\Temp\ccoMxLTS.s 			page 11


 424              	.LVL52:
 425 0006 18B9     		cbnz	r0, .L35
 144:Cmds.c        ****     {
 145:Cmds.c        ****         PutStr("NO FAULT");
 426              		.loc 1 145 0
 427 0008 0448     		ldr	r0, .L38
 428 000a FFF7FEFF 		bl	USB_PutString
 429              	.LVL53:
 430 000e 02E0     		b	.L36
 431              	.L35:
 146:Cmds.c        ****     }
 147:Cmds.c        ****     else
 148:Cmds.c        ****     {
 149:Cmds.c        ****         PutStr("*** FAULT ***");
 432              		.loc 1 149 0
 433 0010 0348     		ldr	r0, .L38+4
 434 0012 FFF7FEFF 		bl	USB_PutString
 435              	.LVL54:
 436              	.L36:
 150:Cmds.c        ****     }
 151:Cmds.c        ****     return 0;
 152:Cmds.c        **** }
 437              		.loc 1 152 0
 438 0016 0020     		movs	r0, #0
 439 0018 08BD     		pop	{r3, pc}
 440              	.L39:
 441 001a 00BF     		.align	2
 442              	.L38:
 443 001c FC000000 		.word	.LC14
 444 0020 08010000 		.word	.LC15
 445              		.cfi_endproc
 446              	.LFE71:
 447              		.size	In_Fault_Cmd, .-In_Fault_Cmd
 448              		.comm	u_msg,32,4
 449              		.section	.rodata.str1.4,"aMS",%progbits,1
 450              		.align	2
 451              	.LC0:
 452 0000 0D2A2A20 		.ascii	"\015** BP308 MPG with PSOC-5 **\015\000"
 452      42503330 
 452      38204D50 
 452      47207769 
 452      74682050 
 453 001e 0000     		.space	2
 454              	.LC1:
 455 0020 20205665 		.ascii	"  Version 1.00\015\000"
 455      7273696F 
 455      6E20312E 
 455      30300D00 
 456              	.LC2:
 457 0030 4A616E20 		.ascii	"Jan 16 2020 19:53:58\015\000"
 457      31362032 
 457      30323020 
 457      31393A35 
 457      333A3538 
 458 0046 0000     		.space	2
 459              	.LC3:
 460 0048 75736167 		.ascii	"usage: count {on/off}\000"
ARM GAS  C:\Users\Dan\AppData\Local\Temp\ccoMxLTS.s 			page 12


 460      653A2063 
 460      6F756E74 
 460      207B6F6E 
 460      2F6F6666 
 461 005e 0000     		.space	2
 462              	.LC4:
 463 0060 6F6E00   		.ascii	"on\000"
 464 0063 00       		.space	1
 465              	.LC5:
 466 0064 436F756E 		.ascii	"Count already running!\000"
 466      7420616C 
 466      72656164 
 466      79207275 
 466      6E6E696E 
 467 007b 00       		.space	1
 468              	.LC6:
 469 007c 436F756E 		.ascii	"Count is ON!\000"
 469      74206973 
 469      204F4E21 
 469      00
 470 0089 000000   		.space	3
 471              	.LC7:
 472 008c 6F666600 		.ascii	"off\000"
 473              	.LC8:
 474 0090 436F756E 		.ascii	"Count is OFF!\000"
 474      74206973 
 474      204F4646 
 474      2100
 475 009e 0000     		.space	2
 476              	.LC9:
 477 00a0 75736167 		.ascii	"usage: alpha {on/off}\000"
 477      653A2061 
 477      6C706861 
 477      207B6F6E 
 477      2F6F6666 
 478 00b6 0000     		.space	2
 479              	.LC10:
 480 00b8 416C7068 		.ascii	"Alpha already running!\000"
 480      6120616C 
 480      72656164 
 480      79207275 
 480      6E6E696E 
 481 00cf 00       		.space	1
 482              	.LC11:
 483 00d0 416C7068 		.ascii	"Alpha is ON!\000"
 483      61206973 
 483      204F4E21 
 483      00
 484 00dd 000000   		.space	3
 485              	.LC12:
 486 00e0 416C7068 		.ascii	"Alpha is OFF!\000"
 486      61206973 
 486      204F4646 
 486      2100
 487 00ee 0000     		.space	2
 488              	.LC13:
 489 00f0 53746174 		.ascii	"Status : \000"
ARM GAS  C:\Users\Dan\AppData\Local\Temp\ccoMxLTS.s 			page 13


 489      7573203A 
 489      2000
 490 00fa 0000     		.space	2
 491              	.LC14:
 492 00fc 4E4F2046 		.ascii	"NO FAULT\000"
 492      41554C54 
 492      00
 493 0105 000000   		.space	3
 494              	.LC15:
 495 0108 2A2A2A20 		.ascii	"*** FAULT ***\000"
 495      4641554C 
 495      54202A2A 
 495      2A00
 496              		.text
 497              	.Letext0:
 498              		.file 2 "c:\\program files (x86)\\cypress\\psoc creator\\4.2\\psoc creator\\import\\gnu\\arm\\5.4.
 499              		.file 3 "c:\\program files (x86)\\cypress\\psoc creator\\4.2\\psoc creator\\import\\gnu\\arm\\5.4.
 500              		.file 4 "Generated_Source\\PSoC5/cytypes.h"
 501              		.file 5 "State_Machine.h"
 502              		.file 6 "Generated_Source\\PSoC5/core_cm3.h"
 503              		.file 7 "U_HW.h"
 504              		.file 8 "c:\\program files (x86)\\cypress\\psoc creator\\4.2\\psoc creator\\import\\gnu\\arm\\5.4.
 505              		.file 9 "Processes.h"
 506              		.file 10 "Generated_Source\\PSoC5/Bootloadable.h"
 507              		.section	.debug_info,"",%progbits
 508              	.Ldebug_info0:
 509 0000 57050000 		.4byte	0x557
 510 0004 0400     		.2byte	0x4
 511 0006 00000000 		.4byte	.Ldebug_abbrev0
 512 000a 04       		.byte	0x4
 513 000b 01       		.uleb128 0x1
 514 000c A1000000 		.4byte	.LASF42
 515 0010 0C       		.byte	0xc
 516 0011 0D000000 		.4byte	.LASF43
 517 0015 23000000 		.4byte	.LASF44
 518 0019 18000000 		.4byte	.Ldebug_ranges0+0x18
 519 001d 00000000 		.4byte	0
 520 0021 00000000 		.4byte	.Ldebug_line0
 521 0025 02       		.uleb128 0x2
 522 0026 01       		.byte	0x1
 523 0027 06       		.byte	0x6
 524 0028 97020000 		.4byte	.LASF0
 525 002c 02       		.uleb128 0x2
 526 002d 01       		.byte	0x1
 527 002e 08       		.byte	0x8
 528 002f 93000000 		.4byte	.LASF1
 529 0033 02       		.uleb128 0x2
 530 0034 02       		.byte	0x2
 531 0035 05       		.byte	0x5
 532 0036 55020000 		.4byte	.LASF2
 533 003a 02       		.uleb128 0x2
 534 003b 02       		.byte	0x2
 535 003c 07       		.byte	0x7
 536 003d 52010000 		.4byte	.LASF3
 537 0041 03       		.uleb128 0x3
 538 0042 14000000 		.4byte	.LASF9
 539 0046 02       		.byte	0x2
ARM GAS  C:\Users\Dan\AppData\Local\Temp\ccoMxLTS.s 			page 14


 540 0047 3F       		.byte	0x3f
 541 0048 4C000000 		.4byte	0x4c
 542 004c 02       		.uleb128 0x2
 543 004d 04       		.byte	0x4
 544 004e 05       		.byte	0x5
 545 004f 82020000 		.4byte	.LASF4
 546 0053 02       		.uleb128 0x2
 547 0054 04       		.byte	0x4
 548 0055 07       		.byte	0x7
 549 0056 40010000 		.4byte	.LASF5
 550 005a 02       		.uleb128 0x2
 551 005b 08       		.byte	0x8
 552 005c 05       		.byte	0x5
 553 005d 2D020000 		.4byte	.LASF6
 554 0061 02       		.uleb128 0x2
 555 0062 08       		.byte	0x8
 556 0063 07       		.byte	0x7
 557 0064 E4010000 		.4byte	.LASF7
 558 0068 04       		.uleb128 0x4
 559 0069 04       		.byte	0x4
 560 006a 05       		.byte	0x5
 561 006b 696E7400 		.ascii	"int\000"
 562 006f 02       		.uleb128 0x2
 563 0070 04       		.byte	0x4
 564 0071 07       		.byte	0x7
 565 0072 D7010000 		.4byte	.LASF8
 566 0076 03       		.uleb128 0x3
 567 0077 75000000 		.4byte	.LASF10
 568 007b 03       		.byte	0x3
 569 007c 2C       		.byte	0x2c
 570 007d 41000000 		.4byte	0x41
 571 0081 05       		.uleb128 0x5
 572 0082 5F020000 		.4byte	.LASF11
 573 0086 04       		.byte	0x4
 574 0087 E401     		.2byte	0x1e4
 575 0089 2C000000 		.4byte	0x2c
 576 008d 02       		.uleb128 0x2
 577 008e 04       		.byte	0x4
 578 008f 04       		.byte	0x4
 579 0090 7D000000 		.4byte	.LASF12
 580 0094 02       		.uleb128 0x2
 581 0095 08       		.byte	0x8
 582 0096 04       		.byte	0x4
 583 0097 5D000000 		.4byte	.LASF13
 584 009b 02       		.uleb128 0x2
 585 009c 01       		.byte	0x1
 586 009d 08       		.byte	0x8
 587 009e 46020000 		.4byte	.LASF14
 588 00a2 06       		.uleb128 0x6
 589 00a3 04       		.byte	0x4
 590 00a4 A8000000 		.4byte	0xa8
 591 00a8 07       		.uleb128 0x7
 592 00a9 02       		.uleb128 0x2
 593 00aa 08       		.byte	0x8
 594 00ab 04       		.byte	0x4
 595 00ac 8B020000 		.4byte	.LASF15
 596 00b0 02       		.uleb128 0x2
ARM GAS  C:\Users\Dan\AppData\Local\Temp\ccoMxLTS.s 			page 15


 597 00b1 04       		.byte	0x4
 598 00b2 07       		.byte	0x7
 599 00b3 1A020000 		.4byte	.LASF16
 600 00b7 06       		.uleb128 0x6
 601 00b8 04       		.byte	0x4
 602 00b9 9B000000 		.4byte	0x9b
 603 00bd 03       		.uleb128 0x3
 604 00be 64000000 		.4byte	.LASF17
 605 00c2 05       		.byte	0x5
 606 00c3 10       		.byte	0x10
 607 00c4 A2000000 		.4byte	0xa2
 608 00c8 08       		.uleb128 0x8
 609 00c9 6D000000 		.4byte	.LASF20
 610 00cd 01       		.byte	0x1
 611 00ce 25       		.byte	0x25
 612 00cf 68000000 		.4byte	0x68
 613 00d3 00000000 		.4byte	.LFB64
 614 00d7 24000000 		.4byte	.LFE64-.LFB64
 615 00db 01       		.uleb128 0x1
 616 00dc 9C       		.byte	0x9c
 617 00dd 41010000 		.4byte	0x141
 618 00e1 09       		.uleb128 0x9
 619 00e2 65020000 		.4byte	.LASF18
 620 00e6 01       		.byte	0x1
 621 00e7 25       		.byte	0x25
 622 00e8 68000000 		.4byte	0x68
 623 00ec 00000000 		.4byte	.LLST0
 624 00f0 09       		.uleb128 0x9
 625 00f1 1E000000 		.4byte	.LASF19
 626 00f5 01       		.byte	0x1
 627 00f6 25       		.byte	0x25
 628 00f7 41010000 		.4byte	0x141
 629 00fb 21000000 		.4byte	.LLST1
 630 00ff 0A       		.uleb128 0xa
 631 0100 08000000 		.4byte	.LVL2
 632 0104 E1040000 		.4byte	0x4e1
 633 0108 16010000 		.4byte	0x116
 634 010c 0B       		.uleb128 0xb
 635 010d 01       		.uleb128 0x1
 636 010e 50       		.byte	0x50
 637 010f 05       		.uleb128 0x5
 638 0110 03       		.byte	0x3
 639 0111 00000000 		.4byte	.LC0
 640 0115 00       		.byte	0
 641 0116 0A       		.uleb128 0xa
 642 0117 0E000000 		.4byte	.LVL3
 643 011b E1040000 		.4byte	0x4e1
 644 011f 2D010000 		.4byte	0x12d
 645 0123 0B       		.uleb128 0xb
 646 0124 01       		.uleb128 0x1
 647 0125 50       		.byte	0x50
 648 0126 05       		.uleb128 0x5
 649 0127 03       		.byte	0x3
 650 0128 20000000 		.4byte	.LC1
 651 012c 00       		.byte	0
 652 012d 0C       		.uleb128 0xc
 653 012e 14000000 		.4byte	.LVL4
ARM GAS  C:\Users\Dan\AppData\Local\Temp\ccoMxLTS.s 			page 16


 654 0132 E1040000 		.4byte	0x4e1
 655 0136 0B       		.uleb128 0xb
 656 0137 01       		.uleb128 0x1
 657 0138 50       		.byte	0x50
 658 0139 05       		.uleb128 0x5
 659 013a 03       		.byte	0x3
 660 013b 30000000 		.4byte	.LC2
 661 013f 00       		.byte	0
 662 0140 00       		.byte	0
 663 0141 06       		.uleb128 0x6
 664 0142 04       		.byte	0x4
 665 0143 B7000000 		.4byte	0xb7
 666 0147 08       		.uleb128 0x8
 667 0148 A3010000 		.4byte	.LASF21
 668 014c 01       		.byte	0x1
 669 014d 2F       		.byte	0x2f
 670 014e 68000000 		.4byte	0x68
 671 0152 00000000 		.4byte	.LFB65
 672 0156 04000000 		.4byte	.LFE65-.LFB65
 673 015a 01       		.uleb128 0x1
 674 015b 9C       		.byte	0x9c
 675 015c 7D010000 		.4byte	0x17d
 676 0160 09       		.uleb128 0x9
 677 0161 65020000 		.4byte	.LASF18
 678 0165 01       		.byte	0x1
 679 0166 2F       		.byte	0x2f
 680 0167 68000000 		.4byte	0x68
 681 016b 42000000 		.4byte	.LLST2
 682 016f 0D       		.uleb128 0xd
 683 0170 1E000000 		.4byte	.LASF19
 684 0174 01       		.byte	0x1
 685 0175 2F       		.byte	0x2f
 686 0176 41010000 		.4byte	0x141
 687 017a 01       		.uleb128 0x1
 688 017b 51       		.byte	0x51
 689 017c 00       		.byte	0
 690 017d 08       		.uleb128 0x8
 691 017e 4B020000 		.4byte	.LASF22
 692 0182 01       		.byte	0x1
 693 0183 36       		.byte	0x36
 694 0184 68000000 		.4byte	0x68
 695 0188 00000000 		.4byte	.LFB66
 696 018c 7C000000 		.4byte	.LFE66-.LFB66
 697 0190 01       		.uleb128 0x1
 698 0191 9C       		.byte	0x9c
 699 0192 5F020000 		.4byte	0x25f
 700 0196 09       		.uleb128 0x9
 701 0197 65020000 		.4byte	.LASF18
 702 019b 01       		.byte	0x1
 703 019c 36       		.byte	0x36
 704 019d 68000000 		.4byte	0x68
 705 01a1 63000000 		.4byte	.LLST3
 706 01a5 09       		.uleb128 0x9
 707 01a6 1E000000 		.4byte	.LASF19
 708 01aa 01       		.byte	0x1
 709 01ab 36       		.byte	0x36
 710 01ac 41010000 		.4byte	0x141
ARM GAS  C:\Users\Dan\AppData\Local\Temp\ccoMxLTS.s 			page 17


 711 01b0 9D000000 		.4byte	.LLST4
 712 01b4 0A       		.uleb128 0xa
 713 01b5 0C000000 		.4byte	.LVL9
 714 01b9 E1040000 		.4byte	0x4e1
 715 01bd CB010000 		.4byte	0x1cb
 716 01c1 0B       		.uleb128 0xb
 717 01c2 01       		.uleb128 0x1
 718 01c3 50       		.byte	0x50
 719 01c4 05       		.uleb128 0x5
 720 01c5 03       		.byte	0x3
 721 01c6 48000000 		.4byte	.LC3
 722 01ca 00       		.byte	0
 723 01cb 0A       		.uleb128 0xa
 724 01cc 18000000 		.4byte	.LVL13
 725 01d0 EC040000 		.4byte	0x4ec
 726 01d4 E2010000 		.4byte	0x1e2
 727 01d8 0B       		.uleb128 0xb
 728 01d9 01       		.uleb128 0x1
 729 01da 51       		.byte	0x51
 730 01db 05       		.uleb128 0x5
 731 01dc 03       		.byte	0x3
 732 01dd 60000000 		.4byte	.LC4
 733 01e1 00       		.byte	0
 734 01e2 0E       		.uleb128 0xe
 735 01e3 22000000 		.4byte	.LVL14
 736 01e7 F7040000 		.4byte	0x4f7
 737 01eb 0A       		.uleb128 0xa
 738 01ec 2A000000 		.4byte	.LVL15
 739 01f0 E1040000 		.4byte	0x4e1
 740 01f4 02020000 		.4byte	0x202
 741 01f8 0B       		.uleb128 0xb
 742 01f9 01       		.uleb128 0x1
 743 01fa 50       		.byte	0x50
 744 01fb 05       		.uleb128 0x5
 745 01fc 03       		.byte	0x3
 746 01fd 64000000 		.4byte	.LC5
 747 0201 00       		.byte	0
 748 0202 0E       		.uleb128 0xe
 749 0203 34000000 		.4byte	.LVL16
 750 0207 02050000 		.4byte	0x502
 751 020b 0E       		.uleb128 0xe
 752 020c 38000000 		.4byte	.LVL17
 753 0210 0D050000 		.4byte	0x50d
 754 0214 0A       		.uleb128 0xa
 755 0215 3E000000 		.4byte	.LVL18
 756 0219 E1040000 		.4byte	0x4e1
 757 021d 2B020000 		.4byte	0x22b
 758 0221 0B       		.uleb128 0xb
 759 0222 01       		.uleb128 0x1
 760 0223 50       		.byte	0x50
 761 0224 05       		.uleb128 0x5
 762 0225 03       		.byte	0x3
 763 0226 7C000000 		.4byte	.LC6
 764 022a 00       		.byte	0
 765 022b 0A       		.uleb128 0xa
 766 022c 46000000 		.4byte	.LVL19
 767 0230 EC040000 		.4byte	0x4ec
ARM GAS  C:\Users\Dan\AppData\Local\Temp\ccoMxLTS.s 			page 18


 768 0234 42020000 		.4byte	0x242
 769 0238 0B       		.uleb128 0xb
 770 0239 01       		.uleb128 0x1
 771 023a 51       		.byte	0x51
 772 023b 05       		.uleb128 0x5
 773 023c 03       		.byte	0x3
 774 023d 8C000000 		.4byte	.LC7
 775 0241 00       		.byte	0
 776 0242 0E       		.uleb128 0xe
 777 0243 50000000 		.4byte	.LVL20
 778 0247 18050000 		.4byte	0x518
 779 024b 0C       		.uleb128 0xc
 780 024c 56000000 		.4byte	.LVL21
 781 0250 E1040000 		.4byte	0x4e1
 782 0254 0B       		.uleb128 0xb
 783 0255 01       		.uleb128 0x1
 784 0256 50       		.byte	0x50
 785 0257 05       		.uleb128 0x5
 786 0258 03       		.byte	0x3
 787 0259 90000000 		.4byte	.LC8
 788 025d 00       		.byte	0
 789 025e 00       		.byte	0
 790 025f 08       		.uleb128 0x8
 791 0260 10020000 		.4byte	.LASF23
 792 0264 01       		.byte	0x1
 793 0265 51       		.byte	0x51
 794 0266 68000000 		.4byte	0x68
 795 026a 00000000 		.4byte	.LFB67
 796 026e 7C000000 		.4byte	.LFE67-.LFB67
 797 0272 01       		.uleb128 0x1
 798 0273 9C       		.byte	0x9c
 799 0274 41030000 		.4byte	0x341
 800 0278 09       		.uleb128 0x9
 801 0279 65020000 		.4byte	.LASF18
 802 027d 01       		.byte	0x1
 803 027e 51       		.byte	0x51
 804 027f 68000000 		.4byte	0x68
 805 0283 E2000000 		.4byte	.LLST5
 806 0287 09       		.uleb128 0x9
 807 0288 1E000000 		.4byte	.LASF19
 808 028c 01       		.byte	0x1
 809 028d 51       		.byte	0x51
 810 028e 41010000 		.4byte	0x141
 811 0292 1C010000 		.4byte	.LLST6
 812 0296 0A       		.uleb128 0xa
 813 0297 0C000000 		.4byte	.LVL24
 814 029b E1040000 		.4byte	0x4e1
 815 029f AD020000 		.4byte	0x2ad
 816 02a3 0B       		.uleb128 0xb
 817 02a4 01       		.uleb128 0x1
 818 02a5 50       		.byte	0x50
 819 02a6 05       		.uleb128 0x5
 820 02a7 03       		.byte	0x3
 821 02a8 A0000000 		.4byte	.LC9
 822 02ac 00       		.byte	0
 823 02ad 0A       		.uleb128 0xa
 824 02ae 18000000 		.4byte	.LVL28
ARM GAS  C:\Users\Dan\AppData\Local\Temp\ccoMxLTS.s 			page 19


 825 02b2 EC040000 		.4byte	0x4ec
 826 02b6 C4020000 		.4byte	0x2c4
 827 02ba 0B       		.uleb128 0xb
 828 02bb 01       		.uleb128 0x1
 829 02bc 51       		.byte	0x51
 830 02bd 05       		.uleb128 0x5
 831 02be 03       		.byte	0x3
 832 02bf 60000000 		.4byte	.LC4
 833 02c3 00       		.byte	0
 834 02c4 0E       		.uleb128 0xe
 835 02c5 22000000 		.4byte	.LVL29
 836 02c9 F7040000 		.4byte	0x4f7
 837 02cd 0A       		.uleb128 0xa
 838 02ce 2A000000 		.4byte	.LVL30
 839 02d2 E1040000 		.4byte	0x4e1
 840 02d6 E4020000 		.4byte	0x2e4
 841 02da 0B       		.uleb128 0xb
 842 02db 01       		.uleb128 0x1
 843 02dc 50       		.byte	0x50
 844 02dd 05       		.uleb128 0x5
 845 02de 03       		.byte	0x3
 846 02df B8000000 		.4byte	.LC10
 847 02e3 00       		.byte	0
 848 02e4 0E       		.uleb128 0xe
 849 02e5 34000000 		.4byte	.LVL31
 850 02e9 02050000 		.4byte	0x502
 851 02ed 0E       		.uleb128 0xe
 852 02ee 38000000 		.4byte	.LVL32
 853 02f2 23050000 		.4byte	0x523
 854 02f6 0A       		.uleb128 0xa
 855 02f7 3E000000 		.4byte	.LVL33
 856 02fb E1040000 		.4byte	0x4e1
 857 02ff 0D030000 		.4byte	0x30d
 858 0303 0B       		.uleb128 0xb
 859 0304 01       		.uleb128 0x1
 860 0305 50       		.byte	0x50
 861 0306 05       		.uleb128 0x5
 862 0307 03       		.byte	0x3
 863 0308 D0000000 		.4byte	.LC11
 864 030c 00       		.byte	0
 865 030d 0A       		.uleb128 0xa
 866 030e 46000000 		.4byte	.LVL34
 867 0312 EC040000 		.4byte	0x4ec
 868 0316 24030000 		.4byte	0x324
 869 031a 0B       		.uleb128 0xb
 870 031b 01       		.uleb128 0x1
 871 031c 51       		.byte	0x51
 872 031d 05       		.uleb128 0x5
 873 031e 03       		.byte	0x3
 874 031f 8C000000 		.4byte	.LC7
 875 0323 00       		.byte	0
 876 0324 0E       		.uleb128 0xe
 877 0325 50000000 		.4byte	.LVL35
 878 0329 18050000 		.4byte	0x518
 879 032d 0C       		.uleb128 0xc
 880 032e 56000000 		.4byte	.LVL36
 881 0332 E1040000 		.4byte	0x4e1
ARM GAS  C:\Users\Dan\AppData\Local\Temp\ccoMxLTS.s 			page 20


 882 0336 0B       		.uleb128 0xb
 883 0337 01       		.uleb128 0x1
 884 0338 50       		.byte	0x50
 885 0339 05       		.uleb128 0x5
 886 033a 03       		.byte	0x3
 887 033b E0000000 		.4byte	.LC12
 888 033f 00       		.byte	0
 889 0340 00       		.byte	0
 890 0341 08       		.uleb128 0x8
 891 0342 65010000 		.4byte	.LASF24
 892 0346 01       		.byte	0x1
 893 0347 6B       		.byte	0x6b
 894 0348 68000000 		.4byte	0x68
 895 034c 00000000 		.4byte	.LFB68
 896 0350 26000000 		.4byte	.LFE68-.LFB68
 897 0354 01       		.uleb128 0x1
 898 0355 9C       		.byte	0x9c
 899 0356 95030000 		.4byte	0x395
 900 035a 09       		.uleb128 0x9
 901 035b 65020000 		.4byte	.LASF18
 902 035f 01       		.byte	0x1
 903 0360 6B       		.byte	0x6b
 904 0361 68000000 		.4byte	0x68
 905 0365 61010000 		.4byte	.LLST7
 906 0369 09       		.uleb128 0x9
 907 036a 1E000000 		.4byte	.LASF19
 908 036e 01       		.byte	0x1
 909 036f 6B       		.byte	0x6b
 910 0370 41010000 		.4byte	0x141
 911 0374 A3010000 		.4byte	.LLST8
 912 0378 0F       		.uleb128 0xf
 913 0379 00000000 		.4byte	.Ldebug_ranges0+0
 914 037d 10       		.uleb128 0x10
 915 037e 6900     		.ascii	"i\000"
 916 0380 01       		.byte	0x1
 917 0381 6F       		.byte	0x6f
 918 0382 81000000 		.4byte	0x81
 919 0386 D7010000 		.4byte	.LLST9
 920 038a 0E       		.uleb128 0xe
 921 038b 10000000 		.4byte	.LVL40
 922 038f 2E050000 		.4byte	0x52e
 923 0393 00       		.byte	0
 924 0394 00       		.byte	0
 925 0395 08       		.uleb128 0x8
 926 0396 CD010000 		.4byte	.LASF25
 927 039a 01       		.byte	0x1
 928 039b 78       		.byte	0x78
 929 039c 68000000 		.4byte	0x68
 930 03a0 00000000 		.4byte	.LFB69
 931 03a4 14000000 		.4byte	.LFE69-.LFB69
 932 03a8 01       		.uleb128 0x1
 933 03a9 9C       		.byte	0x9c
 934 03aa ED030000 		.4byte	0x3ed
 935 03ae 09       		.uleb128 0x9
 936 03af 65020000 		.4byte	.LASF18
 937 03b3 01       		.byte	0x1
 938 03b4 78       		.byte	0x78
ARM GAS  C:\Users\Dan\AppData\Local\Temp\ccoMxLTS.s 			page 21


 939 03b5 68000000 		.4byte	0x68
 940 03b9 00020000 		.4byte	.LLST10
 941 03bd 09       		.uleb128 0x9
 942 03be 1E000000 		.4byte	.LASF19
 943 03c2 01       		.byte	0x1
 944 03c3 78       		.byte	0x78
 945 03c4 41010000 		.4byte	0x141
 946 03c8 21020000 		.4byte	.LLST11
 947 03cc 0A       		.uleb128 0xa
 948 03cd 08000000 		.4byte	.LVL47
 949 03d1 E1040000 		.4byte	0x4e1
 950 03d5 E3030000 		.4byte	0x3e3
 951 03d9 0B       		.uleb128 0xb
 952 03da 01       		.uleb128 0x1
 953 03db 50       		.byte	0x50
 954 03dc 05       		.uleb128 0x5
 955 03dd 03       		.byte	0x3
 956 03de F0000000 		.4byte	.LC13
 957 03e2 00       		.byte	0
 958 03e3 0E       		.uleb128 0xe
 959 03e4 0C000000 		.4byte	.LVL48
 960 03e8 39050000 		.4byte	0x539
 961 03ec 00       		.byte	0
 962 03ed 08       		.uleb128 0x8
 963 03ee FB010000 		.4byte	.LASF26
 964 03f2 01       		.byte	0x1
 965 03f3 82       		.byte	0x82
 966 03f4 68000000 		.4byte	0x68
 967 03f8 00000000 		.4byte	.LFB70
 968 03fc 0A000000 		.4byte	.LFE70-.LFB70
 969 0400 01       		.uleb128 0x1
 970 0401 9C       		.byte	0x9c
 971 0402 2E040000 		.4byte	0x42e
 972 0406 09       		.uleb128 0x9
 973 0407 65020000 		.4byte	.LASF18
 974 040b 01       		.byte	0x1
 975 040c 82       		.byte	0x82
 976 040d 68000000 		.4byte	0x68
 977 0411 42020000 		.4byte	.LLST12
 978 0415 09       		.uleb128 0x9
 979 0416 1E000000 		.4byte	.LASF19
 980 041a 01       		.byte	0x1
 981 041b 82       		.byte	0x82
 982 041c 41010000 		.4byte	0x141
 983 0420 63020000 		.4byte	.LLST13
 984 0424 0E       		.uleb128 0xe
 985 0425 06000000 		.4byte	.LVL50
 986 0429 44050000 		.4byte	0x544
 987 042d 00       		.byte	0
 988 042e 08       		.uleb128 0x8
 989 042f 00000000 		.4byte	.LASF27
 990 0433 01       		.byte	0x1
 991 0434 8C       		.byte	0x8c
 992 0435 68000000 		.4byte	0x68
 993 0439 00000000 		.4byte	.LFB71
 994 043d 24000000 		.4byte	.LFE71-.LFB71
 995 0441 01       		.uleb128 0x1
ARM GAS  C:\Users\Dan\AppData\Local\Temp\ccoMxLTS.s 			page 22


 996 0442 9C       		.byte	0x9c
 997 0443 99040000 		.4byte	0x499
 998 0447 09       		.uleb128 0x9
 999 0448 65020000 		.4byte	.LASF18
 1000 044c 01       		.byte	0x1
 1001 044d 8C       		.byte	0x8c
 1002 044e 68000000 		.4byte	0x68
 1003 0452 84020000 		.4byte	.LLST14
 1004 0456 09       		.uleb128 0x9
 1005 0457 1E000000 		.4byte	.LASF19
 1006 045b 01       		.byte	0x1
 1007 045c 8C       		.byte	0x8c
 1008 045d 41010000 		.4byte	0x141
 1009 0461 A5020000 		.4byte	.LLST15
 1010 0465 0E       		.uleb128 0xe
 1011 0466 06000000 		.4byte	.LVL52
 1012 046a 4F050000 		.4byte	0x54f
 1013 046e 0A       		.uleb128 0xa
 1014 046f 0E000000 		.4byte	.LVL53
 1015 0473 E1040000 		.4byte	0x4e1
 1016 0477 85040000 		.4byte	0x485
 1017 047b 0B       		.uleb128 0xb
 1018 047c 01       		.uleb128 0x1
 1019 047d 50       		.byte	0x50
 1020 047e 05       		.uleb128 0x5
 1021 047f 03       		.byte	0x3
 1022 0480 FC000000 		.4byte	.LC14
 1023 0484 00       		.byte	0
 1024 0485 0C       		.uleb128 0xc
 1025 0486 16000000 		.4byte	.LVL54
 1026 048a E1040000 		.4byte	0x4e1
 1027 048e 0B       		.uleb128 0xb
 1028 048f 01       		.uleb128 0x1
 1029 0490 50       		.byte	0x50
 1030 0491 05       		.uleb128 0x5
 1031 0492 03       		.byte	0x3
 1032 0493 08010000 		.4byte	.LC15
 1033 0497 00       		.byte	0
 1034 0498 00       		.byte	0
 1035 0499 11       		.uleb128 0x11
 1036 049a 6D010000 		.4byte	.LASF28
 1037 049e 06       		.byte	0x6
 1038 049f 1207     		.2byte	0x712
 1039 04a1 A5040000 		.4byte	0x4a5
 1040 04a5 12       		.uleb128 0x12
 1041 04a6 76000000 		.4byte	0x76
 1042 04aa 13       		.uleb128 0x13
 1043 04ab BD000000 		.4byte	0xbd
 1044 04af B5040000 		.4byte	0x4b5
 1045 04b3 14       		.uleb128 0x14
 1046 04b4 00       		.byte	0
 1047 04b5 15       		.uleb128 0x15
 1048 04b6 23020000 		.4byte	.LASF29
 1049 04ba 01       		.byte	0x1
 1050 04bb 1E       		.byte	0x1e
 1051 04bc AA040000 		.4byte	0x4aa
 1052 04c0 13       		.uleb128 0x13
ARM GAS  C:\Users\Dan\AppData\Local\Temp\ccoMxLTS.s 			page 23


 1053 04c1 9B000000 		.4byte	0x9b
 1054 04c5 D0040000 		.4byte	0x4d0
 1055 04c9 16       		.uleb128 0x16
 1056 04ca B0000000 		.4byte	0xb0
 1057 04ce 1F       		.byte	0x1f
 1058 04cf 00       		.byte	0
 1059 04d0 17       		.uleb128 0x17
 1060 04d1 7A010000 		.4byte	.LASF30
 1061 04d5 01       		.byte	0x1
 1062 04d6 23       		.byte	0x23
 1063 04d7 C0040000 		.4byte	0x4c0
 1064 04db 05       		.uleb128 0x5
 1065 04dc 03       		.byte	0x3
 1066 04dd 00000000 		.4byte	u_msg
 1067 04e1 18       		.uleb128 0x18
 1068 04e2 B6010000 		.4byte	.LASF31
 1069 04e6 B6010000 		.4byte	.LASF31
 1070 04ea 07       		.byte	0x7
 1071 04eb 4A       		.byte	0x4a
 1072 04ec 18       		.uleb128 0x18
 1073 04ed AF010000 		.4byte	.LASF32
 1074 04f1 AF010000 		.4byte	.LASF32
 1075 04f5 08       		.byte	0x8
 1076 04f6 1C       		.byte	0x1c
 1077 04f7 18       		.uleb128 0x18
 1078 04f8 83000000 		.4byte	.LASF33
 1079 04fc 83000000 		.4byte	.LASF33
 1080 0500 05       		.byte	0x5
 1081 0501 15       		.byte	0x15
 1082 0502 18       		.uleb128 0x18
 1083 0503 6A020000 		.4byte	.LASF34
 1084 0507 6A020000 		.4byte	.LASF34
 1085 050b 05       		.byte	0x5
 1086 050c 13       		.byte	0x13
 1087 050d 18       		.uleb128 0x18
 1088 050e 92010000 		.4byte	.LASF35
 1089 0512 92010000 		.4byte	.LASF35
 1090 0516 09       		.byte	0x9
 1091 0517 10       		.byte	0x10
 1092 0518 18       		.uleb128 0x18
 1093 0519 76020000 		.4byte	.LASF36
 1094 051d 76020000 		.4byte	.LASF36
 1095 0521 05       		.byte	0x5
 1096 0522 14       		.byte	0x14
 1097 0523 18       		.uleb128 0x18
 1098 0524 2F010000 		.4byte	.LASF37
 1099 0528 2F010000 		.4byte	.LASF37
 1100 052c 09       		.byte	0x9
 1101 052d 12       		.byte	0x12
 1102 052e 18       		.uleb128 0x18
 1103 052f 04020000 		.4byte	.LASF38
 1104 0533 04020000 		.4byte	.LASF38
 1105 0537 07       		.byte	0x7
 1106 0538 68       		.byte	0x68
 1107 0539 18       		.uleb128 0x18
 1108 053a 3B020000 		.4byte	.LASF39
 1109 053e 3B020000 		.4byte	.LASF39
ARM GAS  C:\Users\Dan\AppData\Local\Temp\ccoMxLTS.s 			page 24


 1110 0542 09       		.byte	0x9
 1111 0543 4F       		.byte	0x4f
 1112 0544 18       		.uleb128 0x18
 1113 0545 80010000 		.4byte	.LASF40
 1114 0549 80010000 		.4byte	.LASF40
 1115 054d 0A       		.byte	0xa
 1116 054e 59       		.byte	0x59
 1117 054f 18       		.uleb128 0x18
 1118 0550 C4010000 		.4byte	.LASF41
 1119 0554 C4010000 		.4byte	.LASF41
 1120 0558 09       		.byte	0x9
 1121 0559 4E       		.byte	0x4e
 1122 055a 00       		.byte	0
 1123              		.section	.debug_abbrev,"",%progbits
 1124              	.Ldebug_abbrev0:
 1125 0000 01       		.uleb128 0x1
 1126 0001 11       		.uleb128 0x11
 1127 0002 01       		.byte	0x1
 1128 0003 25       		.uleb128 0x25
 1129 0004 0E       		.uleb128 0xe
 1130 0005 13       		.uleb128 0x13
 1131 0006 0B       		.uleb128 0xb
 1132 0007 03       		.uleb128 0x3
 1133 0008 0E       		.uleb128 0xe
 1134 0009 1B       		.uleb128 0x1b
 1135 000a 0E       		.uleb128 0xe
 1136 000b 55       		.uleb128 0x55
 1137 000c 17       		.uleb128 0x17
 1138 000d 11       		.uleb128 0x11
 1139 000e 01       		.uleb128 0x1
 1140 000f 10       		.uleb128 0x10
 1141 0010 17       		.uleb128 0x17
 1142 0011 00       		.byte	0
 1143 0012 00       		.byte	0
 1144 0013 02       		.uleb128 0x2
 1145 0014 24       		.uleb128 0x24
 1146 0015 00       		.byte	0
 1147 0016 0B       		.uleb128 0xb
 1148 0017 0B       		.uleb128 0xb
 1149 0018 3E       		.uleb128 0x3e
 1150 0019 0B       		.uleb128 0xb
 1151 001a 03       		.uleb128 0x3
 1152 001b 0E       		.uleb128 0xe
 1153 001c 00       		.byte	0
 1154 001d 00       		.byte	0
 1155 001e 03       		.uleb128 0x3
 1156 001f 16       		.uleb128 0x16
 1157 0020 00       		.byte	0
 1158 0021 03       		.uleb128 0x3
 1159 0022 0E       		.uleb128 0xe
 1160 0023 3A       		.uleb128 0x3a
 1161 0024 0B       		.uleb128 0xb
 1162 0025 3B       		.uleb128 0x3b
 1163 0026 0B       		.uleb128 0xb
 1164 0027 49       		.uleb128 0x49
 1165 0028 13       		.uleb128 0x13
 1166 0029 00       		.byte	0
ARM GAS  C:\Users\Dan\AppData\Local\Temp\ccoMxLTS.s 			page 25


 1167 002a 00       		.byte	0
 1168 002b 04       		.uleb128 0x4
 1169 002c 24       		.uleb128 0x24
 1170 002d 00       		.byte	0
 1171 002e 0B       		.uleb128 0xb
 1172 002f 0B       		.uleb128 0xb
 1173 0030 3E       		.uleb128 0x3e
 1174 0031 0B       		.uleb128 0xb
 1175 0032 03       		.uleb128 0x3
 1176 0033 08       		.uleb128 0x8
 1177 0034 00       		.byte	0
 1178 0035 00       		.byte	0
 1179 0036 05       		.uleb128 0x5
 1180 0037 16       		.uleb128 0x16
 1181 0038 00       		.byte	0
 1182 0039 03       		.uleb128 0x3
 1183 003a 0E       		.uleb128 0xe
 1184 003b 3A       		.uleb128 0x3a
 1185 003c 0B       		.uleb128 0xb
 1186 003d 3B       		.uleb128 0x3b
 1187 003e 05       		.uleb128 0x5
 1188 003f 49       		.uleb128 0x49
 1189 0040 13       		.uleb128 0x13
 1190 0041 00       		.byte	0
 1191 0042 00       		.byte	0
 1192 0043 06       		.uleb128 0x6
 1193 0044 0F       		.uleb128 0xf
 1194 0045 00       		.byte	0
 1195 0046 0B       		.uleb128 0xb
 1196 0047 0B       		.uleb128 0xb
 1197 0048 49       		.uleb128 0x49
 1198 0049 13       		.uleb128 0x13
 1199 004a 00       		.byte	0
 1200 004b 00       		.byte	0
 1201 004c 07       		.uleb128 0x7
 1202 004d 15       		.uleb128 0x15
 1203 004e 00       		.byte	0
 1204 004f 27       		.uleb128 0x27
 1205 0050 19       		.uleb128 0x19
 1206 0051 00       		.byte	0
 1207 0052 00       		.byte	0
 1208 0053 08       		.uleb128 0x8
 1209 0054 2E       		.uleb128 0x2e
 1210 0055 01       		.byte	0x1
 1211 0056 3F       		.uleb128 0x3f
 1212 0057 19       		.uleb128 0x19
 1213 0058 03       		.uleb128 0x3
 1214 0059 0E       		.uleb128 0xe
 1215 005a 3A       		.uleb128 0x3a
 1216 005b 0B       		.uleb128 0xb
 1217 005c 3B       		.uleb128 0x3b
 1218 005d 0B       		.uleb128 0xb
 1219 005e 27       		.uleb128 0x27
 1220 005f 19       		.uleb128 0x19
 1221 0060 49       		.uleb128 0x49
 1222 0061 13       		.uleb128 0x13
 1223 0062 11       		.uleb128 0x11
ARM GAS  C:\Users\Dan\AppData\Local\Temp\ccoMxLTS.s 			page 26


 1224 0063 01       		.uleb128 0x1
 1225 0064 12       		.uleb128 0x12
 1226 0065 06       		.uleb128 0x6
 1227 0066 40       		.uleb128 0x40
 1228 0067 18       		.uleb128 0x18
 1229 0068 9742     		.uleb128 0x2117
 1230 006a 19       		.uleb128 0x19
 1231 006b 01       		.uleb128 0x1
 1232 006c 13       		.uleb128 0x13
 1233 006d 00       		.byte	0
 1234 006e 00       		.byte	0
 1235 006f 09       		.uleb128 0x9
 1236 0070 05       		.uleb128 0x5
 1237 0071 00       		.byte	0
 1238 0072 03       		.uleb128 0x3
 1239 0073 0E       		.uleb128 0xe
 1240 0074 3A       		.uleb128 0x3a
 1241 0075 0B       		.uleb128 0xb
 1242 0076 3B       		.uleb128 0x3b
 1243 0077 0B       		.uleb128 0xb
 1244 0078 49       		.uleb128 0x49
 1245 0079 13       		.uleb128 0x13
 1246 007a 02       		.uleb128 0x2
 1247 007b 17       		.uleb128 0x17
 1248 007c 00       		.byte	0
 1249 007d 00       		.byte	0
 1250 007e 0A       		.uleb128 0xa
 1251 007f 898201   		.uleb128 0x4109
 1252 0082 01       		.byte	0x1
 1253 0083 11       		.uleb128 0x11
 1254 0084 01       		.uleb128 0x1
 1255 0085 31       		.uleb128 0x31
 1256 0086 13       		.uleb128 0x13
 1257 0087 01       		.uleb128 0x1
 1258 0088 13       		.uleb128 0x13
 1259 0089 00       		.byte	0
 1260 008a 00       		.byte	0
 1261 008b 0B       		.uleb128 0xb
 1262 008c 8A8201   		.uleb128 0x410a
 1263 008f 00       		.byte	0
 1264 0090 02       		.uleb128 0x2
 1265 0091 18       		.uleb128 0x18
 1266 0092 9142     		.uleb128 0x2111
 1267 0094 18       		.uleb128 0x18
 1268 0095 00       		.byte	0
 1269 0096 00       		.byte	0
 1270 0097 0C       		.uleb128 0xc
 1271 0098 898201   		.uleb128 0x4109
 1272 009b 01       		.byte	0x1
 1273 009c 11       		.uleb128 0x11
 1274 009d 01       		.uleb128 0x1
 1275 009e 31       		.uleb128 0x31
 1276 009f 13       		.uleb128 0x13
 1277 00a0 00       		.byte	0
 1278 00a1 00       		.byte	0
 1279 00a2 0D       		.uleb128 0xd
 1280 00a3 05       		.uleb128 0x5
ARM GAS  C:\Users\Dan\AppData\Local\Temp\ccoMxLTS.s 			page 27


 1281 00a4 00       		.byte	0
 1282 00a5 03       		.uleb128 0x3
 1283 00a6 0E       		.uleb128 0xe
 1284 00a7 3A       		.uleb128 0x3a
 1285 00a8 0B       		.uleb128 0xb
 1286 00a9 3B       		.uleb128 0x3b
 1287 00aa 0B       		.uleb128 0xb
 1288 00ab 49       		.uleb128 0x49
 1289 00ac 13       		.uleb128 0x13
 1290 00ad 02       		.uleb128 0x2
 1291 00ae 18       		.uleb128 0x18
 1292 00af 00       		.byte	0
 1293 00b0 00       		.byte	0
 1294 00b1 0E       		.uleb128 0xe
 1295 00b2 898201   		.uleb128 0x4109
 1296 00b5 00       		.byte	0
 1297 00b6 11       		.uleb128 0x11
 1298 00b7 01       		.uleb128 0x1
 1299 00b8 31       		.uleb128 0x31
 1300 00b9 13       		.uleb128 0x13
 1301 00ba 00       		.byte	0
 1302 00bb 00       		.byte	0
 1303 00bc 0F       		.uleb128 0xf
 1304 00bd 0B       		.uleb128 0xb
 1305 00be 01       		.byte	0x1
 1306 00bf 55       		.uleb128 0x55
 1307 00c0 17       		.uleb128 0x17
 1308 00c1 00       		.byte	0
 1309 00c2 00       		.byte	0
 1310 00c3 10       		.uleb128 0x10
 1311 00c4 34       		.uleb128 0x34
 1312 00c5 00       		.byte	0
 1313 00c6 03       		.uleb128 0x3
 1314 00c7 08       		.uleb128 0x8
 1315 00c8 3A       		.uleb128 0x3a
 1316 00c9 0B       		.uleb128 0xb
 1317 00ca 3B       		.uleb128 0x3b
 1318 00cb 0B       		.uleb128 0xb
 1319 00cc 49       		.uleb128 0x49
 1320 00cd 13       		.uleb128 0x13
 1321 00ce 02       		.uleb128 0x2
 1322 00cf 17       		.uleb128 0x17
 1323 00d0 00       		.byte	0
 1324 00d1 00       		.byte	0
 1325 00d2 11       		.uleb128 0x11
 1326 00d3 34       		.uleb128 0x34
 1327 00d4 00       		.byte	0
 1328 00d5 03       		.uleb128 0x3
 1329 00d6 0E       		.uleb128 0xe
 1330 00d7 3A       		.uleb128 0x3a
 1331 00d8 0B       		.uleb128 0xb
 1332 00d9 3B       		.uleb128 0x3b
 1333 00da 05       		.uleb128 0x5
 1334 00db 49       		.uleb128 0x49
 1335 00dc 13       		.uleb128 0x13
 1336 00dd 3F       		.uleb128 0x3f
 1337 00de 19       		.uleb128 0x19
ARM GAS  C:\Users\Dan\AppData\Local\Temp\ccoMxLTS.s 			page 28


 1338 00df 3C       		.uleb128 0x3c
 1339 00e0 19       		.uleb128 0x19
 1340 00e1 00       		.byte	0
 1341 00e2 00       		.byte	0
 1342 00e3 12       		.uleb128 0x12
 1343 00e4 35       		.uleb128 0x35
 1344 00e5 00       		.byte	0
 1345 00e6 49       		.uleb128 0x49
 1346 00e7 13       		.uleb128 0x13
 1347 00e8 00       		.byte	0
 1348 00e9 00       		.byte	0
 1349 00ea 13       		.uleb128 0x13
 1350 00eb 01       		.uleb128 0x1
 1351 00ec 01       		.byte	0x1
 1352 00ed 49       		.uleb128 0x49
 1353 00ee 13       		.uleb128 0x13
 1354 00ef 01       		.uleb128 0x1
 1355 00f0 13       		.uleb128 0x13
 1356 00f1 00       		.byte	0
 1357 00f2 00       		.byte	0
 1358 00f3 14       		.uleb128 0x14
 1359 00f4 21       		.uleb128 0x21
 1360 00f5 00       		.byte	0
 1361 00f6 00       		.byte	0
 1362 00f7 00       		.byte	0
 1363 00f8 15       		.uleb128 0x15
 1364 00f9 34       		.uleb128 0x34
 1365 00fa 00       		.byte	0
 1366 00fb 03       		.uleb128 0x3
 1367 00fc 0E       		.uleb128 0xe
 1368 00fd 3A       		.uleb128 0x3a
 1369 00fe 0B       		.uleb128 0xb
 1370 00ff 3B       		.uleb128 0x3b
 1371 0100 0B       		.uleb128 0xb
 1372 0101 49       		.uleb128 0x49
 1373 0102 13       		.uleb128 0x13
 1374 0103 3F       		.uleb128 0x3f
 1375 0104 19       		.uleb128 0x19
 1376 0105 3C       		.uleb128 0x3c
 1377 0106 19       		.uleb128 0x19
 1378 0107 00       		.byte	0
 1379 0108 00       		.byte	0
 1380 0109 16       		.uleb128 0x16
 1381 010a 21       		.uleb128 0x21
 1382 010b 00       		.byte	0
 1383 010c 49       		.uleb128 0x49
 1384 010d 13       		.uleb128 0x13
 1385 010e 2F       		.uleb128 0x2f
 1386 010f 0B       		.uleb128 0xb
 1387 0110 00       		.byte	0
 1388 0111 00       		.byte	0
 1389 0112 17       		.uleb128 0x17
 1390 0113 34       		.uleb128 0x34
 1391 0114 00       		.byte	0
 1392 0115 03       		.uleb128 0x3
 1393 0116 0E       		.uleb128 0xe
 1394 0117 3A       		.uleb128 0x3a
ARM GAS  C:\Users\Dan\AppData\Local\Temp\ccoMxLTS.s 			page 29


 1395 0118 0B       		.uleb128 0xb
 1396 0119 3B       		.uleb128 0x3b
 1397 011a 0B       		.uleb128 0xb
 1398 011b 49       		.uleb128 0x49
 1399 011c 13       		.uleb128 0x13
 1400 011d 3F       		.uleb128 0x3f
 1401 011e 19       		.uleb128 0x19
 1402 011f 02       		.uleb128 0x2
 1403 0120 18       		.uleb128 0x18
 1404 0121 00       		.byte	0
 1405 0122 00       		.byte	0
 1406 0123 18       		.uleb128 0x18
 1407 0124 2E       		.uleb128 0x2e
 1408 0125 00       		.byte	0
 1409 0126 3F       		.uleb128 0x3f
 1410 0127 19       		.uleb128 0x19
 1411 0128 3C       		.uleb128 0x3c
 1412 0129 19       		.uleb128 0x19
 1413 012a 6E       		.uleb128 0x6e
 1414 012b 0E       		.uleb128 0xe
 1415 012c 03       		.uleb128 0x3
 1416 012d 0E       		.uleb128 0xe
 1417 012e 3A       		.uleb128 0x3a
 1418 012f 0B       		.uleb128 0xb
 1419 0130 3B       		.uleb128 0x3b
 1420 0131 0B       		.uleb128 0xb
 1421 0132 00       		.byte	0
 1422 0133 00       		.byte	0
 1423 0134 00       		.byte	0
 1424              		.section	.debug_loc,"",%progbits
 1425              	.Ldebug_loc0:
 1426              	.LLST0:
 1427 0000 00000000 		.4byte	.LVL0
 1428 0004 04000000 		.4byte	.LVL1
 1429 0008 0100     		.2byte	0x1
 1430 000a 50       		.byte	0x50
 1431 000b 04000000 		.4byte	.LVL1
 1432 000f 24000000 		.4byte	.LFE64
 1433 0013 0400     		.2byte	0x4
 1434 0015 F3       		.byte	0xf3
 1435 0016 01       		.uleb128 0x1
 1436 0017 50       		.byte	0x50
 1437 0018 9F       		.byte	0x9f
 1438 0019 00000000 		.4byte	0
 1439 001d 00000000 		.4byte	0
 1440              	.LLST1:
 1441 0021 00000000 		.4byte	.LVL0
 1442 0025 07000000 		.4byte	.LVL2-1
 1443 0029 0100     		.2byte	0x1
 1444 002b 51       		.byte	0x51
 1445 002c 07000000 		.4byte	.LVL2-1
 1446 0030 24000000 		.4byte	.LFE64
 1447 0034 0400     		.2byte	0x4
 1448 0036 F3       		.byte	0xf3
 1449 0037 01       		.uleb128 0x1
 1450 0038 51       		.byte	0x51
 1451 0039 9F       		.byte	0x9f
ARM GAS  C:\Users\Dan\AppData\Local\Temp\ccoMxLTS.s 			page 30


 1452 003a 00000000 		.4byte	0
 1453 003e 00000000 		.4byte	0
 1454              	.LLST2:
 1455 0042 00000000 		.4byte	.LVL5
 1456 0046 02000000 		.4byte	.LVL6
 1457 004a 0100     		.2byte	0x1
 1458 004c 50       		.byte	0x50
 1459 004d 02000000 		.4byte	.LVL6
 1460 0051 04000000 		.4byte	.LFE65
 1461 0055 0400     		.2byte	0x4
 1462 0057 F3       		.byte	0xf3
 1463 0058 01       		.uleb128 0x1
 1464 0059 50       		.byte	0x50
 1465 005a 9F       		.byte	0x9f
 1466 005b 00000000 		.4byte	0
 1467 005f 00000000 		.4byte	0
 1468              	.LLST3:
 1469 0063 00000000 		.4byte	.LVL7
 1470 0067 08000000 		.4byte	.LVL8
 1471 006b 0100     		.2byte	0x1
 1472 006d 50       		.byte	0x50
 1473 006e 08000000 		.4byte	.LVL8
 1474 0072 0E000000 		.4byte	.LVL10
 1475 0076 0400     		.2byte	0x4
 1476 0078 F3       		.byte	0xf3
 1477 0079 01       		.uleb128 0x1
 1478 007a 50       		.byte	0x50
 1479 007b 9F       		.byte	0x9f
 1480 007c 0E000000 		.4byte	.LVL10
 1481 0080 14000000 		.4byte	.LVL12
 1482 0084 0100     		.2byte	0x1
 1483 0086 50       		.byte	0x50
 1484 0087 14000000 		.4byte	.LVL12
 1485 008b 7C000000 		.4byte	.LFE66
 1486 008f 0400     		.2byte	0x4
 1487 0091 F3       		.byte	0xf3
 1488 0092 01       		.uleb128 0x1
 1489 0093 50       		.byte	0x50
 1490 0094 9F       		.byte	0x9f
 1491 0095 00000000 		.4byte	0
 1492 0099 00000000 		.4byte	0
 1493              	.LLST4:
 1494 009d 00000000 		.4byte	.LVL7
 1495 00a1 0B000000 		.4byte	.LVL9-1
 1496 00a5 0100     		.2byte	0x1
 1497 00a7 51       		.byte	0x51
 1498 00a8 0B000000 		.4byte	.LVL9-1
 1499 00ac 0E000000 		.4byte	.LVL10
 1500 00b0 0400     		.2byte	0x4
 1501 00b2 F3       		.byte	0xf3
 1502 00b3 01       		.uleb128 0x1
 1503 00b4 51       		.byte	0x51
 1504 00b5 9F       		.byte	0x9f
 1505 00b6 0E000000 		.4byte	.LVL10
 1506 00ba 12000000 		.4byte	.LVL11
 1507 00be 0100     		.2byte	0x1
 1508 00c0 51       		.byte	0x51
ARM GAS  C:\Users\Dan\AppData\Local\Temp\ccoMxLTS.s 			page 31


 1509 00c1 12000000 		.4byte	.LVL11
 1510 00c5 56000000 		.4byte	.LVL21
 1511 00c9 0100     		.2byte	0x1
 1512 00cb 54       		.byte	0x54
 1513 00cc 56000000 		.4byte	.LVL21
 1514 00d0 7C000000 		.4byte	.LFE66
 1515 00d4 0400     		.2byte	0x4
 1516 00d6 F3       		.byte	0xf3
 1517 00d7 01       		.uleb128 0x1
 1518 00d8 51       		.byte	0x51
 1519 00d9 9F       		.byte	0x9f
 1520 00da 00000000 		.4byte	0
 1521 00de 00000000 		.4byte	0
 1522              	.LLST5:
 1523 00e2 00000000 		.4byte	.LVL22
 1524 00e6 08000000 		.4byte	.LVL23
 1525 00ea 0100     		.2byte	0x1
 1526 00ec 50       		.byte	0x50
 1527 00ed 08000000 		.4byte	.LVL23
 1528 00f1 0E000000 		.4byte	.LVL25
 1529 00f5 0400     		.2byte	0x4
 1530 00f7 F3       		.byte	0xf3
 1531 00f8 01       		.uleb128 0x1
 1532 00f9 50       		.byte	0x50
 1533 00fa 9F       		.byte	0x9f
 1534 00fb 0E000000 		.4byte	.LVL25
 1535 00ff 14000000 		.4byte	.LVL27
 1536 0103 0100     		.2byte	0x1
 1537 0105 50       		.byte	0x50
 1538 0106 14000000 		.4byte	.LVL27
 1539 010a 7C000000 		.4byte	.LFE67
 1540 010e 0400     		.2byte	0x4
 1541 0110 F3       		.byte	0xf3
 1542 0111 01       		.uleb128 0x1
 1543 0112 50       		.byte	0x50
 1544 0113 9F       		.byte	0x9f
 1545 0114 00000000 		.4byte	0
 1546 0118 00000000 		.4byte	0
 1547              	.LLST6:
 1548 011c 00000000 		.4byte	.LVL22
 1549 0120 0B000000 		.4byte	.LVL24-1
 1550 0124 0100     		.2byte	0x1
 1551 0126 51       		.byte	0x51
 1552 0127 0B000000 		.4byte	.LVL24-1
 1553 012b 0E000000 		.4byte	.LVL25
 1554 012f 0400     		.2byte	0x4
 1555 0131 F3       		.byte	0xf3
 1556 0132 01       		.uleb128 0x1
 1557 0133 51       		.byte	0x51
 1558 0134 9F       		.byte	0x9f
 1559 0135 0E000000 		.4byte	.LVL25
 1560 0139 12000000 		.4byte	.LVL26
 1561 013d 0100     		.2byte	0x1
 1562 013f 51       		.byte	0x51
 1563 0140 12000000 		.4byte	.LVL26
 1564 0144 56000000 		.4byte	.LVL36
 1565 0148 0100     		.2byte	0x1
ARM GAS  C:\Users\Dan\AppData\Local\Temp\ccoMxLTS.s 			page 32


 1566 014a 54       		.byte	0x54
 1567 014b 56000000 		.4byte	.LVL36
 1568 014f 7C000000 		.4byte	.LFE67
 1569 0153 0400     		.2byte	0x4
 1570 0155 F3       		.byte	0xf3
 1571 0156 01       		.uleb128 0x1
 1572 0157 51       		.byte	0x51
 1573 0158 9F       		.byte	0x9f
 1574 0159 00000000 		.4byte	0
 1575 015d 00000000 		.4byte	0
 1576              	.LLST7:
 1577 0161 00000000 		.4byte	.LVL37
 1578 0165 06000000 		.4byte	.LVL38
 1579 0169 0100     		.2byte	0x1
 1580 016b 50       		.byte	0x50
 1581 016c 06000000 		.4byte	.LVL38
 1582 0170 08000000 		.4byte	.LVL39
 1583 0174 0400     		.2byte	0x4
 1584 0176 F3       		.byte	0xf3
 1585 0177 01       		.uleb128 0x1
 1586 0178 50       		.byte	0x50
 1587 0179 9F       		.byte	0x9f
 1588 017a 08000000 		.4byte	.LVL39
 1589 017e 16000000 		.4byte	.LVL43
 1590 0182 0100     		.2byte	0x1
 1591 0184 55       		.byte	0x55
 1592 0185 16000000 		.4byte	.LVL43
 1593 0189 1E000000 		.4byte	.LVL44
 1594 018d 0100     		.2byte	0x1
 1595 018f 50       		.byte	0x50
 1596 0190 1E000000 		.4byte	.LVL44
 1597 0194 26000000 		.4byte	.LFE68
 1598 0198 0100     		.2byte	0x1
 1599 019a 55       		.byte	0x55
 1600 019b 00000000 		.4byte	0
 1601 019f 00000000 		.4byte	0
 1602              	.LLST8:
 1603 01a3 00000000 		.4byte	.LVL37
 1604 01a7 08000000 		.4byte	.LVL39
 1605 01ab 0100     		.2byte	0x1
 1606 01ad 51       		.byte	0x51
 1607 01ae 08000000 		.4byte	.LVL39
 1608 01b2 16000000 		.4byte	.LVL43
 1609 01b6 0100     		.2byte	0x1
 1610 01b8 56       		.byte	0x56
 1611 01b9 16000000 		.4byte	.LVL43
 1612 01bd 1E000000 		.4byte	.LVL44
 1613 01c1 0100     		.2byte	0x1
 1614 01c3 51       		.byte	0x51
 1615 01c4 1E000000 		.4byte	.LVL44
 1616 01c8 26000000 		.4byte	.LFE68
 1617 01cc 0100     		.2byte	0x1
 1618 01ce 56       		.byte	0x56
 1619 01cf 00000000 		.4byte	0
 1620 01d3 00000000 		.4byte	0
 1621              	.LLST9:
 1622 01d7 08000000 		.4byte	.LVL39
ARM GAS  C:\Users\Dan\AppData\Local\Temp\ccoMxLTS.s 			page 33


 1623 01db 12000000 		.4byte	.LVL41
 1624 01df 0100     		.2byte	0x1
 1625 01e1 54       		.byte	0x54
 1626 01e2 14000000 		.4byte	.LVL42
 1627 01e6 16000000 		.4byte	.LVL43
 1628 01ea 0100     		.2byte	0x1
 1629 01ec 54       		.byte	0x54
 1630 01ed 1E000000 		.4byte	.LVL44
 1631 01f1 26000000 		.4byte	.LFE68
 1632 01f5 0100     		.2byte	0x1
 1633 01f7 54       		.byte	0x54
 1634 01f8 00000000 		.4byte	0
 1635 01fc 00000000 		.4byte	0
 1636              	.LLST10:
 1637 0200 00000000 		.4byte	.LVL45
 1638 0204 04000000 		.4byte	.LVL46
 1639 0208 0100     		.2byte	0x1
 1640 020a 50       		.byte	0x50
 1641 020b 04000000 		.4byte	.LVL46
 1642 020f 14000000 		.4byte	.LFE69
 1643 0213 0400     		.2byte	0x4
 1644 0215 F3       		.byte	0xf3
 1645 0216 01       		.uleb128 0x1
 1646 0217 50       		.byte	0x50
 1647 0218 9F       		.byte	0x9f
 1648 0219 00000000 		.4byte	0
 1649 021d 00000000 		.4byte	0
 1650              	.LLST11:
 1651 0221 00000000 		.4byte	.LVL45
 1652 0225 07000000 		.4byte	.LVL47-1
 1653 0229 0100     		.2byte	0x1
 1654 022b 51       		.byte	0x51
 1655 022c 07000000 		.4byte	.LVL47-1
 1656 0230 14000000 		.4byte	.LFE69
 1657 0234 0400     		.2byte	0x4
 1658 0236 F3       		.byte	0xf3
 1659 0237 01       		.uleb128 0x1
 1660 0238 51       		.byte	0x51
 1661 0239 9F       		.byte	0x9f
 1662 023a 00000000 		.4byte	0
 1663 023e 00000000 		.4byte	0
 1664              	.LLST12:
 1665 0242 00000000 		.4byte	.LVL49
 1666 0246 05000000 		.4byte	.LVL50-1
 1667 024a 0100     		.2byte	0x1
 1668 024c 50       		.byte	0x50
 1669 024d 05000000 		.4byte	.LVL50-1
 1670 0251 0A000000 		.4byte	.LFE70
 1671 0255 0400     		.2byte	0x4
 1672 0257 F3       		.byte	0xf3
 1673 0258 01       		.uleb128 0x1
 1674 0259 50       		.byte	0x50
 1675 025a 9F       		.byte	0x9f
 1676 025b 00000000 		.4byte	0
 1677 025f 00000000 		.4byte	0
 1678              	.LLST13:
 1679 0263 00000000 		.4byte	.LVL49
ARM GAS  C:\Users\Dan\AppData\Local\Temp\ccoMxLTS.s 			page 34


 1680 0267 05000000 		.4byte	.LVL50-1
 1681 026b 0100     		.2byte	0x1
 1682 026d 51       		.byte	0x51
 1683 026e 05000000 		.4byte	.LVL50-1
 1684 0272 0A000000 		.4byte	.LFE70
 1685 0276 0400     		.2byte	0x4
 1686 0278 F3       		.byte	0xf3
 1687 0279 01       		.uleb128 0x1
 1688 027a 51       		.byte	0x51
 1689 027b 9F       		.byte	0x9f
 1690 027c 00000000 		.4byte	0
 1691 0280 00000000 		.4byte	0
 1692              	.LLST14:
 1693 0284 00000000 		.4byte	.LVL51
 1694 0288 05000000 		.4byte	.LVL52-1
 1695 028c 0100     		.2byte	0x1
 1696 028e 50       		.byte	0x50
 1697 028f 05000000 		.4byte	.LVL52-1
 1698 0293 24000000 		.4byte	.LFE71
 1699 0297 0400     		.2byte	0x4
 1700 0299 F3       		.byte	0xf3
 1701 029a 01       		.uleb128 0x1
 1702 029b 50       		.byte	0x50
 1703 029c 9F       		.byte	0x9f
 1704 029d 00000000 		.4byte	0
 1705 02a1 00000000 		.4byte	0
 1706              	.LLST15:
 1707 02a5 00000000 		.4byte	.LVL51
 1708 02a9 05000000 		.4byte	.LVL52-1
 1709 02ad 0100     		.2byte	0x1
 1710 02af 51       		.byte	0x51
 1711 02b0 05000000 		.4byte	.LVL52-1
 1712 02b4 24000000 		.4byte	.LFE71
 1713 02b8 0400     		.2byte	0x4
 1714 02ba F3       		.byte	0xf3
 1715 02bb 01       		.uleb128 0x1
 1716 02bc 51       		.byte	0x51
 1717 02bd 9F       		.byte	0x9f
 1718 02be 00000000 		.4byte	0
 1719 02c2 00000000 		.4byte	0
 1720              		.section	.debug_aranges,"",%progbits
 1721 0000 54000000 		.4byte	0x54
 1722 0004 0200     		.2byte	0x2
 1723 0006 00000000 		.4byte	.Ldebug_info0
 1724 000a 04       		.byte	0x4
 1725 000b 00       		.byte	0
 1726 000c 0000     		.2byte	0
 1727 000e 0000     		.2byte	0
 1728 0010 00000000 		.4byte	.LFB64
 1729 0014 24000000 		.4byte	.LFE64-.LFB64
 1730 0018 00000000 		.4byte	.LFB65
 1731 001c 04000000 		.4byte	.LFE65-.LFB65
 1732 0020 00000000 		.4byte	.LFB66
 1733 0024 7C000000 		.4byte	.LFE66-.LFB66
 1734 0028 00000000 		.4byte	.LFB67
 1735 002c 7C000000 		.4byte	.LFE67-.LFB67
 1736 0030 00000000 		.4byte	.LFB68
ARM GAS  C:\Users\Dan\AppData\Local\Temp\ccoMxLTS.s 			page 35


 1737 0034 26000000 		.4byte	.LFE68-.LFB68
 1738 0038 00000000 		.4byte	.LFB69
 1739 003c 14000000 		.4byte	.LFE69-.LFB69
 1740 0040 00000000 		.4byte	.LFB70
 1741 0044 0A000000 		.4byte	.LFE70-.LFB70
 1742 0048 00000000 		.4byte	.LFB71
 1743 004c 24000000 		.4byte	.LFE71-.LFB71
 1744 0050 00000000 		.4byte	0
 1745 0054 00000000 		.4byte	0
 1746              		.section	.debug_ranges,"",%progbits
 1747              	.Ldebug_ranges0:
 1748 0000 08000000 		.4byte	.LBB2
 1749 0004 16000000 		.4byte	.LBE2
 1750 0008 1E000000 		.4byte	.LBB3
 1751 000c 22000000 		.4byte	.LBE3
 1752 0010 00000000 		.4byte	0
 1753 0014 00000000 		.4byte	0
 1754 0018 00000000 		.4byte	.LFB64
 1755 001c 24000000 		.4byte	.LFE64
 1756 0020 00000000 		.4byte	.LFB65
 1757 0024 04000000 		.4byte	.LFE65
 1758 0028 00000000 		.4byte	.LFB66
 1759 002c 7C000000 		.4byte	.LFE66
 1760 0030 00000000 		.4byte	.LFB67
 1761 0034 7C000000 		.4byte	.LFE67
 1762 0038 00000000 		.4byte	.LFB68
 1763 003c 26000000 		.4byte	.LFE68
 1764 0040 00000000 		.4byte	.LFB69
 1765 0044 14000000 		.4byte	.LFE69
 1766 0048 00000000 		.4byte	.LFB70
 1767 004c 0A000000 		.4byte	.LFE70
 1768 0050 00000000 		.4byte	.LFB71
 1769 0054 24000000 		.4byte	.LFE71
 1770 0058 00000000 		.4byte	0
 1771 005c 00000000 		.4byte	0
 1772              		.section	.debug_line,"",%progbits
 1773              	.Ldebug_line0:
 1774 0000 BC020000 		.section	.debug_str,"MS",%progbits,1
 1774      0200FE01 
 1774      00000201 
 1774      FB0E0D00 
 1774      01010101 
 1775              	.LASF27:
 1776 0000 496E5F46 		.ascii	"In_Fault_Cmd\000"
 1776      61756C74 
 1776      5F436D64 
 1776      00
 1777              	.LASF43:
 1778 000d 436D6473 		.ascii	"Cmds.c\000"
 1778      2E6300
 1779              	.LASF9:
 1780 0014 5F5F696E 		.ascii	"__int32_t\000"
 1780      7433325F 
 1780      7400
 1781              	.LASF19:
 1782 001e 61726776 		.ascii	"argv\000"
 1782      00
ARM GAS  C:\Users\Dan\AppData\Local\Temp\ccoMxLTS.s 			page 36


 1783              	.LASF44:
 1784 0023 433A5C44 		.ascii	"C:\\Dan\\Eng Projects\\BP308\\MPG\\ARM Code\\MPG\\M"
 1784      616E5C45 
 1784      6E672050 
 1784      726F6A65 
 1784      6374735C 
 1785 004f 50475F50 		.ascii	"PG_PSoC.cydsn\000"
 1785      536F432E 
 1785      63796473 
 1785      6E00
 1786              	.LASF13:
 1787 005d 646F7562 		.ascii	"double\000"
 1787      6C6500
 1788              	.LASF17:
 1789 0064 66756E63 		.ascii	"func_ptr\000"
 1789      5F707472 
 1789      00
 1790              	.LASF20:
 1791 006d 5665725F 		.ascii	"Ver_Cmd\000"
 1791      436D6400 
 1792              	.LASF10:
 1793 0075 696E7433 		.ascii	"int32_t\000"
 1793      325F7400 
 1794              	.LASF12:
 1795 007d 666C6F61 		.ascii	"float\000"
 1795      7400
 1796              	.LASF33:
 1797 0083 50726F63 		.ascii	"Process_Running\000"
 1797      6573735F 
 1797      52756E6E 
 1797      696E6700 
 1798              	.LASF1:
 1799 0093 756E7369 		.ascii	"unsigned char\000"
 1799      676E6564 
 1799      20636861 
 1799      7200
 1800              	.LASF42:
 1801 00a1 474E5520 		.ascii	"GNU C11 5.4.1 20160609 (release) [ARM/embedded-5-br"
 1801      43313120 
 1801      352E342E 
 1801      31203230 
 1801      31363036 
 1802 00d4 616E6368 		.ascii	"anch revision 237715] -mcpu=cortex-m3 -mthumb -g -O"
 1802      20726576 
 1802      6973696F 
 1802      6E203233 
 1802      37373135 
 1803 0107 67202D66 		.ascii	"g -ffunction-sections -ffat-lto-objects\000"
 1803      66756E63 
 1803      74696F6E 
 1803      2D736563 
 1803      74696F6E 
 1804              	.LASF37:
 1805 012f 496E6974 		.ascii	"InitAlphaProcess\000"
 1805      416C7068 
 1805      6150726F 
 1805      63657373 
ARM GAS  C:\Users\Dan\AppData\Local\Temp\ccoMxLTS.s 			page 37


 1805      00
 1806              	.LASF5:
 1807 0140 6C6F6E67 		.ascii	"long unsigned int\000"
 1807      20756E73 
 1807      69676E65 
 1807      6420696E 
 1807      7400
 1808              	.LASF3:
 1809 0152 73686F72 		.ascii	"short unsigned int\000"
 1809      7420756E 
 1809      7369676E 
 1809      65642069 
 1809      6E7400
 1810              	.LASF24:
 1811 0165 5554585F 		.ascii	"UTX_Cmd\000"
 1811      436D6400 
 1812              	.LASF28:
 1813 016d 49544D5F 		.ascii	"ITM_RxBuffer\000"
 1813      52784275 
 1813      66666572 
 1813      00
 1814              	.LASF30:
 1815 017a 755F6D73 		.ascii	"u_msg\000"
 1815      6700
 1816              	.LASF40:
 1817 0180 426F6F74 		.ascii	"Bootloadable_Load\000"
 1817      6C6F6164 
 1817      61626C65 
 1817      5F4C6F61 
 1817      6400
 1818              	.LASF35:
 1819 0192 496E6974 		.ascii	"InitCountProcess\000"
 1819      436F756E 
 1819      7450726F 
 1819      63657373 
 1819      00
 1820              	.LASF21:
 1821 01a3 436F6D6D 		.ascii	"Comment_Cmd\000"
 1821      656E745F 
 1821      436D6400 
 1822              	.LASF32:
 1823 01af 73747263 		.ascii	"strcmp\000"
 1823      6D7000
 1824              	.LASF31:
 1825 01b6 5553425F 		.ascii	"USB_PutString\000"
 1825      50757453 
 1825      7472696E 
 1825      6700
 1826              	.LASF41:
 1827 01c4 496E5F46 		.ascii	"In_Fault\000"
 1827      61756C74 
 1827      00
 1828              	.LASF25:
 1829 01cd 53746174 		.ascii	"State_Cmd\000"
 1829      655F436D 
 1829      6400
 1830              	.LASF8:
ARM GAS  C:\Users\Dan\AppData\Local\Temp\ccoMxLTS.s 			page 38


 1831 01d7 756E7369 		.ascii	"unsigned int\000"
 1831      676E6564 
 1831      20696E74 
 1831      00
 1832              	.LASF7:
 1833 01e4 6C6F6E67 		.ascii	"long long unsigned int\000"
 1833      206C6F6E 
 1833      6720756E 
 1833      7369676E 
 1833      65642069 
 1834              	.LASF26:
 1835 01fb 4C6F6164 		.ascii	"Load_Cmd\000"
 1835      5F436D64 
 1835      00
 1836              	.LASF38:
 1837 0204 55415254 		.ascii	"UART_PutStr\000"
 1837      5F507574 
 1837      53747200 
 1838              	.LASF23:
 1839 0210 416C7068 		.ascii	"Alpha_Cmd\000"
 1839      615F436D 
 1839      6400
 1840              	.LASF16:
 1841 021a 73697A65 		.ascii	"sizetype\000"
 1841      74797065 
 1841      00
 1842              	.LASF29:
 1843 0223 4D735072 		.ascii	"MsProcess\000"
 1843      6F636573 
 1843      7300
 1844              	.LASF6:
 1845 022d 6C6F6E67 		.ascii	"long long int\000"
 1845      206C6F6E 
 1845      6720696E 
 1845      7400
 1846              	.LASF39:
 1847 023b 4D50475F 		.ascii	"MPG_Status\000"
 1847      53746174 
 1847      757300
 1848              	.LASF14:
 1849 0246 63686172 		.ascii	"char\000"
 1849      00
 1850              	.LASF22:
 1851 024b 436F756E 		.ascii	"Count_Cmd\000"
 1851      745F436D 
 1851      6400
 1852              	.LASF2:
 1853 0255 73686F72 		.ascii	"short int\000"
 1853      7420696E 
 1853      7400
 1854              	.LASF11:
 1855 025f 75696E74 		.ascii	"uint8\000"
 1855      3800
 1856              	.LASF18:
 1857 0265 61726763 		.ascii	"argc\000"
 1857      00
 1858              	.LASF34:
ARM GAS  C:\Users\Dan\AppData\Local\Temp\ccoMxLTS.s 			page 39


 1859 026a 4164645F 		.ascii	"Add_Process\000"
 1859      50726F63 
 1859      65737300 
 1860              	.LASF36:
 1861 0276 44656C5F 		.ascii	"Del_Process\000"
 1861      50726F63 
 1861      65737300 
 1862              	.LASF4:
 1863 0282 6C6F6E67 		.ascii	"long int\000"
 1863      20696E74 
 1863      00
 1864              	.LASF15:
 1865 028b 6C6F6E67 		.ascii	"long double\000"
 1865      20646F75 
 1865      626C6500 
 1866              	.LASF0:
 1867 0297 7369676E 		.ascii	"signed char\000"
 1867      65642063 
 1867      68617200 
 1868              		.ident	"GCC: (GNU Tools for ARM Embedded Processors) 5.4.1 20160609 (release) [ARM/embedded-5-bran
