ARM GAS  C:\Users\Dan\AppData\Local\Temp\cc2Pg8Hf.s 			page 1


   1              		.syntax unified
   2              		.cpu cortex-m3
   3              		.fpu softvfp
   4              		.eabi_attribute 20, 1
   5              		.eabi_attribute 21, 1
   6              		.eabi_attribute 23, 3
   7              		.eabi_attribute 24, 1
   8              		.eabi_attribute 25, 1
   9              		.eabi_attribute 26, 1
  10              		.eabi_attribute 30, 1
  11              		.eabi_attribute 34, 1
  12              		.eabi_attribute 18, 4
  13              		.thumb
  14              		.syntax unified
  15              		.file	"cymetadata.c"
  16              		.text
  17              	.Ltext0:
  18              		.cfi_sections	.debug_frame
  19              		.global	cy_meta_configecc
  20              		.global	cy_meta_loadable
  21              		.section	.cyconfigecc,"a",%progbits
  22              		.align	2
  23              		.type	cy_meta_configecc, %object
  24              		.size	cy_meta_configecc, 1572
  25              	cy_meta_configecc:
  26 0000 01       		.byte	1
  27 0001 45       		.byte	69
  28 0002 00       		.byte	0
  29 0003 40       		.byte	64
  30 0004 06       		.byte	6
  31 0005 52       		.byte	82
  32 0006 00       		.byte	0
  33 0007 40       		.byte	64
  34 0008 02       		.byte	2
  35 0009 64       		.byte	100
  36 000a 00       		.byte	0
  37 000b 40       		.byte	64
  38 000c 01       		.byte	1
  39 000d 65       		.byte	101
  40 000e 00       		.byte	0
  41 000f 40       		.byte	64
  42 0010 01       		.byte	1
  43 0011 01       		.byte	1
  44 0012 01       		.byte	1
  45 0013 40       		.byte	64
  46 0014 03       		.byte	3
  47 0015 05       		.byte	5
  48 0016 01       		.byte	1
  49 0017 40       		.byte	64
  50 0018 02       		.byte	2
  51 0019 07       		.byte	7
  52 001a 01       		.byte	1
  53 001b 40       		.byte	64
  54 001c 56       		.byte	86
  55 001d 08       		.byte	8
  56 001e 01       		.byte	1
  57 001f 40       		.byte	64
ARM GAS  C:\Users\Dan\AppData\Local\Temp\cc2Pg8Hf.s 			page 2


  58 0020 3F       		.byte	63
  59 0021 09       		.byte	9
  60 0022 01       		.byte	1
  61 0023 40       		.byte	64
  62 0024 3A       		.byte	58
  63 0025 0A       		.byte	10
  64 0026 01       		.byte	1
  65 0027 40       		.byte	64
  66 0028 41       		.byte	65
  67 0029 0B       		.byte	11
  68 002a 01       		.byte	1
  69 002b 40       		.byte	64
  70 002c 55       		.byte	85
  71 002d 0C       		.byte	12
  72 002e 01       		.byte	1
  73 002f 40       		.byte	64
  74 0030 2D       		.byte	45
  75 0031 0D       		.byte	13
  76 0032 01       		.byte	1
  77 0033 40       		.byte	64
  78 0034 01       		.byte	1
  79 0035 0F       		.byte	15
  80 0036 01       		.byte	1
  81 0037 40       		.byte	64
  82 0038 01       		.byte	1
  83 0039 15       		.byte	21
  84 003a 01       		.byte	1
  85 003b 40       		.byte	64
  86 003c 02       		.byte	2
  87 003d 17       		.byte	23
  88 003e 01       		.byte	1
  89 003f 40       		.byte	64
  90 0040 53       		.byte	83
  91 0041 18       		.byte	24
  92 0042 01       		.byte	1
  93 0043 40       		.byte	64
  94 0044 3F       		.byte	63
  95 0045 19       		.byte	25
  96 0046 01       		.byte	1
  97 0047 40       		.byte	64
  98 0048 09       		.byte	9
  99 0049 1B       		.byte	27
 100 004a 01       		.byte	1
 101 004b 40       		.byte	64
 102 004c 07       		.byte	7
 103 004d 40       		.byte	64
 104 004e 01       		.byte	1
 105 004f 40       		.byte	64
 106 0050 0C       		.byte	12
 107 0051 41       		.byte	65
 108 0052 01       		.byte	1
 109 0053 40       		.byte	64
 110 0054 0E       		.byte	14
 111 0055 42       		.byte	66
 112 0056 01       		.byte	1
 113 0057 40       		.byte	64
 114 0058 0B       		.byte	11
ARM GAS  C:\Users\Dan\AppData\Local\Temp\cc2Pg8Hf.s 			page 3


 115 0059 43       		.byte	67
 116 005a 01       		.byte	1
 117 005b 40       		.byte	64
 118 005c 02       		.byte	2
 119 005d 44       		.byte	68
 120 005e 01       		.byte	1
 121 005f 40       		.byte	64
 122 0060 07       		.byte	7
 123 0061 45       		.byte	69
 124 0062 01       		.byte	1
 125 0063 40       		.byte	64
 126 0064 06       		.byte	6
 127 0065 46       		.byte	70
 128 0066 01       		.byte	1
 129 0067 40       		.byte	64
 130 0068 0A       		.byte	10
 131 0069 47       		.byte	71
 132 006a 01       		.byte	1
 133 006b 40       		.byte	64
 134 006c 07       		.byte	7
 135 006d 48       		.byte	72
 136 006e 01       		.byte	1
 137 006f 40       		.byte	64
 138 0070 02       		.byte	2
 139 0071 49       		.byte	73
 140 0072 01       		.byte	1
 141 0073 40       		.byte	64
 142 0074 0F       		.byte	15
 143 0075 4C       		.byte	76
 144 0076 01       		.byte	1
 145 0077 40       		.byte	64
 146 0078 08       		.byte	8
 147 0079 4D       		.byte	77
 148 007a 01       		.byte	1
 149 007b 40       		.byte	64
 150 007c 05       		.byte	5
 151 007d 50       		.byte	80
 152 007e 01       		.byte	1
 153 007f 40       		.byte	64
 154 0080 03       		.byte	3
 155 0081 51       		.byte	81
 156 0082 01       		.byte	1
 157 0083 40       		.byte	64
 158 0084 7E       		.byte	126
 159 0085 02       		.byte	2
 160 0086 08       		.byte	8
 161 0087 38       		.byte	56
 162 0088 09       		.byte	9
 163 0089 10       		.byte	16
 164 008a 10       		.byte	16
 165 008b 80       		.byte	-128
 166 008c 14       		.byte	20
 167 008d 40       		.byte	64
 168 008e 61       		.byte	97
 169 008f 40       		.byte	64
 170 0090 7C       		.byte	124
 171 0091 40       		.byte	64
ARM GAS  C:\Users\Dan\AppData\Local\Temp\cc2Pg8Hf.s 			page 4


 172 0092 8A       		.byte	-118
 173 0093 72       		.byte	114
 174 0094 8B       		.byte	-117
 175 0095 38       		.byte	56
 176 0096 89       		.byte	-119
 177 0097 0F       		.byte	15
 178 0098 E6       		.byte	-26
 179 0099 40       		.byte	64
 180 009a E4       		.byte	-28
 181 009b 02       		.byte	2
 182 009c E6       		.byte	-26
 183 009d 08       		.byte	8
 184 009e EC       		.byte	-20
 185 009f 01       		.byte	1
 186 00a0 E2       		.byte	-30
 187 00a1 01       		.byte	1
 188 00a2 E6       		.byte	-26
 189 00a3 0A       		.byte	10
 190 00a4 00       		.byte	0
 191 00a5 18       		.byte	24
 192 00a6 02       		.byte	2
 193 00a7 06       		.byte	6
 194 00a8 04       		.byte	4
 195 00a9 06       		.byte	6
 196 00aa 06       		.byte	6
 197 00ab 18       		.byte	24
 198 00ac 11       		.byte	17
 199 00ad 0A       		.byte	10
 200 00ae 13       		.byte	19
 201 00af 05       		.byte	5
 202 00b0 14       		.byte	20
 203 00b1 20       		.byte	32
 204 00b2 15       		.byte	21
 205 00b3 03       		.byte	3
 206 00b4 17       		.byte	23
 207 00b5 0C       		.byte	12
 208 00b6 1D       		.byte	29
 209 00b7 05       		.byte	5
 210 00b8 1F       		.byte	31
 211 00b9 0A       		.byte	10
 212 00ba 20       		.byte	32
 213 00bb 0A       		.byte	10
 214 00bc 22       		.byte	34
 215 00bd 15       		.byte	21
 216 00be 2C       		.byte	44
 217 00bf 0A       		.byte	10
 218 00c0 2D       		.byte	45
 219 00c1 03       		.byte	3
 220 00c2 2E       		.byte	46
 221 00c3 14       		.byte	20
 222 00c4 2F       		.byte	47
 223 00c5 1C       		.byte	28
 224 00c6 30       		.byte	48
 225 00c7 20       		.byte	32
 226 00c8 31       		.byte	49
 227 00c9 10       		.byte	16
 228 00ca 32       		.byte	50
ARM GAS  C:\Users\Dan\AppData\Local\Temp\cc2Pg8Hf.s 			page 5


 229 00cb 01       		.byte	1
 230 00cc 33       		.byte	51
 231 00cd 0F       		.byte	15
 232 00ce 34       		.byte	52
 233 00cf 1E       		.byte	30
 234 00d0 3E       		.byte	62
 235 00d1 11       		.byte	17
 236 00d2 3F       		.byte	63
 237 00d3 04       		.byte	4
 238 00d4 56       		.byte	86
 239 00d5 08       		.byte	8
 240 00d6 58       		.byte	88
 241 00d7 04       		.byte	4
 242 00d8 59       		.byte	89
 243 00d9 04       		.byte	4
 244 00da 5B       		.byte	91
 245 00db 04       		.byte	4
 246 00dc 5C       		.byte	92
 247 00dd 11       		.byte	17
 248 00de 5D       		.byte	93
 249 00df 10       		.byte	16
 250 00e0 5F       		.byte	95
 251 00e1 01       		.byte	1
 252 00e2 82       		.byte	-126
 253 00e3 08       		.byte	8
 254 00e4 84       		.byte	-124
 255 00e5 2C       		.byte	44
 256 00e6 85       		.byte	-123
 257 00e7 46       		.byte	70
 258 00e8 86       		.byte	-122
 259 00e9 03       		.byte	3
 260 00ea 87       		.byte	-121
 261 00eb 81       		.byte	-127
 262 00ec 89       		.byte	-119
 263 00ed 08       		.byte	8
 264 00ee 8B       		.byte	-117
 265 00ef 10       		.byte	16
 266 00f0 8D       		.byte	-115
 267 00f1 60       		.byte	96
 268 00f2 8F       		.byte	-113
 269 00f3 83       		.byte	-125
 270 00f4 91       		.byte	-111
 271 00f5 10       		.byte	16
 272 00f6 93       		.byte	-109
 273 00f7 08       		.byte	8
 274 00f8 95       		.byte	-107
 275 00f9 60       		.byte	96
 276 00fa 96       		.byte	-106
 277 00fb 0C       		.byte	12
 278 00fc 97       		.byte	-105
 279 00fd 85       		.byte	-123
 280 00fe 9B       		.byte	-101
 281 00ff A1       		.byte	-95
 282 0100 9C       		.byte	-100
 283 0101 31       		.byte	49
 284 0102 9D       		.byte	-99
 285 0103 60       		.byte	96
ARM GAS  C:\Users\Dan\AppData\Local\Temp\cc2Pg8Hf.s 			page 6


 286 0104 9E       		.byte	-98
 287 0105 0E       		.byte	14
 288 0106 9F       		.byte	-97
 289 0107 80       		.byte	-128
 290 0108 A3       		.byte	-93
 291 0109 02       		.byte	2
 292 010a A6       		.byte	-90
 293 010b 13       		.byte	19
 294 010c A8       		.byte	-88
 295 010d 31       		.byte	49
 296 010e AA       		.byte	-86
 297 010f 06       		.byte	6
 298 0110 AB       		.byte	-85
 299 0111 06       		.byte	6
 300 0112 B1       		.byte	-79
 301 0113 07       		.byte	7
 302 0114 B2       		.byte	-78
 303 0115 30       		.byte	48
 304 0116 B3       		.byte	-77
 305 0117 E4       		.byte	-28
 306 0118 B4       		.byte	-76
 307 0119 0F       		.byte	15
 308 011a B5       		.byte	-75
 309 011b 18       		.byte	24
 310 011c B8       		.byte	-72
 311 011d 08       		.byte	8
 312 011e BA       		.byte	-70
 313 011f 20       		.byte	32
 314 0120 BB       		.byte	-69
 315 0121 0A       		.byte	10
 316 0122 BE       		.byte	-66
 317 0123 04       		.byte	4
 318 0124 BF       		.byte	-65
 319 0125 10       		.byte	16
 320 0126 C0       		.byte	-64
 321 0127 03       		.byte	3
 322 0128 C5       		.byte	-59
 323 0129 40       		.byte	64
 324 012a C9       		.byte	-55
 325 012b FF       		.byte	-1
 326 012c CA       		.byte	-54
 327 012d 07       		.byte	7
 328 012e CB       		.byte	-53
 329 012f FF       		.byte	-1
 330 0130 CC       		.byte	-52
 331 0131 40       		.byte	64
 332 0132 CD       		.byte	-51
 333 0133 20       		.byte	32
 334 0134 CE       		.byte	-50
 335 0135 F0       		.byte	-16
 336 0136 CF       		.byte	-49
 337 0137 05       		.byte	5
 338 0138 D0       		.byte	-48
 339 0139 08       		.byte	8
 340 013a D6       		.byte	-42
 341 013b 08       		.byte	8
 342 013c D8       		.byte	-40
ARM GAS  C:\Users\Dan\AppData\Local\Temp\cc2Pg8Hf.s 			page 7


 343 013d 04       		.byte	4
 344 013e D9       		.byte	-39
 345 013f 04       		.byte	4
 346 0140 DA       		.byte	-38
 347 0141 04       		.byte	4
 348 0142 DB       		.byte	-37
 349 0143 24       		.byte	36
 350 0144 DD       		.byte	-35
 351 0145 10       		.byte	16
 352 0146 DF       		.byte	-33
 353 0147 01       		.byte	1
 354 0148 E0       		.byte	-32
 355 0149 40       		.byte	64
 356 014a E1       		.byte	-31
 357 014b A8       		.byte	-88
 358 014c E2       		.byte	-30
 359 014d 40       		.byte	64
 360 014e E3       		.byte	-29
 361 014f 20       		.byte	32
 362 0150 00       		.byte	0
 363 0151 04       		.byte	4
 364 0152 01       		.byte	1
 365 0153 02       		.byte	2
 366 0154 05       		.byte	5
 367 0155 04       		.byte	4
 368 0156 06       		.byte	6
 369 0157 80       		.byte	-128
 370 0158 08       		.byte	8
 371 0159 08       		.byte	8
 372 015a 0A       		.byte	10
 373 015b 02       		.byte	2
 374 015c 0C       		.byte	12
 375 015d 28       		.byte	40
 376 015e 0D       		.byte	13
 377 015f 10       		.byte	16
 378 0160 10       		.byte	16
 379 0161 20       		.byte	32
 380 0162 12       		.byte	18
 381 0163 08       		.byte	8
 382 0164 16       		.byte	22
 383 0165 40       		.byte	64
 384 0166 17       		.byte	23
 385 0167 80       		.byte	-128
 386 0168 18       		.byte	24
 387 0169 14       		.byte	20
 388 016a 1D       		.byte	29
 389 016b 04       		.byte	4
 390 016c 1F       		.byte	31
 391 016d 22       		.byte	34
 392 016e 22       		.byte	34
 393 016f 09       		.byte	9
 394 0170 23       		.byte	35
 395 0171 44       		.byte	68
 396 0172 25       		.byte	37
 397 0173 08       		.byte	8
 398 0174 27       		.byte	39
 399 0175 80       		.byte	-128
ARM GAS  C:\Users\Dan\AppData\Local\Temp\cc2Pg8Hf.s 			page 8


 400 0176 28       		.byte	40
 401 0177 08       		.byte	8
 402 0178 29       		.byte	41
 403 0179 12       		.byte	18
 404 017a 2E       		.byte	46
 405 017b 80       		.byte	-128
 406 017c 30       		.byte	48
 407 017d A0       		.byte	-96
 408 017e 32       		.byte	50
 409 017f 08       		.byte	8
 410 0180 33       		.byte	51
 411 0181 01       		.byte	1
 412 0182 34       		.byte	52
 413 0183 01       		.byte	1
 414 0184 35       		.byte	53
 415 0185 04       		.byte	4
 416 0186 37       		.byte	55
 417 0187 80       		.byte	-128
 418 0188 38       		.byte	56
 419 0189 04       		.byte	4
 420 018a 39       		.byte	57
 421 018b 10       		.byte	16
 422 018c 3B       		.byte	59
 423 018d 40       		.byte	64
 424 018e 40       		.byte	64
 425 018f 10       		.byte	16
 426 0190 48       		.byte	72
 427 0191 20       		.byte	32
 428 0192 49       		.byte	73
 429 0193 02       		.byte	2
 430 0194 59       		.byte	89
 431 0195 80       		.byte	-128
 432 0196 5C       		.byte	92
 433 0197 80       		.byte	-128
 434 0198 60       		.byte	96
 435 0199 02       		.byte	2
 436 019a 64       		.byte	100
 437 019b 01       		.byte	1
 438 019c 66       		.byte	102
 439 019d 40       		.byte	64
 440 019e 68       		.byte	104
 441 019f 0C       		.byte	12
 442 01a0 69       		.byte	105
 443 01a1 10       		.byte	16
 444 01a2 6B       		.byte	107
 445 01a3 03       		.byte	3
 446 01a4 81       		.byte	-127
 447 01a5 08       		.byte	8
 448 01a6 85       		.byte	-123
 449 01a7 80       		.byte	-128
 450 01a8 87       		.byte	-121
 451 01a9 22       		.byte	34
 452 01aa 94       		.byte	-108
 453 01ab 04       		.byte	4
 454 01ac 97       		.byte	-105
 455 01ad 40       		.byte	64
 456 01ae 98       		.byte	-104
ARM GAS  C:\Users\Dan\AppData\Local\Temp\cc2Pg8Hf.s 			page 9


 457 01af 80       		.byte	-128
 458 01b0 9A       		.byte	-102
 459 01b1 80       		.byte	-128
 460 01b2 A6       		.byte	-90
 461 01b3 08       		.byte	8
 462 01b4 B0       		.byte	-80
 463 01b5 04       		.byte	4
 464 01b6 B4       		.byte	-76
 465 01b7 04       		.byte	4
 466 01b8 B5       		.byte	-75
 467 01b9 20       		.byte	32
 468 01ba C0       		.byte	-64
 469 01bb 3C       		.byte	60
 470 01bc C2       		.byte	-62
 471 01bd 25       		.byte	37
 472 01be C4       		.byte	-60
 473 01bf 96       		.byte	-106
 474 01c0 CA       		.byte	-54
 475 01c1 15       		.byte	21
 476 01c2 CC       		.byte	-52
 477 01c3 DF       		.byte	-33
 478 01c4 CE       		.byte	-50
 479 01c5 0E       		.byte	14
 480 01c6 D0       		.byte	-48
 481 01c7 02       		.byte	2
 482 01c8 D6       		.byte	-42
 483 01c9 18       		.byte	24
 484 01ca D8       		.byte	-40
 485 01cb 18       		.byte	24
 486 01cc E0       		.byte	-32
 487 01cd 08       		.byte	8
 488 01ce 04       		.byte	4
 489 01cf 06       		.byte	6
 490 01d0 05       		.byte	5
 491 01d1 01       		.byte	1
 492 01d2 06       		.byte	6
 493 01d3 01       		.byte	1
 494 01d4 08       		.byte	8
 495 01d5 01       		.byte	1
 496 01d6 0A       		.byte	10
 497 01d7 06       		.byte	6
 498 01d8 0C       		.byte	12
 499 01d9 07       		.byte	7
 500 01da 0D       		.byte	13
 501 01db 01       		.byte	1
 502 01dc 10       		.byte	16
 503 01dd 06       		.byte	6
 504 01de 14       		.byte	20
 505 01df 06       		.byte	6
 506 01e0 15       		.byte	21
 507 01e1 01       		.byte	1
 508 01e2 16       		.byte	22
 509 01e3 01       		.byte	1
 510 01e4 18       		.byte	24
 511 01e5 02       		.byte	2
 512 01e6 1E       		.byte	30
 513 01e7 01       		.byte	1
ARM GAS  C:\Users\Dan\AppData\Local\Temp\cc2Pg8Hf.s 			page 10


 514 01e8 20       		.byte	32
 515 01e9 04       		.byte	4
 516 01ea 24       		.byte	36
 517 01eb 08       		.byte	8
 518 01ec 28       		.byte	40
 519 01ed 08       		.byte	8
 520 01ee 2C       		.byte	44
 521 01ef 08       		.byte	8
 522 01f0 32       		.byte	50
 523 01f1 07       		.byte	7
 524 01f2 35       		.byte	53
 525 01f3 01       		.byte	1
 526 01f4 36       		.byte	54
 527 01f5 08       		.byte	8
 528 01f6 39       		.byte	57
 529 01f7 20       		.byte	32
 530 01f8 3A       		.byte	58
 531 01f9 0A       		.byte	10
 532 01fa 56       		.byte	86
 533 01fb 02       		.byte	2
 534 01fc 57       		.byte	87
 535 01fd 13       		.byte	19
 536 01fe 58       		.byte	88
 537 01ff 04       		.byte	4
 538 0200 59       		.byte	89
 539 0201 04       		.byte	4
 540 0202 5B       		.byte	91
 541 0203 04       		.byte	4
 542 0204 5F       		.byte	95
 543 0205 01       		.byte	1
 544 0206 81       		.byte	-127
 545 0207 10       		.byte	16
 546 0208 85       		.byte	-123
 547 0209 08       		.byte	8
 548 020a 89       		.byte	-119
 549 020b 1C       		.byte	28
 550 020c 8B       		.byte	-117
 551 020d 61       		.byte	97
 552 020e 8D       		.byte	-115
 553 020f 7F       		.byte	127
 554 0210 91       		.byte	-111
 555 0211 60       		.byte	96
 556 0212 97       		.byte	-105
 557 0213 04       		.byte	4
 558 0214 99       		.byte	-103
 559 0215 1C       		.byte	28
 560 0216 9A       		.byte	-102
 561 0217 01       		.byte	1
 562 0218 9B       		.byte	-101
 563 0219 62       		.byte	98
 564 021a 9D       		.byte	-99
 565 021b 24       		.byte	36
 566 021c 9F       		.byte	-97
 567 021d 80       		.byte	-128
 568 021e A3       		.byte	-93
 569 021f 63       		.byte	99
 570 0220 A5       		.byte	-91
ARM GAS  C:\Users\Dan\AppData\Local\Temp\cc2Pg8Hf.s 			page 11


 571 0221 40       		.byte	64
 572 0222 A9       		.byte	-87
 573 0223 67       		.byte	103
 574 0224 AB       		.byte	-85
 575 0225 18       		.byte	24
 576 0226 AD       		.byte	-83
 577 0227 18       		.byte	24
 578 0228 AE       		.byte	-82
 579 0229 01       		.byte	1
 580 022a B0       		.byte	-80
 581 022b 01       		.byte	1
 582 022c B1       		.byte	-79
 583 022d 60       		.byte	96
 584 022e B3       		.byte	-77
 585 022f 1F       		.byte	31
 586 0230 B5       		.byte	-75
 587 0231 80       		.byte	-128
 588 0232 BB       		.byte	-69
 589 0233 08       		.byte	8
 590 0234 BE       		.byte	-66
 591 0235 01       		.byte	1
 592 0236 D4       		.byte	-44
 593 0237 18       		.byte	24
 594 0238 D6       		.byte	-42
 595 0239 04       		.byte	4
 596 023a D8       		.byte	-40
 597 023b 04       		.byte	4
 598 023c D9       		.byte	-39
 599 023d 04       		.byte	4
 600 023e DB       		.byte	-37
 601 023f 04       		.byte	4
 602 0240 DF       		.byte	-33
 603 0241 01       		.byte	1
 604 0242 00       		.byte	0
 605 0243 40       		.byte	64
 606 0244 03       		.byte	3
 607 0245 1C       		.byte	28
 608 0246 08       		.byte	8
 609 0247 03       		.byte	3
 610 0248 0A       		.byte	10
 611 0249 16       		.byte	22
 612 024a 0F       		.byte	15
 613 024b 08       		.byte	8
 614 024c 10       		.byte	16
 615 024d 82       		.byte	-126
 616 024e 11       		.byte	17
 617 024f 14       		.byte	20
 618 0250 17       		.byte	23
 619 0251 40       		.byte	64
 620 0252 18       		.byte	24
 621 0253 40       		.byte	64
 622 0254 1A       		.byte	26
 623 0255 12       		.byte	18
 624 0256 1B       		.byte	27
 625 0257 80       		.byte	-128
 626 0258 1F       		.byte	31
 627 0259 01       		.byte	1
ARM GAS  C:\Users\Dan\AppData\Local\Temp\cc2Pg8Hf.s 			page 12


 628 025a 20       		.byte	32
 629 025b 08       		.byte	8
 630 025c 26       		.byte	38
 631 025d 01       		.byte	1
 632 025e 27       		.byte	39
 633 025f 18       		.byte	24
 634 0260 2C       		.byte	44
 635 0261 01       		.byte	1
 636 0262 2F       		.byte	47
 637 0263 A8       		.byte	-88
 638 0264 32       		.byte	50
 639 0265 08       		.byte	8
 640 0266 36       		.byte	54
 641 0267 02       		.byte	2
 642 0268 37       		.byte	55
 643 0269 98       		.byte	-104
 644 026a 38       		.byte	56
 645 026b 04       		.byte	4
 646 026c 3B       		.byte	59
 647 026d 40       		.byte	64
 648 026e 3C       		.byte	60
 649 026f 40       		.byte	64
 650 0270 3E       		.byte	62
 651 0271 15       		.byte	21
 652 0272 59       		.byte	89
 653 0273 01       		.byte	1
 654 0274 5E       		.byte	94
 655 0275 02       		.byte	2
 656 0276 65       		.byte	101
 657 0277 20       		.byte	32
 658 0278 66       		.byte	102
 659 0279 02       		.byte	2
 660 027a 67       		.byte	103
 661 027b 02       		.byte	2
 662 027c 68       		.byte	104
 663 027d 02       		.byte	2
 664 027e 69       		.byte	105
 665 027f 1C       		.byte	28
 666 0280 6A       		.byte	106
 667 0281 20       		.byte	32
 668 0282 70       		.byte	112
 669 0283 80       		.byte	-128
 670 0284 71       		.byte	113
 671 0285 44       		.byte	68
 672 0286 72       		.byte	114
 673 0287 05       		.byte	5
 674 0288 73       		.byte	115
 675 0289 20       		.byte	32
 676 028a 84       		.byte	-124
 677 028b 80       		.byte	-128
 678 028c 86       		.byte	-122
 679 028d 02       		.byte	2
 680 028e 8C       		.byte	-116
 681 028f 02       		.byte	2
 682 0290 8D       		.byte	-115
 683 0291 04       		.byte	4
 684 0292 90       		.byte	-112
ARM GAS  C:\Users\Dan\AppData\Local\Temp\cc2Pg8Hf.s 			page 13


 685 0293 08       		.byte	8
 686 0294 94       		.byte	-108
 687 0295 40       		.byte	64
 688 0296 95       		.byte	-107
 689 0297 08       		.byte	8
 690 0298 96       		.byte	-106
 691 0299 36       		.byte	54
 692 029a 99       		.byte	-103
 693 029b 01       		.byte	1
 694 029c 9A       		.byte	-102
 695 029d 80       		.byte	-128
 696 029e 9B       		.byte	-101
 697 029f C4       		.byte	-60
 698 02a0 9D       		.byte	-99
 699 02a1 40       		.byte	64
 700 02a2 9F       		.byte	-97
 701 02a3 30       		.byte	48
 702 02a4 A2       		.byte	-94
 703 02a5 02       		.byte	2
 704 02a6 A3       		.byte	-93
 705 02a7 24       		.byte	36
 706 02a8 A8       		.byte	-88
 707 02a9 80       		.byte	-128
 708 02aa B1       		.byte	-79
 709 02ab 04       		.byte	4
 710 02ac B2       		.byte	-78
 711 02ad 01       		.byte	1
 712 02ae B4       		.byte	-76
 713 02af 01       		.byte	1
 714 02b0 B6       		.byte	-74
 715 02b1 80       		.byte	-128
 716 02b2 B7       		.byte	-73
 717 02b3 A0       		.byte	-96
 718 02b4 C0       		.byte	-64
 719 02b5 07       		.byte	7
 720 02b6 C2       		.byte	-62
 721 02b7 4F       		.byte	79
 722 02b8 C4       		.byte	-60
 723 02b9 8F       		.byte	-113
 724 02ba CA       		.byte	-54
 725 02bb F0       		.byte	-16
 726 02bc CC       		.byte	-52
 727 02bd F2       		.byte	-14
 728 02be CE       		.byte	-50
 729 02bf FA       		.byte	-6
 730 02c0 D6       		.byte	-42
 731 02c1 81       		.byte	-127
 732 02c2 D8       		.byte	-40
 733 02c3 B0       		.byte	-80
 734 02c4 06       		.byte	6
 735 02c5 01       		.byte	1
 736 02c6 07       		.byte	7
 737 02c7 02       		.byte	2
 738 02c8 08       		.byte	8
 739 02c9 01       		.byte	1
 740 02ca 09       		.byte	9
 741 02cb 0C       		.byte	12
ARM GAS  C:\Users\Dan\AppData\Local\Temp\cc2Pg8Hf.s 			page 14


 742 02cc 0B       		.byte	11
 743 02cd 02       		.byte	2
 744 02ce 0C       		.byte	12
 745 02cf 01       		.byte	1
 746 02d0 0F       		.byte	15
 747 02d1 01       		.byte	1
 748 02d2 11       		.byte	17
 749 02d3 0E       		.byte	14
 750 02d4 15       		.byte	21
 751 02d5 0E       		.byte	14
 752 02d6 16       		.byte	22
 753 02d7 01       		.byte	1
 754 02d8 19       		.byte	25
 755 02d9 0C       		.byte	12
 756 02da 1D       		.byte	29
 757 02db 08       		.byte	8
 758 02dc 23       		.byte	35
 759 02dd 01       		.byte	1
 760 02de 25       		.byte	37
 761 02df 04       		.byte	4
 762 02e0 29       		.byte	41
 763 02e1 02       		.byte	2
 764 02e2 2B       		.byte	43
 765 02e3 0C       		.byte	12
 766 02e4 31       		.byte	49
 767 02e5 0E       		.byte	14
 768 02e6 35       		.byte	53
 769 02e7 01       		.byte	1
 770 02e8 36       		.byte	54
 771 02e9 01       		.byte	1
 772 02ea 38       		.byte	56
 773 02eb 80       		.byte	-128
 774 02ec 3F       		.byte	63
 775 02ed 10       		.byte	16
 776 02ee 40       		.byte	64
 777 02ef 35       		.byte	53
 778 02f0 41       		.byte	65
 779 02f1 04       		.byte	4
 780 02f2 42       		.byte	66
 781 02f3 01       		.byte	1
 782 02f4 44       		.byte	68
 783 02f5 06       		.byte	6
 784 02f6 45       		.byte	69
 785 02f7 0C       		.byte	12
 786 02f8 46       		.byte	70
 787 02f9 0E       		.byte	14
 788 02fa 48       		.byte	72
 789 02fb 05       		.byte	5
 790 02fc 49       		.byte	73
 791 02fd FF       		.byte	-1
 792 02fe 4A       		.byte	74
 793 02ff FF       		.byte	-1
 794 0300 4B       		.byte	75
 795 0301 FF       		.byte	-1
 796 0302 4C       		.byte	76
 797 0303 62       		.byte	98
 798 0304 4D       		.byte	77
ARM GAS  C:\Users\Dan\AppData\Local\Temp\cc2Pg8Hf.s 			page 15


 799 0305 A0       		.byte	-96
 800 0306 4E       		.byte	78
 801 0307 F0       		.byte	-16
 802 0308 4F       		.byte	79
 803 0309 41       		.byte	65
 804 030a 50       		.byte	80
 805 030b 0C       		.byte	12
 806 030c 56       		.byte	86
 807 030d 08       		.byte	8
 808 030e 58       		.byte	88
 809 030f 04       		.byte	4
 810 0310 59       		.byte	89
 811 0311 04       		.byte	4
 812 0312 5A       		.byte	90
 813 0313 04       		.byte	4
 814 0314 5B       		.byte	91
 815 0315 04       		.byte	4
 816 0316 5D       		.byte	93
 817 0317 10       		.byte	16
 818 0318 5F       		.byte	95
 819 0319 01       		.byte	1
 820 031a 66       		.byte	102
 821 031b 40       		.byte	64
 822 031c 67       		.byte	103
 823 031d 02       		.byte	2
 824 031e 69       		.byte	105
 825 031f 10       		.byte	16
 826 0320 6A       		.byte	106
 827 0321 30       		.byte	48
 828 0322 6B       		.byte	107
 829 0323 10       		.byte	16
 830 0324 6D       		.byte	109
 831 0325 10       		.byte	16
 832 0326 6E       		.byte	110
 833 0327 10       		.byte	16
 834 0328 6F       		.byte	111
 835 0329 12       		.byte	18
 836 032a 80       		.byte	-128
 837 032b 01       		.byte	1
 838 032c 81       		.byte	-127
 839 032d 0A       		.byte	10
 840 032e 82       		.byte	-126
 841 032f 40       		.byte	64
 842 0330 83       		.byte	-125
 843 0331 11       		.byte	17
 844 0332 84       		.byte	-124
 845 0333 1C       		.byte	28
 846 0334 85       		.byte	-123
 847 0335 1F       		.byte	31
 848 0336 86       		.byte	-122
 849 0337 03       		.byte	3
 850 0338 88       		.byte	-120
 851 0339 13       		.byte	19
 852 033a 8A       		.byte	-118
 853 033b 0C       		.byte	12
 854 033c 8C       		.byte	-116
 855 033d 1F       		.byte	31
ARM GAS  C:\Users\Dan\AppData\Local\Temp\cc2Pg8Hf.s 			page 16


 856 033e 91       		.byte	-111
 857 033f 01       		.byte	1
 858 0340 93       		.byte	-109
 859 0341 06       		.byte	6
 860 0342 94       		.byte	-108
 861 0343 1F       		.byte	31
 862 0344 98       		.byte	-104
 863 0345 04       		.byte	4
 864 0346 99       		.byte	-103
 865 0347 1F       		.byte	31
 866 0348 9C       		.byte	-100
 867 0349 08       		.byte	8
 868 034a 9D       		.byte	-99
 869 034b 14       		.byte	20
 870 034c 9F       		.byte	-97
 871 034d 09       		.byte	9
 872 034e A0       		.byte	-96
 873 034f 02       		.byte	2
 874 0350 A2       		.byte	-94
 875 0351 40       		.byte	64
 876 0352 A6       		.byte	-90
 877 0353 03       		.byte	3
 878 0354 A8       		.byte	-88
 879 0355 0C       		.byte	12
 880 0356 AC       		.byte	-84
 881 0357 03       		.byte	3
 882 0358 AE       		.byte	-82
 883 0359 20       		.byte	32
 884 035a B0       		.byte	-80
 885 035b 10       		.byte	16
 886 035c B1       		.byte	-79
 887 035d 07       		.byte	7
 888 035e B2       		.byte	-78
 889 035f 0F       		.byte	15
 890 0360 B4       		.byte	-76
 891 0361 60       		.byte	96
 892 0362 B7       		.byte	-73
 893 0363 18       		.byte	24
 894 0364 BA       		.byte	-70
 895 0365 08       		.byte	8
 896 0366 BE       		.byte	-66
 897 0367 11       		.byte	17
 898 0368 D8       		.byte	-40
 899 0369 04       		.byte	4
 900 036a D9       		.byte	-39
 901 036b 04       		.byte	4
 902 036c DF       		.byte	-33
 903 036d 01       		.byte	1
 904 036e 00       		.byte	0
 905 036f 51       		.byte	81
 906 0370 01       		.byte	1
 907 0371 08       		.byte	8
 908 0372 03       		.byte	3
 909 0373 15       		.byte	21
 910 0374 04       		.byte	4
 911 0375 50       		.byte	80
 912 0376 07       		.byte	7
ARM GAS  C:\Users\Dan\AppData\Local\Temp\cc2Pg8Hf.s 			page 17


 913 0377 10       		.byte	16
 914 0378 08       		.byte	8
 915 0379 40       		.byte	64
 916 037a 0A       		.byte	10
 917 037b 14       		.byte	20
 918 037c 0E       		.byte	14
 919 037d 10       		.byte	16
 920 037e 11       		.byte	17
 921 037f 04       		.byte	4
 922 0380 12       		.byte	18
 923 0381 82       		.byte	-126
 924 0382 13       		.byte	19
 925 0383 20       		.byte	32
 926 0384 18       		.byte	24
 927 0385 10       		.byte	16
 928 0386 19       		.byte	25
 929 0387 01       		.byte	1
 930 0388 1B       		.byte	27
 931 0389 18       		.byte	24
 932 038a 1F       		.byte	31
 933 038b 80       		.byte	-128
 934 038c 22       		.byte	34
 935 038d 82       		.byte	-126
 936 038e 24       		.byte	36
 937 038f 08       		.byte	8
 938 0390 27       		.byte	39
 939 0391 40       		.byte	64
 940 0392 2E       		.byte	46
 941 0393 04       		.byte	4
 942 0394 2F       		.byte	47
 943 0395 88       		.byte	-120
 944 0396 32       		.byte	50
 945 0397 92       		.byte	-110
 946 0398 34       		.byte	52
 947 0399 40       		.byte	64
 948 039a 35       		.byte	53
 949 039b 48       		.byte	72
 950 039c 37       		.byte	55
 951 039d 21       		.byte	33
 952 039e 38       		.byte	56
 953 039f 01       		.byte	1
 954 03a0 39       		.byte	57
 955 03a1 08       		.byte	8
 956 03a2 3D       		.byte	61
 957 03a3 04       		.byte	4
 958 03a4 3E       		.byte	62
 959 03a5 10       		.byte	16
 960 03a6 3F       		.byte	63
 961 03a7 80       		.byte	-128
 962 03a8 47       		.byte	71
 963 03a9 45       		.byte	69
 964 03aa 4E       		.byte	78
 965 03ab 01       		.byte	1
 966 03ac 4F       		.byte	79
 967 03ad 28       		.byte	40
 968 03ae 57       		.byte	87
 969 03af 40       		.byte	64
ARM GAS  C:\Users\Dan\AppData\Local\Temp\cc2Pg8Hf.s 			page 18


 970 03b0 5C       		.byte	92
 971 03b1 80       		.byte	-128
 972 03b2 66       		.byte	102
 973 03b3 80       		.byte	-128
 974 03b4 C0       		.byte	-64
 975 03b5 EF       		.byte	-17
 976 03b6 C2       		.byte	-62
 977 03b7 27       		.byte	39
 978 03b8 C4       		.byte	-60
 979 03b9 0F       		.byte	15
 980 03ba CA       		.byte	-54
 981 03bb E0       		.byte	-32
 982 03bc CC       		.byte	-52
 983 03bd FD       		.byte	-3
 984 03be CE       		.byte	-50
 985 03bf 73       		.byte	115
 986 03c0 D0       		.byte	-48
 987 03c1 D0       		.byte	-48
 988 03c2 D2       		.byte	-46
 989 03c3 30       		.byte	48
 990 03c4 D6       		.byte	-42
 991 03c5 10       		.byte	16
 992 03c6 D8       		.byte	-40
 993 03c7 10       		.byte	16
 994 03c8 E6       		.byte	-26
 995 03c9 40       		.byte	64
 996 03ca EE       		.byte	-18
 997 03cb 08       		.byte	8
 998 03cc E2       		.byte	-30
 999 03cd 04       		.byte	4
 1000 03ce EA       		.byte	-22
 1001 03cf 42       		.byte	66
 1002 03d0 0C       		.byte	12
 1003 03d1 05       		.byte	5
 1004 03d2 0E       		.byte	14
 1005 03d3 0A       		.byte	10
 1006 03d4 10       		.byte	16
 1007 03d5 03       		.byte	3
 1008 03d6 11       		.byte	17
 1009 03d7 0A       		.byte	10
 1010 03d8 12       		.byte	18
 1011 03d9 0C       		.byte	12
 1012 03da 13       		.byte	19
 1013 03db 15       		.byte	21
 1014 03dc 15       		.byte	21
 1015 03dd 0A       		.byte	10
 1016 03de 17       		.byte	23
 1017 03df 14       		.byte	20
 1018 03e0 19       		.byte	25
 1019 03e1 06       		.byte	6
 1020 03e2 1B       		.byte	27
 1021 03e3 18       		.byte	24
 1022 03e4 24       		.byte	36
 1023 03e5 0A       		.byte	10
 1024 03e6 26       		.byte	38
 1025 03e7 05       		.byte	5
 1026 03e8 28       		.byte	40
ARM GAS  C:\Users\Dan\AppData\Local\Temp\cc2Pg8Hf.s 			page 19


 1027 03e9 03       		.byte	3
 1028 03ea 2A       		.byte	42
 1029 03eb 0C       		.byte	12
 1030 03ec 2D       		.byte	45
 1031 03ed 18       		.byte	24
 1032 03ee 2F       		.byte	47
 1033 03ef 26       		.byte	38
 1034 03f0 33       		.byte	51
 1035 03f1 01       		.byte	1
 1036 03f2 34       		.byte	52
 1037 03f3 0F       		.byte	15
 1038 03f4 35       		.byte	53
 1039 03f5 20       		.byte	32
 1040 03f6 37       		.byte	55
 1041 03f7 1E       		.byte	30
 1042 03f8 3E       		.byte	62
 1043 03f9 10       		.byte	16
 1044 03fa 3F       		.byte	63
 1045 03fb 40       		.byte	64
 1046 03fc 56       		.byte	86
 1047 03fd 08       		.byte	8
 1048 03fe 58       		.byte	88
 1049 03ff 04       		.byte	4
 1050 0400 59       		.byte	89
 1051 0401 24       		.byte	36
 1052 0402 5B       		.byte	91
 1053 0403 24       		.byte	36
 1054 0404 5C       		.byte	92
 1055 0405 10       		.byte	16
 1056 0406 5D       		.byte	93
 1057 0407 10       		.byte	16
 1058 0408 5F       		.byte	95
 1059 0409 01       		.byte	1
 1060 040a 85       		.byte	-123
 1061 040b 1C       		.byte	28
 1062 040c 86       		.byte	-122
 1063 040d 01       		.byte	1
 1064 040e 87       		.byte	-121
 1065 040f 22       		.byte	34
 1066 0410 88       		.byte	-120
 1067 0411 01       		.byte	1
 1068 0412 8B       		.byte	-117
 1069 0413 20       		.byte	32
 1070 0414 8C       		.byte	-116
 1071 0415 10       		.byte	16
 1072 0416 8D       		.byte	-115
 1073 0417 2C       		.byte	44
 1074 0418 8F       		.byte	-113
 1075 0419 11       		.byte	17
 1076 041a 90       		.byte	-112
 1077 041b 01       		.byte	1
 1078 041c 93       		.byte	-109
 1079 041d 03       		.byte	3
 1080 041e 95       		.byte	-107
 1081 041f 30       		.byte	48
 1082 0420 97       		.byte	-105
 1083 0421 0C       		.byte	12
ARM GAS  C:\Users\Dan\AppData\Local\Temp\cc2Pg8Hf.s 			page 20


 1084 0422 99       		.byte	-103
 1085 0423 14       		.byte	20
 1086 0424 9F       		.byte	-97
 1087 0425 20       		.byte	32
 1088 0426 A0       		.byte	-96
 1089 0427 04       		.byte	4
 1090 0428 A1       		.byte	-95
 1091 0429 10       		.byte	16
 1092 042a A2       		.byte	-94
 1093 042b 08       		.byte	8
 1094 042c A4       		.byte	-92
 1095 042d 02       		.byte	2
 1096 042e A5       		.byte	-91
 1097 042f 40       		.byte	64
 1098 0430 A8       		.byte	-88
 1099 0431 04       		.byte	4
 1100 0432 A9       		.byte	-87
 1101 0433 09       		.byte	9
 1102 0434 AA       		.byte	-86
 1103 0435 08       		.byte	8
 1104 0436 AB       		.byte	-85
 1105 0437 10       		.byte	16
 1106 0438 B0       		.byte	-80
 1107 0439 0C       		.byte	12
 1108 043a B1       		.byte	-79
 1109 043b 1F       		.byte	31
 1110 043c B2       		.byte	-78
 1111 043d 10       		.byte	16
 1112 043e B3       		.byte	-77
 1113 043f 40       		.byte	64
 1114 0440 B4       		.byte	-76
 1115 0441 03       		.byte	3
 1116 0442 B7       		.byte	-73
 1117 0443 20       		.byte	32
 1118 0444 B8       		.byte	-72
 1119 0445 20       		.byte	32
 1120 0446 BE       		.byte	-66
 1121 0447 05       		.byte	5
 1122 0448 BF       		.byte	-65
 1123 0449 44       		.byte	68
 1124 044a C0       		.byte	-64
 1125 044b 62       		.byte	98
 1126 044c C1       		.byte	-63
 1127 044d 01       		.byte	1
 1128 044e C5       		.byte	-59
 1129 044f EB       		.byte	-21
 1130 0450 C6       		.byte	-58
 1131 0451 0C       		.byte	12
 1132 0452 C7       		.byte	-57
 1133 0453 0E       		.byte	14
 1134 0454 C8       		.byte	-56
 1135 0455 17       		.byte	23
 1136 0456 C9       		.byte	-55
 1137 0457 FF       		.byte	-1
 1138 0458 CA       		.byte	-54
 1139 0459 FF       		.byte	-1
 1140 045a CB       		.byte	-53
ARM GAS  C:\Users\Dan\AppData\Local\Temp\cc2Pg8Hf.s 			page 21


 1141 045b FF       		.byte	-1
 1142 045c CE       		.byte	-50
 1143 045d F0       		.byte	-16
 1144 045e CF       		.byte	-49
 1145 045f 44       		.byte	68
 1146 0460 D0       		.byte	-48
 1147 0461 0C       		.byte	12
 1148 0462 D4       		.byte	-44
 1149 0463 01       		.byte	1
 1150 0464 D6       		.byte	-42
 1151 0465 04       		.byte	4
 1152 0466 D8       		.byte	-40
 1153 0467 04       		.byte	4
 1154 0468 D9       		.byte	-39
 1155 0469 04       		.byte	4
 1156 046a DA       		.byte	-38
 1157 046b 04       		.byte	4
 1158 046c DB       		.byte	-37
 1159 046d 04       		.byte	4
 1160 046e DF       		.byte	-33
 1161 046f 01       		.byte	1
 1162 0470 E6       		.byte	-26
 1163 0471 C0       		.byte	-64
 1164 0472 EA       		.byte	-22
 1165 0473 40       		.byte	64
 1166 0474 EB       		.byte	-21
 1167 0475 02       		.byte	2
 1168 0476 00       		.byte	0
 1169 0477 04       		.byte	4
 1170 0478 02       		.byte	2
 1171 0479 0A       		.byte	10
 1172 047a 07       		.byte	7
 1173 047b 01       		.byte	1
 1174 047c 0B       		.byte	11
 1175 047d 40       		.byte	64
 1176 047e 0C       		.byte	12
 1177 047f 01       		.byte	1
 1178 0480 10       		.byte	16
 1179 0481 28       		.byte	40
 1180 0482 13       		.byte	19
 1181 0483 02       		.byte	2
 1182 0484 17       		.byte	23
 1183 0485 24       		.byte	36
 1184 0486 18       		.byte	24
 1185 0487 80       		.byte	-128
 1186 0488 19       		.byte	25
 1187 0489 10       		.byte	16
 1188 048a 1A       		.byte	26
 1189 048b 10       		.byte	16
 1190 048c 1F       		.byte	31
 1191 048d 20       		.byte	32
 1192 048e 21       		.byte	33
 1193 048f 02       		.byte	2
 1194 0490 22       		.byte	34
 1195 0491 46       		.byte	70
 1196 0492 25       		.byte	37
 1197 0493 80       		.byte	-128
ARM GAS  C:\Users\Dan\AppData\Local\Temp\cc2Pg8Hf.s 			page 22


 1198 0494 27       		.byte	39
 1199 0495 24       		.byte	36
 1200 0496 29       		.byte	41
 1201 0497 12       		.byte	18
 1202 0498 2A       		.byte	42
 1203 0499 04       		.byte	4
 1204 049a 2C       		.byte	44
 1205 049b 01       		.byte	1
 1206 049c 30       		.byte	48
 1207 049d 80       		.byte	-128
 1208 049e 31       		.byte	49
 1209 049f 02       		.byte	2
 1210 04a0 32       		.byte	50
 1211 04a1 28       		.byte	40
 1212 04a2 34       		.byte	52
 1213 04a3 02       		.byte	2
 1214 04a4 37       		.byte	55
 1215 04a5 25       		.byte	37
 1216 04a6 38       		.byte	56
 1217 04a7 04       		.byte	4
 1218 04a8 39       		.byte	57
 1219 04a9 A0       		.byte	-96
 1220 04aa 3B       		.byte	59
 1221 04ab 40       		.byte	64
 1222 04ac 41       		.byte	65
 1223 04ad 50       		.byte	80
 1224 04ae 49       		.byte	73
 1225 04af 01       		.byte	1
 1226 04b0 4A       		.byte	74
 1227 04b1 28       		.byte	40
 1228 04b2 50       		.byte	80
 1229 04b3 80       		.byte	-128
 1230 04b4 52       		.byte	82
 1231 04b5 04       		.byte	4
 1232 04b6 59       		.byte	89
 1233 04b7 01       		.byte	1
 1234 04b8 5A       		.byte	90
 1235 04b9 88       		.byte	-120
 1236 04ba 5B       		.byte	91
 1237 04bb 10       		.byte	16
 1238 04bc 5D       		.byte	93
 1239 04bd 80       		.byte	-128
 1240 04be 63       		.byte	99
 1241 04bf 80       		.byte	-128
 1242 04c0 64       		.byte	100
 1243 04c1 01       		.byte	1
 1244 04c2 83       		.byte	-125
 1245 04c3 40       		.byte	64
 1246 04c4 8B       		.byte	-117
 1247 04c5 04       		.byte	4
 1248 04c6 90       		.byte	-112
 1249 04c7 04       		.byte	4
 1250 04c8 91       		.byte	-111
 1251 04c9 20       		.byte	32
 1252 04ca 93       		.byte	-109
 1253 04cb 44       		.byte	68
 1254 04cc 98       		.byte	-104
ARM GAS  C:\Users\Dan\AppData\Local\Temp\cc2Pg8Hf.s 			page 23


 1255 04cd 02       		.byte	2
 1256 04ce 99       		.byte	-103
 1257 04cf 02       		.byte	2
 1258 04d0 9B       		.byte	-101
 1259 04d1 02       		.byte	2
 1260 04d2 9D       		.byte	-99
 1261 04d3 10       		.byte	16
 1262 04d4 A0       		.byte	-96
 1263 04d5 2C       		.byte	44
 1264 04d6 A2       		.byte	-94
 1265 04d7 08       		.byte	8
 1266 04d8 A4       		.byte	-92
 1267 04d9 80       		.byte	-128
 1268 04da A5       		.byte	-91
 1269 04db 80       		.byte	-128
 1270 04dc A9       		.byte	-87
 1271 04dd 80       		.byte	-128
 1272 04de C0       		.byte	-64
 1273 04df 87       		.byte	-121
 1274 04e0 C2       		.byte	-62
 1275 04e1 18       		.byte	24
 1276 04e2 C4       		.byte	-60
 1277 04e3 6E       		.byte	110
 1278 04e4 CA       		.byte	-54
 1279 04e5 17       		.byte	23
 1280 04e6 CC       		.byte	-52
 1281 04e7 EF       		.byte	-17
 1282 04e8 CE       		.byte	-50
 1283 04e9 0E       		.byte	14
 1284 04ea D0       		.byte	-48
 1285 04eb 0C       		.byte	12
 1286 04ec D2       		.byte	-46
 1287 04ed 04       		.byte	4
 1288 04ee D6       		.byte	-42
 1289 04ef 1F       		.byte	31
 1290 04f0 D8       		.byte	-40
 1291 04f1 11       		.byte	17
 1292 04f2 EA       		.byte	-22
 1293 04f3 46       		.byte	70
 1294 04f4 82       		.byte	-126
 1295 04f5 10       		.byte	16
 1296 04f6 92       		.byte	-110
 1297 04f7 10       		.byte	16
 1298 04f8 A8       		.byte	-88
 1299 04f9 80       		.byte	-128
 1300 04fa AB       		.byte	-85
 1301 04fb 10       		.byte	16
 1302 04fc AF       		.byte	-81
 1303 04fd 20       		.byte	32
 1304 04fe B0       		.byte	-80
 1305 04ff 04       		.byte	4
 1306 0500 B1       		.byte	-79
 1307 0501 80       		.byte	-128
 1308 0502 B4       		.byte	-76
 1309 0503 40       		.byte	64
 1310 0504 E0       		.byte	-32
 1311 0505 01       		.byte	1
ARM GAS  C:\Users\Dan\AppData\Local\Temp\cc2Pg8Hf.s 			page 24


 1312 0506 33       		.byte	51
 1313 0507 81       		.byte	-127
 1314 0508 35       		.byte	53
 1315 0509 80       		.byte	-128
 1316 050a 36       		.byte	54
 1317 050b 08       		.byte	8
 1318 050c 38       		.byte	56
 1319 050d 40       		.byte	64
 1320 050e 8E       		.byte	-114
 1321 050f 08       		.byte	8
 1322 0510 CC       		.byte	-52
 1323 0511 F0       		.byte	-16
 1324 0512 CE       		.byte	-50
 1325 0513 10       		.byte	16
 1326 0514 08       		.byte	8
 1327 0515 80       		.byte	-128
 1328 0516 0E       		.byte	14
 1329 0517 80       		.byte	-128
 1330 0518 30       		.byte	48
 1331 0519 10       		.byte	16
 1332 051a 32       		.byte	50
 1333 051b 04       		.byte	4
 1334 051c 36       		.byte	54
 1335 051d 80       		.byte	-128
 1336 051e 37       		.byte	55
 1337 051f 04       		.byte	4
 1338 0520 94       		.byte	-108
 1339 0521 40       		.byte	64
 1340 0522 9D       		.byte	-99
 1341 0523 80       		.byte	-128
 1342 0524 9F       		.byte	-97
 1343 0525 01       		.byte	1
 1344 0526 A7       		.byte	-89
 1345 0527 80       		.byte	-128
 1346 0528 C2       		.byte	-62
 1347 0529 60       		.byte	96
 1348 052a CC       		.byte	-52
 1349 052b F0       		.byte	-16
 1350 052c 86       		.byte	-122
 1351 052d 40       		.byte	64
 1352 052e 87       		.byte	-121
 1353 052f 80       		.byte	-128
 1354 0530 94       		.byte	-108
 1355 0531 40       		.byte	64
 1356 0532 96       		.byte	-106
 1357 0533 08       		.byte	8
 1358 0534 9C       		.byte	-100
 1359 0535 10       		.byte	16
 1360 0536 9D       		.byte	-99
 1361 0537 80       		.byte	-128
 1362 0538 9F       		.byte	-97
 1363 0539 05       		.byte	5
 1364 053a A2       		.byte	-94
 1365 053b 40       		.byte	64
 1366 053c A6       		.byte	-90
 1367 053d 80       		.byte	-128
 1368 053e A7       		.byte	-89
ARM GAS  C:\Users\Dan\AppData\Local\Temp\cc2Pg8Hf.s 			page 25


 1369 053f 80       		.byte	-128
 1370 0540 A8       		.byte	-88
 1371 0541 80       		.byte	-128
 1372 0542 E4       		.byte	-28
 1373 0543 40       		.byte	64
 1374 0544 E6       		.byte	-26
 1375 0545 10       		.byte	16
 1376 0546 EC       		.byte	-20
 1377 0547 80       		.byte	-128
 1378 0548 83       		.byte	-125
 1379 0549 04       		.byte	4
 1380 054a 84       		.byte	-124
 1381 054b 10       		.byte	16
 1382 054c 86       		.byte	-122
 1383 054d 04       		.byte	4
 1384 054e 94       		.byte	-108
 1385 054f 40       		.byte	64
 1386 0550 96       		.byte	-106
 1387 0551 08       		.byte	8
 1388 0552 9C       		.byte	-100
 1389 0553 10       		.byte	16
 1390 0554 9D       		.byte	-99
 1391 0555 80       		.byte	-128
 1392 0556 9F       		.byte	-97
 1393 0557 05       		.byte	5
 1394 0558 A6       		.byte	-90
 1395 0559 80       		.byte	-128
 1396 055a E2       		.byte	-30
 1397 055b 80       		.byte	-128
 1398 055c E6       		.byte	-26
 1399 055d 50       		.byte	80
 1400 055e 8F       		.byte	-113
 1401 055f 40       		.byte	64
 1402 0560 E6       		.byte	-26
 1403 0561 02       		.byte	2
 1404 0562 09       		.byte	9
 1405 0563 10       		.byte	16
 1406 0564 0A       		.byte	10
 1407 0565 40       		.byte	64
 1408 0566 0F       		.byte	15
 1409 0567 10       		.byte	16
 1410 0568 5C       		.byte	92
 1411 0569 02       		.byte	2
 1412 056a A7       		.byte	-89
 1413 056b 40       		.byte	64
 1414 056c C2       		.byte	-62
 1415 056d 0E       		.byte	14
 1416 056e D6       		.byte	-42
 1417 056f 01       		.byte	1
 1418 0570 92       		.byte	-110
 1419 0571 40       		.byte	64
 1420 0572 93       		.byte	-109
 1421 0573 10       		.byte	16
 1422 0574 9C       		.byte	-100
 1423 0575 02       		.byte	2
 1424 0576 A7       		.byte	-89
 1425 0577 40       		.byte	64
ARM GAS  C:\Users\Dan\AppData\Local\Temp\cc2Pg8Hf.s 			page 26


 1426 0578 B5       		.byte	-75
 1427 0579 10       		.byte	16
 1428 057a EE       		.byte	-18
 1429 057b 08       		.byte	8
 1430 057c 08       		.byte	8
 1431 057d 20       		.byte	32
 1432 057e 09       		.byte	9
 1433 057f 08       		.byte	8
 1434 0580 0F       		.byte	15
 1435 0581 80       		.byte	-128
 1436 0582 86       		.byte	-122
 1437 0583 01       		.byte	1
 1438 0584 92       		.byte	-110
 1439 0585 40       		.byte	64
 1440 0586 93       		.byte	-109
 1441 0587 10       		.byte	16
 1442 0588 A7       		.byte	-89
 1443 0589 40       		.byte	64
 1444 058a B0       		.byte	-80
 1445 058b 02       		.byte	2
 1446 058c C2       		.byte	-62
 1447 058d 0E       		.byte	14
 1448 058e E8       		.byte	-24
 1449 058f 04       		.byte	4
 1450 0590 81       		.byte	-127
 1451 0591 80       		.byte	-128
 1452 0592 9D       		.byte	-99
 1453 0593 80       		.byte	-128
 1454 0594 A6       		.byte	-90
 1455 0595 80       		.byte	-128
 1456 0596 AF       		.byte	-81
 1457 0597 01       		.byte	1
 1458 0598 B4       		.byte	-76
 1459 0599 40       		.byte	64
 1460 059a E2       		.byte	-30
 1461 059b 20       		.byte	32
 1462 059c EA       		.byte	-22
 1463 059d 40       		.byte	64
 1464 059e AE       		.byte	-82
 1465 059f 80       		.byte	-128
 1466 05a0 EE       		.byte	-18
 1467 05a1 10       		.byte	16
 1468 05a2 51       		.byte	81
 1469 05a3 10       		.byte	16
 1470 05a4 54       		.byte	84
 1471 05a5 20       		.byte	32
 1472 05a6 5E       		.byte	94
 1473 05a7 01       		.byte	1
 1474 05a8 67       		.byte	103
 1475 05a9 40       		.byte	64
 1476 05aa 89       		.byte	-119
 1477 05ab 10       		.byte	16
 1478 05ac 92       		.byte	-110
 1479 05ad 01       		.byte	1
 1480 05ae 93       		.byte	-109
 1481 05af 10       		.byte	16
 1482 05b0 AA       		.byte	-86
ARM GAS  C:\Users\Dan\AppData\Local\Temp\cc2Pg8Hf.s 			page 27


 1483 05b1 40       		.byte	64
 1484 05b2 AD       		.byte	-83
 1485 05b3 08       		.byte	8
 1486 05b4 B4       		.byte	-76
 1487 05b5 20       		.byte	32
 1488 05b6 D4       		.byte	-44
 1489 05b7 06       		.byte	6
 1490 05b8 D6       		.byte	-42
 1491 05b9 01       		.byte	1
 1492 05ba D8       		.byte	-40
 1493 05bb 01       		.byte	1
 1494 05bc E4       		.byte	-28
 1495 05bd 04       		.byte	4
 1496 05be EA       		.byte	-22
 1497 05bf 02       		.byte	2
 1498 05c0 71       		.byte	113
 1499 05c1 02       		.byte	2
 1500 05c2 81       		.byte	-127
 1501 05c3 02       		.byte	2
 1502 05c4 B3       		.byte	-77
 1503 05c5 50       		.byte	80
 1504 05c6 B4       		.byte	-76
 1505 05c7 20       		.byte	32
 1506 05c8 DC       		.byte	-36
 1507 05c9 01       		.byte	1
 1508 05ca E8       		.byte	-24
 1509 05cb 04       		.byte	4
 1510 05cc EC       		.byte	-20
 1511 05cd 08       		.byte	8
 1512 05ce EE       		.byte	-18
 1513 05cf 01       		.byte	1
 1514 05d0 00       		.byte	0
 1515 05d1 03       		.byte	3
 1516 05d2 0C       		.byte	12
 1517 05d3 03       		.byte	3
 1518 05d4 0E       		.byte	14
 1519 05d5 03       		.byte	3
 1520 05d6 10       		.byte	16
 1521 05d7 03       		.byte	3
 1522 05d8 1C       		.byte	28
 1523 05d9 03       		.byte	3
 1524 05da 00       		.byte	0
 1525 05db AF       		.byte	-81
 1526 05dc 01       		.byte	1
 1527 05dd FE       		.byte	-2
 1528 05de 02       		.byte	2
 1529 05df 03       		.byte	3
 1530 05e0 7F       		.byte	127
 1531 05e1 00       		.byte	0
 1532 05e2 00       		.byte	0
 1533 05e3 FF       		.byte	-1
 1534 05e4 80       		.byte	-128
 1535 05e5 00       		.byte	0
 1536 05e6 00       		.byte	0
 1537 05e7 00       		.byte	0
 1538 05e8 00       		.byte	0
 1539 05e9 00       		.byte	0
ARM GAS  C:\Users\Dan\AppData\Local\Temp\cc2Pg8Hf.s 			page 28


 1540 05ea 00       		.byte	0
 1541 05eb 00       		.byte	0
 1542 05ec 40       		.byte	64
 1543 05ed 00       		.byte	0
 1544 05ee 00       		.byte	0
 1545 05ef 40       		.byte	64
 1546 05f0 40       		.byte	64
 1547 05f1 00       		.byte	0
 1548 05f2 40       		.byte	64
 1549 05f3 00       		.byte	0
 1550 05f4 00       		.byte	0
 1551 05f5 00       		.byte	0
 1552 05f6 00       		.byte	0
 1553 05f7 00       		.byte	0
 1554 05f8 40       		.byte	64
 1555 05f9 00       		.byte	0
 1556 05fa 00       		.byte	0
 1557 05fb 00       		.byte	0
 1558 05fc 00       		.byte	0
 1559 05fd 00       		.byte	0
 1560 05fe 00       		.byte	0
 1561 05ff 00       		.byte	0
 1562 0600 C0       		.byte	-64
 1563 0601 00       		.byte	0
 1564 0602 00       		.byte	0
 1565 0603 00       		.byte	0
 1566 0604 00       		.byte	0
 1567 0605 3F       		.byte	63
 1568 0606 3F       		.byte	63
 1569 0607 00       		.byte	0
 1570 0608 3C       		.byte	60
 1571 0609 00       		.byte	0
 1572 060a 00       		.byte	0
 1573 060b 00       		.byte	0
 1574 060c 3C       		.byte	60
 1575 060d 00       		.byte	0
 1576 060e 40       		.byte	64
 1577 060f BF       		.byte	-65
 1578 0610 83       		.byte	-125
 1579 0611 00       		.byte	0
 1580 0612 80       		.byte	-128
 1581 0613 00       		.byte	0
 1582 0614 00       		.byte	0
 1583 0615 00       		.byte	0
 1584 0616 00       		.byte	0
 1585 0617 00       		.byte	0
 1586 0618 07       		.byte	7
 1587 0619 00       		.byte	0
 1588 061a 80       		.byte	-128
 1589 061b 8F       		.byte	-113
 1590 061c 08       		.byte	8
 1591 061d 00       		.byte	0
 1592 061e 00       		.byte	0
 1593 061f 00       		.byte	0
 1594 0620 00       		.byte	0
 1595 0621 00       		.byte	0
 1596 0622 00       		.byte	0
ARM GAS  C:\Users\Dan\AppData\Local\Temp\cc2Pg8Hf.s 			page 29


 1597 0623 00       		.byte	0
 1598              		.section	.cyloadablemeta,"a",%progbits
 1599              		.align	2
 1600              		.type	cy_meta_loadable, %object
 1601              		.size	cy_meta_loadable, 64
 1602              	cy_meta_loadable:
 1603 0000 00000000 		.space	64
 1603      00000000 
 1603      00000000 
 1603      00000000 
 1603      00000000 
 1604              		.text
 1605              	.Letext0:
 1606              		.file 1 "c:\\program files (x86)\\cypress\\psoc creator\\4.2\\psoc creator\\import\\gnu\\arm\\5.4.
 1607              		.file 2 "c:\\program files (x86)\\cypress\\psoc creator\\4.2\\psoc creator\\import\\gnu\\arm\\5.4.
 1608              		.file 3 "Generated_Source\\PSoC5\\cymetadata.c"
 1609              		.section	.debug_info,"",%progbits
 1610              	.Ldebug_info0:
 1611 0000 CF000000 		.4byte	0xcf
 1612 0004 0400     		.2byte	0x4
 1613 0006 00000000 		.4byte	.Ldebug_abbrev0
 1614 000a 04       		.byte	0x4
 1615 000b 01       		.uleb128 0x1
 1616 000c 52000000 		.4byte	.LASF14
 1617 0010 0C       		.byte	0xc
 1618 0011 8A010000 		.4byte	.LASF15
 1619 0015 0A000000 		.4byte	.LASF16
 1620 0019 00000000 		.4byte	.Ldebug_line0
 1621 001d 02       		.uleb128 0x2
 1622 001e 01       		.byte	0x1
 1623 001f 06       		.byte	0x6
 1624 0020 7E010000 		.4byte	.LASF0
 1625 0024 03       		.uleb128 0x3
 1626 0025 00000000 		.4byte	.LASF9
 1627 0029 01       		.byte	0x1
 1628 002a 1D       		.byte	0x1d
 1629 002b 2F000000 		.4byte	0x2f
 1630 002f 02       		.uleb128 0x2
 1631 0030 01       		.byte	0x1
 1632 0031 08       		.byte	0x8
 1633 0032 44000000 		.4byte	.LASF1
 1634 0036 02       		.uleb128 0x2
 1635 0037 02       		.byte	0x2
 1636 0038 05       		.byte	0x5
 1637 0039 6B010000 		.4byte	.LASF2
 1638 003d 02       		.uleb128 0x2
 1639 003e 02       		.byte	0x2
 1640 003f 07       		.byte	0x7
 1641 0040 F2000000 		.4byte	.LASF3
 1642 0044 02       		.uleb128 0x2
 1643 0045 04       		.byte	0x4
 1644 0046 05       		.byte	0x5
 1645 0047 75010000 		.4byte	.LASF4
 1646 004b 02       		.uleb128 0x2
 1647 004c 04       		.byte	0x4
 1648 004d 07       		.byte	0x7
 1649 004e E0000000 		.4byte	.LASF5
ARM GAS  C:\Users\Dan\AppData\Local\Temp\cc2Pg8Hf.s 			page 30


 1650 0052 02       		.uleb128 0x2
 1651 0053 08       		.byte	0x8
 1652 0054 05       		.byte	0x5
 1653 0055 5D010000 		.4byte	.LASF6
 1654 0059 02       		.uleb128 0x2
 1655 005a 08       		.byte	0x8
 1656 005b 07       		.byte	0x7
 1657 005c 24010000 		.4byte	.LASF7
 1658 0060 04       		.uleb128 0x4
 1659 0061 04       		.byte	0x4
 1660 0062 05       		.byte	0x5
 1661 0063 696E7400 		.ascii	"int\000"
 1662 0067 02       		.uleb128 0x2
 1663 0068 04       		.byte	0x4
 1664 0069 07       		.byte	0x7
 1665 006a 17010000 		.4byte	.LASF8
 1666 006e 03       		.uleb128 0x3
 1667 006f 3B010000 		.4byte	.LASF10
 1668 0073 02       		.byte	0x2
 1669 0074 18       		.byte	0x18
 1670 0075 24000000 		.4byte	0x24
 1671 0079 05       		.uleb128 0x5
 1672 007a 90000000 		.4byte	0x90
 1673 007e 89000000 		.4byte	0x89
 1674 0082 06       		.uleb128 0x6
 1675 0083 89000000 		.4byte	0x89
 1676 0087 3F       		.byte	0x3f
 1677 0088 00       		.byte	0
 1678 0089 02       		.uleb128 0x2
 1679 008a 04       		.byte	0x4
 1680 008b 07       		.byte	0x7
 1681 008c 54010000 		.4byte	.LASF11
 1682 0090 07       		.uleb128 0x7
 1683 0091 6E000000 		.4byte	0x6e
 1684 0095 08       		.uleb128 0x8
 1685 0096 43010000 		.4byte	.LASF12
 1686 009a 03       		.byte	0x3
 1687 009b 1F       		.byte	0x1f
 1688 009c A6000000 		.4byte	0xa6
 1689 00a0 05       		.uleb128 0x5
 1690 00a1 03       		.byte	0x3
 1691 00a2 00000000 		.4byte	cy_meta_loadable
 1692 00a6 07       		.uleb128 0x7
 1693 00a7 79000000 		.4byte	0x79
 1694 00ab 05       		.uleb128 0x5
 1695 00ac 90000000 		.4byte	0x90
 1696 00b0 BC000000 		.4byte	0xbc
 1697 00b4 09       		.uleb128 0x9
 1698 00b5 89000000 		.4byte	0x89
 1699 00b9 2306     		.2byte	0x623
 1700 00bb 00       		.byte	0
 1701 00bc 08       		.uleb128 0x8
 1702 00bd 05010000 		.4byte	.LASF13
 1703 00c1 03       		.byte	0x3
 1704 00c2 34       		.byte	0x34
 1705 00c3 CD000000 		.4byte	0xcd
 1706 00c7 05       		.uleb128 0x5
ARM GAS  C:\Users\Dan\AppData\Local\Temp\cc2Pg8Hf.s 			page 31


 1707 00c8 03       		.byte	0x3
 1708 00c9 00000000 		.4byte	cy_meta_configecc
 1709 00cd 07       		.uleb128 0x7
 1710 00ce AB000000 		.4byte	0xab
 1711 00d2 00       		.byte	0
 1712              		.section	.debug_abbrev,"",%progbits
 1713              	.Ldebug_abbrev0:
 1714 0000 01       		.uleb128 0x1
 1715 0001 11       		.uleb128 0x11
 1716 0002 01       		.byte	0x1
 1717 0003 25       		.uleb128 0x25
 1718 0004 0E       		.uleb128 0xe
 1719 0005 13       		.uleb128 0x13
 1720 0006 0B       		.uleb128 0xb
 1721 0007 03       		.uleb128 0x3
 1722 0008 0E       		.uleb128 0xe
 1723 0009 1B       		.uleb128 0x1b
 1724 000a 0E       		.uleb128 0xe
 1725 000b 10       		.uleb128 0x10
 1726 000c 17       		.uleb128 0x17
 1727 000d 00       		.byte	0
 1728 000e 00       		.byte	0
 1729 000f 02       		.uleb128 0x2
 1730 0010 24       		.uleb128 0x24
 1731 0011 00       		.byte	0
 1732 0012 0B       		.uleb128 0xb
 1733 0013 0B       		.uleb128 0xb
 1734 0014 3E       		.uleb128 0x3e
 1735 0015 0B       		.uleb128 0xb
 1736 0016 03       		.uleb128 0x3
 1737 0017 0E       		.uleb128 0xe
 1738 0018 00       		.byte	0
 1739 0019 00       		.byte	0
 1740 001a 03       		.uleb128 0x3
 1741 001b 16       		.uleb128 0x16
 1742 001c 00       		.byte	0
 1743 001d 03       		.uleb128 0x3
 1744 001e 0E       		.uleb128 0xe
 1745 001f 3A       		.uleb128 0x3a
 1746 0020 0B       		.uleb128 0xb
 1747 0021 3B       		.uleb128 0x3b
 1748 0022 0B       		.uleb128 0xb
 1749 0023 49       		.uleb128 0x49
 1750 0024 13       		.uleb128 0x13
 1751 0025 00       		.byte	0
 1752 0026 00       		.byte	0
 1753 0027 04       		.uleb128 0x4
 1754 0028 24       		.uleb128 0x24
 1755 0029 00       		.byte	0
 1756 002a 0B       		.uleb128 0xb
 1757 002b 0B       		.uleb128 0xb
 1758 002c 3E       		.uleb128 0x3e
 1759 002d 0B       		.uleb128 0xb
 1760 002e 03       		.uleb128 0x3
 1761 002f 08       		.uleb128 0x8
 1762 0030 00       		.byte	0
 1763 0031 00       		.byte	0
ARM GAS  C:\Users\Dan\AppData\Local\Temp\cc2Pg8Hf.s 			page 32


 1764 0032 05       		.uleb128 0x5
 1765 0033 01       		.uleb128 0x1
 1766 0034 01       		.byte	0x1
 1767 0035 49       		.uleb128 0x49
 1768 0036 13       		.uleb128 0x13
 1769 0037 01       		.uleb128 0x1
 1770 0038 13       		.uleb128 0x13
 1771 0039 00       		.byte	0
 1772 003a 00       		.byte	0
 1773 003b 06       		.uleb128 0x6
 1774 003c 21       		.uleb128 0x21
 1775 003d 00       		.byte	0
 1776 003e 49       		.uleb128 0x49
 1777 003f 13       		.uleb128 0x13
 1778 0040 2F       		.uleb128 0x2f
 1779 0041 0B       		.uleb128 0xb
 1780 0042 00       		.byte	0
 1781 0043 00       		.byte	0
 1782 0044 07       		.uleb128 0x7
 1783 0045 26       		.uleb128 0x26
 1784 0046 00       		.byte	0
 1785 0047 49       		.uleb128 0x49
 1786 0048 13       		.uleb128 0x13
 1787 0049 00       		.byte	0
 1788 004a 00       		.byte	0
 1789 004b 08       		.uleb128 0x8
 1790 004c 34       		.uleb128 0x34
 1791 004d 00       		.byte	0
 1792 004e 03       		.uleb128 0x3
 1793 004f 0E       		.uleb128 0xe
 1794 0050 3A       		.uleb128 0x3a
 1795 0051 0B       		.uleb128 0xb
 1796 0052 3B       		.uleb128 0x3b
 1797 0053 0B       		.uleb128 0xb
 1798 0054 49       		.uleb128 0x49
 1799 0055 13       		.uleb128 0x13
 1800 0056 3F       		.uleb128 0x3f
 1801 0057 19       		.uleb128 0x19
 1802 0058 02       		.uleb128 0x2
 1803 0059 18       		.uleb128 0x18
 1804 005a 00       		.byte	0
 1805 005b 00       		.byte	0
 1806 005c 09       		.uleb128 0x9
 1807 005d 21       		.uleb128 0x21
 1808 005e 00       		.byte	0
 1809 005f 49       		.uleb128 0x49
 1810 0060 13       		.uleb128 0x13
 1811 0061 2F       		.uleb128 0x2f
 1812 0062 05       		.uleb128 0x5
 1813 0063 00       		.byte	0
 1814 0064 00       		.byte	0
 1815 0065 00       		.byte	0
 1816              		.section	.debug_aranges,"",%progbits
 1817 0000 14000000 		.4byte	0x14
 1818 0004 0200     		.2byte	0x2
 1819 0006 00000000 		.4byte	.Ldebug_info0
 1820 000a 04       		.byte	0x4
ARM GAS  C:\Users\Dan\AppData\Local\Temp\cc2Pg8Hf.s 			page 33


 1821 000b 00       		.byte	0
 1822 000c 0000     		.2byte	0
 1823 000e 0000     		.2byte	0
 1824 0010 00000000 		.4byte	0
 1825 0014 00000000 		.4byte	0
 1826              		.section	.debug_line,"",%progbits
 1827              	.Ldebug_line0:
 1828 0000 3D010000 		.section	.debug_str,"MS",%progbits,1
 1828      02003701 
 1828      00000201 
 1828      FB0E0D00 
 1828      01010101 
 1829              	.LASF9:
 1830 0000 5F5F7569 		.ascii	"__uint8_t\000"
 1830      6E74385F 
 1830      7400
 1831              	.LASF16:
 1832 000a 433A5C44 		.ascii	"C:\\Dan\\Eng Projects\\BP308\\MPG\\ARM Code\\MPG\\M"
 1832      616E5C45 
 1832      6E672050 
 1832      726F6A65 
 1832      6374735C 
 1833 0036 50475F50 		.ascii	"PG_PSoC.cydsn\000"
 1833      536F432E 
 1833      63796473 
 1833      6E00
 1834              	.LASF1:
 1835 0044 756E7369 		.ascii	"unsigned char\000"
 1835      676E6564 
 1835      20636861 
 1835      7200
 1836              	.LASF14:
 1837 0052 474E5520 		.ascii	"GNU C11 5.4.1 20160609 (release) [ARM/embedded-5-br"
 1837      43313120 
 1837      352E342E 
 1837      31203230 
 1837      31363036 
 1838 0085 616E6368 		.ascii	"anch revision 237715] -mcpu=cortex-m3 -mthumb -g -O"
 1838      20726576 
 1838      6973696F 
 1838      6E203233 
 1838      37373135 
 1839 00b8 67202D66 		.ascii	"g -ffunction-sections -ffat-lto-objects\000"
 1839      66756E63 
 1839      74696F6E 
 1839      2D736563 
 1839      74696F6E 
 1840              	.LASF5:
 1841 00e0 6C6F6E67 		.ascii	"long unsigned int\000"
 1841      20756E73 
 1841      69676E65 
 1841      6420696E 
 1841      7400
 1842              	.LASF3:
 1843 00f2 73686F72 		.ascii	"short unsigned int\000"
 1843      7420756E 
 1843      7369676E 
ARM GAS  C:\Users\Dan\AppData\Local\Temp\cc2Pg8Hf.s 			page 34


 1843      65642069 
 1843      6E7400
 1844              	.LASF13:
 1845 0105 63795F6D 		.ascii	"cy_meta_configecc\000"
 1845      6574615F 
 1845      636F6E66 
 1845      69676563 
 1845      6300
 1846              	.LASF8:
 1847 0117 756E7369 		.ascii	"unsigned int\000"
 1847      676E6564 
 1847      20696E74 
 1847      00
 1848              	.LASF7:
 1849 0124 6C6F6E67 		.ascii	"long long unsigned int\000"
 1849      206C6F6E 
 1849      6720756E 
 1849      7369676E 
 1849      65642069 
 1850              	.LASF10:
 1851 013b 75696E74 		.ascii	"uint8_t\000"
 1851      385F7400 
 1852              	.LASF12:
 1853 0143 63795F6D 		.ascii	"cy_meta_loadable\000"
 1853      6574615F 
 1853      6C6F6164 
 1853      61626C65 
 1853      00
 1854              	.LASF11:
 1855 0154 73697A65 		.ascii	"sizetype\000"
 1855      74797065 
 1855      00
 1856              	.LASF6:
 1857 015d 6C6F6E67 		.ascii	"long long int\000"
 1857      206C6F6E 
 1857      6720696E 
 1857      7400
 1858              	.LASF2:
 1859 016b 73686F72 		.ascii	"short int\000"
 1859      7420696E 
 1859      7400
 1860              	.LASF4:
 1861 0175 6C6F6E67 		.ascii	"long int\000"
 1861      20696E74 
 1861      00
 1862              	.LASF0:
 1863 017e 7369676E 		.ascii	"signed char\000"
 1863      65642063 
 1863      68617200 
 1864              	.LASF15:
 1865 018a 47656E65 		.ascii	"Generated_Source\\PSoC5\\cymetadata.c\000"
 1865      72617465 
 1865      645F536F 
 1865      75726365 
 1865      5C50536F 
 1866              		.ident	"GCC: (GNU Tools for ARM Embedded Processors) 5.4.1 20160609 (release) [ARM/embedded-5-bran
