ARM GAS  C:\Users\Dan\AppData\Local\Temp\ccWH7SRt.s 			page 1


   1              		.syntax unified
   2              		.cpu cortex-m3
   3              		.fpu softvfp
   4              		.eabi_attribute 20, 1
   5              		.eabi_attribute 21, 1
   6              		.eabi_attribute 23, 3
   7              		.eabi_attribute 24, 1
   8              		.eabi_attribute 25, 1
   9              		.eabi_attribute 26, 1
  10              		.eabi_attribute 30, 1
  11              		.eabi_attribute 34, 1
  12              		.eabi_attribute 18, 4
  13              		.thumb
  14              		.syntax unified
  15              		.file	"main.c"
  16              		.text
  17              	.Ltext0:
  18              		.cfi_sections	.debug_frame
  19              		.section	.text.main,"ax",%progbits
  20              		.align	2
  21              		.global	main
  22              		.thumb
  23              		.thumb_func
  24              		.type	main, %function
  25              	main:
  26              	.LFB63:
  27              		.file 1 "main.c"
   1:main.c        **** /* ========================================
   2:main.c        ****  *
   3:main.c        ****  * Copyright YOUR COMPANY, THE YEAR
   4:main.c        ****  * All Rights Reserved
   5:main.c        ****  * UNPUBLISHED, LICENSED SOFTWARE.
   6:main.c        ****  *
   7:main.c        ****  * CONFIDENTIAL AND PROPRIETARY INFORMATION
   8:main.c        ****  * WHICH IS THE PROPERTY OF your company.
   9:main.c        ****  *
  10:main.c        ****  * ========================================
  11:main.c        **** */
  12:main.c        **** #include "project.h"
  13:main.c        **** 
  14:main.c        **** #include "U_HW.h"
  15:main.c        **** #include "CLI.h"
  16:main.c        **** #include "State_Machine.h"
  17:main.c        **** #include "Serial.h"
  18:main.c        **** 
  19:main.c        **** 
  20:main.c        **** 
  21:main.c        **** int main(void)
  22:main.c        **** {
  28              		.loc 1 22 0
  29              		.cfi_startproc
  30              		@ Volatile: function does not return.
  31              		@ args = 0, pretend = 0, frame = 0
  32              		@ frame_needed = 0, uses_anonymous_args = 0
  33 0000 08B5     		push	{r3, lr}
  34              		.cfi_def_cfa_offset 8
  35              		.cfi_offset 3, -8
ARM GAS  C:\Users\Dan\AppData\Local\Temp\ccWH7SRt.s 			page 2


  36              		.cfi_offset 14, -4
  23:main.c        ****  
  24:main.c        ****     Init_HW();
  37              		.loc 1 24 0
  38 0002 FFF7FEFF 		bl	Init_HW
  39              	.LVL0:
  25:main.c        ****    
  26:main.c        ****     Init_StateMachine();
  40              		.loc 1 26 0
  41 0006 FFF7FEFF 		bl	Init_StateMachine
  42              	.LVL1:
  27:main.c        ****     
  28:main.c        ****     CyGlobalIntEnable; /* Enable global interrupts. */
  43              		.loc 1 28 0
  44              		.syntax unified
  45              	@ 28 "main.c" 1
  46 000a 62B6     		CPSIE   i
  47              	@ 0 "" 2
  29:main.c        ****     Init_CLI();
  48              		.loc 1 29 0
  49              		.thumb
  50              		.syntax unified
  51 000c FFF7FEFF 		bl	Init_CLI
  52              	.LVL2:
  30:main.c        ****     
  31:main.c        ****     Init_MPG();
  53              		.loc 1 31 0
  54 0010 FFF7FEFF 		bl	Init_MPG
  55              	.LVL3:
  32:main.c        ****     
  33:main.c        ****     SerialStartup();
  56              		.loc 1 33 0
  57 0014 FFF7FEFF 		bl	SerialStartup
  58              	.LVL4:
  59              	.L2:
  34:main.c        ****     
  35:main.c        ****     for(;;)
  36:main.c        ****     {
  37:main.c        ****         CLI();
  60              		.loc 1 37 0 discriminator 1
  61 0018 FFF7FEFF 		bl	CLI
  62              	.LVL5:
  38:main.c        ****         Serial_Rx();        
  63              		.loc 1 38 0 discriminator 1
  64 001c FFF7FEFF 		bl	Serial_Rx
  65              	.LVL6:
  39:main.c        ****         State_Machine();
  66              		.loc 1 39 0 discriminator 1
  67 0020 FFF7FEFF 		bl	State_Machine
  68              	.LVL7:
  69 0024 F8E7     		b	.L2
  70              		.cfi_endproc
  71              	.LFE63:
  72              		.size	main, .-main
  73 0026 00BF     		.text
  74              	.Letext0:
  75              		.file 2 "c:\\program files (x86)\\cypress\\psoc creator\\4.2\\psoc creator\\import\\gnu\\arm\\5.4.
ARM GAS  C:\Users\Dan\AppData\Local\Temp\ccWH7SRt.s 			page 3


  76              		.file 3 "c:\\program files (x86)\\cypress\\psoc creator\\4.2\\psoc creator\\import\\gnu\\arm\\5.4.
  77              		.file 4 "U_HW.h"
  78              		.file 5 "State_Machine.h"
  79              		.file 6 "CLI.h"
  80              		.file 7 "Serial.h"
  81              		.file 8 "Generated_Source\\PSoC5/core_cm3.h"
  82              		.section	.debug_info,"",%progbits
  83              	.Ldebug_info0:
  84 0000 6C010000 		.4byte	0x16c
  85 0004 0400     		.2byte	0x4
  86 0006 00000000 		.4byte	.Ldebug_abbrev0
  87 000a 04       		.byte	0x4
  88 000b 01       		.uleb128 0x1
  89 000c 59000000 		.4byte	.LASF23
  90 0010 0C       		.byte	0xc
  91 0011 3F000000 		.4byte	.LASF24
  92 0015 2C010000 		.4byte	.LASF25
  93 0019 00000000 		.4byte	.Ldebug_ranges0+0
  94 001d 00000000 		.4byte	0
  95 0021 00000000 		.4byte	.Ldebug_line0
  96 0025 02       		.uleb128 0x2
  97 0026 01       		.byte	0x1
  98 0027 06       		.byte	0x6
  99 0028 B1010000 		.4byte	.LASF0
 100 002c 02       		.uleb128 0x2
 101 002d 01       		.byte	0x1
 102 002e 08       		.byte	0x8
 103 002f 31000000 		.4byte	.LASF1
 104 0033 02       		.uleb128 0x2
 105 0034 02       		.byte	0x2
 106 0035 05       		.byte	0x5
 107 0036 D9010000 		.4byte	.LASF2
 108 003a 02       		.uleb128 0x2
 109 003b 02       		.byte	0x2
 110 003c 07       		.byte	0x7
 111 003d 19010000 		.4byte	.LASF3
 112 0041 03       		.uleb128 0x3
 113 0042 C9010000 		.4byte	.LASF9
 114 0046 02       		.byte	0x2
 115 0047 3F       		.byte	0x3f
 116 0048 4C000000 		.4byte	0x4c
 117 004c 02       		.uleb128 0x2
 118 004d 04       		.byte	0x4
 119 004e 05       		.byte	0x5
 120 004f 90010000 		.4byte	.LASF4
 121 0053 02       		.uleb128 0x2
 122 0054 04       		.byte	0x4
 123 0055 07       		.byte	0x7
 124 0056 F0000000 		.4byte	.LASF5
 125 005a 02       		.uleb128 0x2
 126 005b 08       		.byte	0x8
 127 005c 05       		.byte	0x5
 128 005d 00000000 		.4byte	.LASF6
 129 0061 02       		.uleb128 0x2
 130 0062 08       		.byte	0x8
 131 0063 07       		.byte	0x7
 132 0064 02010000 		.4byte	.LASF7
ARM GAS  C:\Users\Dan\AppData\Local\Temp\ccWH7SRt.s 			page 4


 133 0068 04       		.uleb128 0x4
 134 0069 04       		.byte	0x4
 135 006a 05       		.byte	0x5
 136 006b 696E7400 		.ascii	"int\000"
 137 006f 02       		.uleb128 0x2
 138 0070 04       		.byte	0x4
 139 0071 07       		.byte	0x7
 140 0072 24000000 		.4byte	.LASF8
 141 0076 03       		.uleb128 0x3
 142 0077 E3010000 		.4byte	.LASF10
 143 007b 03       		.byte	0x3
 144 007c 2C       		.byte	0x2c
 145 007d 41000000 		.4byte	0x41
 146 0081 02       		.uleb128 0x2
 147 0082 04       		.byte	0x4
 148 0083 04       		.byte	0x4
 149 0084 D3010000 		.4byte	.LASF11
 150 0088 02       		.uleb128 0x2
 151 0089 08       		.byte	0x8
 152 008a 04       		.byte	0x4
 153 008b 99010000 		.4byte	.LASF12
 154 008f 02       		.uleb128 0x2
 155 0090 01       		.byte	0x1
 156 0091 08       		.byte	0x8
 157 0092 EB010000 		.4byte	.LASF13
 158 0096 02       		.uleb128 0x2
 159 0097 08       		.byte	0x8
 160 0098 04       		.byte	0x4
 161 0099 BD010000 		.4byte	.LASF14
 162 009d 02       		.uleb128 0x2
 163 009e 04       		.byte	0x4
 164 009f 07       		.byte	0x7
 165 00a0 A0010000 		.4byte	.LASF15
 166 00a4 05       		.uleb128 0x5
 167 00a5 46000000 		.4byte	.LASF26
 168 00a9 01       		.byte	0x1
 169 00aa 15       		.byte	0x15
 170 00ab 68000000 		.4byte	0x68
 171 00af 00000000 		.4byte	.LFB63
 172 00b3 26000000 		.4byte	.LFE63-.LFB63
 173 00b7 01       		.uleb128 0x1
 174 00b8 9C       		.byte	0x9c
 175 00b9 06010000 		.4byte	0x106
 176 00bd 06       		.uleb128 0x6
 177 00be 06000000 		.4byte	.LVL0
 178 00c2 17010000 		.4byte	0x117
 179 00c6 06       		.uleb128 0x6
 180 00c7 0A000000 		.4byte	.LVL1
 181 00cb 22010000 		.4byte	0x122
 182 00cf 06       		.uleb128 0x6
 183 00d0 10000000 		.4byte	.LVL2
 184 00d4 2D010000 		.4byte	0x12d
 185 00d8 06       		.uleb128 0x6
 186 00d9 14000000 		.4byte	.LVL3
 187 00dd 38010000 		.4byte	0x138
 188 00e1 06       		.uleb128 0x6
 189 00e2 18000000 		.4byte	.LVL4
ARM GAS  C:\Users\Dan\AppData\Local\Temp\ccWH7SRt.s 			page 5


 190 00e6 43010000 		.4byte	0x143
 191 00ea 06       		.uleb128 0x6
 192 00eb 1C000000 		.4byte	.LVL5
 193 00ef 4E010000 		.4byte	0x14e
 194 00f3 06       		.uleb128 0x6
 195 00f4 20000000 		.4byte	.LVL6
 196 00f8 59010000 		.4byte	0x159
 197 00fc 06       		.uleb128 0x6
 198 00fd 24000000 		.4byte	.LVL7
 199 0101 64010000 		.4byte	0x164
 200 0105 00       		.byte	0
 201 0106 07       		.uleb128 0x7
 202 0107 17000000 		.4byte	.LASF27
 203 010b 08       		.byte	0x8
 204 010c 1207     		.2byte	0x712
 205 010e 12010000 		.4byte	0x112
 206 0112 08       		.uleb128 0x8
 207 0113 76000000 		.4byte	0x76
 208 0117 09       		.uleb128 0x9
 209 0118 A9010000 		.4byte	.LASF16
 210 011c A9010000 		.4byte	.LASF16
 211 0120 04       		.byte	0x4
 212 0121 66       		.byte	0x66
 213 0122 09       		.uleb128 0x9
 214 0123 66010000 		.4byte	.LASF17
 215 0127 66010000 		.4byte	.LASF17
 216 012b 05       		.byte	0x5
 217 012c 19       		.byte	0x19
 218 012d 09       		.uleb128 0x9
 219 012e 0E000000 		.4byte	.LASF18
 220 0132 0E000000 		.4byte	.LASF18
 221 0136 06       		.byte	0x6
 222 0137 14       		.byte	0x14
 223 0138 09       		.uleb128 0x9
 224 0139 E7000000 		.4byte	.LASF19
 225 013d E7000000 		.4byte	.LASF19
 226 0141 04       		.byte	0x4
 227 0142 6A       		.byte	0x6a
 228 0143 09       		.uleb128 0x9
 229 0144 82010000 		.4byte	.LASF20
 230 0148 82010000 		.4byte	.LASF20
 231 014c 07       		.byte	0x7
 232 014d 2B       		.byte	0x2b
 233 014e 0A       		.uleb128 0xa
 234 014f 434C4900 		.ascii	"CLI\000"
 235 0153 434C4900 		.ascii	"CLI\000"
 236 0157 06       		.byte	0x6
 237 0158 15       		.byte	0x15
 238 0159 09       		.uleb128 0x9
 239 015a 78010000 		.4byte	.LASF21
 240 015e 78010000 		.4byte	.LASF21
 241 0162 07       		.byte	0x7
 242 0163 29       		.byte	0x29
 243 0164 09       		.uleb128 0x9
 244 0165 4B000000 		.4byte	.LASF22
 245 0169 4B000000 		.4byte	.LASF22
 246 016d 05       		.byte	0x5
ARM GAS  C:\Users\Dan\AppData\Local\Temp\ccWH7SRt.s 			page 6


 247 016e 1A       		.byte	0x1a
 248 016f 00       		.byte	0
 249              		.section	.debug_abbrev,"",%progbits
 250              	.Ldebug_abbrev0:
 251 0000 01       		.uleb128 0x1
 252 0001 11       		.uleb128 0x11
 253 0002 01       		.byte	0x1
 254 0003 25       		.uleb128 0x25
 255 0004 0E       		.uleb128 0xe
 256 0005 13       		.uleb128 0x13
 257 0006 0B       		.uleb128 0xb
 258 0007 03       		.uleb128 0x3
 259 0008 0E       		.uleb128 0xe
 260 0009 1B       		.uleb128 0x1b
 261 000a 0E       		.uleb128 0xe
 262 000b 55       		.uleb128 0x55
 263 000c 17       		.uleb128 0x17
 264 000d 11       		.uleb128 0x11
 265 000e 01       		.uleb128 0x1
 266 000f 10       		.uleb128 0x10
 267 0010 17       		.uleb128 0x17
 268 0011 00       		.byte	0
 269 0012 00       		.byte	0
 270 0013 02       		.uleb128 0x2
 271 0014 24       		.uleb128 0x24
 272 0015 00       		.byte	0
 273 0016 0B       		.uleb128 0xb
 274 0017 0B       		.uleb128 0xb
 275 0018 3E       		.uleb128 0x3e
 276 0019 0B       		.uleb128 0xb
 277 001a 03       		.uleb128 0x3
 278 001b 0E       		.uleb128 0xe
 279 001c 00       		.byte	0
 280 001d 00       		.byte	0
 281 001e 03       		.uleb128 0x3
 282 001f 16       		.uleb128 0x16
 283 0020 00       		.byte	0
 284 0021 03       		.uleb128 0x3
 285 0022 0E       		.uleb128 0xe
 286 0023 3A       		.uleb128 0x3a
 287 0024 0B       		.uleb128 0xb
 288 0025 3B       		.uleb128 0x3b
 289 0026 0B       		.uleb128 0xb
 290 0027 49       		.uleb128 0x49
 291 0028 13       		.uleb128 0x13
 292 0029 00       		.byte	0
 293 002a 00       		.byte	0
 294 002b 04       		.uleb128 0x4
 295 002c 24       		.uleb128 0x24
 296 002d 00       		.byte	0
 297 002e 0B       		.uleb128 0xb
 298 002f 0B       		.uleb128 0xb
 299 0030 3E       		.uleb128 0x3e
 300 0031 0B       		.uleb128 0xb
 301 0032 03       		.uleb128 0x3
 302 0033 08       		.uleb128 0x8
 303 0034 00       		.byte	0
ARM GAS  C:\Users\Dan\AppData\Local\Temp\ccWH7SRt.s 			page 7


 304 0035 00       		.byte	0
 305 0036 05       		.uleb128 0x5
 306 0037 2E       		.uleb128 0x2e
 307 0038 01       		.byte	0x1
 308 0039 3F       		.uleb128 0x3f
 309 003a 19       		.uleb128 0x19
 310 003b 03       		.uleb128 0x3
 311 003c 0E       		.uleb128 0xe
 312 003d 3A       		.uleb128 0x3a
 313 003e 0B       		.uleb128 0xb
 314 003f 3B       		.uleb128 0x3b
 315 0040 0B       		.uleb128 0xb
 316 0041 27       		.uleb128 0x27
 317 0042 19       		.uleb128 0x19
 318 0043 49       		.uleb128 0x49
 319 0044 13       		.uleb128 0x13
 320 0045 8701     		.uleb128 0x87
 321 0047 19       		.uleb128 0x19
 322 0048 11       		.uleb128 0x11
 323 0049 01       		.uleb128 0x1
 324 004a 12       		.uleb128 0x12
 325 004b 06       		.uleb128 0x6
 326 004c 40       		.uleb128 0x40
 327 004d 18       		.uleb128 0x18
 328 004e 9742     		.uleb128 0x2117
 329 0050 19       		.uleb128 0x19
 330 0051 01       		.uleb128 0x1
 331 0052 13       		.uleb128 0x13
 332 0053 00       		.byte	0
 333 0054 00       		.byte	0
 334 0055 06       		.uleb128 0x6
 335 0056 898201   		.uleb128 0x4109
 336 0059 00       		.byte	0
 337 005a 11       		.uleb128 0x11
 338 005b 01       		.uleb128 0x1
 339 005c 31       		.uleb128 0x31
 340 005d 13       		.uleb128 0x13
 341 005e 00       		.byte	0
 342 005f 00       		.byte	0
 343 0060 07       		.uleb128 0x7
 344 0061 34       		.uleb128 0x34
 345 0062 00       		.byte	0
 346 0063 03       		.uleb128 0x3
 347 0064 0E       		.uleb128 0xe
 348 0065 3A       		.uleb128 0x3a
 349 0066 0B       		.uleb128 0xb
 350 0067 3B       		.uleb128 0x3b
 351 0068 05       		.uleb128 0x5
 352 0069 49       		.uleb128 0x49
 353 006a 13       		.uleb128 0x13
 354 006b 3F       		.uleb128 0x3f
 355 006c 19       		.uleb128 0x19
 356 006d 3C       		.uleb128 0x3c
 357 006e 19       		.uleb128 0x19
 358 006f 00       		.byte	0
 359 0070 00       		.byte	0
 360 0071 08       		.uleb128 0x8
ARM GAS  C:\Users\Dan\AppData\Local\Temp\ccWH7SRt.s 			page 8


 361 0072 35       		.uleb128 0x35
 362 0073 00       		.byte	0
 363 0074 49       		.uleb128 0x49
 364 0075 13       		.uleb128 0x13
 365 0076 00       		.byte	0
 366 0077 00       		.byte	0
 367 0078 09       		.uleb128 0x9
 368 0079 2E       		.uleb128 0x2e
 369 007a 00       		.byte	0
 370 007b 3F       		.uleb128 0x3f
 371 007c 19       		.uleb128 0x19
 372 007d 3C       		.uleb128 0x3c
 373 007e 19       		.uleb128 0x19
 374 007f 6E       		.uleb128 0x6e
 375 0080 0E       		.uleb128 0xe
 376 0081 03       		.uleb128 0x3
 377 0082 0E       		.uleb128 0xe
 378 0083 3A       		.uleb128 0x3a
 379 0084 0B       		.uleb128 0xb
 380 0085 3B       		.uleb128 0x3b
 381 0086 0B       		.uleb128 0xb
 382 0087 00       		.byte	0
 383 0088 00       		.byte	0
 384 0089 0A       		.uleb128 0xa
 385 008a 2E       		.uleb128 0x2e
 386 008b 00       		.byte	0
 387 008c 3F       		.uleb128 0x3f
 388 008d 19       		.uleb128 0x19
 389 008e 3C       		.uleb128 0x3c
 390 008f 19       		.uleb128 0x19
 391 0090 6E       		.uleb128 0x6e
 392 0091 08       		.uleb128 0x8
 393 0092 03       		.uleb128 0x3
 394 0093 08       		.uleb128 0x8
 395 0094 3A       		.uleb128 0x3a
 396 0095 0B       		.uleb128 0xb
 397 0096 3B       		.uleb128 0x3b
 398 0097 0B       		.uleb128 0xb
 399 0098 00       		.byte	0
 400 0099 00       		.byte	0
 401 009a 00       		.byte	0
 402              		.section	.debug_aranges,"",%progbits
 403 0000 1C000000 		.4byte	0x1c
 404 0004 0200     		.2byte	0x2
 405 0006 00000000 		.4byte	.Ldebug_info0
 406 000a 04       		.byte	0x4
 407 000b 00       		.byte	0
 408 000c 0000     		.2byte	0
 409 000e 0000     		.2byte	0
 410 0010 00000000 		.4byte	.LFB63
 411 0014 26000000 		.4byte	.LFE63-.LFB63
 412 0018 00000000 		.4byte	0
 413 001c 00000000 		.4byte	0
 414              		.section	.debug_ranges,"",%progbits
 415              	.Ldebug_ranges0:
 416 0000 00000000 		.4byte	.LFB63
 417 0004 26000000 		.4byte	.LFE63
ARM GAS  C:\Users\Dan\AppData\Local\Temp\ccWH7SRt.s 			page 9


 418 0008 00000000 		.4byte	0
 419 000c 00000000 		.4byte	0
 420              		.section	.debug_line,"",%progbits
 421              	.Ldebug_line0:
 422 0000 9B010000 		.section	.debug_str,"MS",%progbits,1
 422      02007101 
 422      00000201 
 422      FB0E0D00 
 422      01010101 
 423              	.LASF6:
 424 0000 6C6F6E67 		.ascii	"long long int\000"
 424      206C6F6E 
 424      6720696E 
 424      7400
 425              	.LASF18:
 426 000e 496E6974 		.ascii	"Init_CLI\000"
 426      5F434C49 
 426      00
 427              	.LASF27:
 428 0017 49544D5F 		.ascii	"ITM_RxBuffer\000"
 428      52784275 
 428      66666572 
 428      00
 429              	.LASF8:
 430 0024 756E7369 		.ascii	"unsigned int\000"
 430      676E6564 
 430      20696E74 
 430      00
 431              	.LASF1:
 432 0031 756E7369 		.ascii	"unsigned char\000"
 432      676E6564 
 432      20636861 
 432      7200
 433              	.LASF24:
 434 003f 6D61696E 		.ascii	"main.c\000"
 434      2E6300
 435              	.LASF26:
 436 0046 6D61696E 		.ascii	"main\000"
 436      00
 437              	.LASF22:
 438 004b 53746174 		.ascii	"State_Machine\000"
 438      655F4D61 
 438      6368696E 
 438      6500
 439              	.LASF23:
 440 0059 474E5520 		.ascii	"GNU C11 5.4.1 20160609 (release) [ARM/embedded-5-br"
 440      43313120 
 440      352E342E 
 440      31203230 
 440      31363036 
 441 008c 616E6368 		.ascii	"anch revision 237715] -mcpu=cortex-m3 -mthumb -g -O"
 441      20726576 
 441      6973696F 
 441      6E203233 
 441      37373135 
 442 00bf 67202D66 		.ascii	"g -ffunction-sections -ffat-lto-objects\000"
 442      66756E63 
ARM GAS  C:\Users\Dan\AppData\Local\Temp\ccWH7SRt.s 			page 10


 442      74696F6E 
 442      2D736563 
 442      74696F6E 
 443              	.LASF19:
 444 00e7 496E6974 		.ascii	"Init_MPG\000"
 444      5F4D5047 
 444      00
 445              	.LASF5:
 446 00f0 6C6F6E67 		.ascii	"long unsigned int\000"
 446      20756E73 
 446      69676E65 
 446      6420696E 
 446      7400
 447              	.LASF7:
 448 0102 6C6F6E67 		.ascii	"long long unsigned int\000"
 448      206C6F6E 
 448      6720756E 
 448      7369676E 
 448      65642069 
 449              	.LASF3:
 450 0119 73686F72 		.ascii	"short unsigned int\000"
 450      7420756E 
 450      7369676E 
 450      65642069 
 450      6E7400
 451              	.LASF25:
 452 012c 433A5C44 		.ascii	"C:\\Dan\\Eng Projects\\BP308\\MPG\\ARM Code\\MPG\\M"
 452      616E5C45 
 452      6E672050 
 452      726F6A65 
 452      6374735C 
 453 0158 50475F50 		.ascii	"PG_PSoC.cydsn\000"
 453      536F432E 
 453      63796473 
 453      6E00
 454              	.LASF17:
 455 0166 496E6974 		.ascii	"Init_StateMachine\000"
 455      5F537461 
 455      74654D61 
 455      6368696E 
 455      6500
 456              	.LASF21:
 457 0178 53657269 		.ascii	"Serial_Rx\000"
 457      616C5F52 
 457      7800
 458              	.LASF20:
 459 0182 53657269 		.ascii	"SerialStartup\000"
 459      616C5374 
 459      61727475 
 459      7000
 460              	.LASF4:
 461 0190 6C6F6E67 		.ascii	"long int\000"
 461      20696E74 
 461      00
 462              	.LASF12:
 463 0199 646F7562 		.ascii	"double\000"
 463      6C6500
ARM GAS  C:\Users\Dan\AppData\Local\Temp\ccWH7SRt.s 			page 11


 464              	.LASF15:
 465 01a0 73697A65 		.ascii	"sizetype\000"
 465      74797065 
 465      00
 466              	.LASF16:
 467 01a9 496E6974 		.ascii	"Init_HW\000"
 467      5F485700 
 468              	.LASF0:
 469 01b1 7369676E 		.ascii	"signed char\000"
 469      65642063 
 469      68617200 
 470              	.LASF14:
 471 01bd 6C6F6E67 		.ascii	"long double\000"
 471      20646F75 
 471      626C6500 
 472              	.LASF9:
 473 01c9 5F5F696E 		.ascii	"__int32_t\000"
 473      7433325F 
 473      7400
 474              	.LASF11:
 475 01d3 666C6F61 		.ascii	"float\000"
 475      7400
 476              	.LASF2:
 477 01d9 73686F72 		.ascii	"short int\000"
 477      7420696E 
 477      7400
 478              	.LASF10:
 479 01e3 696E7433 		.ascii	"int32_t\000"
 479      325F7400 
 480              	.LASF13:
 481 01eb 63686172 		.ascii	"char\000"
 481      00
 482              		.ident	"GCC: (GNU Tools for ARM Embedded Processors) 5.4.1 20160609 (release) [ARM/embedded-5-bran
