ARM GAS  C:\Users\Dan\AppData\Local\Temp\ccxmqleP.s 			page 1


   1              		.syntax unified
   2              		.cpu cortex-m3
   3              		.fpu softvfp
   4              		.eabi_attribute 20, 1
   5              		.eabi_attribute 21, 1
   6              		.eabi_attribute 23, 3
   7              		.eabi_attribute 24, 1
   8              		.eabi_attribute 25, 1
   9              		.eabi_attribute 26, 1
  10              		.eabi_attribute 30, 1
  11              		.eabi_attribute 34, 1
  12              		.eabi_attribute 18, 4
  13              		.thumb
  14              		.syntax unified
  15              		.file	"SerCmds.c"
  16              		.text
  17              	.Ltext0:
  18              		.cfi_sections	.debug_frame
  19              		.section	.text.CmdFunctionName1,"ax",%progbits
  20              		.align	2
  21              		.global	CmdFunctionName1
  22              		.thumb
  23              		.thumb_func
  24              		.type	CmdFunctionName1, %function
  25              	CmdFunctionName1:
  26              	.LFB63:
  27              		.file 1 "SerCmds.c"
   1:SerCmds.c     **** /* ========================================
   2:SerCmds.c     ****  *
   3:SerCmds.c     ****  * Copyright YOUR COMPANY, THE YEAR
   4:SerCmds.c     ****  * All Rights Reserved
   5:SerCmds.c     ****  * UNPUBLISHED, LICENSED SOFTWARE.
   6:SerCmds.c     ****  *
   7:SerCmds.c     ****  * CONFIDENTIAL AND PROPRIETARY INFORMATION
   8:SerCmds.c     ****  * WHICH IS THE PROPERTY OF your company.
   9:SerCmds.c     ****  *
  10:SerCmds.c     ****  * ========================================
  11:SerCmds.c     **** */
  12:SerCmds.c     **** 
  13:SerCmds.c     **** #include "SerCmds.h"
  14:SerCmds.c     **** #include "Serial_IO.h"
  15:SerCmds.c     **** #include "Serial.h"
  16:SerCmds.c     **** #include "MPGCmds.h"
  17:SerCmds.c     **** // #include "SerMessages.h"
  18:SerCmds.c     **** 
  19:SerCmds.c     **** uint8 SerRespMsg[32];
  20:SerCmds.c     **** 
  21:SerCmds.c     **** uint32 volatile StatusMSGTime;
  22:SerCmds.c     **** 
  23:SerCmds.c     **** extern volatile uint32 MS_Time;
  24:SerCmds.c     **** 
  25:SerCmds.c     **** SER_CMD(CmdFunctionName1)
  26:SerCmds.c     **** {
  28              		.loc 1 26 0
  29              		.cfi_startproc
  30              		@ args = 0, pretend = 0, frame = 0
  31              		@ frame_needed = 0, uses_anonymous_args = 0
ARM GAS  C:\Users\Dan\AppData\Local\Temp\ccxmqleP.s 			page 2


  32              	.LVL0:
  33 0000 38B5     		push	{r3, r4, r5, lr}
  34              		.cfi_def_cfa_offset 16
  35              		.cfi_offset 3, -16
  36              		.cfi_offset 4, -12
  37              		.cfi_offset 5, -8
  38              		.cfi_offset 14, -4
  27:SerCmds.c     ****     if(SerMsg[CNT_INDEX] != 0)
  39              		.loc 1 27 0
  40 0002 4378     		ldrb	r3, [r0, #1]	@ zero_extendqisi2
  41 0004 3BB9     		cbnz	r3, .L5
  28:SerCmds.c     ****     {
  29:SerCmds.c     **** //        SER_PutStr((uint8 *)"Function 1\r");        // write a text message
  30:SerCmds.c     ****         for(uint8_t i = DATA_INDEX; i <= SerMsg[CNT_INDEX]; i++)
  31:SerCmds.c     ****         {
  32:SerCmds.c     ****             SER_PutChar(SerMsg[i]);
  33:SerCmds.c     ****         }
  34:SerCmds.c     ****         SER_PutChar('\r');
  35:SerCmds.c     ****         return 1;
  36:SerCmds.c     ****     }
  37:SerCmds.c     ****     return 0;
  42              		.loc 1 37 0
  43 0006 0020     		movs	r0, #0
  44              	.LVL1:
  45 0008 38BD     		pop	{r3, r4, r5, pc}
  46              	.LVL2:
  47              	.L4:
  48              	.LBB2:
  32:SerCmds.c     ****         }
  49              		.loc 1 32 0 discriminator 3
  50 000a 285D     		ldrb	r0, [r5, r4]	@ zero_extendqisi2
  51 000c FFF7FEFF 		bl	UART_WriteTxData
  52              	.LVL3:
  30:SerCmds.c     ****         {
  53              		.loc 1 30 0 discriminator 3
  54 0010 0134     		adds	r4, r4, #1
  55              	.LVL4:
  56 0012 E4B2     		uxtb	r4, r4
  57              	.LVL5:
  58 0014 01E0     		b	.L2
  59              	.LVL6:
  60              	.L5:
  61 0016 0546     		mov	r5, r0
  62              	.LBE2:
  63 0018 0424     		movs	r4, #4
  64              	.LVL7:
  65              	.L2:
  66              	.LBB3:
  30:SerCmds.c     ****         {
  67              		.loc 1 30 0 is_stmt 0 discriminator 1
  68 001a 6B78     		ldrb	r3, [r5, #1]	@ zero_extendqisi2
  69 001c 9C42     		cmp	r4, r3
  70 001e F4D9     		bls	.L4
  71              	.LBE3:
  34:SerCmds.c     ****         return 1;
  72              		.loc 1 34 0 is_stmt 1
  73 0020 0D20     		movs	r0, #13
ARM GAS  C:\Users\Dan\AppData\Local\Temp\ccxmqleP.s 			page 3


  74 0022 FFF7FEFF 		bl	UART_WriteTxData
  75              	.LVL8:
  35:SerCmds.c     ****     }
  76              		.loc 1 35 0
  77 0026 0120     		movs	r0, #1
  38:SerCmds.c     **** }
  78              		.loc 1 38 0
  79 0028 38BD     		pop	{r3, r4, r5, pc}
  80              		.cfi_endproc
  81              	.LFE63:
  82              		.size	CmdFunctionName1, .-CmdFunctionName1
  83 002a 00BF     		.section	.text.CmdFunctionName2,"ax",%progbits
  84              		.align	2
  85              		.global	CmdFunctionName2
  86              		.thumb
  87              		.thumb_func
  88              		.type	CmdFunctionName2, %function
  89              	CmdFunctionName2:
  90              	.LFB64:
  39:SerCmds.c     **** 
  40:SerCmds.c     **** SER_CMD(CmdFunctionName2)
  41:SerCmds.c     **** {
  91              		.loc 1 41 0
  92              		.cfi_startproc
  93              		@ args = 0, pretend = 0, frame = 0
  94              		@ frame_needed = 0, uses_anonymous_args = 0
  95              	.LVL9:
  96 0000 38B5     		push	{r3, r4, r5, lr}
  97              		.cfi_def_cfa_offset 16
  98              		.cfi_offset 3, -16
  99              		.cfi_offset 4, -12
 100              		.cfi_offset 5, -8
 101              		.cfi_offset 14, -4
  42:SerCmds.c     ****     if(SerMsg[CNT_INDEX] != 0)
 102              		.loc 1 42 0
 103 0002 4378     		ldrb	r3, [r0, #1]	@ zero_extendqisi2
 104 0004 3BB9     		cbnz	r3, .L11
  43:SerCmds.c     ****     {
  44:SerCmds.c     **** //        SER_PutStr((uint8 *)"Function 2\r");        // write a text message
  45:SerCmds.c     ****         for(uint8_t i = DATA_INDEX; i <= SerMsg[CNT_INDEX]; i++)
  46:SerCmds.c     ****         {
  47:SerCmds.c     ****             SER_PutChar(SerMsg[i]);
  48:SerCmds.c     ****         }
  49:SerCmds.c     ****         SER_PutChar('\r');
  50:SerCmds.c     ****         return 1;
  51:SerCmds.c     ****     }
  52:SerCmds.c     ****     return 0;
 105              		.loc 1 52 0
 106 0006 0020     		movs	r0, #0
 107              	.LVL10:
 108 0008 38BD     		pop	{r3, r4, r5, pc}
 109              	.LVL11:
 110              	.L10:
 111              	.LBB4:
  47:SerCmds.c     ****         }
 112              		.loc 1 47 0 discriminator 3
 113 000a 285D     		ldrb	r0, [r5, r4]	@ zero_extendqisi2
ARM GAS  C:\Users\Dan\AppData\Local\Temp\ccxmqleP.s 			page 4


 114 000c FFF7FEFF 		bl	UART_WriteTxData
 115              	.LVL12:
  45:SerCmds.c     ****         {
 116              		.loc 1 45 0 discriminator 3
 117 0010 0134     		adds	r4, r4, #1
 118              	.LVL13:
 119 0012 E4B2     		uxtb	r4, r4
 120              	.LVL14:
 121 0014 01E0     		b	.L8
 122              	.LVL15:
 123              	.L11:
 124 0016 0546     		mov	r5, r0
 125              	.LBE4:
 126 0018 0424     		movs	r4, #4
 127              	.LVL16:
 128              	.L8:
 129              	.LBB5:
  45:SerCmds.c     ****         {
 130              		.loc 1 45 0 is_stmt 0 discriminator 1
 131 001a 6B78     		ldrb	r3, [r5, #1]	@ zero_extendqisi2
 132 001c 9C42     		cmp	r4, r3
 133 001e F4D9     		bls	.L10
 134              	.LBE5:
  49:SerCmds.c     ****         return 1;
 135              		.loc 1 49 0 is_stmt 1
 136 0020 0D20     		movs	r0, #13
 137 0022 FFF7FEFF 		bl	UART_WriteTxData
 138              	.LVL17:
  50:SerCmds.c     ****     }
 139              		.loc 1 50 0
 140 0026 0120     		movs	r0, #1
  53:SerCmds.c     **** }
 141              		.loc 1 53 0
 142 0028 38BD     		pop	{r3, r4, r5, pc}
 143              		.cfi_endproc
 144              	.LFE64:
 145              		.size	CmdFunctionName2, .-CmdFunctionName2
 146 002a 00BF     		.section	.text.MPG_StatusCmd,"ax",%progbits
 147              		.align	2
 148              		.global	MPG_StatusCmd
 149              		.thumb
 150              		.thumb_func
 151              		.type	MPG_StatusCmd, %function
 152              	MPG_StatusCmd:
 153              	.LFB65:
  54:SerCmds.c     **** 
  55:SerCmds.c     **** SER_CMD(MPG_StatusCmd)
  56:SerCmds.c     **** {
 154              		.loc 1 56 0
 155              		.cfi_startproc
 156              		@ args = 0, pretend = 0, frame = 0
 157              		@ frame_needed = 0, uses_anonymous_args = 0
 158              	.LVL18:
 159 0000 08B5     		push	{r3, lr}
 160              		.cfi_def_cfa_offset 8
 161              		.cfi_offset 3, -8
 162              		.cfi_offset 14, -4
ARM GAS  C:\Users\Dan\AppData\Local\Temp\ccxmqleP.s 			page 5


  57:SerCmds.c     ****     UNUSED_ARG(SerMsg);
  58:SerCmds.c     ****     // get the status
  59:SerCmds.c     ****     uint16 status = MPGStatusQuery();
 163              		.loc 1 59 0
 164 0002 FFF7FEFF 		bl	MPGStatusQuery
 165              	.LVL19:
  60:SerCmds.c     ****     // format a serial message to send back to KFLOP
  61:SerCmds.c     ****     SerRespMsg[0] = MPG_STATUS_QUERY;
 166              		.loc 1 61 0
 167 0006 0849     		ldr	r1, .L15
 168 0008 0323     		movs	r3, #3
 169 000a 0B70     		strb	r3, [r1]
  62:SerCmds.c     ****     SerRespMsg[1] = (uint8) (status >> 8);  // put the two bytes into the SerRespMsg buffer
 170              		.loc 1 62 0
 171 000c C0F30722 		ubfx	r2, r0, #8, #8
 172 0010 4A70     		strb	r2, [r1, #1]
  63:SerCmds.c     ****     SerRespMsg[2] = (uint8) status;
 173              		.loc 1 63 0
 174 0012 8870     		strb	r0, [r1, #2]
  64:SerCmds.c     ****     SerResponseMsg(3, SerRespMsg);          // send the message
 175              		.loc 1 64 0
 176 0014 1846     		mov	r0, r3
 177              	.LVL20:
 178 0016 FFF7FEFF 		bl	SerResponseMsg
 179              	.LVL21:
  65:SerCmds.c     ****     
  66:SerCmds.c     ****     StatusMSGTime = MS_Time;
 180              		.loc 1 66 0
 181 001a 044B     		ldr	r3, .L15+4
 182 001c 1A68     		ldr	r2, [r3]
 183 001e 044B     		ldr	r3, .L15+8
 184 0020 1A60     		str	r2, [r3]
  67:SerCmds.c     ****     
  68:SerCmds.c     ****     
  69:SerCmds.c     ****     return 0;
  70:SerCmds.c     **** }
 185              		.loc 1 70 0
 186 0022 0020     		movs	r0, #0
 187 0024 08BD     		pop	{r3, pc}
 188              	.L16:
 189 0026 00BF     		.align	2
 190              	.L15:
 191 0028 00000000 		.word	SerRespMsg
 192 002c 00000000 		.word	MS_Time
 193 0030 00000000 		.word	StatusMSGTime
 194              		.cfi_endproc
 195              	.LFE65:
 196              		.size	MPG_StatusCmd, .-MPG_StatusCmd
 197              		.comm	StatusMSGTime,4,4
 198              		.comm	SerRespMsg,32,4
 199              		.text
 200              	.Letext0:
 201              		.file 2 "c:\\program files (x86)\\cypress\\psoc creator\\4.2\\psoc creator\\import\\gnu\\arm\\5.4.
 202              		.file 3 "c:\\program files (x86)\\cypress\\psoc creator\\4.2\\psoc creator\\import\\gnu\\arm\\5.4.
 203              		.file 4 "Generated_Source\\PSoC5/cytypes.h"
 204              		.file 5 "Generated_Source\\PSoC5/core_cm3.h"
 205              		.file 6 "Generated_Source\\PSoC5/UART.h"
ARM GAS  C:\Users\Dan\AppData\Local\Temp\ccxmqleP.s 			page 6


 206              		.file 7 "MPGCmds.h"
 207              		.file 8 "Serial.h"
 208              		.section	.debug_info,"",%progbits
 209              	.Ldebug_info0:
 210 0000 5E020000 		.4byte	0x25e
 211 0004 0400     		.2byte	0x4
 212 0006 00000000 		.4byte	.Ldebug_abbrev0
 213 000a 04       		.byte	0x4
 214 000b 01       		.uleb128 0x1
 215 000c B4000000 		.4byte	.LASF33
 216 0010 0C       		.byte	0xc
 217 0011 12020000 		.4byte	.LASF34
 218 0015 2E000000 		.4byte	.LASF35
 219 0019 30000000 		.4byte	.Ldebug_ranges0+0x30
 220 001d 00000000 		.4byte	0
 221 0021 00000000 		.4byte	.Ldebug_line0
 222 0025 02       		.uleb128 0x2
 223 0026 01       		.byte	0x1
 224 0027 06       		.byte	0x6
 225 0028 3C020000 		.4byte	.LASF0
 226 002c 03       		.uleb128 0x3
 227 002d 00000000 		.4byte	.LASF4
 228 0031 02       		.byte	0x2
 229 0032 1D       		.byte	0x1d
 230 0033 37000000 		.4byte	0x37
 231 0037 02       		.uleb128 0x2
 232 0038 01       		.byte	0x1
 233 0039 08       		.byte	0x8
 234 003a A6000000 		.4byte	.LASF1
 235 003e 02       		.uleb128 0x2
 236 003f 02       		.byte	0x2
 237 0040 05       		.byte	0x5
 238 0041 08020000 		.4byte	.LASF2
 239 0045 02       		.uleb128 0x2
 240 0046 02       		.byte	0x2
 241 0047 07       		.byte	0x7
 242 0048 54010000 		.4byte	.LASF3
 243 004c 03       		.uleb128 0x3
 244 004d 1B000000 		.4byte	.LASF5
 245 0051 02       		.byte	0x2
 246 0052 3F       		.byte	0x3f
 247 0053 57000000 		.4byte	0x57
 248 0057 02       		.uleb128 0x2
 249 0058 04       		.byte	0x4
 250 0059 05       		.byte	0x5
 251 005a 25000000 		.4byte	.LASF6
 252 005e 02       		.uleb128 0x2
 253 005f 04       		.byte	0x4
 254 0060 07       		.byte	0x7
 255 0061 42010000 		.4byte	.LASF7
 256 0065 02       		.uleb128 0x2
 257 0066 08       		.byte	0x8
 258 0067 05       		.byte	0x5
 259 0068 D8010000 		.4byte	.LASF8
 260 006c 02       		.uleb128 0x2
 261 006d 08       		.byte	0x8
 262 006e 07       		.byte	0x7
ARM GAS  C:\Users\Dan\AppData\Local\Temp\ccxmqleP.s 			page 7


 263 006f 9D010000 		.4byte	.LASF9
 264 0073 04       		.uleb128 0x4
 265 0074 04       		.byte	0x4
 266 0075 05       		.byte	0x5
 267 0076 696E7400 		.ascii	"int\000"
 268 007a 02       		.uleb128 0x2
 269 007b 04       		.byte	0x4
 270 007c 07       		.byte	0x7
 271 007d 90010000 		.4byte	.LASF10
 272 0081 03       		.uleb128 0x3
 273 0082 B4010000 		.4byte	.LASF11
 274 0086 03       		.byte	0x3
 275 0087 18       		.byte	0x18
 276 0088 2C000000 		.4byte	0x2c
 277 008c 03       		.uleb128 0x3
 278 008d C7010000 		.4byte	.LASF12
 279 0091 03       		.byte	0x3
 280 0092 2C       		.byte	0x2c
 281 0093 4C000000 		.4byte	0x4c
 282 0097 05       		.uleb128 0x5
 283 0098 1C020000 		.4byte	.LASF13
 284 009c 04       		.byte	0x4
 285 009d E401     		.2byte	0x1e4
 286 009f 37000000 		.4byte	0x37
 287 00a3 05       		.uleb128 0x5
 288 00a4 82010000 		.4byte	.LASF14
 289 00a8 04       		.byte	0x4
 290 00a9 E501     		.2byte	0x1e5
 291 00ab 45000000 		.4byte	0x45
 292 00af 05       		.uleb128 0x5
 293 00b0 89010000 		.4byte	.LASF15
 294 00b4 04       		.byte	0x4
 295 00b5 E601     		.2byte	0x1e6
 296 00b7 5E000000 		.4byte	0x5e
 297 00bb 02       		.uleb128 0x2
 298 00bc 04       		.byte	0x4
 299 00bd 04       		.byte	0x4
 300 00be A0000000 		.4byte	.LASF16
 301 00c2 02       		.uleb128 0x2
 302 00c3 08       		.byte	0x8
 303 00c4 04       		.byte	0x4
 304 00c5 7B010000 		.4byte	.LASF17
 305 00c9 02       		.uleb128 0x2
 306 00ca 01       		.byte	0x1
 307 00cb 08       		.byte	0x8
 308 00cc F5010000 		.4byte	.LASF18
 309 00d0 06       		.uleb128 0x6
 310 00d1 AF000000 		.4byte	0xaf
 311 00d5 02       		.uleb128 0x2
 312 00d6 08       		.byte	0x8
 313 00d7 04       		.byte	0x4
 314 00d8 30020000 		.4byte	.LASF19
 315 00dc 02       		.uleb128 0x2
 316 00dd 04       		.byte	0x4
 317 00de 07       		.byte	0x7
 318 00df CF010000 		.4byte	.LASF20
 319 00e3 07       		.uleb128 0x7
ARM GAS  C:\Users\Dan\AppData\Local\Temp\ccxmqleP.s 			page 8


 320 00e4 68000000 		.4byte	.LASF21
 321 00e8 01       		.byte	0x1
 322 00e9 19       		.byte	0x19
 323 00ea 73000000 		.4byte	0x73
 324 00ee 00000000 		.4byte	.LFB63
 325 00f2 2A000000 		.4byte	.LFE63-.LFB63
 326 00f6 01       		.uleb128 0x1
 327 00f7 9C       		.byte	0x9c
 328 00f8 3B010000 		.4byte	0x13b
 329 00fc 08       		.uleb128 0x8
 330 00fd 74010000 		.4byte	.LASF23
 331 0101 01       		.byte	0x1
 332 0102 19       		.byte	0x19
 333 0103 3B010000 		.4byte	0x13b
 334 0107 00000000 		.4byte	.LLST0
 335 010b 09       		.uleb128 0x9
 336 010c 00000000 		.4byte	.Ldebug_ranges0+0
 337 0110 2B010000 		.4byte	0x12b
 338 0114 0A       		.uleb128 0xa
 339 0115 6900     		.ascii	"i\000"
 340 0117 01       		.byte	0x1
 341 0118 1E       		.byte	0x1e
 342 0119 81000000 		.4byte	0x81
 343 011d 42000000 		.4byte	.LLST1
 344 0121 0B       		.uleb128 0xb
 345 0122 10000000 		.4byte	.LVL3
 346 0126 40020000 		.4byte	0x240
 347 012a 00       		.byte	0
 348 012b 0C       		.uleb128 0xc
 349 012c 26000000 		.4byte	.LVL8
 350 0130 40020000 		.4byte	0x240
 351 0134 0D       		.uleb128 0xd
 352 0135 01       		.uleb128 0x1
 353 0136 50       		.byte	0x50
 354 0137 01       		.uleb128 0x1
 355 0138 3D       		.byte	0x3d
 356 0139 00       		.byte	0
 357 013a 00       		.byte	0
 358 013b 0E       		.uleb128 0xe
 359 013c 04       		.byte	0x4
 360 013d 97000000 		.4byte	0x97
 361 0141 07       		.uleb128 0x7
 362 0142 79000000 		.4byte	.LASF22
 363 0146 01       		.byte	0x1
 364 0147 28       		.byte	0x28
 365 0148 73000000 		.4byte	0x73
 366 014c 00000000 		.4byte	.LFB64
 367 0150 2A000000 		.4byte	.LFE64-.LFB64
 368 0154 01       		.uleb128 0x1
 369 0155 9C       		.byte	0x9c
 370 0156 99010000 		.4byte	0x199
 371 015a 08       		.uleb128 0x8
 372 015b 74010000 		.4byte	.LASF23
 373 015f 01       		.byte	0x1
 374 0160 28       		.byte	0x28
 375 0161 3B010000 		.4byte	0x13b
 376 0165 6B000000 		.4byte	.LLST2
ARM GAS  C:\Users\Dan\AppData\Local\Temp\ccxmqleP.s 			page 9


 377 0169 09       		.uleb128 0x9
 378 016a 18000000 		.4byte	.Ldebug_ranges0+0x18
 379 016e 89010000 		.4byte	0x189
 380 0172 0A       		.uleb128 0xa
 381 0173 6900     		.ascii	"i\000"
 382 0175 01       		.byte	0x1
 383 0176 2D       		.byte	0x2d
 384 0177 81000000 		.4byte	0x81
 385 017b AD000000 		.4byte	.LLST3
 386 017f 0B       		.uleb128 0xb
 387 0180 10000000 		.4byte	.LVL12
 388 0184 40020000 		.4byte	0x240
 389 0188 00       		.byte	0
 390 0189 0C       		.uleb128 0xc
 391 018a 26000000 		.4byte	.LVL17
 392 018e 40020000 		.4byte	0x240
 393 0192 0D       		.uleb128 0xd
 394 0193 01       		.uleb128 0x1
 395 0194 50       		.byte	0x50
 396 0195 01       		.uleb128 0x1
 397 0196 3D       		.byte	0x3d
 398 0197 00       		.byte	0
 399 0198 00       		.byte	0
 400 0199 07       		.uleb128 0x7
 401 019a 22020000 		.4byte	.LASF24
 402 019e 01       		.byte	0x1
 403 019f 37       		.byte	0x37
 404 01a0 73000000 		.4byte	0x73
 405 01a4 00000000 		.4byte	.LFB65
 406 01a8 34000000 		.4byte	.LFE65-.LFB65
 407 01ac 01       		.uleb128 0x1
 408 01ad 9C       		.byte	0x9c
 409 01ae F2010000 		.4byte	0x1f2
 410 01b2 08       		.uleb128 0x8
 411 01b3 74010000 		.4byte	.LASF23
 412 01b7 01       		.byte	0x1
 413 01b8 37       		.byte	0x37
 414 01b9 3B010000 		.4byte	0x13b
 415 01bd D6000000 		.4byte	.LLST4
 416 01c1 0F       		.uleb128 0xf
 417 01c2 8A000000 		.4byte	.LASF25
 418 01c6 01       		.byte	0x1
 419 01c7 3B       		.byte	0x3b
 420 01c8 A3000000 		.4byte	0xa3
 421 01cc F7000000 		.4byte	.LLST5
 422 01d0 0B       		.uleb128 0xb
 423 01d1 06000000 		.4byte	.LVL19
 424 01d5 4B020000 		.4byte	0x24b
 425 01d9 0C       		.uleb128 0xc
 426 01da 1A000000 		.4byte	.LVL21
 427 01de 56020000 		.4byte	0x256
 428 01e2 0D       		.uleb128 0xd
 429 01e3 01       		.uleb128 0x1
 430 01e4 50       		.byte	0x50
 431 01e5 01       		.uleb128 0x1
 432 01e6 33       		.byte	0x33
 433 01e7 0D       		.uleb128 0xd
ARM GAS  C:\Users\Dan\AppData\Local\Temp\ccxmqleP.s 			page 10


 434 01e8 01       		.uleb128 0x1
 435 01e9 51       		.byte	0x51
 436 01ea 05       		.uleb128 0x5
 437 01eb 03       		.byte	0x3
 438 01ec 00000000 		.4byte	SerRespMsg
 439 01f0 00       		.byte	0
 440 01f1 00       		.byte	0
 441 01f2 10       		.uleb128 0x10
 442 01f3 67010000 		.4byte	.LASF26
 443 01f7 05       		.byte	0x5
 444 01f8 1207     		.2byte	0x712
 445 01fa FE010000 		.4byte	0x1fe
 446 01fe 06       		.uleb128 0x6
 447 01ff 8C000000 		.4byte	0x8c
 448 0203 11       		.uleb128 0x11
 449 0204 97000000 		.4byte	0x97
 450 0208 13020000 		.4byte	0x213
 451 020c 12       		.uleb128 0x12
 452 020d DC000000 		.4byte	0xdc
 453 0211 1F       		.byte	0x1f
 454 0212 00       		.byte	0
 455 0213 13       		.uleb128 0x13
 456 0214 BC010000 		.4byte	.LASF27
 457 0218 01       		.byte	0x1
 458 0219 13       		.byte	0x13
 459 021a 03020000 		.4byte	0x203
 460 021e 05       		.uleb128 0x5
 461 021f 03       		.byte	0x3
 462 0220 00000000 		.4byte	SerRespMsg
 463 0224 13       		.uleb128 0x13
 464 0225 FA010000 		.4byte	.LASF28
 465 0229 01       		.byte	0x1
 466 022a 15       		.byte	0x15
 467 022b D0000000 		.4byte	0xd0
 468 022f 05       		.uleb128 0x5
 469 0230 03       		.byte	0x3
 470 0231 00000000 		.4byte	StatusMSGTime
 471 0235 14       		.uleb128 0x14
 472 0236 48020000 		.4byte	.LASF29
 473 023a 01       		.byte	0x1
 474 023b 17       		.byte	0x17
 475 023c D0000000 		.4byte	0xd0
 476 0240 15       		.uleb128 0x15
 477 0241 0A000000 		.4byte	.LASF30
 478 0245 0A000000 		.4byte	.LASF30
 479 0249 06       		.byte	0x6
 480 024a 88       		.byte	0x88
 481 024b 15       		.uleb128 0x15
 482 024c 91000000 		.4byte	.LASF31
 483 0250 91000000 		.4byte	.LASF31
 484 0254 07       		.byte	0x7
 485 0255 58       		.byte	0x58
 486 0256 15       		.uleb128 0x15
 487 0257 E6010000 		.4byte	.LASF32
 488 025b E6010000 		.4byte	.LASF32
 489 025f 08       		.byte	0x8
 490 0260 2C       		.byte	0x2c
ARM GAS  C:\Users\Dan\AppData\Local\Temp\ccxmqleP.s 			page 11


 491 0261 00       		.byte	0
 492              		.section	.debug_abbrev,"",%progbits
 493              	.Ldebug_abbrev0:
 494 0000 01       		.uleb128 0x1
 495 0001 11       		.uleb128 0x11
 496 0002 01       		.byte	0x1
 497 0003 25       		.uleb128 0x25
 498 0004 0E       		.uleb128 0xe
 499 0005 13       		.uleb128 0x13
 500 0006 0B       		.uleb128 0xb
 501 0007 03       		.uleb128 0x3
 502 0008 0E       		.uleb128 0xe
 503 0009 1B       		.uleb128 0x1b
 504 000a 0E       		.uleb128 0xe
 505 000b 55       		.uleb128 0x55
 506 000c 17       		.uleb128 0x17
 507 000d 11       		.uleb128 0x11
 508 000e 01       		.uleb128 0x1
 509 000f 10       		.uleb128 0x10
 510 0010 17       		.uleb128 0x17
 511 0011 00       		.byte	0
 512 0012 00       		.byte	0
 513 0013 02       		.uleb128 0x2
 514 0014 24       		.uleb128 0x24
 515 0015 00       		.byte	0
 516 0016 0B       		.uleb128 0xb
 517 0017 0B       		.uleb128 0xb
 518 0018 3E       		.uleb128 0x3e
 519 0019 0B       		.uleb128 0xb
 520 001a 03       		.uleb128 0x3
 521 001b 0E       		.uleb128 0xe
 522 001c 00       		.byte	0
 523 001d 00       		.byte	0
 524 001e 03       		.uleb128 0x3
 525 001f 16       		.uleb128 0x16
 526 0020 00       		.byte	0
 527 0021 03       		.uleb128 0x3
 528 0022 0E       		.uleb128 0xe
 529 0023 3A       		.uleb128 0x3a
 530 0024 0B       		.uleb128 0xb
 531 0025 3B       		.uleb128 0x3b
 532 0026 0B       		.uleb128 0xb
 533 0027 49       		.uleb128 0x49
 534 0028 13       		.uleb128 0x13
 535 0029 00       		.byte	0
 536 002a 00       		.byte	0
 537 002b 04       		.uleb128 0x4
 538 002c 24       		.uleb128 0x24
 539 002d 00       		.byte	0
 540 002e 0B       		.uleb128 0xb
 541 002f 0B       		.uleb128 0xb
 542 0030 3E       		.uleb128 0x3e
 543 0031 0B       		.uleb128 0xb
 544 0032 03       		.uleb128 0x3
 545 0033 08       		.uleb128 0x8
 546 0034 00       		.byte	0
 547 0035 00       		.byte	0
ARM GAS  C:\Users\Dan\AppData\Local\Temp\ccxmqleP.s 			page 12


 548 0036 05       		.uleb128 0x5
 549 0037 16       		.uleb128 0x16
 550 0038 00       		.byte	0
 551 0039 03       		.uleb128 0x3
 552 003a 0E       		.uleb128 0xe
 553 003b 3A       		.uleb128 0x3a
 554 003c 0B       		.uleb128 0xb
 555 003d 3B       		.uleb128 0x3b
 556 003e 05       		.uleb128 0x5
 557 003f 49       		.uleb128 0x49
 558 0040 13       		.uleb128 0x13
 559 0041 00       		.byte	0
 560 0042 00       		.byte	0
 561 0043 06       		.uleb128 0x6
 562 0044 35       		.uleb128 0x35
 563 0045 00       		.byte	0
 564 0046 49       		.uleb128 0x49
 565 0047 13       		.uleb128 0x13
 566 0048 00       		.byte	0
 567 0049 00       		.byte	0
 568 004a 07       		.uleb128 0x7
 569 004b 2E       		.uleb128 0x2e
 570 004c 01       		.byte	0x1
 571 004d 3F       		.uleb128 0x3f
 572 004e 19       		.uleb128 0x19
 573 004f 03       		.uleb128 0x3
 574 0050 0E       		.uleb128 0xe
 575 0051 3A       		.uleb128 0x3a
 576 0052 0B       		.uleb128 0xb
 577 0053 3B       		.uleb128 0x3b
 578 0054 0B       		.uleb128 0xb
 579 0055 27       		.uleb128 0x27
 580 0056 19       		.uleb128 0x19
 581 0057 49       		.uleb128 0x49
 582 0058 13       		.uleb128 0x13
 583 0059 11       		.uleb128 0x11
 584 005a 01       		.uleb128 0x1
 585 005b 12       		.uleb128 0x12
 586 005c 06       		.uleb128 0x6
 587 005d 40       		.uleb128 0x40
 588 005e 18       		.uleb128 0x18
 589 005f 9742     		.uleb128 0x2117
 590 0061 19       		.uleb128 0x19
 591 0062 01       		.uleb128 0x1
 592 0063 13       		.uleb128 0x13
 593 0064 00       		.byte	0
 594 0065 00       		.byte	0
 595 0066 08       		.uleb128 0x8
 596 0067 05       		.uleb128 0x5
 597 0068 00       		.byte	0
 598 0069 03       		.uleb128 0x3
 599 006a 0E       		.uleb128 0xe
 600 006b 3A       		.uleb128 0x3a
 601 006c 0B       		.uleb128 0xb
 602 006d 3B       		.uleb128 0x3b
 603 006e 0B       		.uleb128 0xb
 604 006f 49       		.uleb128 0x49
ARM GAS  C:\Users\Dan\AppData\Local\Temp\ccxmqleP.s 			page 13


 605 0070 13       		.uleb128 0x13
 606 0071 02       		.uleb128 0x2
 607 0072 17       		.uleb128 0x17
 608 0073 00       		.byte	0
 609 0074 00       		.byte	0
 610 0075 09       		.uleb128 0x9
 611 0076 0B       		.uleb128 0xb
 612 0077 01       		.byte	0x1
 613 0078 55       		.uleb128 0x55
 614 0079 17       		.uleb128 0x17
 615 007a 01       		.uleb128 0x1
 616 007b 13       		.uleb128 0x13
 617 007c 00       		.byte	0
 618 007d 00       		.byte	0
 619 007e 0A       		.uleb128 0xa
 620 007f 34       		.uleb128 0x34
 621 0080 00       		.byte	0
 622 0081 03       		.uleb128 0x3
 623 0082 08       		.uleb128 0x8
 624 0083 3A       		.uleb128 0x3a
 625 0084 0B       		.uleb128 0xb
 626 0085 3B       		.uleb128 0x3b
 627 0086 0B       		.uleb128 0xb
 628 0087 49       		.uleb128 0x49
 629 0088 13       		.uleb128 0x13
 630 0089 02       		.uleb128 0x2
 631 008a 17       		.uleb128 0x17
 632 008b 00       		.byte	0
 633 008c 00       		.byte	0
 634 008d 0B       		.uleb128 0xb
 635 008e 898201   		.uleb128 0x4109
 636 0091 00       		.byte	0
 637 0092 11       		.uleb128 0x11
 638 0093 01       		.uleb128 0x1
 639 0094 31       		.uleb128 0x31
 640 0095 13       		.uleb128 0x13
 641 0096 00       		.byte	0
 642 0097 00       		.byte	0
 643 0098 0C       		.uleb128 0xc
 644 0099 898201   		.uleb128 0x4109
 645 009c 01       		.byte	0x1
 646 009d 11       		.uleb128 0x11
 647 009e 01       		.uleb128 0x1
 648 009f 31       		.uleb128 0x31
 649 00a0 13       		.uleb128 0x13
 650 00a1 00       		.byte	0
 651 00a2 00       		.byte	0
 652 00a3 0D       		.uleb128 0xd
 653 00a4 8A8201   		.uleb128 0x410a
 654 00a7 00       		.byte	0
 655 00a8 02       		.uleb128 0x2
 656 00a9 18       		.uleb128 0x18
 657 00aa 9142     		.uleb128 0x2111
 658 00ac 18       		.uleb128 0x18
 659 00ad 00       		.byte	0
 660 00ae 00       		.byte	0
 661 00af 0E       		.uleb128 0xe
ARM GAS  C:\Users\Dan\AppData\Local\Temp\ccxmqleP.s 			page 14


 662 00b0 0F       		.uleb128 0xf
 663 00b1 00       		.byte	0
 664 00b2 0B       		.uleb128 0xb
 665 00b3 0B       		.uleb128 0xb
 666 00b4 49       		.uleb128 0x49
 667 00b5 13       		.uleb128 0x13
 668 00b6 00       		.byte	0
 669 00b7 00       		.byte	0
 670 00b8 0F       		.uleb128 0xf
 671 00b9 34       		.uleb128 0x34
 672 00ba 00       		.byte	0
 673 00bb 03       		.uleb128 0x3
 674 00bc 0E       		.uleb128 0xe
 675 00bd 3A       		.uleb128 0x3a
 676 00be 0B       		.uleb128 0xb
 677 00bf 3B       		.uleb128 0x3b
 678 00c0 0B       		.uleb128 0xb
 679 00c1 49       		.uleb128 0x49
 680 00c2 13       		.uleb128 0x13
 681 00c3 02       		.uleb128 0x2
 682 00c4 17       		.uleb128 0x17
 683 00c5 00       		.byte	0
 684 00c6 00       		.byte	0
 685 00c7 10       		.uleb128 0x10
 686 00c8 34       		.uleb128 0x34
 687 00c9 00       		.byte	0
 688 00ca 03       		.uleb128 0x3
 689 00cb 0E       		.uleb128 0xe
 690 00cc 3A       		.uleb128 0x3a
 691 00cd 0B       		.uleb128 0xb
 692 00ce 3B       		.uleb128 0x3b
 693 00cf 05       		.uleb128 0x5
 694 00d0 49       		.uleb128 0x49
 695 00d1 13       		.uleb128 0x13
 696 00d2 3F       		.uleb128 0x3f
 697 00d3 19       		.uleb128 0x19
 698 00d4 3C       		.uleb128 0x3c
 699 00d5 19       		.uleb128 0x19
 700 00d6 00       		.byte	0
 701 00d7 00       		.byte	0
 702 00d8 11       		.uleb128 0x11
 703 00d9 01       		.uleb128 0x1
 704 00da 01       		.byte	0x1
 705 00db 49       		.uleb128 0x49
 706 00dc 13       		.uleb128 0x13
 707 00dd 01       		.uleb128 0x1
 708 00de 13       		.uleb128 0x13
 709 00df 00       		.byte	0
 710 00e0 00       		.byte	0
 711 00e1 12       		.uleb128 0x12
 712 00e2 21       		.uleb128 0x21
 713 00e3 00       		.byte	0
 714 00e4 49       		.uleb128 0x49
 715 00e5 13       		.uleb128 0x13
 716 00e6 2F       		.uleb128 0x2f
 717 00e7 0B       		.uleb128 0xb
 718 00e8 00       		.byte	0
ARM GAS  C:\Users\Dan\AppData\Local\Temp\ccxmqleP.s 			page 15


 719 00e9 00       		.byte	0
 720 00ea 13       		.uleb128 0x13
 721 00eb 34       		.uleb128 0x34
 722 00ec 00       		.byte	0
 723 00ed 03       		.uleb128 0x3
 724 00ee 0E       		.uleb128 0xe
 725 00ef 3A       		.uleb128 0x3a
 726 00f0 0B       		.uleb128 0xb
 727 00f1 3B       		.uleb128 0x3b
 728 00f2 0B       		.uleb128 0xb
 729 00f3 49       		.uleb128 0x49
 730 00f4 13       		.uleb128 0x13
 731 00f5 3F       		.uleb128 0x3f
 732 00f6 19       		.uleb128 0x19
 733 00f7 02       		.uleb128 0x2
 734 00f8 18       		.uleb128 0x18
 735 00f9 00       		.byte	0
 736 00fa 00       		.byte	0
 737 00fb 14       		.uleb128 0x14
 738 00fc 34       		.uleb128 0x34
 739 00fd 00       		.byte	0
 740 00fe 03       		.uleb128 0x3
 741 00ff 0E       		.uleb128 0xe
 742 0100 3A       		.uleb128 0x3a
 743 0101 0B       		.uleb128 0xb
 744 0102 3B       		.uleb128 0x3b
 745 0103 0B       		.uleb128 0xb
 746 0104 49       		.uleb128 0x49
 747 0105 13       		.uleb128 0x13
 748 0106 3F       		.uleb128 0x3f
 749 0107 19       		.uleb128 0x19
 750 0108 3C       		.uleb128 0x3c
 751 0109 19       		.uleb128 0x19
 752 010a 00       		.byte	0
 753 010b 00       		.byte	0
 754 010c 15       		.uleb128 0x15
 755 010d 2E       		.uleb128 0x2e
 756 010e 00       		.byte	0
 757 010f 3F       		.uleb128 0x3f
 758 0110 19       		.uleb128 0x19
 759 0111 3C       		.uleb128 0x3c
 760 0112 19       		.uleb128 0x19
 761 0113 6E       		.uleb128 0x6e
 762 0114 0E       		.uleb128 0xe
 763 0115 03       		.uleb128 0x3
 764 0116 0E       		.uleb128 0xe
 765 0117 3A       		.uleb128 0x3a
 766 0118 0B       		.uleb128 0xb
 767 0119 3B       		.uleb128 0x3b
 768 011a 0B       		.uleb128 0xb
 769 011b 00       		.byte	0
 770 011c 00       		.byte	0
 771 011d 00       		.byte	0
 772              		.section	.debug_loc,"",%progbits
 773              	.Ldebug_loc0:
 774              	.LLST0:
 775 0000 00000000 		.4byte	.LVL0
ARM GAS  C:\Users\Dan\AppData\Local\Temp\ccxmqleP.s 			page 16


 776 0004 08000000 		.4byte	.LVL1
 777 0008 0100     		.2byte	0x1
 778 000a 50       		.byte	0x50
 779 000b 08000000 		.4byte	.LVL1
 780 000f 0A000000 		.4byte	.LVL2
 781 0013 0400     		.2byte	0x4
 782 0015 F3       		.byte	0xf3
 783 0016 01       		.uleb128 0x1
 784 0017 50       		.byte	0x50
 785 0018 9F       		.byte	0x9f
 786 0019 0A000000 		.4byte	.LVL2
 787 001d 16000000 		.4byte	.LVL6
 788 0021 0100     		.2byte	0x1
 789 0023 55       		.byte	0x55
 790 0024 16000000 		.4byte	.LVL6
 791 0028 1A000000 		.4byte	.LVL7
 792 002c 0100     		.2byte	0x1
 793 002e 50       		.byte	0x50
 794 002f 1A000000 		.4byte	.LVL7
 795 0033 2A000000 		.4byte	.LFE63
 796 0037 0100     		.2byte	0x1
 797 0039 55       		.byte	0x55
 798 003a 00000000 		.4byte	0
 799 003e 00000000 		.4byte	0
 800              	.LLST1:
 801 0042 0A000000 		.4byte	.LVL2
 802 0046 12000000 		.4byte	.LVL4
 803 004a 0100     		.2byte	0x1
 804 004c 54       		.byte	0x54
 805 004d 14000000 		.4byte	.LVL5
 806 0051 16000000 		.4byte	.LVL6
 807 0055 0100     		.2byte	0x1
 808 0057 54       		.byte	0x54
 809 0058 1A000000 		.4byte	.LVL7
 810 005c 2A000000 		.4byte	.LFE63
 811 0060 0100     		.2byte	0x1
 812 0062 54       		.byte	0x54
 813 0063 00000000 		.4byte	0
 814 0067 00000000 		.4byte	0
 815              	.LLST2:
 816 006b 00000000 		.4byte	.LVL9
 817 006f 08000000 		.4byte	.LVL10
 818 0073 0100     		.2byte	0x1
 819 0075 50       		.byte	0x50
 820 0076 08000000 		.4byte	.LVL10
 821 007a 0A000000 		.4byte	.LVL11
 822 007e 0400     		.2byte	0x4
 823 0080 F3       		.byte	0xf3
 824 0081 01       		.uleb128 0x1
 825 0082 50       		.byte	0x50
 826 0083 9F       		.byte	0x9f
 827 0084 0A000000 		.4byte	.LVL11
 828 0088 16000000 		.4byte	.LVL15
 829 008c 0100     		.2byte	0x1
 830 008e 55       		.byte	0x55
 831 008f 16000000 		.4byte	.LVL15
 832 0093 1A000000 		.4byte	.LVL16
ARM GAS  C:\Users\Dan\AppData\Local\Temp\ccxmqleP.s 			page 17


 833 0097 0100     		.2byte	0x1
 834 0099 50       		.byte	0x50
 835 009a 1A000000 		.4byte	.LVL16
 836 009e 2A000000 		.4byte	.LFE64
 837 00a2 0100     		.2byte	0x1
 838 00a4 55       		.byte	0x55
 839 00a5 00000000 		.4byte	0
 840 00a9 00000000 		.4byte	0
 841              	.LLST3:
 842 00ad 0A000000 		.4byte	.LVL11
 843 00b1 12000000 		.4byte	.LVL13
 844 00b5 0100     		.2byte	0x1
 845 00b7 54       		.byte	0x54
 846 00b8 14000000 		.4byte	.LVL14
 847 00bc 16000000 		.4byte	.LVL15
 848 00c0 0100     		.2byte	0x1
 849 00c2 54       		.byte	0x54
 850 00c3 1A000000 		.4byte	.LVL16
 851 00c7 2A000000 		.4byte	.LFE64
 852 00cb 0100     		.2byte	0x1
 853 00cd 54       		.byte	0x54
 854 00ce 00000000 		.4byte	0
 855 00d2 00000000 		.4byte	0
 856              	.LLST4:
 857 00d6 00000000 		.4byte	.LVL18
 858 00da 05000000 		.4byte	.LVL19-1
 859 00de 0100     		.2byte	0x1
 860 00e0 50       		.byte	0x50
 861 00e1 05000000 		.4byte	.LVL19-1
 862 00e5 34000000 		.4byte	.LFE65
 863 00e9 0400     		.2byte	0x4
 864 00eb F3       		.byte	0xf3
 865 00ec 01       		.uleb128 0x1
 866 00ed 50       		.byte	0x50
 867 00ee 9F       		.byte	0x9f
 868 00ef 00000000 		.4byte	0
 869 00f3 00000000 		.4byte	0
 870              	.LLST5:
 871 00f7 06000000 		.4byte	.LVL19
 872 00fb 16000000 		.4byte	.LVL20
 873 00ff 0100     		.2byte	0x1
 874 0101 50       		.byte	0x50
 875 0102 00000000 		.4byte	0
 876 0106 00000000 		.4byte	0
 877              		.section	.debug_aranges,"",%progbits
 878 0000 2C000000 		.4byte	0x2c
 879 0004 0200     		.2byte	0x2
 880 0006 00000000 		.4byte	.Ldebug_info0
 881 000a 04       		.byte	0x4
 882 000b 00       		.byte	0
 883 000c 0000     		.2byte	0
 884 000e 0000     		.2byte	0
 885 0010 00000000 		.4byte	.LFB63
 886 0014 2A000000 		.4byte	.LFE63-.LFB63
 887 0018 00000000 		.4byte	.LFB64
 888 001c 2A000000 		.4byte	.LFE64-.LFB64
 889 0020 00000000 		.4byte	.LFB65
ARM GAS  C:\Users\Dan\AppData\Local\Temp\ccxmqleP.s 			page 18


 890 0024 34000000 		.4byte	.LFE65-.LFB65
 891 0028 00000000 		.4byte	0
 892 002c 00000000 		.4byte	0
 893              		.section	.debug_ranges,"",%progbits
 894              	.Ldebug_ranges0:
 895 0000 0A000000 		.4byte	.LBB2
 896 0004 18000000 		.4byte	.LBE2
 897 0008 1A000000 		.4byte	.LBB3
 898 000c 20000000 		.4byte	.LBE3
 899 0010 00000000 		.4byte	0
 900 0014 00000000 		.4byte	0
 901 0018 0A000000 		.4byte	.LBB4
 902 001c 18000000 		.4byte	.LBE4
 903 0020 1A000000 		.4byte	.LBB5
 904 0024 20000000 		.4byte	.LBE5
 905 0028 00000000 		.4byte	0
 906 002c 00000000 		.4byte	0
 907 0030 00000000 		.4byte	.LFB63
 908 0034 2A000000 		.4byte	.LFE63
 909 0038 00000000 		.4byte	.LFB64
 910 003c 2A000000 		.4byte	.LFE64
 911 0040 00000000 		.4byte	.LFB65
 912 0044 34000000 		.4byte	.LFE65
 913 0048 00000000 		.4byte	0
 914 004c 00000000 		.4byte	0
 915              		.section	.debug_line,"",%progbits
 916              	.Ldebug_line0:
 917 0000 DC010000 		.section	.debug_str,"MS",%progbits,1
 917      02007201 
 917      00000201 
 917      FB0E0D00 
 917      01010101 
 918              	.LASF4:
 919 0000 5F5F7569 		.ascii	"__uint8_t\000"
 919      6E74385F 
 919      7400
 920              	.LASF30:
 921 000a 55415254 		.ascii	"UART_WriteTxData\000"
 921      5F577269 
 921      74655478 
 921      44617461 
 921      00
 922              	.LASF5:
 923 001b 5F5F696E 		.ascii	"__int32_t\000"
 923      7433325F 
 923      7400
 924              	.LASF6:
 925 0025 6C6F6E67 		.ascii	"long int\000"
 925      20696E74 
 925      00
 926              	.LASF35:
 927 002e 433A5C44 		.ascii	"C:\\Dan\\Eng Projects\\BP308\\MPG\\ARM Code\\MPG\\M"
 927      616E5C45 
 927      6E672050 
 927      726F6A65 
 927      6374735C 
 928 005a 50475F50 		.ascii	"PG_PSoC.cydsn\000"
ARM GAS  C:\Users\Dan\AppData\Local\Temp\ccxmqleP.s 			page 19


 928      536F432E 
 928      63796473 
 928      6E00
 929              	.LASF21:
 930 0068 436D6446 		.ascii	"CmdFunctionName1\000"
 930      756E6374 
 930      696F6E4E 
 930      616D6531 
 930      00
 931              	.LASF22:
 932 0079 436D6446 		.ascii	"CmdFunctionName2\000"
 932      756E6374 
 932      696F6E4E 
 932      616D6532 
 932      00
 933              	.LASF25:
 934 008a 73746174 		.ascii	"status\000"
 934      757300
 935              	.LASF31:
 936 0091 4D504753 		.ascii	"MPGStatusQuery\000"
 936      74617475 
 936      73517565 
 936      727900
 937              	.LASF16:
 938 00a0 666C6F61 		.ascii	"float\000"
 938      7400
 939              	.LASF1:
 940 00a6 756E7369 		.ascii	"unsigned char\000"
 940      676E6564 
 940      20636861 
 940      7200
 941              	.LASF33:
 942 00b4 474E5520 		.ascii	"GNU C11 5.4.1 20160609 (release) [ARM/embedded-5-br"
 942      43313120 
 942      352E342E 
 942      31203230 
 942      31363036 
 943 00e7 616E6368 		.ascii	"anch revision 237715] -mcpu=cortex-m3 -mthumb -g -O"
 943      20726576 
 943      6973696F 
 943      6E203233 
 943      37373135 
 944 011a 67202D66 		.ascii	"g -ffunction-sections -ffat-lto-objects\000"
 944      66756E63 
 944      74696F6E 
 944      2D736563 
 944      74696F6E 
 945              	.LASF7:
 946 0142 6C6F6E67 		.ascii	"long unsigned int\000"
 946      20756E73 
 946      69676E65 
 946      6420696E 
 946      7400
 947              	.LASF3:
 948 0154 73686F72 		.ascii	"short unsigned int\000"
 948      7420756E 
 948      7369676E 
ARM GAS  C:\Users\Dan\AppData\Local\Temp\ccxmqleP.s 			page 20


 948      65642069 
 948      6E7400
 949              	.LASF26:
 950 0167 49544D5F 		.ascii	"ITM_RxBuffer\000"
 950      52784275 
 950      66666572 
 950      00
 951              	.LASF23:
 952 0174 5365724D 		.ascii	"SerMsg\000"
 952      736700
 953              	.LASF17:
 954 017b 646F7562 		.ascii	"double\000"
 954      6C6500
 955              	.LASF14:
 956 0182 75696E74 		.ascii	"uint16\000"
 956      313600
 957              	.LASF15:
 958 0189 75696E74 		.ascii	"uint32\000"
 958      333200
 959              	.LASF10:
 960 0190 756E7369 		.ascii	"unsigned int\000"
 960      676E6564 
 960      20696E74 
 960      00
 961              	.LASF9:
 962 019d 6C6F6E67 		.ascii	"long long unsigned int\000"
 962      206C6F6E 
 962      6720756E 
 962      7369676E 
 962      65642069 
 963              	.LASF11:
 964 01b4 75696E74 		.ascii	"uint8_t\000"
 964      385F7400 
 965              	.LASF27:
 966 01bc 53657252 		.ascii	"SerRespMsg\000"
 966      6573704D 
 966      736700
 967              	.LASF12:
 968 01c7 696E7433 		.ascii	"int32_t\000"
 968      325F7400 
 969              	.LASF20:
 970 01cf 73697A65 		.ascii	"sizetype\000"
 970      74797065 
 970      00
 971              	.LASF8:
 972 01d8 6C6F6E67 		.ascii	"long long int\000"
 972      206C6F6E 
 972      6720696E 
 972      7400
 973              	.LASF32:
 974 01e6 53657252 		.ascii	"SerResponseMsg\000"
 974      6573706F 
 974      6E73654D 
 974      736700
 975              	.LASF18:
 976 01f5 63686172 		.ascii	"char\000"
 976      00
ARM GAS  C:\Users\Dan\AppData\Local\Temp\ccxmqleP.s 			page 21


 977              	.LASF28:
 978 01fa 53746174 		.ascii	"StatusMSGTime\000"
 978      75734D53 
 978      4754696D 
 978      6500
 979              	.LASF2:
 980 0208 73686F72 		.ascii	"short int\000"
 980      7420696E 
 980      7400
 981              	.LASF34:
 982 0212 53657243 		.ascii	"SerCmds.c\000"
 982      6D64732E 
 982      6300
 983              	.LASF13:
 984 021c 75696E74 		.ascii	"uint8\000"
 984      3800
 985              	.LASF24:
 986 0222 4D50475F 		.ascii	"MPG_StatusCmd\000"
 986      53746174 
 986      7573436D 
 986      6400
 987              	.LASF19:
 988 0230 6C6F6E67 		.ascii	"long double\000"
 988      20646F75 
 988      626C6500 
 989              	.LASF0:
 990 023c 7369676E 		.ascii	"signed char\000"
 990      65642063 
 990      68617200 
 991              	.LASF29:
 992 0248 4D535F54 		.ascii	"MS_Time\000"
 992      696D6500 
 993              		.ident	"GCC: (GNU Tools for ARM Embedded Processors) 5.4.1 20160609 (release) [ARM/embedded-5-bran
