ARM GAS  C:\Users\Dan\AppData\Local\Temp\ccPp4OrE.s 			page 1


   1              		.syntax unified
   2              		.cpu cortex-m3
   3              		.fpu softvfp
   4              		.eabi_attribute 20, 1
   5              		.eabi_attribute 21, 1
   6              		.eabi_attribute 23, 3
   7              		.eabi_attribute 24, 1
   8              		.eabi_attribute 25, 1
   9              		.eabi_attribute 26, 1
  10              		.eabi_attribute 30, 1
  11              		.eabi_attribute 34, 1
  12              		.eabi_attribute 18, 4
  13              		.thumb
  14              		.syntax unified
  15              		.file	"Serial.c"
  16              		.text
  17              	.Ltext0:
  18              		.cfi_sections	.debug_frame
  19              		.section	.text.SerMsgParse,"ax",%progbits
  20              		.align	2
  21              		.global	SerMsgParse
  22              		.thumb
  23              		.thumb_func
  24              		.type	SerMsgParse, %function
  25              	SerMsgParse:
  26              	.LFB65:
  27              		.file 1 "Serial.c"
   1:Serial.c      **** /* ========================================
   2:Serial.c      ****  *
   3:Serial.c      ****  * Copyright YOUR COMPANY, THE YEAR
   4:Serial.c      ****  * All Rights Reserved
   5:Serial.c      ****  * UNPUBLISHED, LICENSED SOFTWARE.
   6:Serial.c      ****  *
   7:Serial.c      ****  * CONFIDENTIAL AND PROPRIETARY INFORMATION
   8:Serial.c      ****  * WHICH IS THE PROPERTY OF your company.
   9:Serial.c      ****  *
  10:Serial.c      ****  * ========================================
  11:Serial.c      **** */
  12:Serial.c      **** #include "Serial.h"
  13:Serial.c      **** #include "project.h"
  14:Serial.c      **** #include "U_HW.h"
  15:Serial.c      **** #include <stdio.h>
  16:Serial.c      **** #include <stdbool.h>
  17:Serial.c      **** #include "Serial_IO.h"
  18:Serial.c      **** #include "SerMessages.h"
  19:Serial.c      **** 
  20:Serial.c      **** 
  21:Serial.c      **** char msgs[50];
  22:Serial.c      **** 
  23:Serial.c      **** uint8 SerMsg[SERIAL_MSG_LEN];
  24:Serial.c      **** 
  25:Serial.c      **** void Serial_Rx(void)
  26:Serial.c      **** {
  27:Serial.c      ****     static uint8 MsgCounter = 0;
  28:Serial.c      ****     static uint8 MsgCnt = 0;
  29:Serial.c      ****     uint8 rc;
  30:Serial.c      ****     if(UART_GetRxBufferSize() != 0)
ARM GAS  C:\Users\Dan\AppData\Local\Temp\ccPp4OrE.s 			page 2


  31:Serial.c      ****     {
  32:Serial.c      ****         rc = UART_ReadRxData();
  33:Serial.c      ****         // use the MsgCounter to manage the message reception / a non-zero MsgCounter means that we
  34:Serial.c      ****         if(MsgCounter == 0)
  35:Serial.c      ****         {
  36:Serial.c      ****             if(rc == MSG_START_CMD)     // check for a command start
  37:Serial.c      ****             {
  38:Serial.c      ****                 MsgCounter = 1;
  39:Serial.c      ****             }
  40:Serial.c      ****         }
  41:Serial.c      ****        else if (MsgCounter == 1)
  42:Serial.c      ****         {
  43:Serial.c      ****             MsgCnt = rc;    // get the message count - first byte in the message
  44:Serial.c      ****             if(MsgCnt >= SERIAL_MSG_LEN)
  45:Serial.c      ****             {   
  46:Serial.c      **** 
  47:Serial.c      ****                 MsgCounter = 0; // MsgCount too big! restart the message - reset the message counte
  48:Serial.c      ****             } 
  49:Serial.c      ****             else
  50:Serial.c      ****             {
  51:Serial.c      ****                 SerMsg[MsgCounter++] = rc;
  52:Serial.c      ****             }
  53:Serial.c      ****          }   
  54:Serial.c      ****         else if(MsgCounter < MsgCnt)
  55:Serial.c      ****         {
  56:Serial.c      ****             SerMsg[MsgCounter++] = rc;  // get the message content and put it in the SerMsg buffer
  57:Serial.c      ****         }
  58:Serial.c      ****         else if (MsgCounter == MsgCnt)
  59:Serial.c      ****         {
  60:Serial.c      ****             SerMsg[MsgCounter] = rc;    // get the checksum
  61:Serial.c      ****             if(SerMsgParse() == false)  // Parse the message
  62:Serial.c      ****             {
  63:Serial.c      ****             }
  64:Serial.c      ****             MsgCounter = 0; // reset the Message Counter 
  65:Serial.c      ****         }
  66:Serial.c      ****         else
  67:Serial.c      ****         {
  68:Serial.c      ****             MsgCounter = 0;
  69:Serial.c      ****         }
  70:Serial.c      ****     }
  71:Serial.c      **** }
  72:Serial.c      **** 
  73:Serial.c      **** bool SerMsgParse(void)
  74:Serial.c      **** {
  28              		.loc 1 74 0
  29              		.cfi_startproc
  30              		@ args = 0, pretend = 0, frame = 0
  31              		@ frame_needed = 0, uses_anonymous_args = 0
  32 0000 10B5     		push	{r4, lr}
  33              		.cfi_def_cfa_offset 8
  34              		.cfi_offset 4, -8
  35              		.cfi_offset 14, -4
  36              	.LVL0:
  75:Serial.c      ****     uint8 checksum = 0;
  76:Serial.c      ****     uint8 MsgLen = SerMsg[CNT_INDEX];   // get the message length
  37              		.loc 1 76 0
  38 0002 1E4B     		ldr	r3, .L12
ARM GAS  C:\Users\Dan\AppData\Local\Temp\ccPp4OrE.s 			page 3


  39 0004 5878     		ldrb	r0, [r3, #1]	@ zero_extendqisi2
  40              	.LVL1:
  41              	.LBB2:
  77:Serial.c      ****     // check the checksum
  78:Serial.c      ****     for(uint8 i = 1; i < MsgLen; i++)
  42              		.loc 1 78 0
  43 0006 0123     		movs	r3, #1
  44              	.LBE2:
  75:Serial.c      ****     uint8 checksum = 0;
  45              		.loc 1 75 0
  46 0008 0022     		movs	r2, #0
  47              	.LBB3:
  48              		.loc 1 78 0
  49 000a 05E0     		b	.L2
  50              	.LVL2:
  51              	.L3:
  79:Serial.c      ****     {
  80:Serial.c      ****         checksum += SerMsg[i];  // sum up the message
  52              		.loc 1 80 0 discriminator 3
  53 000c 1B49     		ldr	r1, .L12
  54 000e C95C     		ldrb	r1, [r1, r3]	@ zero_extendqisi2
  55 0010 0A44     		add	r2, r2, r1
  56              	.LVL3:
  57 0012 D2B2     		uxtb	r2, r2
  58              	.LVL4:
  78:Serial.c      ****     {
  59              		.loc 1 78 0 discriminator 3
  60 0014 0133     		adds	r3, r3, #1
  61              	.LVL5:
  62 0016 DBB2     		uxtb	r3, r3
  63              	.LVL6:
  64              	.L2:
  78:Serial.c      ****     {
  65              		.loc 1 78 0 is_stmt 0 discriminator 1
  66 0018 8342     		cmp	r3, r0
  67 001a F7D3     		bcc	.L3
  68              	.LBE3:
  81:Serial.c      ****     }
  82:Serial.c      ****     checksum = ~checksum;
  69              		.loc 1 82 0 is_stmt 1
  70 001c D243     		mvns	r2, r2
  71              	.LVL7:
  72 001e D2B2     		uxtb	r2, r2
  73              	.LVL8:
  83:Serial.c      ****     if(SerMsg[MsgLen] != checksum)   
  74              		.loc 1 83 0
  75 0020 164B     		ldr	r3, .L12
  76              	.LVL9:
  77 0022 1B5C     		ldrb	r3, [r3, r0]	@ zero_extendqisi2
  78 0024 9A42     		cmp	r2, r3
  79 0026 0AD0     		beq	.L4
  84:Serial.c      ****     {
  85:Serial.c      ****         // if the checksum is wrong then return false
  86:Serial.c      ****         sprintf(msgs, "Bad CheckSum = %X Should Be %X\r", checksum, ~(SerMsg[MsgLen])); 
  80              		.loc 1 86 0
  81 0028 154C     		ldr	r4, .L12+4
  82 002a DB43     		mvns	r3, r3
ARM GAS  C:\Users\Dan\AppData\Local\Temp\ccPp4OrE.s 			page 4


  83 002c 1549     		ldr	r1, .L12+8
  84 002e 2046     		mov	r0, r4
  85              	.LVL10:
  86 0030 FFF7FEFF 		bl	sprintf
  87              	.LVL11:
  87:Serial.c      ****         PutStr(msgs);
  88              		.loc 1 87 0
  89 0034 2046     		mov	r0, r4
  90 0036 FFF7FEFF 		bl	USB_PutString
  91              	.LVL12:
  88:Serial.c      ****         return false;
  92              		.loc 1 88 0
  93 003a 0020     		movs	r0, #0
  94 003c 10BD     		pop	{r4, pc}
  95              	.LVL13:
  96              	.L4:
  89:Serial.c      ****     }
  90:Serial.c      ****     if(SerMsg[ADDR_INDEX] == MY_SLAVE_ADDR)
  97              		.loc 1 90 0
  98 003e 0F4B     		ldr	r3, .L12
  99 0040 9B78     		ldrb	r3, [r3, #2]	@ zero_extendqisi2
 100 0042 032B     		cmp	r3, #3
 101 0044 12D0     		beq	.L9
  91:Serial.c      ****     {
  92:Serial.c      ****         for(uint8 i = 0; i < NUMOFSERCMDS; i++)   // scan through the command list
  93:Serial.c      ****         {
  94:Serial.c      ****             if(SerMsg[CMD_INDEX] == SerCmdParseTable[i].Cmd)
  95:Serial.c      ****             {
  96:Serial.c      ****                 if( SerCmdParseTable[i].func(SerMsg) == 0)
  97:Serial.c      ****                 {
  98:Serial.c      ****                     return true;
  99:Serial.c      ****                 }
 100:Serial.c      ****             }
 101:Serial.c      ****         }
 102:Serial.c      ****         return true;
 103:Serial.c      ****     }
 104:Serial.c      ****     return false;
 102              		.loc 1 104 0
 103 0046 0020     		movs	r0, #0
 104              	.LVL14:
 105 0048 10BD     		pop	{r4, pc}
 106              	.LVL15:
 107              	.L8:
 108              	.LBB4:
  94:Serial.c      ****             {
 109              		.loc 1 94 0
 110 004a 0C4B     		ldr	r3, .L12
 111 004c DA78     		ldrb	r2, [r3, #3]	@ zero_extendqisi2
 112 004e 0E4B     		ldr	r3, .L12+12
 113 0050 13F83430 		ldrb	r3, [r3, r4, lsl #3]	@ zero_extendqisi2
 114 0054 9A42     		cmp	r2, r3
 115 0056 06D1     		bne	.L7
  96:Serial.c      ****                 {
 116              		.loc 1 96 0
 117 0058 0B4B     		ldr	r3, .L12+12
 118 005a 03EBC403 		add	r3, r3, r4, lsl #3
 119 005e 5B68     		ldr	r3, [r3, #4]
ARM GAS  C:\Users\Dan\AppData\Local\Temp\ccPp4OrE.s 			page 5


 120 0060 0648     		ldr	r0, .L12
 121 0062 9847     		blx	r3
 122              	.LVL16:
 123 0064 38B1     		cbz	r0, .L10
 124              	.L7:
  92:Serial.c      ****         {
 125              		.loc 1 92 0 discriminator 2
 126 0066 0134     		adds	r4, r4, #1
 127              	.LVL17:
 128 0068 E4B2     		uxtb	r4, r4
 129              	.LVL18:
 130 006a 00E0     		b	.L6
 131              	.LVL19:
 132              	.L9:
 133              	.LBE4:
 134 006c 0024     		movs	r4, #0
 135              	.LVL20:
 136              	.L6:
 137              	.LBB5:
  92:Serial.c      ****         {
 138              		.loc 1 92 0 is_stmt 0 discriminator 1
 139 006e 022C     		cmp	r4, #2
 140 0070 EBD9     		bls	.L8
 141              	.LBE5:
 102:Serial.c      ****     }
 142              		.loc 1 102 0 is_stmt 1
 143 0072 0120     		movs	r0, #1
 144              	.LBB6:
 145 0074 10BD     		pop	{r4, pc}
 146              	.LVL21:
 147              	.L10:
  98:Serial.c      ****                 }
 148              		.loc 1 98 0
 149 0076 0120     		movs	r0, #1
 150              	.LBE6:
 105:Serial.c      **** }
 151              		.loc 1 105 0
 152 0078 10BD     		pop	{r4, pc}
 153              	.LVL22:
 154              	.L13:
 155 007a 00BF     		.align	2
 156              	.L12:
 157 007c 00000000 		.word	SerMsg
 158 0080 00000000 		.word	msgs
 159 0084 00000000 		.word	.LC0
 160 0088 00000000 		.word	.LANCHOR0
 161              		.cfi_endproc
 162              	.LFE65:
 163              		.size	SerMsgParse, .-SerMsgParse
 164              		.section	.text.Serial_Rx,"ax",%progbits
 165              		.align	2
 166              		.global	Serial_Rx
 167              		.thumb
 168              		.thumb_func
 169              		.type	Serial_Rx, %function
 170              	Serial_Rx:
 171              	.LFB64:
ARM GAS  C:\Users\Dan\AppData\Local\Temp\ccPp4OrE.s 			page 6


  26:Serial.c      ****     static uint8 MsgCounter = 0;
 172              		.loc 1 26 0
 173              		.cfi_startproc
 174              		@ args = 0, pretend = 0, frame = 0
 175              		@ frame_needed = 0, uses_anonymous_args = 0
 176 0000 08B5     		push	{r3, lr}
 177              		.cfi_def_cfa_offset 8
 178              		.cfi_offset 3, -8
 179              		.cfi_offset 14, -4
  30:Serial.c      ****     {
 180              		.loc 1 30 0
 181 0002 FFF7FEFF 		bl	UART_GetRxBufferSize
 182              	.LVL23:
 183 0006 0028     		cmp	r0, #0
 184 0008 31D0     		beq	.L14
  32:Serial.c      ****         // use the MsgCounter to manage the message reception / a non-zero MsgCounter means that we
 185              		.loc 1 32 0
 186 000a FFF7FEFF 		bl	UART_ReadRxData
 187              	.LVL24:
  34:Serial.c      ****         {
 188              		.loc 1 34 0
 189 000e 184B     		ldr	r3, .L22
 190 0010 1B78     		ldrb	r3, [r3]	@ zero_extendqisi2
 191 0012 2BB9     		cbnz	r3, .L16
  36:Serial.c      ****             {
 192              		.loc 1 36 0
 193 0014 E128     		cmp	r0, #225
 194 0016 2AD1     		bne	.L14
  38:Serial.c      ****             }
 195              		.loc 1 38 0
 196 0018 0122     		movs	r2, #1
 197 001a 154B     		ldr	r3, .L22
 198 001c 1A70     		strb	r2, [r3]
 199 001e 08BD     		pop	{r3, pc}
 200              	.L16:
  41:Serial.c      ****         {
 201              		.loc 1 41 0
 202 0020 012B     		cmp	r3, #1
 203 0022 0DD1     		bne	.L17
  43:Serial.c      ****             if(MsgCnt >= SERIAL_MSG_LEN)
 204              		.loc 1 43 0
 205 0024 124A     		ldr	r2, .L22
 206 0026 5070     		strb	r0, [r2, #1]
  44:Serial.c      ****             {   
 207              		.loc 1 44 0
 208 0028 1F28     		cmp	r0, #31
 209 002a 03D9     		bls	.L18
  47:Serial.c      ****             } 
 210              		.loc 1 47 0
 211 002c 0022     		movs	r2, #0
 212 002e 104B     		ldr	r3, .L22
 213 0030 1A70     		strb	r2, [r3]
 214 0032 08BD     		pop	{r3, pc}
 215              	.L18:
  51:Serial.c      ****             }
 216              		.loc 1 51 0
 217 0034 591C     		adds	r1, r3, #1
ARM GAS  C:\Users\Dan\AppData\Local\Temp\ccPp4OrE.s 			page 7


 218 0036 0E4A     		ldr	r2, .L22
 219 0038 1170     		strb	r1, [r2]
 220 003a 0E4A     		ldr	r2, .L22+4
 221 003c D054     		strb	r0, [r2, r3]
 222 003e 08BD     		pop	{r3, pc}
 223              	.L17:
  54:Serial.c      ****         {
 224              		.loc 1 54 0
 225 0040 0B4A     		ldr	r2, .L22
 226 0042 5278     		ldrb	r2, [r2, #1]	@ zero_extendqisi2
 227 0044 9342     		cmp	r3, r2
 228 0046 05D2     		bcs	.L19
  56:Serial.c      ****         }
 229              		.loc 1 56 0
 230 0048 591C     		adds	r1, r3, #1
 231 004a 094A     		ldr	r2, .L22
 232 004c 1170     		strb	r1, [r2]
 233 004e 094A     		ldr	r2, .L22+4
 234 0050 D054     		strb	r0, [r2, r3]
 235 0052 08BD     		pop	{r3, pc}
 236              	.L19:
  58:Serial.c      ****         {
 237              		.loc 1 58 0
 238 0054 9342     		cmp	r3, r2
 239 0056 07D1     		bne	.L20
  60:Serial.c      ****             if(SerMsgParse() == false)  // Parse the message
 240              		.loc 1 60 0
 241 0058 064A     		ldr	r2, .L22+4
 242 005a D054     		strb	r0, [r2, r3]
  61:Serial.c      ****             {
 243              		.loc 1 61 0
 244 005c FFF7FEFF 		bl	SerMsgParse
 245              	.LVL25:
  64:Serial.c      ****         }
 246              		.loc 1 64 0
 247 0060 0022     		movs	r2, #0
 248 0062 034B     		ldr	r3, .L22
 249 0064 1A70     		strb	r2, [r3]
 250 0066 08BD     		pop	{r3, pc}
 251              	.LVL26:
 252              	.L20:
  68:Serial.c      ****         }
 253              		.loc 1 68 0
 254 0068 0022     		movs	r2, #0
 255 006a 014B     		ldr	r3, .L22
 256 006c 1A70     		strb	r2, [r3]
 257              	.LVL27:
 258              	.L14:
 259 006e 08BD     		pop	{r3, pc}
 260              	.L23:
 261              		.align	2
 262              	.L22:
 263 0070 00000000 		.word	.LANCHOR1
 264 0074 00000000 		.word	SerMsg
 265              		.cfi_endproc
 266              	.LFE64:
 267              		.size	Serial_Rx, .-Serial_Rx
ARM GAS  C:\Users\Dan\AppData\Local\Temp\ccPp4OrE.s 			page 8


 268              		.section	.text.SerialStartup,"ax",%progbits
 269              		.align	2
 270              		.global	SerialStartup
 271              		.thumb
 272              		.thumb_func
 273              		.type	SerialStartup, %function
 274              	SerialStartup:
 275              	.LFB66:
 106:Serial.c      **** 
 107:Serial.c      **** 
 108:Serial.c      **** void SerialStartup(void)
 109:Serial.c      **** {
 276              		.loc 1 109 0
 277              		.cfi_startproc
 278              		@ args = 0, pretend = 0, frame = 0
 279              		@ frame_needed = 0, uses_anonymous_args = 0
 280              		@ link register save eliminated.
 281 0000 7047     		bx	lr
 282              		.cfi_endproc
 283              	.LFE66:
 284              		.size	SerialStartup, .-SerialStartup
 285 0002 00BF     		.section	.text.SerResponseMsg,"ax",%progbits
 286              		.align	2
 287              		.global	SerResponseMsg
 288              		.thumb
 289              		.thumb_func
 290              		.type	SerResponseMsg, %function
 291              	SerResponseMsg:
 292              	.LFB67:
 110:Serial.c      ****  //   SER_PutStr((uint8 *)"\rSerial Is Working!\r");
 111:Serial.c      **** }
 112:Serial.c      **** 
 113:Serial.c      **** 
 114:Serial.c      **** void SerResponseMsg(uint8 cnt, uint8 *msg)
 115:Serial.c      **** {
 293              		.loc 1 115 0
 294              		.cfi_startproc
 295              		@ args = 0, pretend = 0, frame = 0
 296              		@ frame_needed = 0, uses_anonymous_args = 0
 297              	.LVL28:
 298              		.loc 1 115 0
 299 0000 F8B5     		push	{r3, r4, r5, r6, r7, lr}
 300              		.cfi_def_cfa_offset 24
 301              		.cfi_offset 3, -24
 302              		.cfi_offset 4, -20
 303              		.cfi_offset 5, -16
 304              		.cfi_offset 6, -12
 305              		.cfi_offset 7, -8
 306              		.cfi_offset 14, -4
 307 0002 0646     		mov	r6, r0
 308 0004 0F46     		mov	r7, r1
 309              	.LVL29:
 116:Serial.c      ****     uint8 checksum = 0;
 117:Serial.c      ****     // assemble the return message
 118:Serial.c      ****     SER_PutChar(MSG_RESP_CMD);
 310              		.loc 1 118 0
 311 0006 E220     		movs	r0, #226
ARM GAS  C:\Users\Dan\AppData\Local\Temp\ccPp4OrE.s 			page 9


 312              	.LVL30:
 313 0008 FFF7FEFF 		bl	UART_WriteTxData
 314              	.LVL31:
 119:Serial.c      ****     checksum = cnt + SER_MSG_OVERHEAD;
 120:Serial.c      ****     SER_PutChar(cnt + SER_MSG_OVERHEAD);
 315              		.loc 1 120 0
 316 000c F01C     		adds	r0, r6, #3
 317 000e C0B2     		uxtb	r0, r0
 318 0010 FFF7FEFF 		bl	UART_WriteTxData
 319              	.LVL32:
 121:Serial.c      ****     checksum += MY_SLAVE_ADDR;
 320              		.loc 1 121 0
 321 0014 B51D     		adds	r5, r6, #6
 322 0016 EDB2     		uxtb	r5, r5
 323              	.LVL33:
 122:Serial.c      ****     SER_PutChar(MY_SLAVE_ADDR);
 324              		.loc 1 122 0
 325 0018 0320     		movs	r0, #3
 326 001a FFF7FEFF 		bl	UART_WriteTxData
 327              	.LVL34:
 328              	.LBB7:
 123:Serial.c      ****     for(uint8 i = 0; i < cnt; i++)
 329              		.loc 1 123 0
 330 001e 0024     		movs	r4, #0
 331 0020 06E0     		b	.L26
 332              	.LVL35:
 333              	.L27:
 124:Serial.c      ****     {
 125:Serial.c      ****         checksum += msg[i];     // send the data
 334              		.loc 1 125 0 discriminator 3
 335 0022 385D     		ldrb	r0, [r7, r4]	@ zero_extendqisi2
 336 0024 0544     		add	r5, r5, r0
 337              	.LVL36:
 338 0026 EDB2     		uxtb	r5, r5
 339              	.LVL37:
 126:Serial.c      ****         SER_PutChar(msg[i]);
 340              		.loc 1 126 0 discriminator 3
 341 0028 FFF7FEFF 		bl	UART_WriteTxData
 342              	.LVL38:
 123:Serial.c      ****     for(uint8 i = 0; i < cnt; i++)
 343              		.loc 1 123 0 discriminator 3
 344 002c 0134     		adds	r4, r4, #1
 345              	.LVL39:
 346 002e E4B2     		uxtb	r4, r4
 347              	.LVL40:
 348              	.L26:
 123:Serial.c      ****     for(uint8 i = 0; i < cnt; i++)
 349              		.loc 1 123 0 is_stmt 0 discriminator 1
 350 0030 B442     		cmp	r4, r6
 351 0032 F6D3     		bcc	.L27
 352              	.LBE7:
 127:Serial.c      ****     }
 128:Serial.c      ****     SER_PutChar(~(checksum));   // followed by the checksum.
 353              		.loc 1 128 0 is_stmt 1
 354 0034 E843     		mvns	r0, r5
 355 0036 C0B2     		uxtb	r0, r0
 356 0038 FFF7FEFF 		bl	UART_WriteTxData
ARM GAS  C:\Users\Dan\AppData\Local\Temp\ccPp4OrE.s 			page 10


 357              	.LVL41:
 358 003c F8BD     		pop	{r3, r4, r5, r6, r7, pc}
 359              		.cfi_endproc
 360              	.LFE67:
 361              		.size	SerResponseMsg, .-SerResponseMsg
 362              		.comm	SerMsg,32,4
 363              		.comm	msgs,50,4
 364              		.global	SerCmdParseTable
 365 003e 00BF     		.section	.rodata
 366              		.align	2
 367              		.set	.LANCHOR0,. + 0
 368              		.type	SerCmdParseTable, %object
 369              		.size	SerCmdParseTable, 24
 370              	SerCmdParseTable:
 371 0000 01       		.byte	1
 372 0001 000000   		.space	3
 373 0004 00000000 		.word	CmdFunctionName1
 374 0008 02       		.byte	2
 375 0009 000000   		.space	3
 376 000c 00000000 		.word	CmdFunctionName2
 377 0010 03       		.byte	3
 378 0011 000000   		.space	3
 379 0014 00000000 		.word	MPG_StatusCmd
 380              		.section	.rodata.str1.4,"aMS",%progbits,1
 381              		.align	2
 382              	.LC0:
 383 0000 42616420 		.ascii	"Bad CheckSum = %X Should Be %X\015\000"
 383      43686563 
 383      6B53756D 
 383      203D2025 
 383      58205368 
 384              		.bss
 385              		.set	.LANCHOR1,. + 0
 386              		.type	MsgCounter.7674, %object
 387              		.size	MsgCounter.7674, 1
 388              	MsgCounter.7674:
 389 0000 00       		.space	1
 390              		.type	MsgCnt.7675, %object
 391              		.size	MsgCnt.7675, 1
 392              	MsgCnt.7675:
 393 0001 00       		.space	1
 394              		.text
 395              	.Letext0:
 396              		.file 2 "c:\\program files (x86)\\cypress\\psoc creator\\4.2\\psoc creator\\import\\gnu\\arm\\5.4.
 397              		.file 3 "c:\\program files (x86)\\cypress\\psoc creator\\4.2\\psoc creator\\import\\gnu\\arm\\5.4.
 398              		.file 4 "Generated_Source\\PSoC5/cytypes.h"
 399              		.file 5 "Generated_Source\\PSoC5/core_cm3.h"
 400              		.file 6 "SerMessages.h"
 401              		.file 7 "c:\\program files (x86)\\cypress\\psoc creator\\4.2\\psoc creator\\import\\gnu\\arm\\5.4.
 402              		.file 8 "U_HW.h"
 403              		.file 9 "Generated_Source\\PSoC5/UART.h"
 404              		.section	.debug_info,"",%progbits
 405              	.Ldebug_info0:
 406 0000 81030000 		.4byte	0x381
 407 0004 0400     		.2byte	0x4
 408 0006 00000000 		.4byte	.Ldebug_abbrev0
 409 000a 04       		.byte	0x4
ARM GAS  C:\Users\Dan\AppData\Local\Temp\ccPp4OrE.s 			page 11


 410 000b 01       		.uleb128 0x1
 411 000c 96000000 		.4byte	.LASF34
 412 0010 0C       		.byte	0xc
 413 0011 70010000 		.4byte	.LASF35
 414 0015 34000000 		.4byte	.LASF36
 415 0019 38000000 		.4byte	.Ldebug_ranges0+0x38
 416 001d 00000000 		.4byte	0
 417 0021 00000000 		.4byte	.Ldebug_line0
 418 0025 02       		.uleb128 0x2
 419 0026 01       		.byte	0x1
 420 0027 06       		.byte	0x6
 421 0028 50020000 		.4byte	.LASF0
 422 002c 02       		.uleb128 0x2
 423 002d 01       		.byte	0x1
 424 002e 08       		.byte	0x8
 425 002f 88000000 		.4byte	.LASF1
 426 0033 02       		.uleb128 0x2
 427 0034 02       		.byte	0x2
 428 0035 05       		.byte	0x5
 429 0036 16020000 		.4byte	.LASF2
 430 003a 02       		.uleb128 0x2
 431 003b 02       		.byte	0x2
 432 003c 07       		.byte	0x7
 433 003d 36010000 		.4byte	.LASF3
 434 0041 03       		.uleb128 0x3
 435 0042 1F000000 		.4byte	.LASF9
 436 0046 02       		.byte	0x2
 437 0047 3F       		.byte	0x3f
 438 0048 4C000000 		.4byte	0x4c
 439 004c 02       		.uleb128 0x2
 440 004d 04       		.byte	0x4
 441 004e 05       		.byte	0x5
 442 004f 3B020000 		.4byte	.LASF4
 443 0053 02       		.uleb128 0x2
 444 0054 04       		.byte	0x4
 445 0055 07       		.byte	0x7
 446 0056 24010000 		.4byte	.LASF5
 447 005a 02       		.uleb128 0x2
 448 005b 08       		.byte	0x8
 449 005c 05       		.byte	0x5
 450 005d 00000000 		.4byte	.LASF6
 451 0061 02       		.uleb128 0x2
 452 0062 08       		.byte	0x8
 453 0063 07       		.byte	0x7
 454 0064 8B010000 		.4byte	.LASF7
 455 0068 04       		.uleb128 0x4
 456 0069 04       		.byte	0x4
 457 006a 05       		.byte	0x5
 458 006b 696E7400 		.ascii	"int\000"
 459 006f 02       		.uleb128 0x2
 460 0070 04       		.byte	0x4
 461 0071 07       		.byte	0x7
 462 0072 79010000 		.4byte	.LASF8
 463 0076 03       		.uleb128 0x3
 464 0077 C1010000 		.4byte	.LASF10
 465 007b 03       		.byte	0x3
 466 007c 2C       		.byte	0x2c
ARM GAS  C:\Users\Dan\AppData\Local\Temp\ccPp4OrE.s 			page 12


 467 007d 41000000 		.4byte	0x41
 468 0081 05       		.uleb128 0x5
 469 0082 20020000 		.4byte	.LASF11
 470 0086 04       		.byte	0x4
 471 0087 E401     		.2byte	0x1e4
 472 0089 2C000000 		.4byte	0x2c
 473 008d 02       		.uleb128 0x2
 474 008e 04       		.byte	0x4
 475 008f 04       		.byte	0x4
 476 0090 79000000 		.4byte	.LASF12
 477 0094 02       		.uleb128 0x2
 478 0095 08       		.byte	0x8
 479 0096 04       		.byte	0x4
 480 0097 56010000 		.4byte	.LASF13
 481 009b 02       		.uleb128 0x2
 482 009c 01       		.byte	0x1
 483 009d 08       		.byte	0x8
 484 009e F6010000 		.4byte	.LASF14
 485 00a2 02       		.uleb128 0x2
 486 00a3 08       		.byte	0x8
 487 00a4 04       		.byte	0x4
 488 00a5 44020000 		.4byte	.LASF15
 489 00a9 02       		.uleb128 0x2
 490 00aa 04       		.byte	0x4
 491 00ab 07       		.byte	0x7
 492 00ac DE010000 		.4byte	.LASF16
 493 00b0 06       		.uleb128 0x6
 494 00b1 6E000000 		.4byte	.LASF37
 495 00b5 08       		.byte	0x8
 496 00b6 06       		.byte	0x6
 497 00b7 17       		.byte	0x17
 498 00b8 D5000000 		.4byte	0xd5
 499 00bc 07       		.uleb128 0x7
 500 00bd 436D6400 		.ascii	"Cmd\000"
 501 00c1 06       		.byte	0x6
 502 00c2 19       		.byte	0x19
 503 00c3 D5000000 		.4byte	0xd5
 504 00c7 00       		.byte	0
 505 00c8 08       		.uleb128 0x8
 506 00c9 5D010000 		.4byte	.LASF17
 507 00cd 06       		.byte	0x6
 508 00ce 1A       		.byte	0x1a
 509 00cf EF000000 		.4byte	0xef
 510 00d3 04       		.byte	0x4
 511 00d4 00       		.byte	0
 512 00d5 09       		.uleb128 0x9
 513 00d6 2C000000 		.4byte	0x2c
 514 00da 0A       		.uleb128 0xa
 515 00db 68000000 		.4byte	0x68
 516 00df E9000000 		.4byte	0xe9
 517 00e3 0B       		.uleb128 0xb
 518 00e4 E9000000 		.4byte	0xe9
 519 00e8 00       		.byte	0
 520 00e9 0C       		.uleb128 0xc
 521 00ea 04       		.byte	0x4
 522 00eb 81000000 		.4byte	0x81
 523 00ef 0C       		.uleb128 0xc
ARM GAS  C:\Users\Dan\AppData\Local\Temp\ccPp4OrE.s 			page 13


 524 00f0 04       		.byte	0x4
 525 00f1 DA000000 		.4byte	0xda
 526 00f5 0D       		.uleb128 0xd
 527 00f6 69020000 		.4byte	.LASF38
 528 00fa 01       		.byte	0x1
 529 00fb 49       		.byte	0x49
 530 00fc A3010000 		.4byte	0x1a3
 531 0100 00000000 		.4byte	.LFB65
 532 0104 8C000000 		.4byte	.LFE65-.LFB65
 533 0108 01       		.uleb128 0x1
 534 0109 9C       		.byte	0x9c
 535 010a A3010000 		.4byte	0x1a3
 536 010e 0E       		.uleb128 0xe
 537 010f 7F000000 		.4byte	.LASF18
 538 0113 01       		.byte	0x1
 539 0114 4B       		.byte	0x4b
 540 0115 81000000 		.4byte	0x81
 541 0119 00000000 		.4byte	.LLST0
 542 011d 0E       		.uleb128 0xe
 543 011e 5C020000 		.4byte	.LASF19
 544 0122 01       		.byte	0x1
 545 0123 4C       		.byte	0x4c
 546 0124 81000000 		.4byte	0x81
 547 0128 4B000000 		.4byte	.LLST1
 548 012c 0F       		.uleb128 0xf
 549 012d 00000000 		.4byte	.Ldebug_ranges0+0
 550 0131 43010000 		.4byte	0x143
 551 0135 10       		.uleb128 0x10
 552 0136 6900     		.ascii	"i\000"
 553 0138 01       		.byte	0x1
 554 0139 4E       		.byte	0x4e
 555 013a 81000000 		.4byte	0x81
 556 013e 92000000 		.4byte	.LLST2
 557 0142 00       		.byte	0
 558 0143 0F       		.uleb128 0xf
 559 0144 18000000 		.4byte	.Ldebug_ranges0+0x18
 560 0148 75010000 		.4byte	0x175
 561 014c 10       		.uleb128 0x10
 562 014d 6900     		.ascii	"i\000"
 563 014f 01       		.byte	0x1
 564 0150 5C       		.byte	0x5c
 565 0151 81000000 		.4byte	0x81
 566 0155 BC000000 		.4byte	.LLST3
 567 0159 11       		.uleb128 0x11
 568 015a 64000000 		.4byte	.LVL16
 569 015e 0B       		.uleb128 0xb
 570 015f 74       		.byte	0x74
 571 0160 00       		.sleb128 0
 572 0161 33       		.byte	0x33
 573 0162 24       		.byte	0x24
 574 0163 03       		.byte	0x3
 575 0164 04000000 		.4byte	.LANCHOR0+4
 576 0168 22       		.byte	0x22
 577 0169 06       		.byte	0x6
 578 016a 12       		.uleb128 0x12
 579 016b 01       		.uleb128 0x1
 580 016c 50       		.byte	0x50
ARM GAS  C:\Users\Dan\AppData\Local\Temp\ccPp4OrE.s 			page 14


 581 016d 05       		.uleb128 0x5
 582 016e 03       		.byte	0x3
 583 016f 00000000 		.4byte	SerMsg
 584 0173 00       		.byte	0
 585 0174 00       		.byte	0
 586 0175 13       		.uleb128 0x13
 587 0176 34000000 		.4byte	.LVL11
 588 017a 4D030000 		.4byte	0x34d
 589 017e 92010000 		.4byte	0x192
 590 0182 12       		.uleb128 0x12
 591 0183 01       		.uleb128 0x1
 592 0184 50       		.byte	0x50
 593 0185 02       		.uleb128 0x2
 594 0186 74       		.byte	0x74
 595 0187 00       		.sleb128 0
 596 0188 12       		.uleb128 0x12
 597 0189 01       		.uleb128 0x1
 598 018a 51       		.byte	0x51
 599 018b 05       		.uleb128 0x5
 600 018c 03       		.byte	0x3
 601 018d 00000000 		.4byte	.LC0
 602 0191 00       		.byte	0
 603 0192 14       		.uleb128 0x14
 604 0193 3A000000 		.4byte	.LVL12
 605 0197 58030000 		.4byte	0x358
 606 019b 12       		.uleb128 0x12
 607 019c 01       		.uleb128 0x1
 608 019d 50       		.byte	0x50
 609 019e 02       		.uleb128 0x2
 610 019f 74       		.byte	0x74
 611 01a0 00       		.sleb128 0
 612 01a1 00       		.byte	0
 613 01a2 00       		.byte	0
 614 01a3 02       		.uleb128 0x2
 615 01a4 01       		.byte	0x1
 616 01a5 02       		.byte	0x2
 617 01a6 63020000 		.4byte	.LASF20
 618 01aa 15       		.uleb128 0x15
 619 01ab 0C020000 		.4byte	.LASF23
 620 01af 01       		.byte	0x1
 621 01b0 19       		.byte	0x19
 622 01b1 00000000 		.4byte	.LFB64
 623 01b5 78000000 		.4byte	.LFE64-.LFB64
 624 01b9 01       		.uleb128 0x1
 625 01ba 9C       		.byte	0x9c
 626 01bb 0B020000 		.4byte	0x20b
 627 01bf 16       		.uleb128 0x16
 628 01c0 29000000 		.4byte	.LASF21
 629 01c4 01       		.byte	0x1
 630 01c5 1B       		.byte	0x1b
 631 01c6 81000000 		.4byte	0x81
 632 01ca 05       		.uleb128 0x5
 633 01cb 03       		.byte	0x3
 634 01cc 00000000 		.4byte	MsgCounter.7674
 635 01d0 16       		.uleb128 0x16
 636 01d1 A2010000 		.4byte	.LASF22
 637 01d5 01       		.byte	0x1
ARM GAS  C:\Users\Dan\AppData\Local\Temp\ccPp4OrE.s 			page 15


 638 01d6 1C       		.byte	0x1c
 639 01d7 81000000 		.4byte	0x81
 640 01db 05       		.uleb128 0x5
 641 01dc 03       		.byte	0x3
 642 01dd 01000000 		.4byte	MsgCnt.7675
 643 01e1 10       		.uleb128 0x10
 644 01e2 726300   		.ascii	"rc\000"
 645 01e5 01       		.byte	0x1
 646 01e6 1D       		.byte	0x1d
 647 01e7 81000000 		.4byte	0x81
 648 01eb E5000000 		.4byte	.LLST4
 649 01ef 17       		.uleb128 0x17
 650 01f0 06000000 		.4byte	.LVL23
 651 01f4 63030000 		.4byte	0x363
 652 01f8 17       		.uleb128 0x17
 653 01f9 0E000000 		.4byte	.LVL24
 654 01fd 6E030000 		.4byte	0x36e
 655 0201 17       		.uleb128 0x17
 656 0202 60000000 		.4byte	.LVL25
 657 0206 F5000000 		.4byte	0xf5
 658 020a 00       		.byte	0
 659 020b 18       		.uleb128 0x18
 660 020c C9010000 		.4byte	.LASF39
 661 0210 01       		.byte	0x1
 662 0211 6C       		.byte	0x6c
 663 0212 00000000 		.4byte	.LFB66
 664 0216 02000000 		.4byte	.LFE66-.LFB66
 665 021a 01       		.uleb128 0x1
 666 021b 9C       		.byte	0x9c
 667 021c 15       		.uleb128 0x15
 668 021d E7010000 		.4byte	.LASF24
 669 0221 01       		.byte	0x1
 670 0222 72       		.byte	0x72
 671 0223 00000000 		.4byte	.LFB67
 672 0227 3E000000 		.4byte	.LFE67-.LFB67
 673 022b 01       		.uleb128 0x1
 674 022c 9C       		.byte	0x9c
 675 022d CF020000 		.4byte	0x2cf
 676 0231 19       		.uleb128 0x19
 677 0232 636E7400 		.ascii	"cnt\000"
 678 0236 01       		.byte	0x1
 679 0237 72       		.byte	0x72
 680 0238 81000000 		.4byte	0x81
 681 023c 03010000 		.4byte	.LLST5
 682 0240 19       		.uleb128 0x19
 683 0241 6D736700 		.ascii	"msg\000"
 684 0245 01       		.byte	0x1
 685 0246 72       		.byte	0x72
 686 0247 E9000000 		.4byte	0xe9
 687 024b 24010000 		.4byte	.LLST6
 688 024f 0E       		.uleb128 0xe
 689 0250 7F000000 		.4byte	.LASF18
 690 0254 01       		.byte	0x1
 691 0255 74       		.byte	0x74
 692 0256 81000000 		.4byte	0x81
 693 025a 42010000 		.4byte	.LLST7
 694 025e 1A       		.uleb128 0x1a
ARM GAS  C:\Users\Dan\AppData\Local\Temp\ccPp4OrE.s 			page 16


 695 025f 1E000000 		.4byte	.LBB7
 696 0263 16000000 		.4byte	.LBE7-.LBB7
 697 0267 82020000 		.4byte	0x282
 698 026b 10       		.uleb128 0x10
 699 026c 6900     		.ascii	"i\000"
 700 026e 01       		.byte	0x1
 701 026f 7B       		.byte	0x7b
 702 0270 81000000 		.4byte	0x81
 703 0274 79010000 		.4byte	.LLST8
 704 0278 17       		.uleb128 0x17
 705 0279 2C000000 		.4byte	.LVL38
 706 027d 79030000 		.4byte	0x379
 707 0281 00       		.byte	0
 708 0282 13       		.uleb128 0x13
 709 0283 0C000000 		.4byte	.LVL31
 710 0287 79030000 		.4byte	0x379
 711 028b 96020000 		.4byte	0x296
 712 028f 12       		.uleb128 0x12
 713 0290 01       		.uleb128 0x1
 714 0291 50       		.byte	0x50
 715 0292 02       		.uleb128 0x2
 716 0293 09       		.byte	0x9
 717 0294 E2       		.byte	0xe2
 718 0295 00       		.byte	0
 719 0296 13       		.uleb128 0x13
 720 0297 14000000 		.4byte	.LVL32
 721 029b 79030000 		.4byte	0x379
 722 029f AA020000 		.4byte	0x2aa
 723 02a3 12       		.uleb128 0x12
 724 02a4 01       		.uleb128 0x1
 725 02a5 50       		.byte	0x50
 726 02a6 02       		.uleb128 0x2
 727 02a7 76       		.byte	0x76
 728 02a8 03       		.sleb128 3
 729 02a9 00       		.byte	0
 730 02aa 13       		.uleb128 0x13
 731 02ab 1E000000 		.4byte	.LVL34
 732 02af 79030000 		.4byte	0x379
 733 02b3 BD020000 		.4byte	0x2bd
 734 02b7 12       		.uleb128 0x12
 735 02b8 01       		.uleb128 0x1
 736 02b9 50       		.byte	0x50
 737 02ba 01       		.uleb128 0x1
 738 02bb 33       		.byte	0x33
 739 02bc 00       		.byte	0
 740 02bd 14       		.uleb128 0x14
 741 02be 3C000000 		.4byte	.LVL41
 742 02c2 79030000 		.4byte	0x379
 743 02c6 12       		.uleb128 0x12
 744 02c7 01       		.uleb128 0x1
 745 02c8 50       		.byte	0x50
 746 02c9 03       		.uleb128 0x3
 747 02ca 75       		.byte	0x75
 748 02cb 00       		.sleb128 0
 749 02cc 20       		.byte	0x20
 750 02cd 00       		.byte	0
 751 02ce 00       		.byte	0
ARM GAS  C:\Users\Dan\AppData\Local\Temp\ccPp4OrE.s 			page 17


 752 02cf 1B       		.uleb128 0x1b
 753 02d0 49010000 		.4byte	.LASF25
 754 02d4 05       		.byte	0x5
 755 02d5 1207     		.2byte	0x712
 756 02d7 DB020000 		.4byte	0x2db
 757 02db 1C       		.uleb128 0x1c
 758 02dc 76000000 		.4byte	0x76
 759 02e0 1D       		.uleb128 0x1d
 760 02e1 F0020000 		.4byte	0x2f0
 761 02e5 F0020000 		.4byte	0x2f0
 762 02e9 1E       		.uleb128 0x1e
 763 02ea A9000000 		.4byte	0xa9
 764 02ee 02       		.byte	0x2
 765 02ef 00       		.byte	0
 766 02f0 09       		.uleb128 0x9
 767 02f1 B0000000 		.4byte	0xb0
 768 02f5 1F       		.uleb128 0x1f
 769 02f6 FB010000 		.4byte	.LASF26
 770 02fa 06       		.byte	0x6
 771 02fb 1D       		.byte	0x1d
 772 02fc 06030000 		.4byte	0x306
 773 0300 05       		.uleb128 0x5
 774 0301 03       		.byte	0x3
 775 0302 00000000 		.4byte	SerCmdParseTable
 776 0306 09       		.uleb128 0x9
 777 0307 E0020000 		.4byte	0x2e0
 778 030b 1D       		.uleb128 0x1d
 779 030c 9B000000 		.4byte	0x9b
 780 0310 1B030000 		.4byte	0x31b
 781 0314 1E       		.uleb128 0x1e
 782 0315 A9000000 		.4byte	0xa9
 783 0319 31       		.byte	0x31
 784 031a 00       		.byte	0
 785 031b 1F       		.uleb128 0x1f
 786 031c 86010000 		.4byte	.LASF27
 787 0320 01       		.byte	0x1
 788 0321 15       		.byte	0x15
 789 0322 0B030000 		.4byte	0x30b
 790 0326 05       		.uleb128 0x5
 791 0327 03       		.byte	0x3
 792 0328 00000000 		.4byte	msgs
 793 032c 1D       		.uleb128 0x1d
 794 032d 81000000 		.4byte	0x81
 795 0331 3C030000 		.4byte	0x33c
 796 0335 1E       		.uleb128 0x1e
 797 0336 A9000000 		.4byte	0xa9
 798 033a 1F       		.byte	0x1f
 799 033b 00       		.byte	0
 800 033c 1F       		.uleb128 0x1f
 801 033d D7010000 		.4byte	.LASF28
 802 0341 01       		.byte	0x1
 803 0342 17       		.byte	0x17
 804 0343 2C030000 		.4byte	0x32c
 805 0347 05       		.uleb128 0x5
 806 0348 03       		.byte	0x3
 807 0349 00000000 		.4byte	SerMsg
 808 034d 20       		.uleb128 0x20
ARM GAS  C:\Users\Dan\AppData\Local\Temp\ccPp4OrE.s 			page 18


 809 034e A9010000 		.4byte	.LASF29
 810 0352 A9010000 		.4byte	.LASF29
 811 0356 07       		.byte	0x7
 812 0357 E7       		.byte	0xe7
 813 0358 20       		.uleb128 0x20
 814 0359 62010000 		.4byte	.LASF30
 815 035d 62010000 		.4byte	.LASF30
 816 0361 08       		.byte	0x8
 817 0362 4A       		.byte	0x4a
 818 0363 20       		.uleb128 0x20
 819 0364 26020000 		.4byte	.LASF31
 820 0368 26020000 		.4byte	.LASF31
 821 036c 09       		.byte	0x9
 822 036d 73       		.byte	0x73
 823 036e 20       		.uleb128 0x20
 824 036f B1010000 		.4byte	.LASF32
 825 0373 B1010000 		.4byte	.LASF32
 826 0377 09       		.byte	0x9
 827 0378 6F       		.byte	0x6f
 828 0379 20       		.uleb128 0x20
 829 037a 0E000000 		.4byte	.LASF33
 830 037e 0E000000 		.4byte	.LASF33
 831 0382 09       		.byte	0x9
 832 0383 88       		.byte	0x88
 833 0384 00       		.byte	0
 834              		.section	.debug_abbrev,"",%progbits
 835              	.Ldebug_abbrev0:
 836 0000 01       		.uleb128 0x1
 837 0001 11       		.uleb128 0x11
 838 0002 01       		.byte	0x1
 839 0003 25       		.uleb128 0x25
 840 0004 0E       		.uleb128 0xe
 841 0005 13       		.uleb128 0x13
 842 0006 0B       		.uleb128 0xb
 843 0007 03       		.uleb128 0x3
 844 0008 0E       		.uleb128 0xe
 845 0009 1B       		.uleb128 0x1b
 846 000a 0E       		.uleb128 0xe
 847 000b 55       		.uleb128 0x55
 848 000c 17       		.uleb128 0x17
 849 000d 11       		.uleb128 0x11
 850 000e 01       		.uleb128 0x1
 851 000f 10       		.uleb128 0x10
 852 0010 17       		.uleb128 0x17
 853 0011 00       		.byte	0
 854 0012 00       		.byte	0
 855 0013 02       		.uleb128 0x2
 856 0014 24       		.uleb128 0x24
 857 0015 00       		.byte	0
 858 0016 0B       		.uleb128 0xb
 859 0017 0B       		.uleb128 0xb
 860 0018 3E       		.uleb128 0x3e
 861 0019 0B       		.uleb128 0xb
 862 001a 03       		.uleb128 0x3
 863 001b 0E       		.uleb128 0xe
 864 001c 00       		.byte	0
 865 001d 00       		.byte	0
ARM GAS  C:\Users\Dan\AppData\Local\Temp\ccPp4OrE.s 			page 19


 866 001e 03       		.uleb128 0x3
 867 001f 16       		.uleb128 0x16
 868 0020 00       		.byte	0
 869 0021 03       		.uleb128 0x3
 870 0022 0E       		.uleb128 0xe
 871 0023 3A       		.uleb128 0x3a
 872 0024 0B       		.uleb128 0xb
 873 0025 3B       		.uleb128 0x3b
 874 0026 0B       		.uleb128 0xb
 875 0027 49       		.uleb128 0x49
 876 0028 13       		.uleb128 0x13
 877 0029 00       		.byte	0
 878 002a 00       		.byte	0
 879 002b 04       		.uleb128 0x4
 880 002c 24       		.uleb128 0x24
 881 002d 00       		.byte	0
 882 002e 0B       		.uleb128 0xb
 883 002f 0B       		.uleb128 0xb
 884 0030 3E       		.uleb128 0x3e
 885 0031 0B       		.uleb128 0xb
 886 0032 03       		.uleb128 0x3
 887 0033 08       		.uleb128 0x8
 888 0034 00       		.byte	0
 889 0035 00       		.byte	0
 890 0036 05       		.uleb128 0x5
 891 0037 16       		.uleb128 0x16
 892 0038 00       		.byte	0
 893 0039 03       		.uleb128 0x3
 894 003a 0E       		.uleb128 0xe
 895 003b 3A       		.uleb128 0x3a
 896 003c 0B       		.uleb128 0xb
 897 003d 3B       		.uleb128 0x3b
 898 003e 05       		.uleb128 0x5
 899 003f 49       		.uleb128 0x49
 900 0040 13       		.uleb128 0x13
 901 0041 00       		.byte	0
 902 0042 00       		.byte	0
 903 0043 06       		.uleb128 0x6
 904 0044 13       		.uleb128 0x13
 905 0045 01       		.byte	0x1
 906 0046 03       		.uleb128 0x3
 907 0047 0E       		.uleb128 0xe
 908 0048 0B       		.uleb128 0xb
 909 0049 0B       		.uleb128 0xb
 910 004a 3A       		.uleb128 0x3a
 911 004b 0B       		.uleb128 0xb
 912 004c 3B       		.uleb128 0x3b
 913 004d 0B       		.uleb128 0xb
 914 004e 01       		.uleb128 0x1
 915 004f 13       		.uleb128 0x13
 916 0050 00       		.byte	0
 917 0051 00       		.byte	0
 918 0052 07       		.uleb128 0x7
 919 0053 0D       		.uleb128 0xd
 920 0054 00       		.byte	0
 921 0055 03       		.uleb128 0x3
 922 0056 08       		.uleb128 0x8
ARM GAS  C:\Users\Dan\AppData\Local\Temp\ccPp4OrE.s 			page 20


 923 0057 3A       		.uleb128 0x3a
 924 0058 0B       		.uleb128 0xb
 925 0059 3B       		.uleb128 0x3b
 926 005a 0B       		.uleb128 0xb
 927 005b 49       		.uleb128 0x49
 928 005c 13       		.uleb128 0x13
 929 005d 38       		.uleb128 0x38
 930 005e 0B       		.uleb128 0xb
 931 005f 00       		.byte	0
 932 0060 00       		.byte	0
 933 0061 08       		.uleb128 0x8
 934 0062 0D       		.uleb128 0xd
 935 0063 00       		.byte	0
 936 0064 03       		.uleb128 0x3
 937 0065 0E       		.uleb128 0xe
 938 0066 3A       		.uleb128 0x3a
 939 0067 0B       		.uleb128 0xb
 940 0068 3B       		.uleb128 0x3b
 941 0069 0B       		.uleb128 0xb
 942 006a 49       		.uleb128 0x49
 943 006b 13       		.uleb128 0x13
 944 006c 38       		.uleb128 0x38
 945 006d 0B       		.uleb128 0xb
 946 006e 00       		.byte	0
 947 006f 00       		.byte	0
 948 0070 09       		.uleb128 0x9
 949 0071 26       		.uleb128 0x26
 950 0072 00       		.byte	0
 951 0073 49       		.uleb128 0x49
 952 0074 13       		.uleb128 0x13
 953 0075 00       		.byte	0
 954 0076 00       		.byte	0
 955 0077 0A       		.uleb128 0xa
 956 0078 15       		.uleb128 0x15
 957 0079 01       		.byte	0x1
 958 007a 27       		.uleb128 0x27
 959 007b 19       		.uleb128 0x19
 960 007c 49       		.uleb128 0x49
 961 007d 13       		.uleb128 0x13
 962 007e 01       		.uleb128 0x1
 963 007f 13       		.uleb128 0x13
 964 0080 00       		.byte	0
 965 0081 00       		.byte	0
 966 0082 0B       		.uleb128 0xb
 967 0083 05       		.uleb128 0x5
 968 0084 00       		.byte	0
 969 0085 49       		.uleb128 0x49
 970 0086 13       		.uleb128 0x13
 971 0087 00       		.byte	0
 972 0088 00       		.byte	0
 973 0089 0C       		.uleb128 0xc
 974 008a 0F       		.uleb128 0xf
 975 008b 00       		.byte	0
 976 008c 0B       		.uleb128 0xb
 977 008d 0B       		.uleb128 0xb
 978 008e 49       		.uleb128 0x49
 979 008f 13       		.uleb128 0x13
ARM GAS  C:\Users\Dan\AppData\Local\Temp\ccPp4OrE.s 			page 21


 980 0090 00       		.byte	0
 981 0091 00       		.byte	0
 982 0092 0D       		.uleb128 0xd
 983 0093 2E       		.uleb128 0x2e
 984 0094 01       		.byte	0x1
 985 0095 3F       		.uleb128 0x3f
 986 0096 19       		.uleb128 0x19
 987 0097 03       		.uleb128 0x3
 988 0098 0E       		.uleb128 0xe
 989 0099 3A       		.uleb128 0x3a
 990 009a 0B       		.uleb128 0xb
 991 009b 3B       		.uleb128 0x3b
 992 009c 0B       		.uleb128 0xb
 993 009d 27       		.uleb128 0x27
 994 009e 19       		.uleb128 0x19
 995 009f 49       		.uleb128 0x49
 996 00a0 13       		.uleb128 0x13
 997 00a1 11       		.uleb128 0x11
 998 00a2 01       		.uleb128 0x1
 999 00a3 12       		.uleb128 0x12
 1000 00a4 06       		.uleb128 0x6
 1001 00a5 40       		.uleb128 0x40
 1002 00a6 18       		.uleb128 0x18
 1003 00a7 9742     		.uleb128 0x2117
 1004 00a9 19       		.uleb128 0x19
 1005 00aa 01       		.uleb128 0x1
 1006 00ab 13       		.uleb128 0x13
 1007 00ac 00       		.byte	0
 1008 00ad 00       		.byte	0
 1009 00ae 0E       		.uleb128 0xe
 1010 00af 34       		.uleb128 0x34
 1011 00b0 00       		.byte	0
 1012 00b1 03       		.uleb128 0x3
 1013 00b2 0E       		.uleb128 0xe
 1014 00b3 3A       		.uleb128 0x3a
 1015 00b4 0B       		.uleb128 0xb
 1016 00b5 3B       		.uleb128 0x3b
 1017 00b6 0B       		.uleb128 0xb
 1018 00b7 49       		.uleb128 0x49
 1019 00b8 13       		.uleb128 0x13
 1020 00b9 02       		.uleb128 0x2
 1021 00ba 17       		.uleb128 0x17
 1022 00bb 00       		.byte	0
 1023 00bc 00       		.byte	0
 1024 00bd 0F       		.uleb128 0xf
 1025 00be 0B       		.uleb128 0xb
 1026 00bf 01       		.byte	0x1
 1027 00c0 55       		.uleb128 0x55
 1028 00c1 17       		.uleb128 0x17
 1029 00c2 01       		.uleb128 0x1
 1030 00c3 13       		.uleb128 0x13
 1031 00c4 00       		.byte	0
 1032 00c5 00       		.byte	0
 1033 00c6 10       		.uleb128 0x10
 1034 00c7 34       		.uleb128 0x34
 1035 00c8 00       		.byte	0
 1036 00c9 03       		.uleb128 0x3
ARM GAS  C:\Users\Dan\AppData\Local\Temp\ccPp4OrE.s 			page 22


 1037 00ca 08       		.uleb128 0x8
 1038 00cb 3A       		.uleb128 0x3a
 1039 00cc 0B       		.uleb128 0xb
 1040 00cd 3B       		.uleb128 0x3b
 1041 00ce 0B       		.uleb128 0xb
 1042 00cf 49       		.uleb128 0x49
 1043 00d0 13       		.uleb128 0x13
 1044 00d1 02       		.uleb128 0x2
 1045 00d2 17       		.uleb128 0x17
 1046 00d3 00       		.byte	0
 1047 00d4 00       		.byte	0
 1048 00d5 11       		.uleb128 0x11
 1049 00d6 898201   		.uleb128 0x4109
 1050 00d9 01       		.byte	0x1
 1051 00da 11       		.uleb128 0x11
 1052 00db 01       		.uleb128 0x1
 1053 00dc 9342     		.uleb128 0x2113
 1054 00de 18       		.uleb128 0x18
 1055 00df 00       		.byte	0
 1056 00e0 00       		.byte	0
 1057 00e1 12       		.uleb128 0x12
 1058 00e2 8A8201   		.uleb128 0x410a
 1059 00e5 00       		.byte	0
 1060 00e6 02       		.uleb128 0x2
 1061 00e7 18       		.uleb128 0x18
 1062 00e8 9142     		.uleb128 0x2111
 1063 00ea 18       		.uleb128 0x18
 1064 00eb 00       		.byte	0
 1065 00ec 00       		.byte	0
 1066 00ed 13       		.uleb128 0x13
 1067 00ee 898201   		.uleb128 0x4109
 1068 00f1 01       		.byte	0x1
 1069 00f2 11       		.uleb128 0x11
 1070 00f3 01       		.uleb128 0x1
 1071 00f4 31       		.uleb128 0x31
 1072 00f5 13       		.uleb128 0x13
 1073 00f6 01       		.uleb128 0x1
 1074 00f7 13       		.uleb128 0x13
 1075 00f8 00       		.byte	0
 1076 00f9 00       		.byte	0
 1077 00fa 14       		.uleb128 0x14
 1078 00fb 898201   		.uleb128 0x4109
 1079 00fe 01       		.byte	0x1
 1080 00ff 11       		.uleb128 0x11
 1081 0100 01       		.uleb128 0x1
 1082 0101 31       		.uleb128 0x31
 1083 0102 13       		.uleb128 0x13
 1084 0103 00       		.byte	0
 1085 0104 00       		.byte	0
 1086 0105 15       		.uleb128 0x15
 1087 0106 2E       		.uleb128 0x2e
 1088 0107 01       		.byte	0x1
 1089 0108 3F       		.uleb128 0x3f
 1090 0109 19       		.uleb128 0x19
 1091 010a 03       		.uleb128 0x3
 1092 010b 0E       		.uleb128 0xe
 1093 010c 3A       		.uleb128 0x3a
ARM GAS  C:\Users\Dan\AppData\Local\Temp\ccPp4OrE.s 			page 23


 1094 010d 0B       		.uleb128 0xb
 1095 010e 3B       		.uleb128 0x3b
 1096 010f 0B       		.uleb128 0xb
 1097 0110 27       		.uleb128 0x27
 1098 0111 19       		.uleb128 0x19
 1099 0112 11       		.uleb128 0x11
 1100 0113 01       		.uleb128 0x1
 1101 0114 12       		.uleb128 0x12
 1102 0115 06       		.uleb128 0x6
 1103 0116 40       		.uleb128 0x40
 1104 0117 18       		.uleb128 0x18
 1105 0118 9742     		.uleb128 0x2117
 1106 011a 19       		.uleb128 0x19
 1107 011b 01       		.uleb128 0x1
 1108 011c 13       		.uleb128 0x13
 1109 011d 00       		.byte	0
 1110 011e 00       		.byte	0
 1111 011f 16       		.uleb128 0x16
 1112 0120 34       		.uleb128 0x34
 1113 0121 00       		.byte	0
 1114 0122 03       		.uleb128 0x3
 1115 0123 0E       		.uleb128 0xe
 1116 0124 3A       		.uleb128 0x3a
 1117 0125 0B       		.uleb128 0xb
 1118 0126 3B       		.uleb128 0x3b
 1119 0127 0B       		.uleb128 0xb
 1120 0128 49       		.uleb128 0x49
 1121 0129 13       		.uleb128 0x13
 1122 012a 02       		.uleb128 0x2
 1123 012b 18       		.uleb128 0x18
 1124 012c 00       		.byte	0
 1125 012d 00       		.byte	0
 1126 012e 17       		.uleb128 0x17
 1127 012f 898201   		.uleb128 0x4109
 1128 0132 00       		.byte	0
 1129 0133 11       		.uleb128 0x11
 1130 0134 01       		.uleb128 0x1
 1131 0135 31       		.uleb128 0x31
 1132 0136 13       		.uleb128 0x13
 1133 0137 00       		.byte	0
 1134 0138 00       		.byte	0
 1135 0139 18       		.uleb128 0x18
 1136 013a 2E       		.uleb128 0x2e
 1137 013b 00       		.byte	0
 1138 013c 3F       		.uleb128 0x3f
 1139 013d 19       		.uleb128 0x19
 1140 013e 03       		.uleb128 0x3
 1141 013f 0E       		.uleb128 0xe
 1142 0140 3A       		.uleb128 0x3a
 1143 0141 0B       		.uleb128 0xb
 1144 0142 3B       		.uleb128 0x3b
 1145 0143 0B       		.uleb128 0xb
 1146 0144 27       		.uleb128 0x27
 1147 0145 19       		.uleb128 0x19
 1148 0146 11       		.uleb128 0x11
 1149 0147 01       		.uleb128 0x1
 1150 0148 12       		.uleb128 0x12
ARM GAS  C:\Users\Dan\AppData\Local\Temp\ccPp4OrE.s 			page 24


 1151 0149 06       		.uleb128 0x6
 1152 014a 40       		.uleb128 0x40
 1153 014b 18       		.uleb128 0x18
 1154 014c 9742     		.uleb128 0x2117
 1155 014e 19       		.uleb128 0x19
 1156 014f 00       		.byte	0
 1157 0150 00       		.byte	0
 1158 0151 19       		.uleb128 0x19
 1159 0152 05       		.uleb128 0x5
 1160 0153 00       		.byte	0
 1161 0154 03       		.uleb128 0x3
 1162 0155 08       		.uleb128 0x8
 1163 0156 3A       		.uleb128 0x3a
 1164 0157 0B       		.uleb128 0xb
 1165 0158 3B       		.uleb128 0x3b
 1166 0159 0B       		.uleb128 0xb
 1167 015a 49       		.uleb128 0x49
 1168 015b 13       		.uleb128 0x13
 1169 015c 02       		.uleb128 0x2
 1170 015d 17       		.uleb128 0x17
 1171 015e 00       		.byte	0
 1172 015f 00       		.byte	0
 1173 0160 1A       		.uleb128 0x1a
 1174 0161 0B       		.uleb128 0xb
 1175 0162 01       		.byte	0x1
 1176 0163 11       		.uleb128 0x11
 1177 0164 01       		.uleb128 0x1
 1178 0165 12       		.uleb128 0x12
 1179 0166 06       		.uleb128 0x6
 1180 0167 01       		.uleb128 0x1
 1181 0168 13       		.uleb128 0x13
 1182 0169 00       		.byte	0
 1183 016a 00       		.byte	0
 1184 016b 1B       		.uleb128 0x1b
 1185 016c 34       		.uleb128 0x34
 1186 016d 00       		.byte	0
 1187 016e 03       		.uleb128 0x3
 1188 016f 0E       		.uleb128 0xe
 1189 0170 3A       		.uleb128 0x3a
 1190 0171 0B       		.uleb128 0xb
 1191 0172 3B       		.uleb128 0x3b
 1192 0173 05       		.uleb128 0x5
 1193 0174 49       		.uleb128 0x49
 1194 0175 13       		.uleb128 0x13
 1195 0176 3F       		.uleb128 0x3f
 1196 0177 19       		.uleb128 0x19
 1197 0178 3C       		.uleb128 0x3c
 1198 0179 19       		.uleb128 0x19
 1199 017a 00       		.byte	0
 1200 017b 00       		.byte	0
 1201 017c 1C       		.uleb128 0x1c
 1202 017d 35       		.uleb128 0x35
 1203 017e 00       		.byte	0
 1204 017f 49       		.uleb128 0x49
 1205 0180 13       		.uleb128 0x13
 1206 0181 00       		.byte	0
 1207 0182 00       		.byte	0
ARM GAS  C:\Users\Dan\AppData\Local\Temp\ccPp4OrE.s 			page 25


 1208 0183 1D       		.uleb128 0x1d
 1209 0184 01       		.uleb128 0x1
 1210 0185 01       		.byte	0x1
 1211 0186 49       		.uleb128 0x49
 1212 0187 13       		.uleb128 0x13
 1213 0188 01       		.uleb128 0x1
 1214 0189 13       		.uleb128 0x13
 1215 018a 00       		.byte	0
 1216 018b 00       		.byte	0
 1217 018c 1E       		.uleb128 0x1e
 1218 018d 21       		.uleb128 0x21
 1219 018e 00       		.byte	0
 1220 018f 49       		.uleb128 0x49
 1221 0190 13       		.uleb128 0x13
 1222 0191 2F       		.uleb128 0x2f
 1223 0192 0B       		.uleb128 0xb
 1224 0193 00       		.byte	0
 1225 0194 00       		.byte	0
 1226 0195 1F       		.uleb128 0x1f
 1227 0196 34       		.uleb128 0x34
 1228 0197 00       		.byte	0
 1229 0198 03       		.uleb128 0x3
 1230 0199 0E       		.uleb128 0xe
 1231 019a 3A       		.uleb128 0x3a
 1232 019b 0B       		.uleb128 0xb
 1233 019c 3B       		.uleb128 0x3b
 1234 019d 0B       		.uleb128 0xb
 1235 019e 49       		.uleb128 0x49
 1236 019f 13       		.uleb128 0x13
 1237 01a0 3F       		.uleb128 0x3f
 1238 01a1 19       		.uleb128 0x19
 1239 01a2 02       		.uleb128 0x2
 1240 01a3 18       		.uleb128 0x18
 1241 01a4 00       		.byte	0
 1242 01a5 00       		.byte	0
 1243 01a6 20       		.uleb128 0x20
 1244 01a7 2E       		.uleb128 0x2e
 1245 01a8 00       		.byte	0
 1246 01a9 3F       		.uleb128 0x3f
 1247 01aa 19       		.uleb128 0x19
 1248 01ab 3C       		.uleb128 0x3c
 1249 01ac 19       		.uleb128 0x19
 1250 01ad 6E       		.uleb128 0x6e
 1251 01ae 0E       		.uleb128 0xe
 1252 01af 03       		.uleb128 0x3
 1253 01b0 0E       		.uleb128 0xe
 1254 01b1 3A       		.uleb128 0x3a
 1255 01b2 0B       		.uleb128 0xb
 1256 01b3 3B       		.uleb128 0x3b
 1257 01b4 0B       		.uleb128 0xb
 1258 01b5 00       		.byte	0
 1259 01b6 00       		.byte	0
 1260 01b7 00       		.byte	0
 1261              		.section	.debug_loc,"",%progbits
 1262              	.Ldebug_loc0:
 1263              	.LLST0:
 1264 0000 02000000 		.4byte	.LVL0
ARM GAS  C:\Users\Dan\AppData\Local\Temp\ccPp4OrE.s 			page 26


 1265 0004 0C000000 		.4byte	.LVL2
 1266 0008 0200     		.2byte	0x2
 1267 000a 30       		.byte	0x30
 1268 000b 9F       		.byte	0x9f
 1269 000c 0C000000 		.4byte	.LVL2
 1270 0010 12000000 		.4byte	.LVL3
 1271 0014 0100     		.2byte	0x1
 1272 0016 52       		.byte	0x52
 1273 0017 14000000 		.4byte	.LVL4
 1274 001b 1E000000 		.4byte	.LVL7
 1275 001f 0100     		.2byte	0x1
 1276 0021 52       		.byte	0x52
 1277 0022 20000000 		.4byte	.LVL8
 1278 0026 33000000 		.4byte	.LVL11-1
 1279 002a 0100     		.2byte	0x1
 1280 002c 52       		.byte	0x52
 1281 002d 3E000000 		.4byte	.LVL13
 1282 0031 4A000000 		.4byte	.LVL15
 1283 0035 0100     		.2byte	0x1
 1284 0037 52       		.byte	0x52
 1285 0038 6C000000 		.4byte	.LVL19
 1286 003c 6E000000 		.4byte	.LVL20
 1287 0040 0100     		.2byte	0x1
 1288 0042 52       		.byte	0x52
 1289 0043 00000000 		.4byte	0
 1290 0047 00000000 		.4byte	0
 1291              	.LLST1:
 1292 004b 06000000 		.4byte	.LVL1
 1293 004f 30000000 		.4byte	.LVL10
 1294 0053 0100     		.2byte	0x1
 1295 0055 50       		.byte	0x50
 1296 0056 30000000 		.4byte	.LVL10
 1297 005a 33000000 		.4byte	.LVL11-1
 1298 005e 0500     		.2byte	0x5
 1299 0060 03       		.byte	0x3
 1300 0061 01000000 		.4byte	SerMsg+1
 1301 0065 3E000000 		.4byte	.LVL13
 1302 0069 48000000 		.4byte	.LVL14
 1303 006d 0100     		.2byte	0x1
 1304 006f 50       		.byte	0x50
 1305 0070 48000000 		.4byte	.LVL14
 1306 0074 4A000000 		.4byte	.LVL15
 1307 0078 0500     		.2byte	0x5
 1308 007a 03       		.byte	0x3
 1309 007b 01000000 		.4byte	SerMsg+1
 1310 007f 6C000000 		.4byte	.LVL19
 1311 0083 6E000000 		.4byte	.LVL20
 1312 0087 0100     		.2byte	0x1
 1313 0089 50       		.byte	0x50
 1314 008a 00000000 		.4byte	0
 1315 008e 00000000 		.4byte	0
 1316              	.LLST2:
 1317 0092 06000000 		.4byte	.LVL1
 1318 0096 0C000000 		.4byte	.LVL2
 1319 009a 0200     		.2byte	0x2
 1320 009c 31       		.byte	0x31
 1321 009d 9F       		.byte	0x9f
ARM GAS  C:\Users\Dan\AppData\Local\Temp\ccPp4OrE.s 			page 27


 1322 009e 0C000000 		.4byte	.LVL2
 1323 00a2 16000000 		.4byte	.LVL5
 1324 00a6 0100     		.2byte	0x1
 1325 00a8 53       		.byte	0x53
 1326 00a9 18000000 		.4byte	.LVL6
 1327 00ad 22000000 		.4byte	.LVL9
 1328 00b1 0100     		.2byte	0x1
 1329 00b3 53       		.byte	0x53
 1330 00b4 00000000 		.4byte	0
 1331 00b8 00000000 		.4byte	0
 1332              	.LLST3:
 1333 00bc 4A000000 		.4byte	.LVL15
 1334 00c0 68000000 		.4byte	.LVL17
 1335 00c4 0100     		.2byte	0x1
 1336 00c6 54       		.byte	0x54
 1337 00c7 6A000000 		.4byte	.LVL18
 1338 00cb 6C000000 		.4byte	.LVL19
 1339 00cf 0100     		.2byte	0x1
 1340 00d1 54       		.byte	0x54
 1341 00d2 6E000000 		.4byte	.LVL20
 1342 00d6 7A000000 		.4byte	.LVL22
 1343 00da 0100     		.2byte	0x1
 1344 00dc 54       		.byte	0x54
 1345 00dd 00000000 		.4byte	0
 1346 00e1 00000000 		.4byte	0
 1347              	.LLST4:
 1348 00e5 0E000000 		.4byte	.LVL24
 1349 00e9 5F000000 		.4byte	.LVL25-1
 1350 00ed 0100     		.2byte	0x1
 1351 00ef 50       		.byte	0x50
 1352 00f0 68000000 		.4byte	.LVL26
 1353 00f4 6E000000 		.4byte	.LVL27
 1354 00f8 0100     		.2byte	0x1
 1355 00fa 50       		.byte	0x50
 1356 00fb 00000000 		.4byte	0
 1357 00ff 00000000 		.4byte	0
 1358              	.LLST5:
 1359 0103 00000000 		.4byte	.LVL28
 1360 0107 08000000 		.4byte	.LVL30
 1361 010b 0100     		.2byte	0x1
 1362 010d 50       		.byte	0x50
 1363 010e 08000000 		.4byte	.LVL30
 1364 0112 3E000000 		.4byte	.LFE67
 1365 0116 0400     		.2byte	0x4
 1366 0118 F3       		.byte	0xf3
 1367 0119 01       		.uleb128 0x1
 1368 011a 50       		.byte	0x50
 1369 011b 9F       		.byte	0x9f
 1370 011c 00000000 		.4byte	0
 1371 0120 00000000 		.4byte	0
 1372              	.LLST6:
 1373 0124 00000000 		.4byte	.LVL28
 1374 0128 0B000000 		.4byte	.LVL31-1
 1375 012c 0100     		.2byte	0x1
 1376 012e 51       		.byte	0x51
 1377 012f 0B000000 		.4byte	.LVL31-1
 1378 0133 3E000000 		.4byte	.LFE67
ARM GAS  C:\Users\Dan\AppData\Local\Temp\ccPp4OrE.s 			page 28


 1379 0137 0100     		.2byte	0x1
 1380 0139 57       		.byte	0x57
 1381 013a 00000000 		.4byte	0
 1382 013e 00000000 		.4byte	0
 1383              	.LLST7:
 1384 0142 06000000 		.4byte	.LVL29
 1385 0146 0C000000 		.4byte	.LVL31
 1386 014a 0200     		.2byte	0x2
 1387 014c 30       		.byte	0x30
 1388 014d 9F       		.byte	0x9f
 1389 014e 0C000000 		.4byte	.LVL31
 1390 0152 18000000 		.4byte	.LVL33
 1391 0156 0300     		.2byte	0x3
 1392 0158 76       		.byte	0x76
 1393 0159 03       		.sleb128 3
 1394 015a 9F       		.byte	0x9f
 1395 015b 18000000 		.4byte	.LVL33
 1396 015f 26000000 		.4byte	.LVL36
 1397 0163 0100     		.2byte	0x1
 1398 0165 55       		.byte	0x55
 1399 0166 28000000 		.4byte	.LVL37
 1400 016a 3E000000 		.4byte	.LFE67
 1401 016e 0100     		.2byte	0x1
 1402 0170 55       		.byte	0x55
 1403 0171 00000000 		.4byte	0
 1404 0175 00000000 		.4byte	0
 1405              	.LLST8:
 1406 0179 1E000000 		.4byte	.LVL34
 1407 017d 22000000 		.4byte	.LVL35
 1408 0181 0200     		.2byte	0x2
 1409 0183 30       		.byte	0x30
 1410 0184 9F       		.byte	0x9f
 1411 0185 22000000 		.4byte	.LVL35
 1412 0189 2E000000 		.4byte	.LVL39
 1413 018d 0100     		.2byte	0x1
 1414 018f 54       		.byte	0x54
 1415 0190 30000000 		.4byte	.LVL40
 1416 0194 3E000000 		.4byte	.LFE67
 1417 0198 0100     		.2byte	0x1
 1418 019a 54       		.byte	0x54
 1419 019b 00000000 		.4byte	0
 1420 019f 00000000 		.4byte	0
 1421              		.section	.debug_aranges,"",%progbits
 1422 0000 34000000 		.4byte	0x34
 1423 0004 0200     		.2byte	0x2
 1424 0006 00000000 		.4byte	.Ldebug_info0
 1425 000a 04       		.byte	0x4
 1426 000b 00       		.byte	0
 1427 000c 0000     		.2byte	0
 1428 000e 0000     		.2byte	0
 1429 0010 00000000 		.4byte	.LFB65
 1430 0014 8C000000 		.4byte	.LFE65-.LFB65
 1431 0018 00000000 		.4byte	.LFB64
 1432 001c 78000000 		.4byte	.LFE64-.LFB64
 1433 0020 00000000 		.4byte	.LFB66
 1434 0024 02000000 		.4byte	.LFE66-.LFB66
 1435 0028 00000000 		.4byte	.LFB67
ARM GAS  C:\Users\Dan\AppData\Local\Temp\ccPp4OrE.s 			page 29


 1436 002c 3E000000 		.4byte	.LFE67-.LFB67
 1437 0030 00000000 		.4byte	0
 1438 0034 00000000 		.4byte	0
 1439              		.section	.debug_ranges,"",%progbits
 1440              	.Ldebug_ranges0:
 1441 0000 06000000 		.4byte	.LBB2
 1442 0004 08000000 		.4byte	.LBE2
 1443 0008 0A000000 		.4byte	.LBB3
 1444 000c 1C000000 		.4byte	.LBE3
 1445 0010 00000000 		.4byte	0
 1446 0014 00000000 		.4byte	0
 1447 0018 4A000000 		.4byte	.LBB4
 1448 001c 6C000000 		.4byte	.LBE4
 1449 0020 6E000000 		.4byte	.LBB5
 1450 0024 72000000 		.4byte	.LBE5
 1451 0028 74000000 		.4byte	.LBB6
 1452 002c 78000000 		.4byte	.LBE6
 1453 0030 00000000 		.4byte	0
 1454 0034 00000000 		.4byte	0
 1455 0038 00000000 		.4byte	.LFB65
 1456 003c 8C000000 		.4byte	.LFE65
 1457 0040 00000000 		.4byte	.LFB64
 1458 0044 78000000 		.4byte	.LFE64
 1459 0048 00000000 		.4byte	.LFB66
 1460 004c 02000000 		.4byte	.LFE66
 1461 0050 00000000 		.4byte	.LFB67
 1462 0054 3E000000 		.4byte	.LFE67
 1463 0058 00000000 		.4byte	0
 1464 005c 00000000 		.4byte	0
 1465              		.section	.debug_line,"",%progbits
 1466              	.Ldebug_line0:
 1467 0000 8C020000 		.section	.debug_str,"MS",%progbits,1
 1467      0200E601 
 1467      00000201 
 1467      FB0E0D00 
 1467      01010101 
 1468              	.LASF6:
 1469 0000 6C6F6E67 		.ascii	"long long int\000"
 1469      206C6F6E 
 1469      6720696E 
 1469      7400
 1470              	.LASF33:
 1471 000e 55415254 		.ascii	"UART_WriteTxData\000"
 1471      5F577269 
 1471      74655478 
 1471      44617461 
 1471      00
 1472              	.LASF9:
 1473 001f 5F5F696E 		.ascii	"__int32_t\000"
 1473      7433325F 
 1473      7400
 1474              	.LASF21:
 1475 0029 4D736743 		.ascii	"MsgCounter\000"
 1475      6F756E74 
 1475      657200
 1476              	.LASF36:
 1477 0034 433A5C44 		.ascii	"C:\\Dan\\Eng Projects\\BP308\\MPG\\ARM Code\\MPG\\M"
ARM GAS  C:\Users\Dan\AppData\Local\Temp\ccPp4OrE.s 			page 30


 1477      616E5C45 
 1477      6E672050 
 1477      726F6A65 
 1477      6374735C 
 1478 0060 50475F50 		.ascii	"PG_PSoC.cydsn\000"
 1478      536F432E 
 1478      63796473 
 1478      6E00
 1479              	.LASF37:
 1480 006e 53657243 		.ascii	"SerCmdDesc\000"
 1480      6D644465 
 1480      736300
 1481              	.LASF12:
 1482 0079 666C6F61 		.ascii	"float\000"
 1482      7400
 1483              	.LASF18:
 1484 007f 63686563 		.ascii	"checksum\000"
 1484      6B73756D 
 1484      00
 1485              	.LASF1:
 1486 0088 756E7369 		.ascii	"unsigned char\000"
 1486      676E6564 
 1486      20636861 
 1486      7200
 1487              	.LASF34:
 1488 0096 474E5520 		.ascii	"GNU C11 5.4.1 20160609 (release) [ARM/embedded-5-br"
 1488      43313120 
 1488      352E342E 
 1488      31203230 
 1488      31363036 
 1489 00c9 616E6368 		.ascii	"anch revision 237715] -mcpu=cortex-m3 -mthumb -g -O"
 1489      20726576 
 1489      6973696F 
 1489      6E203233 
 1489      37373135 
 1490 00fc 67202D66 		.ascii	"g -ffunction-sections -ffat-lto-objects\000"
 1490      66756E63 
 1490      74696F6E 
 1490      2D736563 
 1490      74696F6E 
 1491              	.LASF5:
 1492 0124 6C6F6E67 		.ascii	"long unsigned int\000"
 1492      20756E73 
 1492      69676E65 
 1492      6420696E 
 1492      7400
 1493              	.LASF3:
 1494 0136 73686F72 		.ascii	"short unsigned int\000"
 1494      7420756E 
 1494      7369676E 
 1494      65642069 
 1494      6E7400
 1495              	.LASF25:
 1496 0149 49544D5F 		.ascii	"ITM_RxBuffer\000"
 1496      52784275 
 1496      66666572 
 1496      00
ARM GAS  C:\Users\Dan\AppData\Local\Temp\ccPp4OrE.s 			page 31


 1497              	.LASF13:
 1498 0156 646F7562 		.ascii	"double\000"
 1498      6C6500
 1499              	.LASF17:
 1500 015d 66756E63 		.ascii	"func\000"
 1500      00
 1501              	.LASF30:
 1502 0162 5553425F 		.ascii	"USB_PutString\000"
 1502      50757453 
 1502      7472696E 
 1502      6700
 1503              	.LASF35:
 1504 0170 53657269 		.ascii	"Serial.c\000"
 1504      616C2E63 
 1504      00
 1505              	.LASF8:
 1506 0179 756E7369 		.ascii	"unsigned int\000"
 1506      676E6564 
 1506      20696E74 
 1506      00
 1507              	.LASF27:
 1508 0186 6D736773 		.ascii	"msgs\000"
 1508      00
 1509              	.LASF7:
 1510 018b 6C6F6E67 		.ascii	"long long unsigned int\000"
 1510      206C6F6E 
 1510      6720756E 
 1510      7369676E 
 1510      65642069 
 1511              	.LASF22:
 1512 01a2 4D736743 		.ascii	"MsgCnt\000"
 1512      6E7400
 1513              	.LASF29:
 1514 01a9 73707269 		.ascii	"sprintf\000"
 1514      6E746600 
 1515              	.LASF32:
 1516 01b1 55415254 		.ascii	"UART_ReadRxData\000"
 1516      5F526561 
 1516      64527844 
 1516      61746100 
 1517              	.LASF10:
 1518 01c1 696E7433 		.ascii	"int32_t\000"
 1518      325F7400 
 1519              	.LASF39:
 1520 01c9 53657269 		.ascii	"SerialStartup\000"
 1520      616C5374 
 1520      61727475 
 1520      7000
 1521              	.LASF28:
 1522 01d7 5365724D 		.ascii	"SerMsg\000"
 1522      736700
 1523              	.LASF16:
 1524 01de 73697A65 		.ascii	"sizetype\000"
 1524      74797065 
 1524      00
 1525              	.LASF24:
 1526 01e7 53657252 		.ascii	"SerResponseMsg\000"
ARM GAS  C:\Users\Dan\AppData\Local\Temp\ccPp4OrE.s 			page 32


 1526      6573706F 
 1526      6E73654D 
 1526      736700
 1527              	.LASF14:
 1528 01f6 63686172 		.ascii	"char\000"
 1528      00
 1529              	.LASF26:
 1530 01fb 53657243 		.ascii	"SerCmdParseTable\000"
 1530      6D645061 
 1530      72736554 
 1530      61626C65 
 1530      00
 1531              	.LASF23:
 1532 020c 53657269 		.ascii	"Serial_Rx\000"
 1532      616C5F52 
 1532      7800
 1533              	.LASF2:
 1534 0216 73686F72 		.ascii	"short int\000"
 1534      7420696E 
 1534      7400
 1535              	.LASF11:
 1536 0220 75696E74 		.ascii	"uint8\000"
 1536      3800
 1537              	.LASF31:
 1538 0226 55415254 		.ascii	"UART_GetRxBufferSize\000"
 1538      5F476574 
 1538      52784275 
 1538      66666572 
 1538      53697A65 
 1539              	.LASF4:
 1540 023b 6C6F6E67 		.ascii	"long int\000"
 1540      20696E74 
 1540      00
 1541              	.LASF15:
 1542 0244 6C6F6E67 		.ascii	"long double\000"
 1542      20646F75 
 1542      626C6500 
 1543              	.LASF0:
 1544 0250 7369676E 		.ascii	"signed char\000"
 1544      65642063 
 1544      68617200 
 1545              	.LASF19:
 1546 025c 4D73674C 		.ascii	"MsgLen\000"
 1546      656E00
 1547              	.LASF20:
 1548 0263 5F426F6F 		.ascii	"_Bool\000"
 1548      6C00
 1549              	.LASF38:
 1550 0269 5365724D 		.ascii	"SerMsgParse\000"
 1550      73675061 
 1550      72736500 
 1551              		.ident	"GCC: (GNU Tools for ARM Embedded Processors) 5.4.1 20160609 (release) [ARM/embedded-5-bran
