ARM GAS  C:\Users\Dan\AppData\Local\Temp\ccZ4WcyX.s 			page 1


   1              		.syntax unified
   2              		.cpu cortex-m3
   3              		.fpu softvfp
   4              		.eabi_attribute 20, 1
   5              		.eabi_attribute 21, 1
   6              		.eabi_attribute 23, 3
   7              		.eabi_attribute 24, 1
   8              		.eabi_attribute 25, 1
   9              		.eabi_attribute 26, 1
  10              		.eabi_attribute 30, 1
  11              		.eabi_attribute 34, 1
  12              		.eabi_attribute 18, 4
  13              		.thumb
  14              		.syntax unified
  15              		.file	"Serial_IO.c"
  16              		.text
  17              	.Ltext0:
  18              		.cfi_sections	.debug_frame
  19              		.section	.text.TX_ISR,"ax",%progbits
  20              		.align	2
  21              		.global	TX_ISR
  22              		.thumb
  23              		.thumb_func
  24              		.type	TX_ISR, %function
  25              	TX_ISR:
  26              	.LFB63:
  27              		.file 1 "Serial_IO.c"
   1:Serial_IO.c   **** /* ========================================
   2:Serial_IO.c   ****  *
   3:Serial_IO.c   ****  * Copyright YOUR COMPANY, THE YEAR
   4:Serial_IO.c   ****  * All Rights Reserved
   5:Serial_IO.c   ****  * UNPUBLISHED, LICENSED SOFTWARE.
   6:Serial_IO.c   ****  *
   7:Serial_IO.c   ****  * CONFIDENTIAL AND PROPRIETARY INFORMATION
   8:Serial_IO.c   ****  * WHICH IS THE PROPERTY OF your company.
   9:Serial_IO.c   ****  *
  10:Serial_IO.c   ****  * ========================================
  11:Serial_IO.c   **** */
  12:Serial_IO.c   **** 
  13:Serial_IO.c   **** // functions for serial IO
  14:Serial_IO.c   **** #include "Serial_IO.h"
  15:Serial_IO.c   **** #include "project.h"
  16:Serial_IO.c   **** 
  17:Serial_IO.c   **** // buffers for serial communications
  18:Serial_IO.c   **** #define SERIAL_BUFF_SIZE 32
  19:Serial_IO.c   **** 
  20:Serial_IO.c   **** uint8 TX_BUFF[SERIAL_BUFF_SIZE];
  21:Serial_IO.c   **** uint8 RX_BUFF[SERIAL_BUFF_SIZE];
  22:Serial_IO.c   **** 
  23:Serial_IO.c   **** volatile uint8 *TX_HeadPtr;
  24:Serial_IO.c   **** volatile uint8 *TX_TailPtr;
  25:Serial_IO.c   **** volatile uint8 *RX_HeadPtr;
  26:Serial_IO.c   **** volatile uint8 *RX_TailPtr;
  27:Serial_IO.c   ****     
  28:Serial_IO.c   **** 
  29:Serial_IO.c   **** // UART Transmit interrupt
  30:Serial_IO.c   **** CY_ISR(TX_ISR)
ARM GAS  C:\Users\Dan\AppData\Local\Temp\ccZ4WcyX.s 			page 2


  31:Serial_IO.c   **** {
  28              		.loc 1 31 0
  29              		.cfi_startproc
  30              		@ args = 0, pretend = 0, frame = 0
  31              		@ frame_needed = 0, uses_anonymous_args = 0
  32              		@ link register save eliminated.
  33 0000 7047     		bx	lr
  34              		.cfi_endproc
  35              	.LFE63:
  36              		.size	TX_ISR, .-TX_ISR
  37 0002 00BF     		.section	.text.RX_ISR,"ax",%progbits
  38              		.align	2
  39              		.global	RX_ISR
  40              		.thumb
  41              		.thumb_func
  42              		.type	RX_ISR, %function
  43              	RX_ISR:
  44              	.LFB64:
  32:Serial_IO.c   ****     // toggle the test point
  33:Serial_IO.c   ****   
  34:Serial_IO.c   **** }
  35:Serial_IO.c   **** 
  36:Serial_IO.c   **** // UART Receive interrupt
  37:Serial_IO.c   **** CY_ISR(RX_ISR)
  38:Serial_IO.c   **** {
  45              		.loc 1 38 0
  46              		.cfi_startproc
  47              		@ args = 0, pretend = 0, frame = 0
  48              		@ frame_needed = 0, uses_anonymous_args = 0
  49              		@ link register save eliminated.
  39:Serial_IO.c   ****     // interrupt says there is a character in the RX Buffer
  40:Serial_IO.c   ****     *RX_HeadPtr++ = UART_RXDATA_REG;
  50              		.loc 1 40 0
  51 0000 084B     		ldr	r3, .L4
  52 0002 1968     		ldr	r1, [r3]
  53 0004 4A1C     		adds	r2, r1, #1
  54 0006 1A60     		str	r2, [r3]
  55 0008 074A     		ldr	r2, .L4+4
  56 000a 1278     		ldrb	r2, [r2]	@ zero_extendqisi2
  57 000c D2B2     		uxtb	r2, r2
  58 000e 0A70     		strb	r2, [r1]
  41:Serial_IO.c   ****     // *RX_HeadPtr++ = UART_ReadRxData();  // get data from the buffer and incrememnt the Head Poin
  42:Serial_IO.c   ****     if(RX_HeadPtr >= (RX_BUFF + SERIAL_BUFF_SIZE))   // check for circular buffer wraparound
  59              		.loc 1 42 0
  60 0010 1A68     		ldr	r2, [r3]
  61 0012 064B     		ldr	r3, .L4+8
  62 0014 9A42     		cmp	r2, r3
  63 0016 03D3     		bcc	.L2
  43:Serial_IO.c   ****     {
  44:Serial_IO.c   ****         RX_HeadPtr = RX_BUFF;   
  64              		.loc 1 44 0
  65 0018 A3F12002 		sub	r2, r3, #32
  66 001c 014B     		ldr	r3, .L4
  67 001e 1A60     		str	r2, [r3]
  68              	.L2:
  69 0020 7047     		bx	lr
  70              	.L5:
ARM GAS  C:\Users\Dan\AppData\Local\Temp\ccZ4WcyX.s 			page 3


  71 0022 00BF     		.align	2
  72              	.L4:
  73 0024 00000000 		.word	RX_HeadPtr
  74 0028 4C640040 		.word	1073767500
  75 002c 20000000 		.word	RX_BUFF+32
  76              		.cfi_endproc
  77              	.LFE64:
  78              		.size	RX_ISR, .-RX_ISR
  79              		.section	.text.Init_Serial_IO,"ax",%progbits
  80              		.align	2
  81              		.global	Init_Serial_IO
  82              		.thumb
  83              		.thumb_func
  84              		.type	Init_Serial_IO, %function
  85              	Init_Serial_IO:
  86              	.LFB65:
  45:Serial_IO.c   ****     }
  46:Serial_IO.c   **** }
  47:Serial_IO.c   **** 
  48:Serial_IO.c   **** // Init Serial IO
  49:Serial_IO.c   **** 
  50:Serial_IO.c   **** void Init_Serial_IO(void)
  51:Serial_IO.c   **** {
  87              		.loc 1 51 0
  88              		.cfi_startproc
  89              		@ args = 0, pretend = 0, frame = 0
  90              		@ frame_needed = 0, uses_anonymous_args = 0
  91 0000 08B5     		push	{r3, lr}
  92              		.cfi_def_cfa_offset 8
  93              		.cfi_offset 3, -8
  94              		.cfi_offset 14, -4
  52:Serial_IO.c   ****     UART_Start();
  95              		.loc 1 52 0
  96 0002 FFF7FEFF 		bl	UART_Start
  97              	.LVL0:
  98 0006 08BD     		pop	{r3, pc}
  99              		.cfi_endproc
 100              	.LFE65:
 101              		.size	Init_Serial_IO, .-Init_Serial_IO
 102              		.section	.text.SER_PutStr,"ax",%progbits
 103              		.align	2
 104              		.global	SER_PutStr
 105              		.thumb
 106              		.thumb_func
 107              		.type	SER_PutStr, %function
 108              	SER_PutStr:
 109              	.LFB66:
  53:Serial_IO.c   **** }
  54:Serial_IO.c   **** 
  55:Serial_IO.c   **** /*
  56:Serial_IO.c   **** void SER_PutChar(uint8 c) 
  57:Serial_IO.c   **** {
  58:Serial_IO.c   ****     UART_WriteTxData(c);
  59:Serial_IO.c   **** }
  60:Serial_IO.c   **** 
  61:Serial_IO.c   **** uint8 SER_GetChar(void)
  62:Serial_IO.c   **** {
ARM GAS  C:\Users\Dan\AppData\Local\Temp\ccZ4WcyX.s 			page 4


  63:Serial_IO.c   ****     return (UART_GetChar());
  64:Serial_IO.c   **** }
  65:Serial_IO.c   **** */
  66:Serial_IO.c   **** 
  67:Serial_IO.c   **** 
  68:Serial_IO.c   **** void SER_PutStr(uint8 *msg)
  69:Serial_IO.c   **** {
 110              		.loc 1 69 0
 111              		.cfi_startproc
 112              		@ args = 0, pretend = 0, frame = 0
 113              		@ frame_needed = 0, uses_anonymous_args = 0
 114              	.LVL1:
 115 0000 10B5     		push	{r4, lr}
 116              		.cfi_def_cfa_offset 8
 117              		.cfi_offset 4, -8
 118              		.cfi_offset 14, -4
 119 0002 0446     		mov	r4, r0
  70:Serial_IO.c   ****     while(*msg != 0x00)
 120              		.loc 1 70 0
 121 0004 02E0     		b	.L9
 122              	.LVL2:
 123              	.L10:
  71:Serial_IO.c   ****     {
  72:Serial_IO.c   ****         SER_PutChar(*msg++);
 124              		.loc 1 72 0
 125 0006 0134     		adds	r4, r4, #1
 126              	.LVL3:
 127 0008 FFF7FEFF 		bl	UART_WriteTxData
 128              	.LVL4:
 129              	.L9:
  70:Serial_IO.c   ****     while(*msg != 0x00)
 130              		.loc 1 70 0
 131 000c 2078     		ldrb	r0, [r4]	@ zero_extendqisi2
 132 000e 0028     		cmp	r0, #0
 133 0010 F9D1     		bne	.L10
  73:Serial_IO.c   ****     }
  74:Serial_IO.c   **** }
 134              		.loc 1 74 0
 135 0012 10BD     		pop	{r4, pc}
 136              		.cfi_endproc
 137              	.LFE66:
 138              		.size	SER_PutStr, .-SER_PutStr
 139              		.section	.text.SER_CheckForRx,"ax",%progbits
 140              		.align	2
 141              		.global	SER_CheckForRx
 142              		.thumb
 143              		.thumb_func
 144              		.type	SER_CheckForRx, %function
 145              	SER_CheckForRx:
 146              	.LFB67:
  75:Serial_IO.c   **** 
  76:Serial_IO.c   **** // check for Rx - returns 0 if the buffer is empty, non zero if data in the buffer
  77:Serial_IO.c   **** uint8 SER_CheckForRx(void)
  78:Serial_IO.c   **** {
 147              		.loc 1 78 0
 148              		.cfi_startproc
 149              		@ args = 0, pretend = 0, frame = 0
ARM GAS  C:\Users\Dan\AppData\Local\Temp\ccZ4WcyX.s 			page 5


 150              		@ frame_needed = 0, uses_anonymous_args = 0
 151 0000 08B5     		push	{r3, lr}
 152              		.cfi_def_cfa_offset 8
 153              		.cfi_offset 3, -8
 154              		.cfi_offset 14, -4
  79:Serial_IO.c   **** //    UART_ReadRxStatus();
  80:Serial_IO.c   ****     return((uint8)UART_GetRxBufferSize());
 155              		.loc 1 80 0
 156 0002 FFF7FEFF 		bl	UART_GetRxBufferSize
 157              	.LVL5:
  81:Serial_IO.c   **** }
 158              		.loc 1 81 0
 159 0006 08BD     		pop	{r3, pc}
 160              		.cfi_endproc
 161              	.LFE67:
 162              		.size	SER_CheckForRx, .-SER_CheckForRx
 163              		.comm	RX_TailPtr,4,4
 164              		.comm	RX_HeadPtr,4,4
 165              		.comm	TX_TailPtr,4,4
 166              		.comm	TX_HeadPtr,4,4
 167              		.comm	RX_BUFF,32,4
 168              		.comm	TX_BUFF,32,4
 169              		.text
 170              	.Letext0:
 171              		.file 2 "c:\\program files (x86)\\cypress\\psoc creator\\4.2\\psoc creator\\import\\gnu\\arm\\5.4.
 172              		.file 3 "c:\\program files (x86)\\cypress\\psoc creator\\4.2\\psoc creator\\import\\gnu\\arm\\5.4.
 173              		.file 4 "Generated_Source\\PSoC5/cytypes.h"
 174              		.file 5 "Generated_Source\\PSoC5/core_cm3.h"
 175              		.file 6 "Generated_Source\\PSoC5/UART.h"
 176              		.section	.debug_info,"",%progbits
 177              	.Ldebug_info0:
 178 0000 04020000 		.4byte	0x204
 179 0004 0400     		.2byte	0x4
 180 0006 00000000 		.4byte	.Ldebug_abbrev0
 181 000a 04       		.byte	0x4
 182 000b 01       		.uleb128 0x1
 183 000c A4000000 		.4byte	.LASF32
 184 0010 0C       		.byte	0xc
 185 0011 BE010000 		.4byte	.LASF33
 186 0015 3C000000 		.4byte	.LASF34
 187 0019 00000000 		.4byte	.Ldebug_ranges0+0
 188 001d 00000000 		.4byte	0
 189 0021 00000000 		.4byte	.Ldebug_line0
 190 0025 02       		.uleb128 0x2
 191 0026 01       		.byte	0x1
 192 0027 06       		.byte	0x6
 193 0028 36020000 		.4byte	.LASF0
 194 002c 02       		.uleb128 0x2
 195 002d 01       		.byte	0x1
 196 002e 08       		.byte	0x8
 197 002f 96000000 		.4byte	.LASF1
 198 0033 02       		.uleb128 0x2
 199 0034 02       		.byte	0x2
 200 0035 05       		.byte	0x5
 201 0036 FC010000 		.4byte	.LASF2
 202 003a 02       		.uleb128 0x2
 203 003b 02       		.byte	0x2
ARM GAS  C:\Users\Dan\AppData\Local\Temp\ccZ4WcyX.s 			page 6


 204 003c 07       		.byte	0x7
 205 003d 51010000 		.4byte	.LASF3
 206 0041 03       		.uleb128 0x3
 207 0042 2B000000 		.4byte	.LASF9
 208 0046 02       		.byte	0x2
 209 0047 3F       		.byte	0x3f
 210 0048 4C000000 		.4byte	0x4c
 211 004c 02       		.uleb128 0x2
 212 004d 04       		.byte	0x4
 213 004e 05       		.byte	0x5
 214 004f 21020000 		.4byte	.LASF4
 215 0053 02       		.uleb128 0x2
 216 0054 04       		.byte	0x4
 217 0055 07       		.byte	0x7
 218 0056 37010000 		.4byte	.LASF5
 219 005a 02       		.uleb128 0x2
 220 005b 08       		.byte	0x8
 221 005c 05       		.byte	0x5
 222 005d D3010000 		.4byte	.LASF6
 223 0061 02       		.uleb128 0x2
 224 0062 08       		.byte	0x8
 225 0063 07       		.byte	0x7
 226 0064 9F010000 		.4byte	.LASF7
 227 0068 04       		.uleb128 0x4
 228 0069 04       		.byte	0x4
 229 006a 05       		.byte	0x5
 230 006b 696E7400 		.ascii	"int\000"
 231 006f 02       		.uleb128 0x2
 232 0070 04       		.byte	0x4
 233 0071 07       		.byte	0x7
 234 0072 92010000 		.4byte	.LASF8
 235 0076 03       		.uleb128 0x3
 236 0077 B6010000 		.4byte	.LASF10
 237 007b 03       		.byte	0x3
 238 007c 2C       		.byte	0x2c
 239 007d 41000000 		.4byte	0x41
 240 0081 05       		.uleb128 0x5
 241 0082 06020000 		.4byte	.LASF11
 242 0086 04       		.byte	0x4
 243 0087 E401     		.2byte	0x1e4
 244 0089 2C000000 		.4byte	0x2c
 245 008d 02       		.uleb128 0x2
 246 008e 04       		.byte	0x4
 247 008f 04       		.byte	0x4
 248 0090 90000000 		.4byte	.LASF12
 249 0094 02       		.uleb128 0x2
 250 0095 08       		.byte	0x8
 251 0096 04       		.byte	0x4
 252 0097 83010000 		.4byte	.LASF13
 253 009b 02       		.uleb128 0x2
 254 009c 01       		.byte	0x1
 255 009d 08       		.byte	0x8
 256 009e EC010000 		.4byte	.LASF14
 257 00a2 05       		.uleb128 0x5
 258 00a3 32010000 		.4byte	.LASF15
 259 00a7 04       		.byte	0x4
 260 00a8 8E02     		.2byte	0x28e
ARM GAS  C:\Users\Dan\AppData\Local\Temp\ccZ4WcyX.s 			page 7


 261 00aa AE000000 		.4byte	0xae
 262 00ae 06       		.uleb128 0x6
 263 00af 81000000 		.4byte	0x81
 264 00b3 02       		.uleb128 0x2
 265 00b4 08       		.byte	0x8
 266 00b5 04       		.byte	0x4
 267 00b6 2A020000 		.4byte	.LASF16
 268 00ba 02       		.uleb128 0x2
 269 00bb 04       		.byte	0x4
 270 00bc 07       		.byte	0x7
 271 00bd CA010000 		.4byte	.LASF17
 272 00c1 07       		.uleb128 0x7
 273 00c2 04       		.byte	0x4
 274 00c3 AE000000 		.4byte	0xae
 275 00c7 08       		.uleb128 0x8
 276 00c8 35000000 		.4byte	.LASF18
 277 00cc 01       		.byte	0x1
 278 00cd 1E       		.byte	0x1e
 279 00ce 00000000 		.4byte	.LFB63
 280 00d2 02000000 		.4byte	.LFE63-.LFB63
 281 00d6 01       		.uleb128 0x1
 282 00d7 9C       		.byte	0x9c
 283 00d8 08       		.uleb128 0x8
 284 00d9 7C010000 		.4byte	.LASF19
 285 00dd 01       		.byte	0x1
 286 00de 25       		.byte	0x25
 287 00df 00000000 		.4byte	.LFB64
 288 00e3 30000000 		.4byte	.LFE64-.LFB64
 289 00e7 01       		.uleb128 0x1
 290 00e8 9C       		.byte	0x9c
 291 00e9 09       		.uleb128 0x9
 292 00ea 76000000 		.4byte	.LASF20
 293 00ee 01       		.byte	0x1
 294 00ef 32       		.byte	0x32
 295 00f0 00000000 		.4byte	.LFB65
 296 00f4 08000000 		.4byte	.LFE65-.LFB65
 297 00f8 01       		.uleb128 0x1
 298 00f9 9C       		.byte	0x9c
 299 00fa 08010000 		.4byte	0x108
 300 00fe 0A       		.uleb128 0xa
 301 00ff 06000000 		.4byte	.LVL0
 302 0103 E6010000 		.4byte	0x1e6
 303 0107 00       		.byte	0
 304 0108 09       		.uleb128 0x9
 305 0109 42020000 		.4byte	.LASF21
 306 010d 01       		.byte	0x1
 307 010e 44       		.byte	0x44
 308 010f 00000000 		.4byte	.LFB66
 309 0113 14000000 		.4byte	.LFE66-.LFB66
 310 0117 01       		.uleb128 0x1
 311 0118 9C       		.byte	0x9c
 312 0119 36010000 		.4byte	0x136
 313 011d 0B       		.uleb128 0xb
 314 011e 6D736700 		.ascii	"msg\000"
 315 0122 01       		.byte	0x1
 316 0123 44       		.byte	0x44
 317 0124 36010000 		.4byte	0x136
ARM GAS  C:\Users\Dan\AppData\Local\Temp\ccZ4WcyX.s 			page 8


 318 0128 00000000 		.4byte	.LLST0
 319 012c 0A       		.uleb128 0xa
 320 012d 0C000000 		.4byte	.LVL4
 321 0131 F1010000 		.4byte	0x1f1
 322 0135 00       		.byte	0
 323 0136 07       		.uleb128 0x7
 324 0137 04       		.byte	0x4
 325 0138 81000000 		.4byte	0x81
 326 013c 0C       		.uleb128 0xc
 327 013d 0B000000 		.4byte	.LASF35
 328 0141 01       		.byte	0x1
 329 0142 4D       		.byte	0x4d
 330 0143 81000000 		.4byte	0x81
 331 0147 00000000 		.4byte	.LFB67
 332 014b 08000000 		.4byte	.LFE67-.LFB67
 333 014f 01       		.uleb128 0x1
 334 0150 9C       		.byte	0x9c
 335 0151 5F010000 		.4byte	0x15f
 336 0155 0A       		.uleb128 0xa
 337 0156 06000000 		.4byte	.LVL5
 338 015a FC010000 		.4byte	0x1fc
 339 015e 00       		.byte	0
 340 015f 0D       		.uleb128 0xd
 341 0160 6F010000 		.4byte	.LASF22
 342 0164 05       		.byte	0x5
 343 0165 1207     		.2byte	0x712
 344 0167 6B010000 		.4byte	0x16b
 345 016b 06       		.uleb128 0x6
 346 016c 76000000 		.4byte	0x76
 347 0170 0E       		.uleb128 0xe
 348 0171 81000000 		.4byte	0x81
 349 0175 80010000 		.4byte	0x180
 350 0179 0F       		.uleb128 0xf
 351 017a BA000000 		.4byte	0xba
 352 017e 1F       		.byte	0x1f
 353 017f 00       		.byte	0
 354 0180 10       		.uleb128 0x10
 355 0181 8A010000 		.4byte	.LASF23
 356 0185 01       		.byte	0x1
 357 0186 14       		.byte	0x14
 358 0187 70010000 		.4byte	0x170
 359 018b 05       		.uleb128 0x5
 360 018c 03       		.byte	0x3
 361 018d 00000000 		.4byte	TX_BUFF
 362 0191 10       		.uleb128 0x10
 363 0192 49010000 		.4byte	.LASF24
 364 0196 01       		.byte	0x1
 365 0197 15       		.byte	0x15
 366 0198 70010000 		.4byte	0x170
 367 019c 05       		.uleb128 0x5
 368 019d 03       		.byte	0x3
 369 019e 00000000 		.4byte	RX_BUFF
 370 01a2 10       		.uleb128 0x10
 371 01a3 00000000 		.4byte	.LASF25
 372 01a7 01       		.byte	0x1
 373 01a8 17       		.byte	0x17
 374 01a9 C1000000 		.4byte	0xc1
ARM GAS  C:\Users\Dan\AppData\Local\Temp\ccZ4WcyX.s 			page 9


 375 01ad 05       		.uleb128 0x5
 376 01ae 03       		.byte	0x3
 377 01af 00000000 		.4byte	TX_HeadPtr
 378 01b3 10       		.uleb128 0x10
 379 01b4 F1010000 		.4byte	.LASF26
 380 01b8 01       		.byte	0x1
 381 01b9 18       		.byte	0x18
 382 01ba C1000000 		.4byte	0xc1
 383 01be 05       		.uleb128 0x5
 384 01bf 03       		.byte	0x3
 385 01c0 00000000 		.4byte	TX_TailPtr
 386 01c4 10       		.uleb128 0x10
 387 01c5 85000000 		.4byte	.LASF27
 388 01c9 01       		.byte	0x1
 389 01ca 19       		.byte	0x19
 390 01cb C1000000 		.4byte	0xc1
 391 01cf 05       		.uleb128 0x5
 392 01d0 03       		.byte	0x3
 393 01d1 00000000 		.4byte	RX_HeadPtr
 394 01d5 10       		.uleb128 0x10
 395 01d6 E1010000 		.4byte	.LASF28
 396 01da 01       		.byte	0x1
 397 01db 1A       		.byte	0x1a
 398 01dc C1000000 		.4byte	0xc1
 399 01e0 05       		.uleb128 0x5
 400 01e1 03       		.byte	0x3
 401 01e2 00000000 		.4byte	RX_TailPtr
 402 01e6 11       		.uleb128 0x11
 403 01e7 64010000 		.4byte	.LASF29
 404 01eb 64010000 		.4byte	.LASF29
 405 01ef 06       		.byte	0x6
 406 01f0 54       		.byte	0x54
 407 01f1 11       		.uleb128 0x11
 408 01f2 1A000000 		.4byte	.LASF30
 409 01f6 1A000000 		.4byte	.LASF30
 410 01fa 06       		.byte	0x6
 411 01fb 88       		.byte	0x88
 412 01fc 11       		.uleb128 0x11
 413 01fd 0C020000 		.4byte	.LASF31
 414 0201 0C020000 		.4byte	.LASF31
 415 0205 06       		.byte	0x6
 416 0206 73       		.byte	0x73
 417 0207 00       		.byte	0
 418              		.section	.debug_abbrev,"",%progbits
 419              	.Ldebug_abbrev0:
 420 0000 01       		.uleb128 0x1
 421 0001 11       		.uleb128 0x11
 422 0002 01       		.byte	0x1
 423 0003 25       		.uleb128 0x25
 424 0004 0E       		.uleb128 0xe
 425 0005 13       		.uleb128 0x13
 426 0006 0B       		.uleb128 0xb
 427 0007 03       		.uleb128 0x3
 428 0008 0E       		.uleb128 0xe
 429 0009 1B       		.uleb128 0x1b
 430 000a 0E       		.uleb128 0xe
 431 000b 55       		.uleb128 0x55
ARM GAS  C:\Users\Dan\AppData\Local\Temp\ccZ4WcyX.s 			page 10


 432 000c 17       		.uleb128 0x17
 433 000d 11       		.uleb128 0x11
 434 000e 01       		.uleb128 0x1
 435 000f 10       		.uleb128 0x10
 436 0010 17       		.uleb128 0x17
 437 0011 00       		.byte	0
 438 0012 00       		.byte	0
 439 0013 02       		.uleb128 0x2
 440 0014 24       		.uleb128 0x24
 441 0015 00       		.byte	0
 442 0016 0B       		.uleb128 0xb
 443 0017 0B       		.uleb128 0xb
 444 0018 3E       		.uleb128 0x3e
 445 0019 0B       		.uleb128 0xb
 446 001a 03       		.uleb128 0x3
 447 001b 0E       		.uleb128 0xe
 448 001c 00       		.byte	0
 449 001d 00       		.byte	0
 450 001e 03       		.uleb128 0x3
 451 001f 16       		.uleb128 0x16
 452 0020 00       		.byte	0
 453 0021 03       		.uleb128 0x3
 454 0022 0E       		.uleb128 0xe
 455 0023 3A       		.uleb128 0x3a
 456 0024 0B       		.uleb128 0xb
 457 0025 3B       		.uleb128 0x3b
 458 0026 0B       		.uleb128 0xb
 459 0027 49       		.uleb128 0x49
 460 0028 13       		.uleb128 0x13
 461 0029 00       		.byte	0
 462 002a 00       		.byte	0
 463 002b 04       		.uleb128 0x4
 464 002c 24       		.uleb128 0x24
 465 002d 00       		.byte	0
 466 002e 0B       		.uleb128 0xb
 467 002f 0B       		.uleb128 0xb
 468 0030 3E       		.uleb128 0x3e
 469 0031 0B       		.uleb128 0xb
 470 0032 03       		.uleb128 0x3
 471 0033 08       		.uleb128 0x8
 472 0034 00       		.byte	0
 473 0035 00       		.byte	0
 474 0036 05       		.uleb128 0x5
 475 0037 16       		.uleb128 0x16
 476 0038 00       		.byte	0
 477 0039 03       		.uleb128 0x3
 478 003a 0E       		.uleb128 0xe
 479 003b 3A       		.uleb128 0x3a
 480 003c 0B       		.uleb128 0xb
 481 003d 3B       		.uleb128 0x3b
 482 003e 05       		.uleb128 0x5
 483 003f 49       		.uleb128 0x49
 484 0040 13       		.uleb128 0x13
 485 0041 00       		.byte	0
 486 0042 00       		.byte	0
 487 0043 06       		.uleb128 0x6
 488 0044 35       		.uleb128 0x35
ARM GAS  C:\Users\Dan\AppData\Local\Temp\ccZ4WcyX.s 			page 11


 489 0045 00       		.byte	0
 490 0046 49       		.uleb128 0x49
 491 0047 13       		.uleb128 0x13
 492 0048 00       		.byte	0
 493 0049 00       		.byte	0
 494 004a 07       		.uleb128 0x7
 495 004b 0F       		.uleb128 0xf
 496 004c 00       		.byte	0
 497 004d 0B       		.uleb128 0xb
 498 004e 0B       		.uleb128 0xb
 499 004f 49       		.uleb128 0x49
 500 0050 13       		.uleb128 0x13
 501 0051 00       		.byte	0
 502 0052 00       		.byte	0
 503 0053 08       		.uleb128 0x8
 504 0054 2E       		.uleb128 0x2e
 505 0055 00       		.byte	0
 506 0056 3F       		.uleb128 0x3f
 507 0057 19       		.uleb128 0x19
 508 0058 03       		.uleb128 0x3
 509 0059 0E       		.uleb128 0xe
 510 005a 3A       		.uleb128 0x3a
 511 005b 0B       		.uleb128 0xb
 512 005c 3B       		.uleb128 0x3b
 513 005d 0B       		.uleb128 0xb
 514 005e 27       		.uleb128 0x27
 515 005f 19       		.uleb128 0x19
 516 0060 11       		.uleb128 0x11
 517 0061 01       		.uleb128 0x1
 518 0062 12       		.uleb128 0x12
 519 0063 06       		.uleb128 0x6
 520 0064 40       		.uleb128 0x40
 521 0065 18       		.uleb128 0x18
 522 0066 9742     		.uleb128 0x2117
 523 0068 19       		.uleb128 0x19
 524 0069 00       		.byte	0
 525 006a 00       		.byte	0
 526 006b 09       		.uleb128 0x9
 527 006c 2E       		.uleb128 0x2e
 528 006d 01       		.byte	0x1
 529 006e 3F       		.uleb128 0x3f
 530 006f 19       		.uleb128 0x19
 531 0070 03       		.uleb128 0x3
 532 0071 0E       		.uleb128 0xe
 533 0072 3A       		.uleb128 0x3a
 534 0073 0B       		.uleb128 0xb
 535 0074 3B       		.uleb128 0x3b
 536 0075 0B       		.uleb128 0xb
 537 0076 27       		.uleb128 0x27
 538 0077 19       		.uleb128 0x19
 539 0078 11       		.uleb128 0x11
 540 0079 01       		.uleb128 0x1
 541 007a 12       		.uleb128 0x12
 542 007b 06       		.uleb128 0x6
 543 007c 40       		.uleb128 0x40
 544 007d 18       		.uleb128 0x18
 545 007e 9742     		.uleb128 0x2117
ARM GAS  C:\Users\Dan\AppData\Local\Temp\ccZ4WcyX.s 			page 12


 546 0080 19       		.uleb128 0x19
 547 0081 01       		.uleb128 0x1
 548 0082 13       		.uleb128 0x13
 549 0083 00       		.byte	0
 550 0084 00       		.byte	0
 551 0085 0A       		.uleb128 0xa
 552 0086 898201   		.uleb128 0x4109
 553 0089 00       		.byte	0
 554 008a 11       		.uleb128 0x11
 555 008b 01       		.uleb128 0x1
 556 008c 31       		.uleb128 0x31
 557 008d 13       		.uleb128 0x13
 558 008e 00       		.byte	0
 559 008f 00       		.byte	0
 560 0090 0B       		.uleb128 0xb
 561 0091 05       		.uleb128 0x5
 562 0092 00       		.byte	0
 563 0093 03       		.uleb128 0x3
 564 0094 08       		.uleb128 0x8
 565 0095 3A       		.uleb128 0x3a
 566 0096 0B       		.uleb128 0xb
 567 0097 3B       		.uleb128 0x3b
 568 0098 0B       		.uleb128 0xb
 569 0099 49       		.uleb128 0x49
 570 009a 13       		.uleb128 0x13
 571 009b 02       		.uleb128 0x2
 572 009c 17       		.uleb128 0x17
 573 009d 00       		.byte	0
 574 009e 00       		.byte	0
 575 009f 0C       		.uleb128 0xc
 576 00a0 2E       		.uleb128 0x2e
 577 00a1 01       		.byte	0x1
 578 00a2 3F       		.uleb128 0x3f
 579 00a3 19       		.uleb128 0x19
 580 00a4 03       		.uleb128 0x3
 581 00a5 0E       		.uleb128 0xe
 582 00a6 3A       		.uleb128 0x3a
 583 00a7 0B       		.uleb128 0xb
 584 00a8 3B       		.uleb128 0x3b
 585 00a9 0B       		.uleb128 0xb
 586 00aa 27       		.uleb128 0x27
 587 00ab 19       		.uleb128 0x19
 588 00ac 49       		.uleb128 0x49
 589 00ad 13       		.uleb128 0x13
 590 00ae 11       		.uleb128 0x11
 591 00af 01       		.uleb128 0x1
 592 00b0 12       		.uleb128 0x12
 593 00b1 06       		.uleb128 0x6
 594 00b2 40       		.uleb128 0x40
 595 00b3 18       		.uleb128 0x18
 596 00b4 9742     		.uleb128 0x2117
 597 00b6 19       		.uleb128 0x19
 598 00b7 01       		.uleb128 0x1
 599 00b8 13       		.uleb128 0x13
 600 00b9 00       		.byte	0
 601 00ba 00       		.byte	0
 602 00bb 0D       		.uleb128 0xd
ARM GAS  C:\Users\Dan\AppData\Local\Temp\ccZ4WcyX.s 			page 13


 603 00bc 34       		.uleb128 0x34
 604 00bd 00       		.byte	0
 605 00be 03       		.uleb128 0x3
 606 00bf 0E       		.uleb128 0xe
 607 00c0 3A       		.uleb128 0x3a
 608 00c1 0B       		.uleb128 0xb
 609 00c2 3B       		.uleb128 0x3b
 610 00c3 05       		.uleb128 0x5
 611 00c4 49       		.uleb128 0x49
 612 00c5 13       		.uleb128 0x13
 613 00c6 3F       		.uleb128 0x3f
 614 00c7 19       		.uleb128 0x19
 615 00c8 3C       		.uleb128 0x3c
 616 00c9 19       		.uleb128 0x19
 617 00ca 00       		.byte	0
 618 00cb 00       		.byte	0
 619 00cc 0E       		.uleb128 0xe
 620 00cd 01       		.uleb128 0x1
 621 00ce 01       		.byte	0x1
 622 00cf 49       		.uleb128 0x49
 623 00d0 13       		.uleb128 0x13
 624 00d1 01       		.uleb128 0x1
 625 00d2 13       		.uleb128 0x13
 626 00d3 00       		.byte	0
 627 00d4 00       		.byte	0
 628 00d5 0F       		.uleb128 0xf
 629 00d6 21       		.uleb128 0x21
 630 00d7 00       		.byte	0
 631 00d8 49       		.uleb128 0x49
 632 00d9 13       		.uleb128 0x13
 633 00da 2F       		.uleb128 0x2f
 634 00db 0B       		.uleb128 0xb
 635 00dc 00       		.byte	0
 636 00dd 00       		.byte	0
 637 00de 10       		.uleb128 0x10
 638 00df 34       		.uleb128 0x34
 639 00e0 00       		.byte	0
 640 00e1 03       		.uleb128 0x3
 641 00e2 0E       		.uleb128 0xe
 642 00e3 3A       		.uleb128 0x3a
 643 00e4 0B       		.uleb128 0xb
 644 00e5 3B       		.uleb128 0x3b
 645 00e6 0B       		.uleb128 0xb
 646 00e7 49       		.uleb128 0x49
 647 00e8 13       		.uleb128 0x13
 648 00e9 3F       		.uleb128 0x3f
 649 00ea 19       		.uleb128 0x19
 650 00eb 02       		.uleb128 0x2
 651 00ec 18       		.uleb128 0x18
 652 00ed 00       		.byte	0
 653 00ee 00       		.byte	0
 654 00ef 11       		.uleb128 0x11
 655 00f0 2E       		.uleb128 0x2e
 656 00f1 00       		.byte	0
 657 00f2 3F       		.uleb128 0x3f
 658 00f3 19       		.uleb128 0x19
 659 00f4 3C       		.uleb128 0x3c
ARM GAS  C:\Users\Dan\AppData\Local\Temp\ccZ4WcyX.s 			page 14


 660 00f5 19       		.uleb128 0x19
 661 00f6 6E       		.uleb128 0x6e
 662 00f7 0E       		.uleb128 0xe
 663 00f8 03       		.uleb128 0x3
 664 00f9 0E       		.uleb128 0xe
 665 00fa 3A       		.uleb128 0x3a
 666 00fb 0B       		.uleb128 0xb
 667 00fc 3B       		.uleb128 0x3b
 668 00fd 0B       		.uleb128 0xb
 669 00fe 00       		.byte	0
 670 00ff 00       		.byte	0
 671 0100 00       		.byte	0
 672              		.section	.debug_loc,"",%progbits
 673              	.Ldebug_loc0:
 674              	.LLST0:
 675 0000 00000000 		.4byte	.LVL1
 676 0004 06000000 		.4byte	.LVL2
 677 0008 0100     		.2byte	0x1
 678 000a 50       		.byte	0x50
 679 000b 06000000 		.4byte	.LVL2
 680 000f 14000000 		.4byte	.LFE66
 681 0013 0100     		.2byte	0x1
 682 0015 54       		.byte	0x54
 683 0016 00000000 		.4byte	0
 684 001a 00000000 		.4byte	0
 685              		.section	.debug_aranges,"",%progbits
 686 0000 3C000000 		.4byte	0x3c
 687 0004 0200     		.2byte	0x2
 688 0006 00000000 		.4byte	.Ldebug_info0
 689 000a 04       		.byte	0x4
 690 000b 00       		.byte	0
 691 000c 0000     		.2byte	0
 692 000e 0000     		.2byte	0
 693 0010 00000000 		.4byte	.LFB63
 694 0014 02000000 		.4byte	.LFE63-.LFB63
 695 0018 00000000 		.4byte	.LFB64
 696 001c 30000000 		.4byte	.LFE64-.LFB64
 697 0020 00000000 		.4byte	.LFB65
 698 0024 08000000 		.4byte	.LFE65-.LFB65
 699 0028 00000000 		.4byte	.LFB66
 700 002c 14000000 		.4byte	.LFE66-.LFB66
 701 0030 00000000 		.4byte	.LFB67
 702 0034 08000000 		.4byte	.LFE67-.LFB67
 703 0038 00000000 		.4byte	0
 704 003c 00000000 		.4byte	0
 705              		.section	.debug_ranges,"",%progbits
 706              	.Ldebug_ranges0:
 707 0000 00000000 		.4byte	.LFB63
 708 0004 02000000 		.4byte	.LFE63
 709 0008 00000000 		.4byte	.LFB64
 710 000c 30000000 		.4byte	.LFE64
 711 0010 00000000 		.4byte	.LFB65
 712 0014 08000000 		.4byte	.LFE65
 713 0018 00000000 		.4byte	.LFB66
 714 001c 14000000 		.4byte	.LFE66
 715 0020 00000000 		.4byte	.LFB67
 716 0024 08000000 		.4byte	.LFE67
ARM GAS  C:\Users\Dan\AppData\Local\Temp\ccZ4WcyX.s 			page 15


 717 0028 00000000 		.4byte	0
 718 002c 00000000 		.4byte	0
 719              		.section	.debug_line,"",%progbits
 720              	.Ldebug_line0:
 721 0000 B8010000 		.section	.debug_str,"MS",%progbits,1
 721      02005B01 
 721      00000201 
 721      FB0E0D00 
 721      01010101 
 722              	.LASF25:
 723 0000 54585F48 		.ascii	"TX_HeadPtr\000"
 723      65616450 
 723      747200
 724              	.LASF35:
 725 000b 5345525F 		.ascii	"SER_CheckForRx\000"
 725      43686563 
 725      6B466F72 
 725      527800
 726              	.LASF30:
 727 001a 55415254 		.ascii	"UART_WriteTxData\000"
 727      5F577269 
 727      74655478 
 727      44617461 
 727      00
 728              	.LASF9:
 729 002b 5F5F696E 		.ascii	"__int32_t\000"
 729      7433325F 
 729      7400
 730              	.LASF18:
 731 0035 54585F49 		.ascii	"TX_ISR\000"
 731      535200
 732              	.LASF34:
 733 003c 433A5C44 		.ascii	"C:\\Dan\\Eng Projects\\BP308\\MPG\\ARM Code\\MPG\\M"
 733      616E5C45 
 733      6E672050 
 733      726F6A65 
 733      6374735C 
 734 0068 50475F50 		.ascii	"PG_PSoC.cydsn\000"
 734      536F432E 
 734      63796473 
 734      6E00
 735              	.LASF20:
 736 0076 496E6974 		.ascii	"Init_Serial_IO\000"
 736      5F536572 
 736      69616C5F 
 736      494F00
 737              	.LASF27:
 738 0085 52585F48 		.ascii	"RX_HeadPtr\000"
 738      65616450 
 738      747200
 739              	.LASF12:
 740 0090 666C6F61 		.ascii	"float\000"
 740      7400
 741              	.LASF1:
 742 0096 756E7369 		.ascii	"unsigned char\000"
 742      676E6564 
 742      20636861 
ARM GAS  C:\Users\Dan\AppData\Local\Temp\ccZ4WcyX.s 			page 16


 742      7200
 743              	.LASF32:
 744 00a4 474E5520 		.ascii	"GNU C11 5.4.1 20160609 (release) [ARM/embedded-5-br"
 744      43313120 
 744      352E342E 
 744      31203230 
 744      31363036 
 745 00d7 616E6368 		.ascii	"anch revision 237715] -mcpu=cortex-m3 -mthumb -g -O"
 745      20726576 
 745      6973696F 
 745      6E203233 
 745      37373135 
 746 010a 67202D66 		.ascii	"g -ffunction-sections -ffat-lto-objects\000"
 746      66756E63 
 746      74696F6E 
 746      2D736563 
 746      74696F6E 
 747              	.LASF15:
 748 0132 72656738 		.ascii	"reg8\000"
 748      00
 749              	.LASF5:
 750 0137 6C6F6E67 		.ascii	"long unsigned int\000"
 750      20756E73 
 750      69676E65 
 750      6420696E 
 750      7400
 751              	.LASF24:
 752 0149 52585F42 		.ascii	"RX_BUFF\000"
 752      55464600 
 753              	.LASF3:
 754 0151 73686F72 		.ascii	"short unsigned int\000"
 754      7420756E 
 754      7369676E 
 754      65642069 
 754      6E7400
 755              	.LASF29:
 756 0164 55415254 		.ascii	"UART_Start\000"
 756      5F537461 
 756      727400
 757              	.LASF22:
 758 016f 49544D5F 		.ascii	"ITM_RxBuffer\000"
 758      52784275 
 758      66666572 
 758      00
 759              	.LASF19:
 760 017c 52585F49 		.ascii	"RX_ISR\000"
 760      535200
 761              	.LASF13:
 762 0183 646F7562 		.ascii	"double\000"
 762      6C6500
 763              	.LASF23:
 764 018a 54585F42 		.ascii	"TX_BUFF\000"
 764      55464600 
 765              	.LASF8:
 766 0192 756E7369 		.ascii	"unsigned int\000"
 766      676E6564 
 766      20696E74 
ARM GAS  C:\Users\Dan\AppData\Local\Temp\ccZ4WcyX.s 			page 17


 766      00
 767              	.LASF7:
 768 019f 6C6F6E67 		.ascii	"long long unsigned int\000"
 768      206C6F6E 
 768      6720756E 
 768      7369676E 
 768      65642069 
 769              	.LASF10:
 770 01b6 696E7433 		.ascii	"int32_t\000"
 770      325F7400 
 771              	.LASF33:
 772 01be 53657269 		.ascii	"Serial_IO.c\000"
 772      616C5F49 
 772      4F2E6300 
 773              	.LASF17:
 774 01ca 73697A65 		.ascii	"sizetype\000"
 774      74797065 
 774      00
 775              	.LASF6:
 776 01d3 6C6F6E67 		.ascii	"long long int\000"
 776      206C6F6E 
 776      6720696E 
 776      7400
 777              	.LASF28:
 778 01e1 52585F54 		.ascii	"RX_TailPtr\000"
 778      61696C50 
 778      747200
 779              	.LASF14:
 780 01ec 63686172 		.ascii	"char\000"
 780      00
 781              	.LASF26:
 782 01f1 54585F54 		.ascii	"TX_TailPtr\000"
 782      61696C50 
 782      747200
 783              	.LASF2:
 784 01fc 73686F72 		.ascii	"short int\000"
 784      7420696E 
 784      7400
 785              	.LASF11:
 786 0206 75696E74 		.ascii	"uint8\000"
 786      3800
 787              	.LASF31:
 788 020c 55415254 		.ascii	"UART_GetRxBufferSize\000"
 788      5F476574 
 788      52784275 
 788      66666572 
 788      53697A65 
 789              	.LASF4:
 790 0221 6C6F6E67 		.ascii	"long int\000"
 790      20696E74 
 790      00
 791              	.LASF16:
 792 022a 6C6F6E67 		.ascii	"long double\000"
 792      20646F75 
 792      626C6500 
 793              	.LASF0:
 794 0236 7369676E 		.ascii	"signed char\000"
ARM GAS  C:\Users\Dan\AppData\Local\Temp\ccZ4WcyX.s 			page 18


 794      65642063 
 794      68617200 
 795              	.LASF21:
 796 0242 5345525F 		.ascii	"SER_PutStr\000"
 796      50757453 
 796      747200
 797              		.ident	"GCC: (GNU Tools for ARM Embedded Processors) 5.4.1 20160609 (release) [ARM/embedded-5-bran
