ARM GAS  C:\Users\Dan\AppData\Local\Temp\ccvhdnHc.s 			page 1


   1              		.syntax unified
   2              		.cpu cortex-m3
   3              		.fpu softvfp
   4              		.eabi_attribute 20, 1
   5              		.eabi_attribute 21, 1
   6              		.eabi_attribute 23, 3
   7              		.eabi_attribute 24, 1
   8              		.eabi_attribute 25, 1
   9              		.eabi_attribute 26, 1
  10              		.eabi_attribute 30, 1
  11              		.eabi_attribute 34, 1
  12              		.eabi_attribute 18, 4
  13              		.thumb
  14              		.syntax unified
  15              		.file	"State_Machine.c"
  16              		.text
  17              	.Ltext0:
  18              		.cfi_sections	.debug_frame
  19              		.section	.text.Init_Process,"ax",%progbits
  20              		.align	2
  21              		.global	Init_Process
  22              		.thumb
  23              		.thumb_func
  24              		.type	Init_Process, %function
  25              	Init_Process:
  26              	.LFB64:
  27              		.file 1 "State_Machine.c"
   1:State_Machine.c **** /* ========================================
   2:State_Machine.c ****  *
   3:State_Machine.c ****  * Copyright YOUR COMPANY, THE YEAR
   4:State_Machine.c ****  * All Rights Reserved
   5:State_Machine.c ****  * UNPUBLISHED, LICENSED SOFTWARE.
   6:State_Machine.c ****  *
   7:State_Machine.c ****  * CONFIDENTIAL AND PROPRIETARY INFORMATION
   8:State_Machine.c ****  * WHICH IS THE PROPERTY OF your company.
   9:State_Machine.c ****  *
  10:State_Machine.c ****  * ========================================
  11:State_Machine.c **** */
  12:State_Machine.c **** 
  13:State_Machine.c **** #include "State_Machine.h"
  14:State_Machine.c **** #include "U_HW.h"   // include the hardware communication header file
  15:State_Machine.c **** #include <stdlib.h>
  16:State_Machine.c **** #include <stdint.h>
  17:State_Machine.c **** 
  18:State_Machine.c **** #define NUM_OF_CONCURRENT_STATES 20
  19:State_Machine.c **** 
  20:State_Machine.c **** // State Machine variables
  21:State_Machine.c **** // These are the function pointer tables. The value in the table must be NULL if it is empty
  22:State_Machine.c **** func_ptr FastProcess[NUM_OF_CONCURRENT_STATES] = {NULL};
  23:State_Machine.c **** func_ptr MsProcess[NUM_OF_CONCURRENT_STATES] = {NULL};
  24:State_Machine.c **** func_ptr SlowProcess[NUM_OF_CONCURRENT_STATES] = {NULL};
  25:State_Machine.c **** 
  26:State_Machine.c **** uint8_t SlowTickCnt;
  27:State_Machine.c **** uint8_t SlowProcCnt;
  28:State_Machine.c **** 
  29:State_Machine.c **** extern uint32_t STATUS_FLAG1;
  30:State_Machine.c **** 
ARM GAS  C:\Users\Dan\AppData\Local\Temp\ccvhdnHc.s 			page 2


  31:State_Machine.c **** #define SLOWTICKPERIOD 40
  32:State_Machine.c **** 
  33:State_Machine.c **** // Init_StateMachine - call this function once at the beginning of the program
  34:State_Machine.c **** void Init_StateMachine(void)
  35:State_Machine.c **** {
  36:State_Machine.c ****     SlowTickCnt = SLOWTICKPERIOD;   // Initialize the slow process counter - how many ms for the sl
  37:State_Machine.c ****     SlowProcCnt = 0;
  38:State_Machine.c ****     Init_Process(FastProcess);
  39:State_Machine.c ****     Init_Process(MsProcess);
  40:State_Machine.c ****     Init_Process(SlowProcess);
  41:State_Machine.c ****   
  42:State_Machine.c **** }
  43:State_Machine.c **** // Init_Process -  this fills the process table with Nulls
  44:State_Machine.c **** void Init_Process(func_ptr *function)
  45:State_Machine.c **** {
  28              		.loc 1 45 0
  29              		.cfi_startproc
  30              		@ args = 0, pretend = 0, frame = 0
  31              		@ frame_needed = 0, uses_anonymous_args = 0
  32              		@ link register save eliminated.
  33              	.LVL0:
  34              	.LBB2:
  46:State_Machine.c ****     for(int i = 0; i < NUM_OF_CONCURRENT_STATES; i++)
  35              		.loc 1 46 0
  36 0000 0023     		movs	r3, #0
  37 0002 03E0     		b	.L2
  38              	.LVL1:
  39              	.L3:
  47:State_Machine.c ****     {
  48:State_Machine.c ****         function[i] = NULL;     // fill the process tables with NULL values
  40              		.loc 1 48 0 discriminator 3
  41 0004 0022     		movs	r2, #0
  42 0006 40F82320 		str	r2, [r0, r3, lsl #2]
  46:State_Machine.c ****     for(int i = 0; i < NUM_OF_CONCURRENT_STATES; i++)
  43              		.loc 1 46 0 discriminator 3
  44 000a 0133     		adds	r3, r3, #1
  45              	.LVL2:
  46              	.L2:
  46:State_Machine.c ****     for(int i = 0; i < NUM_OF_CONCURRENT_STATES; i++)
  47              		.loc 1 46 0 is_stmt 0 discriminator 1
  48 000c 132B     		cmp	r3, #19
  49 000e F9DD     		ble	.L3
  50              	.LBE2:
  49:State_Machine.c ****     }
  50:State_Machine.c **** }
  51              		.loc 1 50 0 is_stmt 1
  52 0010 7047     		bx	lr
  53              		.cfi_endproc
  54              	.LFE64:
  55              		.size	Init_Process, .-Init_Process
  56 0012 00BF     		.section	.text.Init_StateMachine,"ax",%progbits
  57              		.align	2
  58              		.global	Init_StateMachine
  59              		.thumb
  60              		.thumb_func
  61              		.type	Init_StateMachine, %function
  62              	Init_StateMachine:
ARM GAS  C:\Users\Dan\AppData\Local\Temp\ccvhdnHc.s 			page 3


  63              	.LFB63:
  35:State_Machine.c ****     SlowTickCnt = SLOWTICKPERIOD;   // Initialize the slow process counter - how many ms for the sl
  64              		.loc 1 35 0
  65              		.cfi_startproc
  66              		@ args = 0, pretend = 0, frame = 0
  67              		@ frame_needed = 0, uses_anonymous_args = 0
  68 0000 10B5     		push	{r4, lr}
  69              		.cfi_def_cfa_offset 8
  70              		.cfi_offset 4, -8
  71              		.cfi_offset 14, -4
  36:State_Machine.c ****     SlowProcCnt = 0;
  72              		.loc 1 36 0
  73 0002 2822     		movs	r2, #40
  74 0004 084B     		ldr	r3, .L6
  75 0006 1A70     		strb	r2, [r3]
  37:State_Machine.c ****     Init_Process(FastProcess);
  76              		.loc 1 37 0
  77 0008 0022     		movs	r2, #0
  78 000a 084B     		ldr	r3, .L6+4
  79 000c 1A70     		strb	r2, [r3]
  38:State_Machine.c ****     Init_Process(MsProcess);
  80              		.loc 1 38 0
  81 000e 084C     		ldr	r4, .L6+8
  82 0010 2046     		mov	r0, r4
  83 0012 FFF7FEFF 		bl	Init_Process
  84              	.LVL3:
  39:State_Machine.c ****     Init_Process(SlowProcess);
  85              		.loc 1 39 0
  86 0016 04F15000 		add	r0, r4, #80
  87 001a FFF7FEFF 		bl	Init_Process
  88              	.LVL4:
  40:State_Machine.c ****   
  89              		.loc 1 40 0
  90 001e 04F1A000 		add	r0, r4, #160
  91 0022 FFF7FEFF 		bl	Init_Process
  92              	.LVL5:
  93 0026 10BD     		pop	{r4, pc}
  94              	.L7:
  95              		.align	2
  96              	.L6:
  97 0028 00000000 		.word	SlowTickCnt
  98 002c 00000000 		.word	SlowProcCnt
  99 0030 00000000 		.word	.LANCHOR0
 100              		.cfi_endproc
 101              	.LFE63:
 102              		.size	Init_StateMachine, .-Init_StateMachine
 103              		.section	.text.Add_Process,"ax",%progbits
 104              		.align	2
 105              		.global	Add_Process
 106              		.thumb
 107              		.thumb_func
 108              		.type	Add_Process, %function
 109              	Add_Process:
 110              	.LFB65:
  51:State_Machine.c **** 
  52:State_Machine.c **** // Add_Process
  53:State_Machine.c **** // adds a process to the state machine
ARM GAS  C:\Users\Dan\AppData\Local\Temp\ccvhdnHc.s 			page 4


  54:State_Machine.c **** int Add_Process(func_ptr *function, func_ptr process)
  55:State_Machine.c **** {
 111              		.loc 1 55 0
 112              		.cfi_startproc
 113              		@ args = 0, pretend = 0, frame = 0
 114              		@ frame_needed = 0, uses_anonymous_args = 0
 115              	.LVL6:
 116 0000 10B5     		push	{r4, lr}
 117              		.cfi_def_cfa_offset 8
 118              		.cfi_offset 4, -8
 119              		.cfi_offset 14, -4
 120              	.LVL7:
  56:State_Machine.c ****     uint32 fCnt;
  57:State_Machine.c ****     for(fCnt = 0; function[fCnt]; fCnt++)
 121              		.loc 1 57 0
 122 0002 0023     		movs	r3, #0
 123 0004 08E0     		b	.L9
 124              	.LVL8:
 125              	.L12:
  58:State_Machine.c ****     {
  59:State_Machine.c ****         if(fCnt >= NUM_OF_CONCURRENT_STATES -1)
 126              		.loc 1 59 0
 127 0006 122B     		cmp	r3, #18
 128 0008 05D9     		bls	.L10
  60:State_Machine.c ****         {
  61:State_Machine.c ****             PutStr("\rToo Many Processes\r");
 129              		.loc 1 61 0
 130 000a 0848     		ldr	r0, .L14
 131              	.LVL9:
 132 000c FFF7FEFF 		bl	USB_PutString
 133              	.LVL10:
  62:State_Machine.c ****             return -1;
 134              		.loc 1 62 0
 135 0010 4FF0FF30 		mov	r0, #-1
 136 0014 10BD     		pop	{r4, pc}
 137              	.LVL11:
 138              	.L10:
  57:State_Machine.c ****     {
 139              		.loc 1 57 0 discriminator 2
 140 0016 0133     		adds	r3, r3, #1
 141              	.LVL12:
 142              	.L9:
  57:State_Machine.c ****     {
 143              		.loc 1 57 0 is_stmt 0 discriminator 1
 144 0018 00EB8304 		add	r4, r0, r3, lsl #2
 145 001c 50F82320 		ldr	r2, [r0, r3, lsl #2]
 146 0020 002A     		cmp	r2, #0
 147 0022 F0D1     		bne	.L12
  63:State_Machine.c ****         }
  64:State_Machine.c ****     }
  65:State_Machine.c ****     function[fCnt] = process;
 148              		.loc 1 65 0 is_stmt 1
 149 0024 2160     		str	r1, [r4]
  66:State_Machine.c ****     return 0;
 150              		.loc 1 66 0
 151 0026 0020     		movs	r0, #0
 152              	.LVL13:
ARM GAS  C:\Users\Dan\AppData\Local\Temp\ccvhdnHc.s 			page 5


  67:State_Machine.c **** }
 153              		.loc 1 67 0
 154 0028 10BD     		pop	{r4, pc}
 155              	.L15:
 156 002a 00BF     		.align	2
 157              	.L14:
 158 002c 00000000 		.word	.LC0
 159              		.cfi_endproc
 160              	.LFE65:
 161              		.size	Add_Process, .-Add_Process
 162              		.section	.text.Del_Process,"ax",%progbits
 163              		.align	2
 164              		.global	Del_Process
 165              		.thumb
 166              		.thumb_func
 167              		.type	Del_Process, %function
 168              	Del_Process:
 169              	.LFB66:
  68:State_Machine.c **** 
  69:State_Machine.c **** void Del_Process(func_ptr *function, func_ptr process)
  70:State_Machine.c **** {
 170              		.loc 1 70 0
 171              		.cfi_startproc
 172              		@ args = 0, pretend = 0, frame = 0
 173              		@ frame_needed = 0, uses_anonymous_args = 0
 174              		@ link register save eliminated.
 175              	.LVL14:
  71:State_Machine.c ****     uint32 fCnt = 0;
  72:State_Machine.c ****     if(function[fCnt] == NULL) return; // if there are no processes running then return
 176              		.loc 1 72 0
 177 0000 0368     		ldr	r3, [r0]
 178 0002 9BB1     		cbz	r3, .L16
 179 0004 0023     		movs	r3, #0
 180 0006 04E0     		b	.L18
 181              	.LVL15:
 182              	.L20:
  73:State_Machine.c **** 
  74:State_Machine.c ****     while (fCnt < NUM_OF_CONCURRENT_STATES -1)  // has to be -1 here!!!
  75:State_Machine.c ****     {
  76:State_Machine.c ****         if(function[fCnt] == process) 
 183              		.loc 1 76 0
 184 0008 50F82320 		ldr	r2, [r0, r3, lsl #2]
 185 000c 8A42     		cmp	r2, r1
 186 000e 08D0     		beq	.L19
  77:State_Machine.c ****         {
  78:State_Machine.c ****             break;  // when it finds the process in the process array then break out of the while l
  79:State_Machine.c ****                     // and shift the rest of the processes up one position - this will only delete 
  80:State_Machine.c ****                     // first instance of a running process
  81:State_Machine.c ****         } 
  82:State_Machine.c ****         fCnt++;
 187              		.loc 1 82 0
 188 0010 0133     		adds	r3, r3, #1
 189              	.LVL16:
 190              	.L18:
  74:State_Machine.c ****     {
 191              		.loc 1 74 0
 192 0012 122B     		cmp	r3, #18
ARM GAS  C:\Users\Dan\AppData\Local\Temp\ccvhdnHc.s 			page 6


 193 0014 F8D9     		bls	.L20
 194 0016 04E0     		b	.L19
 195              	.LVL17:
 196              	.L21:
  83:State_Machine.c ****     }
  84:State_Machine.c ****     while (fCnt < NUM_OF_CONCURRENT_STATES -1)
  85:State_Machine.c ****     {
  86:State_Machine.c ****         function[fCnt] = function[fCnt+1];
 197              		.loc 1 86 0
 198 0018 9A00     		lsls	r2, r3, #2
 199 001a 0133     		adds	r3, r3, #1
 200              	.LVL18:
 201 001c 50F82310 		ldr	r1, [r0, r3, lsl #2]
 202 0020 8150     		str	r1, [r0, r2]
 203              	.LVL19:
 204              	.L19:
  84:State_Machine.c ****     {
 205              		.loc 1 84 0
 206 0022 122B     		cmp	r3, #18
 207 0024 F8D9     		bls	.L21
  87:State_Machine.c ****         fCnt++;
  88:State_Machine.c ****     }
  89:State_Machine.c ****     function[fCnt] = NULL;      // always end with a NULL in the last place! - because we took some
 208              		.loc 1 89 0
 209 0026 0022     		movs	r2, #0
 210 0028 40F82320 		str	r2, [r0, r3, lsl #2]
 211              	.LVL20:
 212              	.L16:
 213 002c 7047     		bx	lr
 214              		.cfi_endproc
 215              	.LFE66:
 216              		.size	Del_Process, .-Del_Process
 217 002e 00BF     		.section	.text.Process_Running,"ax",%progbits
 218              		.align	2
 219              		.global	Process_Running
 220              		.thumb
 221              		.thumb_func
 222              		.type	Process_Running, %function
 223              	Process_Running:
 224              	.LFB67:
  90:State_Machine.c **** }
  91:State_Machine.c **** 
  92:State_Machine.c **** 
  93:State_Machine.c **** // Process_Running - returns a 1 (true) if the process is found in the process list otherwise it re
  94:State_Machine.c **** unsigned char Process_Running(func_ptr *function, func_ptr process)
  95:State_Machine.c **** {
 225              		.loc 1 95 0
 226              		.cfi_startproc
 227              		@ args = 0, pretend = 0, frame = 0
 228              		@ frame_needed = 0, uses_anonymous_args = 0
 229              		@ link register save eliminated.
 230              	.LVL21:
  96:State_Machine.c ****     uint32 fCnt = 0;
 231              		.loc 1 96 0
 232 0000 0023     		movs	r3, #0
  97:State_Machine.c ****     while(fCnt < NUM_OF_CONCURRENT_STATES -1)
 233              		.loc 1 97 0
ARM GAS  C:\Users\Dan\AppData\Local\Temp\ccvhdnHc.s 			page 7


 234 0002 05E0     		b	.L23
 235              	.LVL22:
 236              	.L25:
  98:State_Machine.c ****     {
  99:State_Machine.c ****         if (function[fCnt] == process) return 1;
 237              		.loc 1 99 0
 238 0004 50F82320 		ldr	r2, [r0, r3, lsl #2]
 239 0008 8A42     		cmp	r2, r1
 240 000a 05D0     		beq	.L26
 100:State_Machine.c ****         if (function[fCnt] == NULL) return 0;
 241              		.loc 1 100 0
 242 000c 32B1     		cbz	r2, .L27
 101:State_Machine.c ****         fCnt++;
 243              		.loc 1 101 0
 244 000e 0133     		adds	r3, r3, #1
 245              	.LVL23:
 246              	.L23:
  97:State_Machine.c ****     {
 247              		.loc 1 97 0
 248 0010 122B     		cmp	r3, #18
 249 0012 F7D9     		bls	.L25
 102:State_Machine.c ****     }
 103:State_Machine.c ****     return 0;
 250              		.loc 1 103 0
 251 0014 0020     		movs	r0, #0
 252              	.LVL24:
 253 0016 7047     		bx	lr
 254              	.LVL25:
 255              	.L26:
  99:State_Machine.c ****         if (function[fCnt] == NULL) return 0;
 256              		.loc 1 99 0
 257 0018 0120     		movs	r0, #1
 258              	.LVL26:
 259 001a 7047     		bx	lr
 260              	.LVL27:
 261              	.L27:
 100:State_Machine.c ****         fCnt++;
 262              		.loc 1 100 0
 263 001c 0020     		movs	r0, #0
 264              	.LVL28:
 104:State_Machine.c ****         
 105:State_Machine.c **** }
 265              		.loc 1 105 0
 266 001e 7047     		bx	lr
 267              		.cfi_endproc
 268              	.LFE67:
 269              		.size	Process_Running, .-Process_Running
 270              		.section	.text.State_Machine,"ax",%progbits
 271              		.align	2
 272              		.global	State_Machine
 273              		.thumb
 274              		.thumb_func
 275              		.type	State_Machine, %function
 276              	State_Machine:
 277              	.LFB68:
 106:State_Machine.c **** 
 107:State_Machine.c **** void State_Machine(void)
ARM GAS  C:\Users\Dan\AppData\Local\Temp\ccvhdnHc.s 			page 8


 108:State_Machine.c **** {
 278              		.loc 1 108 0
 279              		.cfi_startproc
 280              		@ args = 0, pretend = 0, frame = 0
 281              		@ frame_needed = 0, uses_anonymous_args = 0
 282 0000 10B5     		push	{r4, lr}
 283              		.cfi_def_cfa_offset 8
 284              		.cfi_offset 4, -8
 285              		.cfi_offset 14, -4
 286              	.LVL29:
 287              	.LBB3:
 109:State_Machine.c ****     for(uint8_t i = 0; FastProcess[i];(*FastProcess[i++])());    // call all the fast processes!
 288              		.loc 1 109 0
 289 0002 0024     		movs	r4, #0
 290 0004 02E0     		b	.L29
 291              	.LVL30:
 292              	.L30:
 293              		.loc 1 109 0 is_stmt 0 discriminator 3
 294 0006 0134     		adds	r4, r4, #1
 295              	.LVL31:
 296 0008 E4B2     		uxtb	r4, r4
 297              	.LVL32:
 298 000a 9847     		blx	r3
 299              	.LVL33:
 300              	.L29:
 301              		.loc 1 109 0 discriminator 1
 302 000c 164B     		ldr	r3, .L36
 303 000e 53F82430 		ldr	r3, [r3, r4, lsl #2]
 304 0012 002B     		cmp	r3, #0
 305 0014 F7D1     		bne	.L30
 306              	.LBE3:
 110:State_Machine.c ****     
 111:State_Machine.c ****     // Ms Processes caller
 112:State_Machine.c ****     
 113:State_Machine.c **** //    if((STATUS_FLAG1 & (1 << MS_TICK)) != 0)    // if the MS_TICK flag is set.
 114:State_Machine.c ****     if(Get_FLAG(MS_TICK) !=0)
 307              		.loc 1 114 0 is_stmt 1
 308 0016 154B     		ldr	r3, .L36+4
 309 0018 1B68     		ldr	r3, [r3]
 310 001a 23B3     		cbz	r3, .L28
 115:State_Machine.c ****     {
 116:State_Machine.c ****         // STATUS_FLAG1 &= ~(1 << MS_TICK);    // clear the MS_TICK Flag
 117:State_Machine.c ****         Clr_FLAG(MS_TICK);
 311              		.loc 1 117 0
 312 001c 0024     		movs	r4, #0
 313              	.LVL34:
 314 001e 134B     		ldr	r3, .L36+4
 315 0020 1C60     		str	r4, [r3]
 316              	.LVL35:
 317              	.LBB4:
 118:State_Machine.c ****         
 119:State_Machine.c **** 
 120:State_Machine.c ****         
 121:State_Machine.c ****         
 122:State_Machine.c ****         for(uint8_t j = 0; MsProcess[j];(*MsProcess[j++])());
 318              		.loc 1 122 0
 319 0022 02E0     		b	.L32
ARM GAS  C:\Users\Dan\AppData\Local\Temp\ccvhdnHc.s 			page 9


 320              	.LVL36:
 321              	.L33:
 322              		.loc 1 122 0 is_stmt 0 discriminator 3
 323 0024 0134     		adds	r4, r4, #1
 324              	.LVL37:
 325 0026 E4B2     		uxtb	r4, r4
 326              	.LVL38:
 327 0028 9847     		blx	r3
 328              	.LVL39:
 329              	.L32:
 330              		.loc 1 122 0 discriminator 1
 331 002a 0F4B     		ldr	r3, .L36
 332 002c 03EB8403 		add	r3, r3, r4, lsl #2
 333 0030 1B6D     		ldr	r3, [r3, #80]
 334 0032 002B     		cmp	r3, #0
 335 0034 F6D1     		bne	.L33
 336              	.LBE4:
 123:State_Machine.c ****         if(-- SlowTickCnt == 0)
 337              		.loc 1 123 0 is_stmt 1
 338 0036 0E4A     		ldr	r2, .L36+8
 339 0038 1378     		ldrb	r3, [r2]	@ zero_extendqisi2
 340 003a 013B     		subs	r3, r3, #1
 341 003c DBB2     		uxtb	r3, r3
 342 003e 1370     		strb	r3, [r2]
 343 0040 8BB9     		cbnz	r3, .L28
 124:State_Machine.c ****         {
 125:State_Machine.c ****             SlowTickCnt = SLOWTICKPERIOD;
 344              		.loc 1 125 0
 345 0042 2822     		movs	r2, #40
 346 0044 0A4B     		ldr	r3, .L36+8
 347 0046 1A70     		strb	r2, [r3]
 126:State_Machine.c ****             if(SlowProcess[SlowProcCnt] == NULL)
 348              		.loc 1 126 0
 349 0048 0A4B     		ldr	r3, .L36+12
 350 004a 1B78     		ldrb	r3, [r3]	@ zero_extendqisi2
 351 004c 064A     		ldr	r2, .L36
 352 004e 02EB8302 		add	r2, r2, r3, lsl #2
 353 0052 D2F8A020 		ldr	r2, [r2, #160]
 354 0056 12B9     		cbnz	r2, .L34
 127:State_Machine.c ****             {
 128:State_Machine.c ****                 SlowProcCnt = 0;
 355              		.loc 1 128 0
 356 0058 064B     		ldr	r3, .L36+12
 357 005a 1A70     		strb	r2, [r3]
 129:State_Machine.c ****                 return;
 358              		.loc 1 129 0
 359 005c 10BD     		pop	{r4, pc}
 360              	.LVL40:
 361              	.L34:
 130:State_Machine.c ****             }
 131:State_Machine.c ****             (*SlowProcess[SlowProcCnt++])();
 362              		.loc 1 131 0
 363 005e 0133     		adds	r3, r3, #1
 364 0060 0449     		ldr	r1, .L36+12
 365 0062 0B70     		strb	r3, [r1]
 366 0064 9047     		blx	r2
 367              	.LVL41:
ARM GAS  C:\Users\Dan\AppData\Local\Temp\ccvhdnHc.s 			page 10


 368              	.L28:
 369 0066 10BD     		pop	{r4, pc}
 370              	.L37:
 371              		.align	2
 372              	.L36:
 373 0068 00000000 		.word	.LANCHOR0
 374 006c 80FD0F22 		.word	571473280
 375 0070 00000000 		.word	SlowTickCnt
 376 0074 00000000 		.word	SlowProcCnt
 377              		.cfi_endproc
 378              	.LFE68:
 379              		.size	State_Machine, .-State_Machine
 380              		.comm	SlowProcCnt,1,1
 381              		.comm	SlowTickCnt,1,1
 382              		.global	SlowProcess
 383              		.global	MsProcess
 384              		.global	FastProcess
 385              		.section	.rodata.str1.4,"aMS",%progbits,1
 386              		.align	2
 387              	.LC0:
 388 0000 0D546F6F 		.ascii	"\015Too Many Processes\015\000"
 388      204D616E 
 388      79205072 
 388      6F636573 
 388      7365730D 
 389              		.bss
 390              		.align	2
 391              		.set	.LANCHOR0,. + 0
 392              		.type	FastProcess, %object
 393              		.size	FastProcess, 80
 394              	FastProcess:
 395 0000 00000000 		.space	80
 395      00000000 
 395      00000000 
 395      00000000 
 395      00000000 
 396              		.type	MsProcess, %object
 397              		.size	MsProcess, 80
 398              	MsProcess:
 399 0050 00000000 		.space	80
 399      00000000 
 399      00000000 
 399      00000000 
 399      00000000 
 400              		.type	SlowProcess, %object
 401              		.size	SlowProcess, 80
 402              	SlowProcess:
 403 00a0 00000000 		.space	80
 403      00000000 
 403      00000000 
 403      00000000 
 403      00000000 
 404              		.text
 405              	.Letext0:
 406              		.file 2 "State_Machine.h"
 407              		.file 3 "c:\\program files (x86)\\cypress\\psoc creator\\4.2\\psoc creator\\import\\gnu\\arm\\5.4.
 408              		.file 4 "c:\\program files (x86)\\cypress\\psoc creator\\4.2\\psoc creator\\import\\gnu\\arm\\5.4.
ARM GAS  C:\Users\Dan\AppData\Local\Temp\ccvhdnHc.s 			page 11


 409              		.file 5 "Generated_Source\\PSoC5/cytypes.h"
 410              		.file 6 "Generated_Source\\PSoC5/core_cm3.h"
 411              		.file 7 "U_HW.h"
 412              		.section	.debug_info,"",%progbits
 413              	.Ldebug_info0:
 414 0000 0E030000 		.4byte	0x30e
 415 0004 0400     		.2byte	0x4
 416 0006 00000000 		.4byte	.Ldebug_abbrev0
 417 000a 04       		.byte	0x4
 418 000b 01       		.uleb128 0x1
 419 000c 90000000 		.4byte	.LASF35
 420 0010 0C       		.byte	0xc
 421 0011 00000000 		.4byte	.LASF36
 422 0015 24000000 		.4byte	.LASF37
 423 0019 00000000 		.4byte	.Ldebug_ranges0+0
 424 001d 00000000 		.4byte	0
 425 0021 00000000 		.4byte	.Ldebug_line0
 426 0025 02       		.uleb128 0x2
 427 0026 5E000000 		.4byte	.LASF0
 428 002a 02       		.byte	0x2
 429 002b 10       		.byte	0x10
 430 002c 30000000 		.4byte	0x30
 431 0030 03       		.uleb128 0x3
 432 0031 04       		.byte	0x4
 433 0032 36000000 		.4byte	0x36
 434 0036 04       		.uleb128 0x4
 435 0037 05       		.uleb128 0x5
 436 0038 01       		.byte	0x1
 437 0039 06       		.byte	0x6
 438 003a B2010000 		.4byte	.LASF2
 439 003e 02       		.uleb128 0x2
 440 003f 10000000 		.4byte	.LASF1
 441 0043 03       		.byte	0x3
 442 0044 1D       		.byte	0x1d
 443 0045 49000000 		.4byte	0x49
 444 0049 05       		.uleb128 0x5
 445 004a 01       		.byte	0x1
 446 004b 08       		.byte	0x8
 447 004c 82000000 		.4byte	.LASF3
 448 0050 05       		.uleb128 0x5
 449 0051 02       		.byte	0x2
 450 0052 05       		.byte	0x5
 451 0053 1F020000 		.4byte	.LASF4
 452 0057 05       		.uleb128 0x5
 453 0058 02       		.byte	0x2
 454 0059 07       		.byte	0x7
 455 005a 30010000 		.4byte	.LASF5
 456 005e 02       		.uleb128 0x2
 457 005f 1A000000 		.4byte	.LASF6
 458 0063 03       		.byte	0x3
 459 0064 3F       		.byte	0x3f
 460 0065 69000000 		.4byte	0x69
 461 0069 05       		.uleb128 0x5
 462 006a 04       		.byte	0x4
 463 006b 05       		.byte	0x5
 464 006c 4D020000 		.4byte	.LASF7
 465 0070 05       		.uleb128 0x5
ARM GAS  C:\Users\Dan\AppData\Local\Temp\ccvhdnHc.s 			page 12


 466 0071 04       		.byte	0x4
 467 0072 07       		.byte	0x7
 468 0073 1E010000 		.4byte	.LASF8
 469 0077 05       		.uleb128 0x5
 470 0078 08       		.byte	0x8
 471 0079 05       		.byte	0x5
 472 007a EA010000 		.4byte	.LASF9
 473 007e 05       		.uleb128 0x5
 474 007f 08       		.byte	0x8
 475 0080 07       		.byte	0x7
 476 0081 93010000 		.4byte	.LASF10
 477 0085 06       		.uleb128 0x6
 478 0086 04       		.byte	0x4
 479 0087 05       		.byte	0x5
 480 0088 696E7400 		.ascii	"int\000"
 481 008c 05       		.uleb128 0x5
 482 008d 04       		.byte	0x4
 483 008e 07       		.byte	0x7
 484 008f 86010000 		.4byte	.LASF11
 485 0093 02       		.uleb128 0x2
 486 0094 AA010000 		.4byte	.LASF12
 487 0098 04       		.byte	0x4
 488 0099 18       		.byte	0x18
 489 009a 3E000000 		.4byte	0x3e
 490 009e 02       		.uleb128 0x2
 491 009f BE010000 		.4byte	.LASF13
 492 00a3 04       		.byte	0x4
 493 00a4 2C       		.byte	0x2c
 494 00a5 5E000000 		.4byte	0x5e
 495 00a9 07       		.uleb128 0x7
 496 00aa 7F010000 		.4byte	.LASF14
 497 00ae 05       		.byte	0x5
 498 00af E601     		.2byte	0x1e6
 499 00b1 70000000 		.4byte	0x70
 500 00b5 05       		.uleb128 0x5
 501 00b6 04       		.byte	0x4
 502 00b7 04       		.byte	0x4
 503 00b8 67000000 		.4byte	.LASF15
 504 00bc 05       		.uleb128 0x5
 505 00bd 08       		.byte	0x8
 506 00be 04       		.byte	0x4
 507 00bf 5E010000 		.4byte	.LASF16
 508 00c3 05       		.uleb128 0x5
 509 00c4 01       		.byte	0x1
 510 00c5 08       		.byte	0x8
 511 00c6 01020000 		.4byte	.LASF17
 512 00ca 05       		.uleb128 0x5
 513 00cb 08       		.byte	0x8
 514 00cc 04       		.byte	0x4
 515 00cd 56020000 		.4byte	.LASF18
 516 00d1 05       		.uleb128 0x5
 517 00d2 04       		.byte	0x4
 518 00d3 07       		.byte	0x7
 519 00d4 F8010000 		.4byte	.LASF19
 520 00d8 08       		.uleb128 0x8
 521 00d9 12020000 		.4byte	.LASF20
 522 00dd 01       		.byte	0x1
ARM GAS  C:\Users\Dan\AppData\Local\Temp\ccvhdnHc.s 			page 13


 523 00de 2C       		.byte	0x2c
 524 00df 00000000 		.4byte	.LFB64
 525 00e3 12000000 		.4byte	.LFE64-.LFB64
 526 00e7 01       		.uleb128 0x1
 527 00e8 9C       		.byte	0x9c
 528 00e9 12010000 		.4byte	0x112
 529 00ed 09       		.uleb128 0x9
 530 00ee 6E020000 		.4byte	.LASF22
 531 00f2 01       		.byte	0x1
 532 00f3 2C       		.byte	0x2c
 533 00f4 12010000 		.4byte	0x112
 534 00f8 01       		.uleb128 0x1
 535 00f9 50       		.byte	0x50
 536 00fa 0A       		.uleb128 0xa
 537 00fb 00000000 		.4byte	.LBB2
 538 00ff 10000000 		.4byte	.LBE2-.LBB2
 539 0103 0B       		.uleb128 0xb
 540 0104 6900     		.ascii	"i\000"
 541 0106 01       		.byte	0x1
 542 0107 2E       		.byte	0x2e
 543 0108 85000000 		.4byte	0x85
 544 010c 00000000 		.4byte	.LLST0
 545 0110 00       		.byte	0
 546 0111 00       		.byte	0
 547 0112 03       		.uleb128 0x3
 548 0113 04       		.byte	0x4
 549 0114 25000000 		.4byte	0x25
 550 0118 08       		.uleb128 0x8
 551 0119 C6010000 		.4byte	.LASF21
 552 011d 01       		.byte	0x1
 553 011e 22       		.byte	0x22
 554 011f 00000000 		.4byte	.LFB63
 555 0123 34000000 		.4byte	.LFE63-.LFB63
 556 0127 01       		.uleb128 0x1
 557 0128 9C       		.byte	0x9c
 558 0129 68010000 		.4byte	0x168
 559 012d 0C       		.uleb128 0xc
 560 012e 16000000 		.4byte	.LVL3
 561 0132 D8000000 		.4byte	0xd8
 562 0136 41010000 		.4byte	0x141
 563 013a 0D       		.uleb128 0xd
 564 013b 01       		.uleb128 0x1
 565 013c 50       		.byte	0x50
 566 013d 02       		.uleb128 0x2
 567 013e 74       		.byte	0x74
 568 013f 00       		.sleb128 0
 569 0140 00       		.byte	0
 570 0141 0C       		.uleb128 0xc
 571 0142 1E000000 		.4byte	.LVL4
 572 0146 D8000000 		.4byte	0xd8
 573 014a 56010000 		.4byte	0x156
 574 014e 0D       		.uleb128 0xd
 575 014f 01       		.uleb128 0x1
 576 0150 50       		.byte	0x50
 577 0151 03       		.uleb128 0x3
 578 0152 74       		.byte	0x74
 579 0153 D000     		.sleb128 80
ARM GAS  C:\Users\Dan\AppData\Local\Temp\ccvhdnHc.s 			page 14


 580 0155 00       		.byte	0
 581 0156 0E       		.uleb128 0xe
 582 0157 26000000 		.4byte	.LVL5
 583 015b D8000000 		.4byte	0xd8
 584 015f 0D       		.uleb128 0xd
 585 0160 01       		.uleb128 0x1
 586 0161 50       		.byte	0x50
 587 0162 03       		.uleb128 0x3
 588 0163 74       		.byte	0x74
 589 0164 A001     		.sleb128 160
 590 0166 00       		.byte	0
 591 0167 00       		.byte	0
 592 0168 0F       		.uleb128 0xf
 593 0169 35020000 		.4byte	.LASF26
 594 016d 01       		.byte	0x1
 595 016e 36       		.byte	0x36
 596 016f 85000000 		.4byte	0x85
 597 0173 00000000 		.4byte	.LFB65
 598 0177 30000000 		.4byte	.LFE65-.LFB65
 599 017b 01       		.uleb128 0x1
 600 017c 9C       		.byte	0x9c
 601 017d C2010000 		.4byte	0x1c2
 602 0181 10       		.uleb128 0x10
 603 0182 6E020000 		.4byte	.LASF22
 604 0186 01       		.byte	0x1
 605 0187 36       		.byte	0x36
 606 0188 12010000 		.4byte	0x112
 607 018c 1F000000 		.4byte	.LLST1
 608 0190 10       		.uleb128 0x10
 609 0191 E2010000 		.4byte	.LASF23
 610 0195 01       		.byte	0x1
 611 0196 36       		.byte	0x36
 612 0197 25000000 		.4byte	0x25
 613 019b 59000000 		.4byte	.LLST2
 614 019f 11       		.uleb128 0x11
 615 01a0 7D000000 		.4byte	.LASF24
 616 01a4 01       		.byte	0x1
 617 01a5 38       		.byte	0x38
 618 01a6 A9000000 		.4byte	0xa9
 619 01aa 85000000 		.4byte	.LLST3
 620 01ae 0E       		.uleb128 0xe
 621 01af 10000000 		.4byte	.LVL10
 622 01b3 06030000 		.4byte	0x306
 623 01b7 0D       		.uleb128 0xd
 624 01b8 01       		.uleb128 0x1
 625 01b9 50       		.byte	0x50
 626 01ba 05       		.uleb128 0x5
 627 01bb 03       		.byte	0x3
 628 01bc 00000000 		.4byte	.LC0
 629 01c0 00       		.byte	0
 630 01c1 00       		.byte	0
 631 01c2 08       		.uleb128 0x8
 632 01c3 41020000 		.4byte	.LASF25
 633 01c7 01       		.byte	0x1
 634 01c8 45       		.byte	0x45
 635 01c9 00000000 		.4byte	.LFB66
 636 01cd 2E000000 		.4byte	.LFE66-.LFB66
ARM GAS  C:\Users\Dan\AppData\Local\Temp\ccvhdnHc.s 			page 15


 637 01d1 01       		.uleb128 0x1
 638 01d2 9C       		.byte	0x9c
 639 01d3 03020000 		.4byte	0x203
 640 01d7 09       		.uleb128 0x9
 641 01d8 6E020000 		.4byte	.LASF22
 642 01dc 01       		.byte	0x1
 643 01dd 45       		.byte	0x45
 644 01de 12010000 		.4byte	0x112
 645 01e2 01       		.uleb128 0x1
 646 01e3 50       		.byte	0x50
 647 01e4 10       		.uleb128 0x10
 648 01e5 E2010000 		.4byte	.LASF23
 649 01e9 01       		.byte	0x1
 650 01ea 45       		.byte	0x45
 651 01eb 25000000 		.4byte	0x25
 652 01ef AF000000 		.4byte	.LLST4
 653 01f3 11       		.uleb128 0x11
 654 01f4 7D000000 		.4byte	.LASF24
 655 01f8 01       		.byte	0x1
 656 01f9 47       		.byte	0x47
 657 01fa A9000000 		.4byte	0xa9
 658 01fe D0000000 		.4byte	.LLST5
 659 0202 00       		.byte	0
 660 0203 0F       		.uleb128 0xf
 661 0204 6D000000 		.4byte	.LASF27
 662 0208 01       		.byte	0x1
 663 0209 5E       		.byte	0x5e
 664 020a 49000000 		.4byte	0x49
 665 020e 00000000 		.4byte	.LFB67
 666 0212 20000000 		.4byte	.LFE67-.LFB67
 667 0216 01       		.uleb128 0x1
 668 0217 9C       		.byte	0x9c
 669 0218 48020000 		.4byte	0x248
 670 021c 10       		.uleb128 0x10
 671 021d 6E020000 		.4byte	.LASF22
 672 0221 01       		.byte	0x1
 673 0222 5E       		.byte	0x5e
 674 0223 12010000 		.4byte	0x112
 675 0227 07010000 		.4byte	.LLST6
 676 022b 09       		.uleb128 0x9
 677 022c E2010000 		.4byte	.LASF23
 678 0230 01       		.byte	0x1
 679 0231 5E       		.byte	0x5e
 680 0232 25000000 		.4byte	0x25
 681 0236 01       		.uleb128 0x1
 682 0237 51       		.byte	0x51
 683 0238 11       		.uleb128 0x11
 684 0239 7D000000 		.4byte	.LASF24
 685 023d 01       		.byte	0x1
 686 023e 60       		.byte	0x60
 687 023f A9000000 		.4byte	0xa9
 688 0243 5A010000 		.4byte	.LLST7
 689 0247 00       		.byte	0
 690 0248 12       		.uleb128 0x12
 691 0249 50010000 		.4byte	.LASF28
 692 024d 01       		.byte	0x1
 693 024e 6B       		.byte	0x6b
ARM GAS  C:\Users\Dan\AppData\Local\Temp\ccvhdnHc.s 			page 16


 694 024f 00000000 		.4byte	.LFB68
 695 0253 78000000 		.4byte	.LFE68-.LFB68
 696 0257 01       		.uleb128 0x1
 697 0258 9C       		.byte	0x9c
 698 0259 90020000 		.4byte	0x290
 699 025d 13       		.uleb128 0x13
 700 025e 02000000 		.4byte	.LBB3
 701 0262 14000000 		.4byte	.LBE3-.LBB3
 702 0266 78020000 		.4byte	0x278
 703 026a 0B       		.uleb128 0xb
 704 026b 6900     		.ascii	"i\000"
 705 026d 01       		.byte	0x1
 706 026e 6D       		.byte	0x6d
 707 026f 93000000 		.4byte	0x93
 708 0273 79010000 		.4byte	.LLST8
 709 0277 00       		.byte	0
 710 0278 0A       		.uleb128 0xa
 711 0279 22000000 		.4byte	.LBB4
 712 027d 14000000 		.4byte	.LBE4-.LBB4
 713 0281 0B       		.uleb128 0xb
 714 0282 6A00     		.ascii	"j\000"
 715 0284 01       		.byte	0x1
 716 0285 7A       		.byte	0x7a
 717 0286 93000000 		.4byte	0x93
 718 028a A3010000 		.4byte	.LLST9
 719 028e 00       		.byte	0
 720 028f 00       		.byte	0
 721 0290 14       		.uleb128 0x14
 722 0291 43010000 		.4byte	.LASF29
 723 0295 06       		.byte	0x6
 724 0296 1207     		.2byte	0x712
 725 0298 9C020000 		.4byte	0x29c
 726 029c 15       		.uleb128 0x15
 727 029d 9E000000 		.4byte	0x9e
 728 02a1 16       		.uleb128 0x16
 729 02a2 25000000 		.4byte	0x25
 730 02a6 B1020000 		.4byte	0x2b1
 731 02aa 17       		.uleb128 0x17
 732 02ab D1000000 		.4byte	0xd1
 733 02af 13       		.byte	0x13
 734 02b0 00       		.byte	0
 735 02b1 18       		.uleb128 0x18
 736 02b2 06020000 		.4byte	.LASF30
 737 02b6 01       		.byte	0x1
 738 02b7 16       		.byte	0x16
 739 02b8 A1020000 		.4byte	0x2a1
 740 02bc 05       		.uleb128 0x5
 741 02bd 03       		.byte	0x3
 742 02be 00000000 		.4byte	FastProcess
 743 02c2 18       		.uleb128 0x18
 744 02c3 D8010000 		.4byte	.LASF31
 745 02c7 01       		.byte	0x1
 746 02c8 17       		.byte	0x17
 747 02c9 A1020000 		.4byte	0x2a1
 748 02cd 05       		.uleb128 0x5
 749 02ce 03       		.byte	0x3
 750 02cf 00000000 		.4byte	MsProcess
ARM GAS  C:\Users\Dan\AppData\Local\Temp\ccvhdnHc.s 			page 17


 751 02d3 18       		.uleb128 0x18
 752 02d4 62020000 		.4byte	.LASF32
 753 02d8 01       		.byte	0x1
 754 02d9 18       		.byte	0x18
 755 02da A1020000 		.4byte	0x2a1
 756 02de 05       		.uleb128 0x5
 757 02df 03       		.byte	0x3
 758 02e0 00000000 		.4byte	SlowProcess
 759 02e4 18       		.uleb128 0x18
 760 02e5 29020000 		.4byte	.LASF33
 761 02e9 01       		.byte	0x1
 762 02ea 1A       		.byte	0x1a
 763 02eb 93000000 		.4byte	0x93
 764 02ef 05       		.uleb128 0x5
 765 02f0 03       		.byte	0x3
 766 02f1 00000000 		.4byte	SlowTickCnt
 767 02f5 18       		.uleb128 0x18
 768 02f6 73010000 		.4byte	.LASF34
 769 02fa 01       		.byte	0x1
 770 02fb 1B       		.byte	0x1b
 771 02fc 93000000 		.4byte	0x93
 772 0300 05       		.uleb128 0x5
 773 0301 03       		.byte	0x3
 774 0302 00000000 		.4byte	SlowProcCnt
 775 0306 19       		.uleb128 0x19
 776 0307 65010000 		.4byte	.LASF38
 777 030b 65010000 		.4byte	.LASF38
 778 030f 07       		.byte	0x7
 779 0310 4A       		.byte	0x4a
 780 0311 00       		.byte	0
 781              		.section	.debug_abbrev,"",%progbits
 782              	.Ldebug_abbrev0:
 783 0000 01       		.uleb128 0x1
 784 0001 11       		.uleb128 0x11
 785 0002 01       		.byte	0x1
 786 0003 25       		.uleb128 0x25
 787 0004 0E       		.uleb128 0xe
 788 0005 13       		.uleb128 0x13
 789 0006 0B       		.uleb128 0xb
 790 0007 03       		.uleb128 0x3
 791 0008 0E       		.uleb128 0xe
 792 0009 1B       		.uleb128 0x1b
 793 000a 0E       		.uleb128 0xe
 794 000b 55       		.uleb128 0x55
 795 000c 17       		.uleb128 0x17
 796 000d 11       		.uleb128 0x11
 797 000e 01       		.uleb128 0x1
 798 000f 10       		.uleb128 0x10
 799 0010 17       		.uleb128 0x17
 800 0011 00       		.byte	0
 801 0012 00       		.byte	0
 802 0013 02       		.uleb128 0x2
 803 0014 16       		.uleb128 0x16
 804 0015 00       		.byte	0
 805 0016 03       		.uleb128 0x3
 806 0017 0E       		.uleb128 0xe
 807 0018 3A       		.uleb128 0x3a
ARM GAS  C:\Users\Dan\AppData\Local\Temp\ccvhdnHc.s 			page 18


 808 0019 0B       		.uleb128 0xb
 809 001a 3B       		.uleb128 0x3b
 810 001b 0B       		.uleb128 0xb
 811 001c 49       		.uleb128 0x49
 812 001d 13       		.uleb128 0x13
 813 001e 00       		.byte	0
 814 001f 00       		.byte	0
 815 0020 03       		.uleb128 0x3
 816 0021 0F       		.uleb128 0xf
 817 0022 00       		.byte	0
 818 0023 0B       		.uleb128 0xb
 819 0024 0B       		.uleb128 0xb
 820 0025 49       		.uleb128 0x49
 821 0026 13       		.uleb128 0x13
 822 0027 00       		.byte	0
 823 0028 00       		.byte	0
 824 0029 04       		.uleb128 0x4
 825 002a 15       		.uleb128 0x15
 826 002b 00       		.byte	0
 827 002c 27       		.uleb128 0x27
 828 002d 19       		.uleb128 0x19
 829 002e 00       		.byte	0
 830 002f 00       		.byte	0
 831 0030 05       		.uleb128 0x5
 832 0031 24       		.uleb128 0x24
 833 0032 00       		.byte	0
 834 0033 0B       		.uleb128 0xb
 835 0034 0B       		.uleb128 0xb
 836 0035 3E       		.uleb128 0x3e
 837 0036 0B       		.uleb128 0xb
 838 0037 03       		.uleb128 0x3
 839 0038 0E       		.uleb128 0xe
 840 0039 00       		.byte	0
 841 003a 00       		.byte	0
 842 003b 06       		.uleb128 0x6
 843 003c 24       		.uleb128 0x24
 844 003d 00       		.byte	0
 845 003e 0B       		.uleb128 0xb
 846 003f 0B       		.uleb128 0xb
 847 0040 3E       		.uleb128 0x3e
 848 0041 0B       		.uleb128 0xb
 849 0042 03       		.uleb128 0x3
 850 0043 08       		.uleb128 0x8
 851 0044 00       		.byte	0
 852 0045 00       		.byte	0
 853 0046 07       		.uleb128 0x7
 854 0047 16       		.uleb128 0x16
 855 0048 00       		.byte	0
 856 0049 03       		.uleb128 0x3
 857 004a 0E       		.uleb128 0xe
 858 004b 3A       		.uleb128 0x3a
 859 004c 0B       		.uleb128 0xb
 860 004d 3B       		.uleb128 0x3b
 861 004e 05       		.uleb128 0x5
 862 004f 49       		.uleb128 0x49
 863 0050 13       		.uleb128 0x13
 864 0051 00       		.byte	0
ARM GAS  C:\Users\Dan\AppData\Local\Temp\ccvhdnHc.s 			page 19


 865 0052 00       		.byte	0
 866 0053 08       		.uleb128 0x8
 867 0054 2E       		.uleb128 0x2e
 868 0055 01       		.byte	0x1
 869 0056 3F       		.uleb128 0x3f
 870 0057 19       		.uleb128 0x19
 871 0058 03       		.uleb128 0x3
 872 0059 0E       		.uleb128 0xe
 873 005a 3A       		.uleb128 0x3a
 874 005b 0B       		.uleb128 0xb
 875 005c 3B       		.uleb128 0x3b
 876 005d 0B       		.uleb128 0xb
 877 005e 27       		.uleb128 0x27
 878 005f 19       		.uleb128 0x19
 879 0060 11       		.uleb128 0x11
 880 0061 01       		.uleb128 0x1
 881 0062 12       		.uleb128 0x12
 882 0063 06       		.uleb128 0x6
 883 0064 40       		.uleb128 0x40
 884 0065 18       		.uleb128 0x18
 885 0066 9742     		.uleb128 0x2117
 886 0068 19       		.uleb128 0x19
 887 0069 01       		.uleb128 0x1
 888 006a 13       		.uleb128 0x13
 889 006b 00       		.byte	0
 890 006c 00       		.byte	0
 891 006d 09       		.uleb128 0x9
 892 006e 05       		.uleb128 0x5
 893 006f 00       		.byte	0
 894 0070 03       		.uleb128 0x3
 895 0071 0E       		.uleb128 0xe
 896 0072 3A       		.uleb128 0x3a
 897 0073 0B       		.uleb128 0xb
 898 0074 3B       		.uleb128 0x3b
 899 0075 0B       		.uleb128 0xb
 900 0076 49       		.uleb128 0x49
 901 0077 13       		.uleb128 0x13
 902 0078 02       		.uleb128 0x2
 903 0079 18       		.uleb128 0x18
 904 007a 00       		.byte	0
 905 007b 00       		.byte	0
 906 007c 0A       		.uleb128 0xa
 907 007d 0B       		.uleb128 0xb
 908 007e 01       		.byte	0x1
 909 007f 11       		.uleb128 0x11
 910 0080 01       		.uleb128 0x1
 911 0081 12       		.uleb128 0x12
 912 0082 06       		.uleb128 0x6
 913 0083 00       		.byte	0
 914 0084 00       		.byte	0
 915 0085 0B       		.uleb128 0xb
 916 0086 34       		.uleb128 0x34
 917 0087 00       		.byte	0
 918 0088 03       		.uleb128 0x3
 919 0089 08       		.uleb128 0x8
 920 008a 3A       		.uleb128 0x3a
 921 008b 0B       		.uleb128 0xb
ARM GAS  C:\Users\Dan\AppData\Local\Temp\ccvhdnHc.s 			page 20


 922 008c 3B       		.uleb128 0x3b
 923 008d 0B       		.uleb128 0xb
 924 008e 49       		.uleb128 0x49
 925 008f 13       		.uleb128 0x13
 926 0090 02       		.uleb128 0x2
 927 0091 17       		.uleb128 0x17
 928 0092 00       		.byte	0
 929 0093 00       		.byte	0
 930 0094 0C       		.uleb128 0xc
 931 0095 898201   		.uleb128 0x4109
 932 0098 01       		.byte	0x1
 933 0099 11       		.uleb128 0x11
 934 009a 01       		.uleb128 0x1
 935 009b 31       		.uleb128 0x31
 936 009c 13       		.uleb128 0x13
 937 009d 01       		.uleb128 0x1
 938 009e 13       		.uleb128 0x13
 939 009f 00       		.byte	0
 940 00a0 00       		.byte	0
 941 00a1 0D       		.uleb128 0xd
 942 00a2 8A8201   		.uleb128 0x410a
 943 00a5 00       		.byte	0
 944 00a6 02       		.uleb128 0x2
 945 00a7 18       		.uleb128 0x18
 946 00a8 9142     		.uleb128 0x2111
 947 00aa 18       		.uleb128 0x18
 948 00ab 00       		.byte	0
 949 00ac 00       		.byte	0
 950 00ad 0E       		.uleb128 0xe
 951 00ae 898201   		.uleb128 0x4109
 952 00b1 01       		.byte	0x1
 953 00b2 11       		.uleb128 0x11
 954 00b3 01       		.uleb128 0x1
 955 00b4 31       		.uleb128 0x31
 956 00b5 13       		.uleb128 0x13
 957 00b6 00       		.byte	0
 958 00b7 00       		.byte	0
 959 00b8 0F       		.uleb128 0xf
 960 00b9 2E       		.uleb128 0x2e
 961 00ba 01       		.byte	0x1
 962 00bb 3F       		.uleb128 0x3f
 963 00bc 19       		.uleb128 0x19
 964 00bd 03       		.uleb128 0x3
 965 00be 0E       		.uleb128 0xe
 966 00bf 3A       		.uleb128 0x3a
 967 00c0 0B       		.uleb128 0xb
 968 00c1 3B       		.uleb128 0x3b
 969 00c2 0B       		.uleb128 0xb
 970 00c3 27       		.uleb128 0x27
 971 00c4 19       		.uleb128 0x19
 972 00c5 49       		.uleb128 0x49
 973 00c6 13       		.uleb128 0x13
 974 00c7 11       		.uleb128 0x11
 975 00c8 01       		.uleb128 0x1
 976 00c9 12       		.uleb128 0x12
 977 00ca 06       		.uleb128 0x6
 978 00cb 40       		.uleb128 0x40
ARM GAS  C:\Users\Dan\AppData\Local\Temp\ccvhdnHc.s 			page 21


 979 00cc 18       		.uleb128 0x18
 980 00cd 9742     		.uleb128 0x2117
 981 00cf 19       		.uleb128 0x19
 982 00d0 01       		.uleb128 0x1
 983 00d1 13       		.uleb128 0x13
 984 00d2 00       		.byte	0
 985 00d3 00       		.byte	0
 986 00d4 10       		.uleb128 0x10
 987 00d5 05       		.uleb128 0x5
 988 00d6 00       		.byte	0
 989 00d7 03       		.uleb128 0x3
 990 00d8 0E       		.uleb128 0xe
 991 00d9 3A       		.uleb128 0x3a
 992 00da 0B       		.uleb128 0xb
 993 00db 3B       		.uleb128 0x3b
 994 00dc 0B       		.uleb128 0xb
 995 00dd 49       		.uleb128 0x49
 996 00de 13       		.uleb128 0x13
 997 00df 02       		.uleb128 0x2
 998 00e0 17       		.uleb128 0x17
 999 00e1 00       		.byte	0
 1000 00e2 00       		.byte	0
 1001 00e3 11       		.uleb128 0x11
 1002 00e4 34       		.uleb128 0x34
 1003 00e5 00       		.byte	0
 1004 00e6 03       		.uleb128 0x3
 1005 00e7 0E       		.uleb128 0xe
 1006 00e8 3A       		.uleb128 0x3a
 1007 00e9 0B       		.uleb128 0xb
 1008 00ea 3B       		.uleb128 0x3b
 1009 00eb 0B       		.uleb128 0xb
 1010 00ec 49       		.uleb128 0x49
 1011 00ed 13       		.uleb128 0x13
 1012 00ee 02       		.uleb128 0x2
 1013 00ef 17       		.uleb128 0x17
 1014 00f0 00       		.byte	0
 1015 00f1 00       		.byte	0
 1016 00f2 12       		.uleb128 0x12
 1017 00f3 2E       		.uleb128 0x2e
 1018 00f4 01       		.byte	0x1
 1019 00f5 3F       		.uleb128 0x3f
 1020 00f6 19       		.uleb128 0x19
 1021 00f7 03       		.uleb128 0x3
 1022 00f8 0E       		.uleb128 0xe
 1023 00f9 3A       		.uleb128 0x3a
 1024 00fa 0B       		.uleb128 0xb
 1025 00fb 3B       		.uleb128 0x3b
 1026 00fc 0B       		.uleb128 0xb
 1027 00fd 27       		.uleb128 0x27
 1028 00fe 19       		.uleb128 0x19
 1029 00ff 11       		.uleb128 0x11
 1030 0100 01       		.uleb128 0x1
 1031 0101 12       		.uleb128 0x12
 1032 0102 06       		.uleb128 0x6
 1033 0103 40       		.uleb128 0x40
 1034 0104 18       		.uleb128 0x18
 1035 0105 9642     		.uleb128 0x2116
ARM GAS  C:\Users\Dan\AppData\Local\Temp\ccvhdnHc.s 			page 22


 1036 0107 19       		.uleb128 0x19
 1037 0108 01       		.uleb128 0x1
 1038 0109 13       		.uleb128 0x13
 1039 010a 00       		.byte	0
 1040 010b 00       		.byte	0
 1041 010c 13       		.uleb128 0x13
 1042 010d 0B       		.uleb128 0xb
 1043 010e 01       		.byte	0x1
 1044 010f 11       		.uleb128 0x11
 1045 0110 01       		.uleb128 0x1
 1046 0111 12       		.uleb128 0x12
 1047 0112 06       		.uleb128 0x6
 1048 0113 01       		.uleb128 0x1
 1049 0114 13       		.uleb128 0x13
 1050 0115 00       		.byte	0
 1051 0116 00       		.byte	0
 1052 0117 14       		.uleb128 0x14
 1053 0118 34       		.uleb128 0x34
 1054 0119 00       		.byte	0
 1055 011a 03       		.uleb128 0x3
 1056 011b 0E       		.uleb128 0xe
 1057 011c 3A       		.uleb128 0x3a
 1058 011d 0B       		.uleb128 0xb
 1059 011e 3B       		.uleb128 0x3b
 1060 011f 05       		.uleb128 0x5
 1061 0120 49       		.uleb128 0x49
 1062 0121 13       		.uleb128 0x13
 1063 0122 3F       		.uleb128 0x3f
 1064 0123 19       		.uleb128 0x19
 1065 0124 3C       		.uleb128 0x3c
 1066 0125 19       		.uleb128 0x19
 1067 0126 00       		.byte	0
 1068 0127 00       		.byte	0
 1069 0128 15       		.uleb128 0x15
 1070 0129 35       		.uleb128 0x35
 1071 012a 00       		.byte	0
 1072 012b 49       		.uleb128 0x49
 1073 012c 13       		.uleb128 0x13
 1074 012d 00       		.byte	0
 1075 012e 00       		.byte	0
 1076 012f 16       		.uleb128 0x16
 1077 0130 01       		.uleb128 0x1
 1078 0131 01       		.byte	0x1
 1079 0132 49       		.uleb128 0x49
 1080 0133 13       		.uleb128 0x13
 1081 0134 01       		.uleb128 0x1
 1082 0135 13       		.uleb128 0x13
 1083 0136 00       		.byte	0
 1084 0137 00       		.byte	0
 1085 0138 17       		.uleb128 0x17
 1086 0139 21       		.uleb128 0x21
 1087 013a 00       		.byte	0
 1088 013b 49       		.uleb128 0x49
 1089 013c 13       		.uleb128 0x13
 1090 013d 2F       		.uleb128 0x2f
 1091 013e 0B       		.uleb128 0xb
 1092 013f 00       		.byte	0
ARM GAS  C:\Users\Dan\AppData\Local\Temp\ccvhdnHc.s 			page 23


 1093 0140 00       		.byte	0
 1094 0141 18       		.uleb128 0x18
 1095 0142 34       		.uleb128 0x34
 1096 0143 00       		.byte	0
 1097 0144 03       		.uleb128 0x3
 1098 0145 0E       		.uleb128 0xe
 1099 0146 3A       		.uleb128 0x3a
 1100 0147 0B       		.uleb128 0xb
 1101 0148 3B       		.uleb128 0x3b
 1102 0149 0B       		.uleb128 0xb
 1103 014a 49       		.uleb128 0x49
 1104 014b 13       		.uleb128 0x13
 1105 014c 3F       		.uleb128 0x3f
 1106 014d 19       		.uleb128 0x19
 1107 014e 02       		.uleb128 0x2
 1108 014f 18       		.uleb128 0x18
 1109 0150 00       		.byte	0
 1110 0151 00       		.byte	0
 1111 0152 19       		.uleb128 0x19
 1112 0153 2E       		.uleb128 0x2e
 1113 0154 00       		.byte	0
 1114 0155 3F       		.uleb128 0x3f
 1115 0156 19       		.uleb128 0x19
 1116 0157 3C       		.uleb128 0x3c
 1117 0158 19       		.uleb128 0x19
 1118 0159 6E       		.uleb128 0x6e
 1119 015a 0E       		.uleb128 0xe
 1120 015b 03       		.uleb128 0x3
 1121 015c 0E       		.uleb128 0xe
 1122 015d 3A       		.uleb128 0x3a
 1123 015e 0B       		.uleb128 0xb
 1124 015f 3B       		.uleb128 0x3b
 1125 0160 0B       		.uleb128 0xb
 1126 0161 00       		.byte	0
 1127 0162 00       		.byte	0
 1128 0163 00       		.byte	0
 1129              		.section	.debug_loc,"",%progbits
 1130              	.Ldebug_loc0:
 1131              	.LLST0:
 1132 0000 00000000 		.4byte	.LVL0
 1133 0004 04000000 		.4byte	.LVL1
 1134 0008 0200     		.2byte	0x2
 1135 000a 30       		.byte	0x30
 1136 000b 9F       		.byte	0x9f
 1137 000c 04000000 		.4byte	.LVL1
 1138 0010 12000000 		.4byte	.LFE64
 1139 0014 0100     		.2byte	0x1
 1140 0016 53       		.byte	0x53
 1141 0017 00000000 		.4byte	0
 1142 001b 00000000 		.4byte	0
 1143              	.LLST1:
 1144 001f 00000000 		.4byte	.LVL6
 1145 0023 0C000000 		.4byte	.LVL9
 1146 0027 0100     		.2byte	0x1
 1147 0029 50       		.byte	0x50
 1148 002a 0C000000 		.4byte	.LVL9
 1149 002e 16000000 		.4byte	.LVL11
ARM GAS  C:\Users\Dan\AppData\Local\Temp\ccvhdnHc.s 			page 24


 1150 0032 0400     		.2byte	0x4
 1151 0034 F3       		.byte	0xf3
 1152 0035 01       		.uleb128 0x1
 1153 0036 50       		.byte	0x50
 1154 0037 9F       		.byte	0x9f
 1155 0038 16000000 		.4byte	.LVL11
 1156 003c 28000000 		.4byte	.LVL13
 1157 0040 0100     		.2byte	0x1
 1158 0042 50       		.byte	0x50
 1159 0043 28000000 		.4byte	.LVL13
 1160 0047 30000000 		.4byte	.LFE65
 1161 004b 0400     		.2byte	0x4
 1162 004d F3       		.byte	0xf3
 1163 004e 01       		.uleb128 0x1
 1164 004f 50       		.byte	0x50
 1165 0050 9F       		.byte	0x9f
 1166 0051 00000000 		.4byte	0
 1167 0055 00000000 		.4byte	0
 1168              	.LLST2:
 1169 0059 00000000 		.4byte	.LVL6
 1170 005d 0F000000 		.4byte	.LVL10-1
 1171 0061 0100     		.2byte	0x1
 1172 0063 51       		.byte	0x51
 1173 0064 0F000000 		.4byte	.LVL10-1
 1174 0068 16000000 		.4byte	.LVL11
 1175 006c 0400     		.2byte	0x4
 1176 006e F3       		.byte	0xf3
 1177 006f 01       		.uleb128 0x1
 1178 0070 51       		.byte	0x51
 1179 0071 9F       		.byte	0x9f
 1180 0072 16000000 		.4byte	.LVL11
 1181 0076 30000000 		.4byte	.LFE65
 1182 007a 0100     		.2byte	0x1
 1183 007c 51       		.byte	0x51
 1184 007d 00000000 		.4byte	0
 1185 0081 00000000 		.4byte	0
 1186              	.LLST3:
 1187 0085 02000000 		.4byte	.LVL7
 1188 0089 06000000 		.4byte	.LVL8
 1189 008d 0200     		.2byte	0x2
 1190 008f 30       		.byte	0x30
 1191 0090 9F       		.byte	0x9f
 1192 0091 06000000 		.4byte	.LVL8
 1193 0095 0F000000 		.4byte	.LVL10-1
 1194 0099 0100     		.2byte	0x1
 1195 009b 53       		.byte	0x53
 1196 009c 16000000 		.4byte	.LVL11
 1197 00a0 30000000 		.4byte	.LFE65
 1198 00a4 0100     		.2byte	0x1
 1199 00a6 53       		.byte	0x53
 1200 00a7 00000000 		.4byte	0
 1201 00ab 00000000 		.4byte	0
 1202              	.LLST4:
 1203 00af 00000000 		.4byte	.LVL14
 1204 00b3 18000000 		.4byte	.LVL17
 1205 00b7 0100     		.2byte	0x1
 1206 00b9 51       		.byte	0x51
ARM GAS  C:\Users\Dan\AppData\Local\Temp\ccvhdnHc.s 			page 25


 1207 00ba 18000000 		.4byte	.LVL17
 1208 00be 2E000000 		.4byte	.LFE66
 1209 00c2 0400     		.2byte	0x4
 1210 00c4 F3       		.byte	0xf3
 1211 00c5 01       		.uleb128 0x1
 1212 00c6 51       		.byte	0x51
 1213 00c7 9F       		.byte	0x9f
 1214 00c8 00000000 		.4byte	0
 1215 00cc 00000000 		.4byte	0
 1216              	.LLST5:
 1217 00d0 00000000 		.4byte	.LVL14
 1218 00d4 08000000 		.4byte	.LVL15
 1219 00d8 0200     		.2byte	0x2
 1220 00da 30       		.byte	0x30
 1221 00db 9F       		.byte	0x9f
 1222 00dc 08000000 		.4byte	.LVL15
 1223 00e0 1C000000 		.4byte	.LVL18
 1224 00e4 0100     		.2byte	0x1
 1225 00e6 53       		.byte	0x53
 1226 00e7 1C000000 		.4byte	.LVL18
 1227 00eb 22000000 		.4byte	.LVL19
 1228 00ef 0300     		.2byte	0x3
 1229 00f1 73       		.byte	0x73
 1230 00f2 7F       		.sleb128 -1
 1231 00f3 9F       		.byte	0x9f
 1232 00f4 22000000 		.4byte	.LVL19
 1233 00f8 2C000000 		.4byte	.LVL20
 1234 00fc 0100     		.2byte	0x1
 1235 00fe 53       		.byte	0x53
 1236 00ff 00000000 		.4byte	0
 1237 0103 00000000 		.4byte	0
 1238              	.LLST6:
 1239 0107 00000000 		.4byte	.LVL21
 1240 010b 16000000 		.4byte	.LVL24
 1241 010f 0100     		.2byte	0x1
 1242 0111 50       		.byte	0x50
 1243 0112 16000000 		.4byte	.LVL24
 1244 0116 18000000 		.4byte	.LVL25
 1245 011a 0400     		.2byte	0x4
 1246 011c F3       		.byte	0xf3
 1247 011d 01       		.uleb128 0x1
 1248 011e 50       		.byte	0x50
 1249 011f 9F       		.byte	0x9f
 1250 0120 18000000 		.4byte	.LVL25
 1251 0124 1A000000 		.4byte	.LVL26
 1252 0128 0100     		.2byte	0x1
 1253 012a 50       		.byte	0x50
 1254 012b 1A000000 		.4byte	.LVL26
 1255 012f 1C000000 		.4byte	.LVL27
 1256 0133 0400     		.2byte	0x4
 1257 0135 F3       		.byte	0xf3
 1258 0136 01       		.uleb128 0x1
 1259 0137 50       		.byte	0x50
 1260 0138 9F       		.byte	0x9f
 1261 0139 1C000000 		.4byte	.LVL27
 1262 013d 1E000000 		.4byte	.LVL28
 1263 0141 0100     		.2byte	0x1
ARM GAS  C:\Users\Dan\AppData\Local\Temp\ccvhdnHc.s 			page 26


 1264 0143 50       		.byte	0x50
 1265 0144 1E000000 		.4byte	.LVL28
 1266 0148 20000000 		.4byte	.LFE67
 1267 014c 0400     		.2byte	0x4
 1268 014e F3       		.byte	0xf3
 1269 014f 01       		.uleb128 0x1
 1270 0150 50       		.byte	0x50
 1271 0151 9F       		.byte	0x9f
 1272 0152 00000000 		.4byte	0
 1273 0156 00000000 		.4byte	0
 1274              	.LLST7:
 1275 015a 00000000 		.4byte	.LVL21
 1276 015e 04000000 		.4byte	.LVL22
 1277 0162 0200     		.2byte	0x2
 1278 0164 30       		.byte	0x30
 1279 0165 9F       		.byte	0x9f
 1280 0166 04000000 		.4byte	.LVL22
 1281 016a 20000000 		.4byte	.LFE67
 1282 016e 0100     		.2byte	0x1
 1283 0170 53       		.byte	0x53
 1284 0171 00000000 		.4byte	0
 1285 0175 00000000 		.4byte	0
 1286              	.LLST8:
 1287 0179 02000000 		.4byte	.LVL29
 1288 017d 06000000 		.4byte	.LVL30
 1289 0181 0200     		.2byte	0x2
 1290 0183 30       		.byte	0x30
 1291 0184 9F       		.byte	0x9f
 1292 0185 06000000 		.4byte	.LVL30
 1293 0189 08000000 		.4byte	.LVL31
 1294 018d 0100     		.2byte	0x1
 1295 018f 54       		.byte	0x54
 1296 0190 0A000000 		.4byte	.LVL32
 1297 0194 1E000000 		.4byte	.LVL34
 1298 0198 0100     		.2byte	0x1
 1299 019a 54       		.byte	0x54
 1300 019b 00000000 		.4byte	0
 1301 019f 00000000 		.4byte	0
 1302              	.LLST9:
 1303 01a3 22000000 		.4byte	.LVL35
 1304 01a7 24000000 		.4byte	.LVL36
 1305 01ab 0200     		.2byte	0x2
 1306 01ad 30       		.byte	0x30
 1307 01ae 9F       		.byte	0x9f
 1308 01af 24000000 		.4byte	.LVL36
 1309 01b3 26000000 		.4byte	.LVL37
 1310 01b7 0100     		.2byte	0x1
 1311 01b9 54       		.byte	0x54
 1312 01ba 28000000 		.4byte	.LVL38
 1313 01be 66000000 		.4byte	.LVL41
 1314 01c2 0100     		.2byte	0x1
 1315 01c4 54       		.byte	0x54
 1316 01c5 00000000 		.4byte	0
 1317 01c9 00000000 		.4byte	0
 1318              		.section	.debug_aranges,"",%progbits
 1319 0000 44000000 		.4byte	0x44
 1320 0004 0200     		.2byte	0x2
ARM GAS  C:\Users\Dan\AppData\Local\Temp\ccvhdnHc.s 			page 27


 1321 0006 00000000 		.4byte	.Ldebug_info0
 1322 000a 04       		.byte	0x4
 1323 000b 00       		.byte	0
 1324 000c 0000     		.2byte	0
 1325 000e 0000     		.2byte	0
 1326 0010 00000000 		.4byte	.LFB64
 1327 0014 12000000 		.4byte	.LFE64-.LFB64
 1328 0018 00000000 		.4byte	.LFB63
 1329 001c 34000000 		.4byte	.LFE63-.LFB63
 1330 0020 00000000 		.4byte	.LFB65
 1331 0024 30000000 		.4byte	.LFE65-.LFB65
 1332 0028 00000000 		.4byte	.LFB66
 1333 002c 2E000000 		.4byte	.LFE66-.LFB66
 1334 0030 00000000 		.4byte	.LFB67
 1335 0034 20000000 		.4byte	.LFE67-.LFB67
 1336 0038 00000000 		.4byte	.LFB68
 1337 003c 78000000 		.4byte	.LFE68-.LFB68
 1338 0040 00000000 		.4byte	0
 1339 0044 00000000 		.4byte	0
 1340              		.section	.debug_ranges,"",%progbits
 1341              	.Ldebug_ranges0:
 1342 0000 00000000 		.4byte	.LFB64
 1343 0004 12000000 		.4byte	.LFE64
 1344 0008 00000000 		.4byte	.LFB63
 1345 000c 34000000 		.4byte	.LFE63
 1346 0010 00000000 		.4byte	.LFB65
 1347 0014 30000000 		.4byte	.LFE65
 1348 0018 00000000 		.4byte	.LFB66
 1349 001c 2E000000 		.4byte	.LFE66
 1350 0020 00000000 		.4byte	.LFB67
 1351 0024 20000000 		.4byte	.LFE67
 1352 0028 00000000 		.4byte	.LFB68
 1353 002c 78000000 		.4byte	.LFE68
 1354 0030 00000000 		.4byte	0
 1355 0034 00000000 		.4byte	0
 1356              		.section	.debug_line,"",%progbits
 1357              	.Ldebug_line0:
 1358 0000 37020000 		.section	.debug_str,"MS",%progbits,1
 1358      02007201 
 1358      00000201 
 1358      FB0E0D00 
 1358      01010101 
 1359              	.LASF36:
 1360 0000 53746174 		.ascii	"State_Machine.c\000"
 1360      655F4D61 
 1360      6368696E 
 1360      652E6300 
 1361              	.LASF1:
 1362 0010 5F5F7569 		.ascii	"__uint8_t\000"
 1362      6E74385F 
 1362      7400
 1363              	.LASF6:
 1364 001a 5F5F696E 		.ascii	"__int32_t\000"
 1364      7433325F 
 1364      7400
 1365              	.LASF37:
 1366 0024 433A5C44 		.ascii	"C:\\Dan\\Eng Projects\\BP308\\MPG\\ARM Code\\MPG\\M"
ARM GAS  C:\Users\Dan\AppData\Local\Temp\ccvhdnHc.s 			page 28


 1366      616E5C45 
 1366      6E672050 
 1366      726F6A65 
 1366      6374735C 
 1367 0050 50475F50 		.ascii	"PG_PSoC.cydsn\000"
 1367      536F432E 
 1367      63796473 
 1367      6E00
 1368              	.LASF0:
 1369 005e 66756E63 		.ascii	"func_ptr\000"
 1369      5F707472 
 1369      00
 1370              	.LASF15:
 1371 0067 666C6F61 		.ascii	"float\000"
 1371      7400
 1372              	.LASF27:
 1373 006d 50726F63 		.ascii	"Process_Running\000"
 1373      6573735F 
 1373      52756E6E 
 1373      696E6700 
 1374              	.LASF24:
 1375 007d 66436E74 		.ascii	"fCnt\000"
 1375      00
 1376              	.LASF3:
 1377 0082 756E7369 		.ascii	"unsigned char\000"
 1377      676E6564 
 1377      20636861 
 1377      7200
 1378              	.LASF35:
 1379 0090 474E5520 		.ascii	"GNU C11 5.4.1 20160609 (release) [ARM/embedded-5-br"
 1379      43313120 
 1379      352E342E 
 1379      31203230 
 1379      31363036 
 1380 00c3 616E6368 		.ascii	"anch revision 237715] -mcpu=cortex-m3 -mthumb -g -O"
 1380      20726576 
 1380      6973696F 
 1380      6E203233 
 1380      37373135 
 1381 00f6 67202D66 		.ascii	"g -ffunction-sections -ffat-lto-objects\000"
 1381      66756E63 
 1381      74696F6E 
 1381      2D736563 
 1381      74696F6E 
 1382              	.LASF8:
 1383 011e 6C6F6E67 		.ascii	"long unsigned int\000"
 1383      20756E73 
 1383      69676E65 
 1383      6420696E 
 1383      7400
 1384              	.LASF5:
 1385 0130 73686F72 		.ascii	"short unsigned int\000"
 1385      7420756E 
 1385      7369676E 
 1385      65642069 
 1385      6E7400
 1386              	.LASF29:
ARM GAS  C:\Users\Dan\AppData\Local\Temp\ccvhdnHc.s 			page 29


 1387 0143 49544D5F 		.ascii	"ITM_RxBuffer\000"
 1387      52784275 
 1387      66666572 
 1387      00
 1388              	.LASF28:
 1389 0150 53746174 		.ascii	"State_Machine\000"
 1389      655F4D61 
 1389      6368696E 
 1389      6500
 1390              	.LASF16:
 1391 015e 646F7562 		.ascii	"double\000"
 1391      6C6500
 1392              	.LASF38:
 1393 0165 5553425F 		.ascii	"USB_PutString\000"
 1393      50757453 
 1393      7472696E 
 1393      6700
 1394              	.LASF34:
 1395 0173 536C6F77 		.ascii	"SlowProcCnt\000"
 1395      50726F63 
 1395      436E7400 
 1396              	.LASF14:
 1397 017f 75696E74 		.ascii	"uint32\000"
 1397      333200
 1398              	.LASF11:
 1399 0186 756E7369 		.ascii	"unsigned int\000"
 1399      676E6564 
 1399      20696E74 
 1399      00
 1400              	.LASF10:
 1401 0193 6C6F6E67 		.ascii	"long long unsigned int\000"
 1401      206C6F6E 
 1401      6720756E 
 1401      7369676E 
 1401      65642069 
 1402              	.LASF12:
 1403 01aa 75696E74 		.ascii	"uint8_t\000"
 1403      385F7400 
 1404              	.LASF2:
 1405 01b2 7369676E 		.ascii	"signed char\000"
 1405      65642063 
 1405      68617200 
 1406              	.LASF13:
 1407 01be 696E7433 		.ascii	"int32_t\000"
 1407      325F7400 
 1408              	.LASF21:
 1409 01c6 496E6974 		.ascii	"Init_StateMachine\000"
 1409      5F537461 
 1409      74654D61 
 1409      6368696E 
 1409      6500
 1410              	.LASF31:
 1411 01d8 4D735072 		.ascii	"MsProcess\000"
 1411      6F636573 
 1411      7300
 1412              	.LASF23:
 1413 01e2 70726F63 		.ascii	"process\000"
ARM GAS  C:\Users\Dan\AppData\Local\Temp\ccvhdnHc.s 			page 30


 1413      65737300 
 1414              	.LASF9:
 1415 01ea 6C6F6E67 		.ascii	"long long int\000"
 1415      206C6F6E 
 1415      6720696E 
 1415      7400
 1416              	.LASF19:
 1417 01f8 73697A65 		.ascii	"sizetype\000"
 1417      74797065 
 1417      00
 1418              	.LASF17:
 1419 0201 63686172 		.ascii	"char\000"
 1419      00
 1420              	.LASF30:
 1421 0206 46617374 		.ascii	"FastProcess\000"
 1421      50726F63 
 1421      65737300 
 1422              	.LASF20:
 1423 0212 496E6974 		.ascii	"Init_Process\000"
 1423      5F50726F 
 1423      63657373 
 1423      00
 1424              	.LASF4:
 1425 021f 73686F72 		.ascii	"short int\000"
 1425      7420696E 
 1425      7400
 1426              	.LASF33:
 1427 0229 536C6F77 		.ascii	"SlowTickCnt\000"
 1427      5469636B 
 1427      436E7400 
 1428              	.LASF26:
 1429 0235 4164645F 		.ascii	"Add_Process\000"
 1429      50726F63 
 1429      65737300 
 1430              	.LASF25:
 1431 0241 44656C5F 		.ascii	"Del_Process\000"
 1431      50726F63 
 1431      65737300 
 1432              	.LASF7:
 1433 024d 6C6F6E67 		.ascii	"long int\000"
 1433      20696E74 
 1433      00
 1434              	.LASF18:
 1435 0256 6C6F6E67 		.ascii	"long double\000"
 1435      20646F75 
 1435      626C6500 
 1436              	.LASF32:
 1437 0262 536C6F77 		.ascii	"SlowProcess\000"
 1437      50726F63 
 1437      65737300 
 1438              	.LASF22:
 1439 026e 66756E63 		.ascii	"function\000"
 1439      74696F6E 
 1439      00
 1440              		.ident	"GCC: (GNU Tools for ARM Embedded Processors) 5.4.1 20160609 (release) [ARM/embedded-5-bran
