ARM GAS  C:\Users\Dan\AppData\Local\Temp\cc88EIY0.s 			page 1


   1              		.syntax unified
   2              		.cpu cortex-m3
   3              		.fpu softvfp
   4              		.eabi_attribute 20, 1
   5              		.eabi_attribute 21, 1
   6              		.eabi_attribute 23, 3
   7              		.eabi_attribute 24, 1
   8              		.eabi_attribute 25, 1
   9              		.eabi_attribute 26, 1
  10              		.eabi_attribute 30, 1
  11              		.eabi_attribute 34, 1
  12              		.eabi_attribute 18, 4
  13              		.thumb
  14              		.syntax unified
  15              		.file	"ToolCmds.c"
  16              		.text
  17              	.Ltext0:
  18              		.cfi_sections	.debug_frame
  19              		.section	.text.ToolStatusQuery,"ax",%progbits
  20              		.align	2
  21              		.global	ToolStatusQuery
  22              		.thumb
  23              		.thumb_func
  24              		.type	ToolStatusQuery, %function
  25              	ToolStatusQuery:
  26              	.LFB64:
  27              		.file 1 "ToolCmds.c"
   1:ToolCmds.c    **** /* ========================================
   2:ToolCmds.c    ****  *
   3:ToolCmds.c    ****  * Copyright YOUR COMPANY, THE YEAR
   4:ToolCmds.c    ****  * All Rights Reserved
   5:ToolCmds.c    ****  * UNPUBLISHED, LICENSED SOFTWARE.
   6:ToolCmds.c    ****  *
   7:ToolCmds.c    ****  * CONFIDENTIAL AND PROPRIETARY INFORMATION
   8:ToolCmds.c    ****  * WHICH IS THE PROPERTY OF your company.
   9:ToolCmds.c    ****  *
  10:ToolCmds.c    ****  * ========================================
  11:ToolCmds.c    **** */
  12:ToolCmds.c    **** 
  13:ToolCmds.c    **** #include "ToolCmds.h"
  14:ToolCmds.c    **** #include "project.h"
  15:ToolCmds.c    **** #include "Processes.h"
  16:ToolCmds.c    **** #include "State_Machine.h"
  17:ToolCmds.c    **** #include "U_HW.h"
  18:ToolCmds.c    **** 
  19:ToolCmds.c    **** #include "stdio.h"
  20:ToolCmds.c    **** 
  21:ToolCmds.c    **** extern func_ptr MPG_SM;
  22:ToolCmds.c    **** extern uint8 MPG_STATE;
  23:ToolCmds.c    **** 
  24:ToolCmds.c    **** // char t_msg[32];
  25:ToolCmds.c    **** 
  26:ToolCmds.c    **** // ToolStatusQuery - returns the status of the tool changer
  27:ToolCmds.c    **** uint16 ToolStatusQuery(void)
  28:ToolCmds.c    **** {
  28              		.loc 1 28 0
  29              		.cfi_startproc
ARM GAS  C:\Users\Dan\AppData\Local\Temp\cc88EIY0.s 			page 2


  30              		@ args = 0, pretend = 0, frame = 0
  31              		@ frame_needed = 0, uses_anonymous_args = 0
  32              		@ link register save eliminated.
  33              	.LVL0:
  29:ToolCmds.c    ****     uint16 status = 0;
  30:ToolCmds.c    ****     if(MPG_STATE == MPG_STATE_FAULT) status = (1 << TIMEOUT_FAULT_POS);           // in fault state
  34              		.loc 1 30 0
  35 0000 074B     		ldr	r3, .L5
  36 0002 1B78     		ldrb	r3, [r3]	@ zero_extendqisi2
  37 0004 042B     		cmp	r3, #4
  38 0006 01D0     		beq	.L4
  29:ToolCmds.c    ****     uint16 status = 0;
  39              		.loc 1 29 0
  40 0008 0020     		movs	r0, #0
  41 000a 01E0     		b	.L2
  42              	.L4:
  43              		.loc 1 30 0
  44 000c 4FF48040 		mov	r0, #16384
  45              	.L2:
  46              	.LVL1:
  31:ToolCmds.c    ****     if((ESTOP_PORT & Pin_ESTOP_MASK) == 0) status |= (1 << ESTOP_STATUS_POS);   // in ESTOP conditi
  47              		.loc 1 31 0
  48 0010 044B     		ldr	r3, .L5+4
  49 0012 1B78     		ldrb	r3, [r3]	@ zero_extendqisi2
  50 0014 13F0800F 		tst	r3, #128
  51 0018 01D1     		bne	.L3
  52              		.loc 1 31 0 is_stmt 0 discriminator 1
  53 001a 40F40050 		orr	r0, r0, #8192
  54              	.LVL2:
  55              	.L3:
  32:ToolCmds.c    **** /*    
  33:ToolCmds.c    ****     if((FAULT_PORT & Pin_V_Mon2_MASK) == 0) status |= (1 << V24_STATUS_POS);    // 24V under voltag
  34:ToolCmds.c    ****     if((FAULT_PORT & Pin_AC_Mon_MASK) != 0) status |= (1 << VAC_STATUS_POS);    // No AC fault
  35:ToolCmds.c    ****     if((SENSE_PORT & Pin_Tool_Unclamped_MASK) == 0) status |= (1 << UNCLAMP_STATUS_POS);    // tool
  36:ToolCmds.c    ****     if((SENSE_PORT & Pin_Tool_Clamped_MASK) == 0) status |= (1 << CLAMP_STATUS_POS);        // tool
  37:ToolCmds.c    ****     if((SENSE_PORT & Pin_Tool_Arm_Out_MASK) == 0) status |= (1 << ARM_OUT_STATUS_POS);      // tool
  38:ToolCmds.c    ****     if((SENSE_PORT & Pin_Tool_Arm_In_MASK) == 0) status |= (1 << ARM_IN_STATUS_POS);        // tool
  39:ToolCmds.c    ****     if(((SENSE_PORT & Pin_Tool_1_MASK) == 0) || ((SENSE_PORT & Pin_Tool_Count_MASK) == 0)) status |
  40:ToolCmds.c    ****     */
  41:ToolCmds.c    ****     return status;
  42:ToolCmds.c    **** }
  56              		.loc 1 42 0 is_stmt 1
  57 001e 7047     		bx	lr
  58              	.L6:
  59              		.align	2
  60              	.L5:
  61 0020 00000000 		.word	MPG_STATE
  62 0024 31510040 		.word	1073762609
  63              		.cfi_endproc
  64              	.LFE64:
  65              		.size	ToolStatusQuery, .-ToolStatusQuery
  66              		.section	.text.Arm_Cmd,"ax",%progbits
  67              		.align	2
  68              		.global	Arm_Cmd
  69              		.thumb
  70              		.thumb_func
  71              		.type	Arm_Cmd, %function
ARM GAS  C:\Users\Dan\AppData\Local\Temp\cc88EIY0.s 			page 3


  72              	Arm_Cmd:
  73              	.LFB65:
  43:ToolCmds.c    **** 
  44:ToolCmds.c    **** // move Arm Command - 0 = no motion, 1 = back, 2 = out
  45:ToolCmds.c    **** void Arm_Cmd(uint8 arg)
  46:ToolCmds.c    **** {
  74              		.loc 1 46 0
  75              		.cfi_startproc
  76              		@ args = 0, pretend = 0, frame = 0
  77              		@ frame_needed = 0, uses_anonymous_args = 0
  78              	.LVL3:
  79 0000 08B5     		push	{r3, lr}
  80              		.cfi_def_cfa_offset 8
  81              		.cfi_offset 3, -8
  82              		.cfi_offset 14, -4
  47:ToolCmds.c    ****     // make sure not at fault
  48:ToolCmds.c    ****     if(In_Fault() == 1)
  83              		.loc 1 48 0
  84 0002 FFF7FEFF 		bl	In_Fault
  85              	.LVL4:
  86 0006 0128     		cmp	r0, #1
  87 0008 02D1     		bne	.L7
  49:ToolCmds.c    ****     {
  50:ToolCmds.c    ****         MPG_SM = &MPG_Fault;
  88              		.loc 1 50 0
  89 000a 024A     		ldr	r2, .L10
  90 000c 024B     		ldr	r3, .L10+4
  91 000e 1A60     		str	r2, [r3]
  92              	.L7:
  93 0010 08BD     		pop	{r3, pc}
  94              	.L11:
  95 0012 00BF     		.align	2
  96              	.L10:
  97 0014 00000000 		.word	MPG_Fault
  98 0018 00000000 		.word	MPG_SM
  99              		.cfi_endproc
 100              	.LFE65:
 101              		.size	Arm_Cmd, .-Arm_Cmd
 102              		.section	.text.Carousel_Cmd,"ax",%progbits
 103              		.align	2
 104              		.global	Carousel_Cmd
 105              		.thumb
 106              		.thumb_func
 107              		.type	Carousel_Cmd, %function
 108              	Carousel_Cmd:
 109              	.LFB66:
  51:ToolCmds.c    ****     }
  52:ToolCmds.c    **** 
  53:ToolCmds.c    **** }
  54:ToolCmds.c    **** 
  55:ToolCmds.c    **** void Carousel_Cmd(uint8 arg)
  56:ToolCmds.c    **** {
 110              		.loc 1 56 0
 111              		.cfi_startproc
 112              		@ args = 0, pretend = 0, frame = 0
 113              		@ frame_needed = 0, uses_anonymous_args = 0
 114              		@ link register save eliminated.
ARM GAS  C:\Users\Dan\AppData\Local\Temp\cc88EIY0.s 			page 4


 115              	.LVL5:
 116 0000 7047     		bx	lr
 117              		.cfi_endproc
 118              	.LFE66:
 119              		.size	Carousel_Cmd, .-Carousel_Cmd
 120 0002 00BF     		.section	.text.Clamp_Cmd,"ax",%progbits
 121              		.align	2
 122              		.global	Clamp_Cmd
 123              		.thumb
 124              		.thumb_func
 125              		.type	Clamp_Cmd, %function
 126              	Clamp_Cmd:
 127              	.LFB67:
  57:ToolCmds.c    ****     // calculate the shortest path to the desired tool
  58:ToolCmds.c    **** 
  59:ToolCmds.c    **** 
  60:ToolCmds.c    **** }
  61:ToolCmds.c    **** 
  62:ToolCmds.c    **** void Clamp_Cmd(uint8 arg)
  63:ToolCmds.c    **** {
 128              		.loc 1 63 0
 129              		.cfi_startproc
 130              		@ args = 0, pretend = 0, frame = 0
 131              		@ frame_needed = 0, uses_anonymous_args = 0
 132              		@ link register save eliminated.
 133              	.LVL6:
 134 0000 7047     		bx	lr
 135              		.cfi_endproc
 136              	.LFE67:
 137              		.size	Clamp_Cmd, .-Clamp_Cmd
 138 0002 00BF     		.section	.text.Home_Cmd,"ax",%progbits
 139              		.align	2
 140              		.global	Home_Cmd
 141              		.thumb
 142              		.thumb_func
 143              		.type	Home_Cmd, %function
 144              	Home_Cmd:
 145              	.LFB68:
  64:ToolCmds.c    **** 
  65:ToolCmds.c    **** }
  66:ToolCmds.c    **** 
  67:ToolCmds.c    **** void Home_Cmd(uint8 arg)
  68:ToolCmds.c    **** {
 146              		.loc 1 68 0
 147              		.cfi_startproc
 148              		@ args = 0, pretend = 0, frame = 0
 149              		@ frame_needed = 0, uses_anonymous_args = 0
 150              		@ link register save eliminated.
 151              	.LVL7:
 152 0000 7047     		bx	lr
 153              		.cfi_endproc
 154              	.LFE68:
 155              		.size	Home_Cmd, .-Home_Cmd
 156 0002 00BF     		.text
 157              	.Letext0:
 158              		.file 2 "c:\\program files (x86)\\cypress\\psoc creator\\4.2\\psoc creator\\import\\gnu\\arm\\5.4.
 159              		.file 3 "c:\\program files (x86)\\cypress\\psoc creator\\4.2\\psoc creator\\import\\gnu\\arm\\5.4.
ARM GAS  C:\Users\Dan\AppData\Local\Temp\cc88EIY0.s 			page 5


 160              		.file 4 "Generated_Source\\PSoC5/cytypes.h"
 161              		.file 5 "State_Machine.h"
 162              		.file 6 "Generated_Source\\PSoC5/core_cm3.h"
 163              		.file 7 "Processes.h"
 164              		.section	.debug_info,"",%progbits
 165              	.Ldebug_info0:
 166 0000 CE010000 		.4byte	0x1ce
 167 0004 0400     		.2byte	0x4
 168 0006 00000000 		.4byte	.Ldebug_abbrev0
 169 000a 04       		.byte	0x4
 170 000b 01       		.uleb128 0x1
 171 000c 8F000000 		.4byte	.LASF27
 172 0010 0C       		.byte	0xc
 173 0011 76000000 		.4byte	.LASF28
 174 0015 17000000 		.4byte	.LASF29
 175 0019 00000000 		.4byte	.Ldebug_ranges0+0
 176 001d 00000000 		.4byte	0
 177 0021 00000000 		.4byte	.Ldebug_line0
 178 0025 02       		.uleb128 0x2
 179 0026 01       		.byte	0x1
 180 0027 06       		.byte	0x6
 181 0028 05020000 		.4byte	.LASF0
 182 002c 02       		.uleb128 0x2
 183 002d 01       		.byte	0x1
 184 002e 08       		.byte	0x8
 185 002f 81000000 		.4byte	.LASF1
 186 0033 02       		.uleb128 0x2
 187 0034 02       		.byte	0x2
 188 0035 05       		.byte	0x5
 189 0036 D0010000 		.4byte	.LASF2
 190 003a 02       		.uleb128 0x2
 191 003b 02       		.byte	0x2
 192 003c 07       		.byte	0x7
 193 003d 36010000 		.4byte	.LASF3
 194 0041 03       		.uleb128 0x3
 195 0042 0D000000 		.4byte	.LASF9
 196 0046 02       		.byte	0x2
 197 0047 3F       		.byte	0x3f
 198 0048 4C000000 		.4byte	0x4c
 199 004c 02       		.uleb128 0x2
 200 004d 04       		.byte	0x4
 201 004e 05       		.byte	0x5
 202 004f F0010000 		.4byte	.LASF4
 203 0053 02       		.uleb128 0x2
 204 0054 04       		.byte	0x4
 205 0055 07       		.byte	0x7
 206 0056 5D010000 		.4byte	.LASF5
 207 005a 02       		.uleb128 0x2
 208 005b 08       		.byte	0x8
 209 005c 05       		.byte	0x5
 210 005d BD010000 		.4byte	.LASF6
 211 0061 02       		.uleb128 0x2
 212 0062 08       		.byte	0x8
 213 0063 07       		.byte	0x7
 214 0064 95010000 		.4byte	.LASF7
 215 0068 04       		.uleb128 0x4
 216 0069 04       		.byte	0x4
ARM GAS  C:\Users\Dan\AppData\Local\Temp\cc88EIY0.s 			page 6


 217 006a 05       		.byte	0x5
 218 006b 696E7400 		.ascii	"int\000"
 219 006f 02       		.uleb128 0x2
 220 0070 04       		.byte	0x4
 221 0071 07       		.byte	0x7
 222 0072 88010000 		.4byte	.LASF8
 223 0076 03       		.uleb128 0x3
 224 0077 AC010000 		.4byte	.LASF10
 225 007b 03       		.byte	0x3
 226 007c 2C       		.byte	0x2c
 227 007d 41000000 		.4byte	0x41
 228 0081 05       		.uleb128 0x5
 229 0082 EA010000 		.4byte	.LASF11
 230 0086 04       		.byte	0x4
 231 0087 E401     		.2byte	0x1e4
 232 0089 2C000000 		.4byte	0x2c
 233 008d 05       		.uleb128 0x5
 234 008e 78010000 		.4byte	.LASF12
 235 0092 04       		.byte	0x4
 236 0093 E501     		.2byte	0x1e5
 237 0095 3A000000 		.4byte	0x3a
 238 0099 02       		.uleb128 0x2
 239 009a 04       		.byte	0x4
 240 009b 04       		.byte	0x4
 241 009c 70000000 		.4byte	.LASF13
 242 00a0 02       		.uleb128 0x2
 243 00a1 08       		.byte	0x8
 244 00a2 04       		.byte	0x4
 245 00a3 51000000 		.4byte	.LASF14
 246 00a7 02       		.uleb128 0x2
 247 00a8 01       		.byte	0x1
 248 00a9 08       		.byte	0x8
 249 00aa CB010000 		.4byte	.LASF15
 250 00ae 05       		.uleb128 0x5
 251 00af 1D010000 		.4byte	.LASF16
 252 00b3 04       		.byte	0x4
 253 00b4 8E02     		.2byte	0x28e
 254 00b6 BA000000 		.4byte	0xba
 255 00ba 06       		.uleb128 0x6
 256 00bb 81000000 		.4byte	0x81
 257 00bf 07       		.uleb128 0x7
 258 00c0 04       		.byte	0x4
 259 00c1 C5000000 		.4byte	0xc5
 260 00c5 08       		.uleb128 0x8
 261 00c6 02       		.uleb128 0x2
 262 00c7 08       		.byte	0x8
 263 00c8 04       		.byte	0x4
 264 00c9 F9010000 		.4byte	.LASF17
 265 00cd 02       		.uleb128 0x2
 266 00ce 04       		.byte	0x4
 267 00cf 07       		.byte	0x7
 268 00d0 B4010000 		.4byte	.LASF18
 269 00d4 03       		.uleb128 0x3
 270 00d5 5F000000 		.4byte	.LASF19
 271 00d9 05       		.byte	0x5
 272 00da 10       		.byte	0x10
 273 00db BF000000 		.4byte	0xbf
ARM GAS  C:\Users\Dan\AppData\Local\Temp\cc88EIY0.s 			page 7


 274 00df 09       		.uleb128 0x9
 275 00e0 DA010000 		.4byte	.LASF30
 276 00e4 01       		.byte	0x1
 277 00e5 1B       		.byte	0x1b
 278 00e6 8D000000 		.4byte	0x8d
 279 00ea 00000000 		.4byte	.LFB64
 280 00ee 28000000 		.4byte	.LFE64-.LFB64
 281 00f2 01       		.uleb128 0x1
 282 00f3 9C       		.byte	0x9c
 283 00f4 08010000 		.4byte	0x108
 284 00f8 0A       		.uleb128 0xa
 285 00f9 58000000 		.4byte	.LASF31
 286 00fd 01       		.byte	0x1
 287 00fe 1D       		.byte	0x1d
 288 00ff 8D000000 		.4byte	0x8d
 289 0103 00000000 		.4byte	.LLST0
 290 0107 00       		.byte	0
 291 0108 0B       		.uleb128 0xb
 292 0109 68000000 		.4byte	.LASF20
 293 010d 01       		.byte	0x1
 294 010e 2D       		.byte	0x2d
 295 010f 00000000 		.4byte	.LFB65
 296 0113 1C000000 		.4byte	.LFE65-.LFB65
 297 0117 01       		.uleb128 0x1
 298 0118 9C       		.byte	0x9c
 299 0119 36010000 		.4byte	0x136
 300 011d 0C       		.uleb128 0xc
 301 011e 61726700 		.ascii	"arg\000"
 302 0122 01       		.byte	0x1
 303 0123 2D       		.byte	0x2d
 304 0124 81000000 		.4byte	0x81
 305 0128 1F000000 		.4byte	.LLST1
 306 012c 0D       		.uleb128 0xd
 307 012d 06000000 		.4byte	.LVL4
 308 0131 C6010000 		.4byte	0x1c6
 309 0135 00       		.byte	0
 310 0136 0B       		.uleb128 0xb
 311 0137 00000000 		.4byte	.LASF21
 312 013b 01       		.byte	0x1
 313 013c 37       		.byte	0x37
 314 013d 00000000 		.4byte	.LFB66
 315 0141 02000000 		.4byte	.LFE66-.LFB66
 316 0145 01       		.uleb128 0x1
 317 0146 9C       		.byte	0x9c
 318 0147 59010000 		.4byte	0x159
 319 014b 0E       		.uleb128 0xe
 320 014c 61726700 		.ascii	"arg\000"
 321 0150 01       		.byte	0x1
 322 0151 37       		.byte	0x37
 323 0152 81000000 		.4byte	0x81
 324 0156 01       		.uleb128 0x1
 325 0157 50       		.byte	0x50
 326 0158 00       		.byte	0
 327 0159 0B       		.uleb128 0xb
 328 015a 22010000 		.4byte	.LASF22
 329 015e 01       		.byte	0x1
 330 015f 3E       		.byte	0x3e
ARM GAS  C:\Users\Dan\AppData\Local\Temp\cc88EIY0.s 			page 8


 331 0160 00000000 		.4byte	.LFB67
 332 0164 02000000 		.4byte	.LFE67-.LFB67
 333 0168 01       		.uleb128 0x1
 334 0169 9C       		.byte	0x9c
 335 016a 7C010000 		.4byte	0x17c
 336 016e 0E       		.uleb128 0xe
 337 016f 61726700 		.ascii	"arg\000"
 338 0173 01       		.byte	0x1
 339 0174 3E       		.byte	0x3e
 340 0175 81000000 		.4byte	0x81
 341 0179 01       		.uleb128 0x1
 342 017a 50       		.byte	0x50
 343 017b 00       		.byte	0
 344 017c 0B       		.uleb128 0xb
 345 017d 6F010000 		.4byte	.LASF23
 346 0181 01       		.byte	0x1
 347 0182 43       		.byte	0x43
 348 0183 00000000 		.4byte	.LFB68
 349 0187 02000000 		.4byte	.LFE68-.LFB68
 350 018b 01       		.uleb128 0x1
 351 018c 9C       		.byte	0x9c
 352 018d 9F010000 		.4byte	0x19f
 353 0191 0E       		.uleb128 0xe
 354 0192 61726700 		.ascii	"arg\000"
 355 0196 01       		.byte	0x1
 356 0197 43       		.byte	0x43
 357 0198 81000000 		.4byte	0x81
 358 019c 01       		.uleb128 0x1
 359 019d 50       		.byte	0x50
 360 019e 00       		.byte	0
 361 019f 0F       		.uleb128 0xf
 362 01a0 49010000 		.4byte	.LASF24
 363 01a4 06       		.byte	0x6
 364 01a5 1207     		.2byte	0x712
 365 01a7 AB010000 		.4byte	0x1ab
 366 01ab 06       		.uleb128 0x6
 367 01ac 76000000 		.4byte	0x76
 368 01b0 10       		.uleb128 0x10
 369 01b1 56010000 		.4byte	.LASF25
 370 01b5 01       		.byte	0x1
 371 01b6 15       		.byte	0x15
 372 01b7 D4000000 		.4byte	0xd4
 373 01bb 10       		.uleb128 0x10
 374 01bc 2C010000 		.4byte	.LASF26
 375 01c0 01       		.byte	0x1
 376 01c1 16       		.byte	0x16
 377 01c2 81000000 		.4byte	0x81
 378 01c6 11       		.uleb128 0x11
 379 01c7 7F010000 		.4byte	.LASF32
 380 01cb 7F010000 		.4byte	.LASF32
 381 01cf 07       		.byte	0x7
 382 01d0 2C       		.byte	0x2c
 383 01d1 00       		.byte	0
 384              		.section	.debug_abbrev,"",%progbits
 385              	.Ldebug_abbrev0:
 386 0000 01       		.uleb128 0x1
 387 0001 11       		.uleb128 0x11
ARM GAS  C:\Users\Dan\AppData\Local\Temp\cc88EIY0.s 			page 9


 388 0002 01       		.byte	0x1
 389 0003 25       		.uleb128 0x25
 390 0004 0E       		.uleb128 0xe
 391 0005 13       		.uleb128 0x13
 392 0006 0B       		.uleb128 0xb
 393 0007 03       		.uleb128 0x3
 394 0008 0E       		.uleb128 0xe
 395 0009 1B       		.uleb128 0x1b
 396 000a 0E       		.uleb128 0xe
 397 000b 55       		.uleb128 0x55
 398 000c 17       		.uleb128 0x17
 399 000d 11       		.uleb128 0x11
 400 000e 01       		.uleb128 0x1
 401 000f 10       		.uleb128 0x10
 402 0010 17       		.uleb128 0x17
 403 0011 00       		.byte	0
 404 0012 00       		.byte	0
 405 0013 02       		.uleb128 0x2
 406 0014 24       		.uleb128 0x24
 407 0015 00       		.byte	0
 408 0016 0B       		.uleb128 0xb
 409 0017 0B       		.uleb128 0xb
 410 0018 3E       		.uleb128 0x3e
 411 0019 0B       		.uleb128 0xb
 412 001a 03       		.uleb128 0x3
 413 001b 0E       		.uleb128 0xe
 414 001c 00       		.byte	0
 415 001d 00       		.byte	0
 416 001e 03       		.uleb128 0x3
 417 001f 16       		.uleb128 0x16
 418 0020 00       		.byte	0
 419 0021 03       		.uleb128 0x3
 420 0022 0E       		.uleb128 0xe
 421 0023 3A       		.uleb128 0x3a
 422 0024 0B       		.uleb128 0xb
 423 0025 3B       		.uleb128 0x3b
 424 0026 0B       		.uleb128 0xb
 425 0027 49       		.uleb128 0x49
 426 0028 13       		.uleb128 0x13
 427 0029 00       		.byte	0
 428 002a 00       		.byte	0
 429 002b 04       		.uleb128 0x4
 430 002c 24       		.uleb128 0x24
 431 002d 00       		.byte	0
 432 002e 0B       		.uleb128 0xb
 433 002f 0B       		.uleb128 0xb
 434 0030 3E       		.uleb128 0x3e
 435 0031 0B       		.uleb128 0xb
 436 0032 03       		.uleb128 0x3
 437 0033 08       		.uleb128 0x8
 438 0034 00       		.byte	0
 439 0035 00       		.byte	0
 440 0036 05       		.uleb128 0x5
 441 0037 16       		.uleb128 0x16
 442 0038 00       		.byte	0
 443 0039 03       		.uleb128 0x3
 444 003a 0E       		.uleb128 0xe
ARM GAS  C:\Users\Dan\AppData\Local\Temp\cc88EIY0.s 			page 10


 445 003b 3A       		.uleb128 0x3a
 446 003c 0B       		.uleb128 0xb
 447 003d 3B       		.uleb128 0x3b
 448 003e 05       		.uleb128 0x5
 449 003f 49       		.uleb128 0x49
 450 0040 13       		.uleb128 0x13
 451 0041 00       		.byte	0
 452 0042 00       		.byte	0
 453 0043 06       		.uleb128 0x6
 454 0044 35       		.uleb128 0x35
 455 0045 00       		.byte	0
 456 0046 49       		.uleb128 0x49
 457 0047 13       		.uleb128 0x13
 458 0048 00       		.byte	0
 459 0049 00       		.byte	0
 460 004a 07       		.uleb128 0x7
 461 004b 0F       		.uleb128 0xf
 462 004c 00       		.byte	0
 463 004d 0B       		.uleb128 0xb
 464 004e 0B       		.uleb128 0xb
 465 004f 49       		.uleb128 0x49
 466 0050 13       		.uleb128 0x13
 467 0051 00       		.byte	0
 468 0052 00       		.byte	0
 469 0053 08       		.uleb128 0x8
 470 0054 15       		.uleb128 0x15
 471 0055 00       		.byte	0
 472 0056 27       		.uleb128 0x27
 473 0057 19       		.uleb128 0x19
 474 0058 00       		.byte	0
 475 0059 00       		.byte	0
 476 005a 09       		.uleb128 0x9
 477 005b 2E       		.uleb128 0x2e
 478 005c 01       		.byte	0x1
 479 005d 3F       		.uleb128 0x3f
 480 005e 19       		.uleb128 0x19
 481 005f 03       		.uleb128 0x3
 482 0060 0E       		.uleb128 0xe
 483 0061 3A       		.uleb128 0x3a
 484 0062 0B       		.uleb128 0xb
 485 0063 3B       		.uleb128 0x3b
 486 0064 0B       		.uleb128 0xb
 487 0065 27       		.uleb128 0x27
 488 0066 19       		.uleb128 0x19
 489 0067 49       		.uleb128 0x49
 490 0068 13       		.uleb128 0x13
 491 0069 11       		.uleb128 0x11
 492 006a 01       		.uleb128 0x1
 493 006b 12       		.uleb128 0x12
 494 006c 06       		.uleb128 0x6
 495 006d 40       		.uleb128 0x40
 496 006e 18       		.uleb128 0x18
 497 006f 9742     		.uleb128 0x2117
 498 0071 19       		.uleb128 0x19
 499 0072 01       		.uleb128 0x1
 500 0073 13       		.uleb128 0x13
 501 0074 00       		.byte	0
ARM GAS  C:\Users\Dan\AppData\Local\Temp\cc88EIY0.s 			page 11


 502 0075 00       		.byte	0
 503 0076 0A       		.uleb128 0xa
 504 0077 34       		.uleb128 0x34
 505 0078 00       		.byte	0
 506 0079 03       		.uleb128 0x3
 507 007a 0E       		.uleb128 0xe
 508 007b 3A       		.uleb128 0x3a
 509 007c 0B       		.uleb128 0xb
 510 007d 3B       		.uleb128 0x3b
 511 007e 0B       		.uleb128 0xb
 512 007f 49       		.uleb128 0x49
 513 0080 13       		.uleb128 0x13
 514 0081 02       		.uleb128 0x2
 515 0082 17       		.uleb128 0x17
 516 0083 00       		.byte	0
 517 0084 00       		.byte	0
 518 0085 0B       		.uleb128 0xb
 519 0086 2E       		.uleb128 0x2e
 520 0087 01       		.byte	0x1
 521 0088 3F       		.uleb128 0x3f
 522 0089 19       		.uleb128 0x19
 523 008a 03       		.uleb128 0x3
 524 008b 0E       		.uleb128 0xe
 525 008c 3A       		.uleb128 0x3a
 526 008d 0B       		.uleb128 0xb
 527 008e 3B       		.uleb128 0x3b
 528 008f 0B       		.uleb128 0xb
 529 0090 27       		.uleb128 0x27
 530 0091 19       		.uleb128 0x19
 531 0092 11       		.uleb128 0x11
 532 0093 01       		.uleb128 0x1
 533 0094 12       		.uleb128 0x12
 534 0095 06       		.uleb128 0x6
 535 0096 40       		.uleb128 0x40
 536 0097 18       		.uleb128 0x18
 537 0098 9742     		.uleb128 0x2117
 538 009a 19       		.uleb128 0x19
 539 009b 01       		.uleb128 0x1
 540 009c 13       		.uleb128 0x13
 541 009d 00       		.byte	0
 542 009e 00       		.byte	0
 543 009f 0C       		.uleb128 0xc
 544 00a0 05       		.uleb128 0x5
 545 00a1 00       		.byte	0
 546 00a2 03       		.uleb128 0x3
 547 00a3 08       		.uleb128 0x8
 548 00a4 3A       		.uleb128 0x3a
 549 00a5 0B       		.uleb128 0xb
 550 00a6 3B       		.uleb128 0x3b
 551 00a7 0B       		.uleb128 0xb
 552 00a8 49       		.uleb128 0x49
 553 00a9 13       		.uleb128 0x13
 554 00aa 02       		.uleb128 0x2
 555 00ab 17       		.uleb128 0x17
 556 00ac 00       		.byte	0
 557 00ad 00       		.byte	0
 558 00ae 0D       		.uleb128 0xd
ARM GAS  C:\Users\Dan\AppData\Local\Temp\cc88EIY0.s 			page 12


 559 00af 898201   		.uleb128 0x4109
 560 00b2 00       		.byte	0
 561 00b3 11       		.uleb128 0x11
 562 00b4 01       		.uleb128 0x1
 563 00b5 31       		.uleb128 0x31
 564 00b6 13       		.uleb128 0x13
 565 00b7 00       		.byte	0
 566 00b8 00       		.byte	0
 567 00b9 0E       		.uleb128 0xe
 568 00ba 05       		.uleb128 0x5
 569 00bb 00       		.byte	0
 570 00bc 03       		.uleb128 0x3
 571 00bd 08       		.uleb128 0x8
 572 00be 3A       		.uleb128 0x3a
 573 00bf 0B       		.uleb128 0xb
 574 00c0 3B       		.uleb128 0x3b
 575 00c1 0B       		.uleb128 0xb
 576 00c2 49       		.uleb128 0x49
 577 00c3 13       		.uleb128 0x13
 578 00c4 02       		.uleb128 0x2
 579 00c5 18       		.uleb128 0x18
 580 00c6 00       		.byte	0
 581 00c7 00       		.byte	0
 582 00c8 0F       		.uleb128 0xf
 583 00c9 34       		.uleb128 0x34
 584 00ca 00       		.byte	0
 585 00cb 03       		.uleb128 0x3
 586 00cc 0E       		.uleb128 0xe
 587 00cd 3A       		.uleb128 0x3a
 588 00ce 0B       		.uleb128 0xb
 589 00cf 3B       		.uleb128 0x3b
 590 00d0 05       		.uleb128 0x5
 591 00d1 49       		.uleb128 0x49
 592 00d2 13       		.uleb128 0x13
 593 00d3 3F       		.uleb128 0x3f
 594 00d4 19       		.uleb128 0x19
 595 00d5 3C       		.uleb128 0x3c
 596 00d6 19       		.uleb128 0x19
 597 00d7 00       		.byte	0
 598 00d8 00       		.byte	0
 599 00d9 10       		.uleb128 0x10
 600 00da 34       		.uleb128 0x34
 601 00db 00       		.byte	0
 602 00dc 03       		.uleb128 0x3
 603 00dd 0E       		.uleb128 0xe
 604 00de 3A       		.uleb128 0x3a
 605 00df 0B       		.uleb128 0xb
 606 00e0 3B       		.uleb128 0x3b
 607 00e1 0B       		.uleb128 0xb
 608 00e2 49       		.uleb128 0x49
 609 00e3 13       		.uleb128 0x13
 610 00e4 3F       		.uleb128 0x3f
 611 00e5 19       		.uleb128 0x19
 612 00e6 3C       		.uleb128 0x3c
 613 00e7 19       		.uleb128 0x19
 614 00e8 00       		.byte	0
 615 00e9 00       		.byte	0
ARM GAS  C:\Users\Dan\AppData\Local\Temp\cc88EIY0.s 			page 13


 616 00ea 11       		.uleb128 0x11
 617 00eb 2E       		.uleb128 0x2e
 618 00ec 00       		.byte	0
 619 00ed 3F       		.uleb128 0x3f
 620 00ee 19       		.uleb128 0x19
 621 00ef 3C       		.uleb128 0x3c
 622 00f0 19       		.uleb128 0x19
 623 00f1 6E       		.uleb128 0x6e
 624 00f2 0E       		.uleb128 0xe
 625 00f3 03       		.uleb128 0x3
 626 00f4 0E       		.uleb128 0xe
 627 00f5 3A       		.uleb128 0x3a
 628 00f6 0B       		.uleb128 0xb
 629 00f7 3B       		.uleb128 0x3b
 630 00f8 0B       		.uleb128 0xb
 631 00f9 00       		.byte	0
 632 00fa 00       		.byte	0
 633 00fb 00       		.byte	0
 634              		.section	.debug_loc,"",%progbits
 635              	.Ldebug_loc0:
 636              	.LLST0:
 637 0000 00000000 		.4byte	.LVL0
 638 0004 10000000 		.4byte	.LVL1
 639 0008 0200     		.2byte	0x2
 640 000a 30       		.byte	0x30
 641 000b 9F       		.byte	0x9f
 642 000c 10000000 		.4byte	.LVL1
 643 0010 28000000 		.4byte	.LFE64
 644 0014 0100     		.2byte	0x1
 645 0016 50       		.byte	0x50
 646 0017 00000000 		.4byte	0
 647 001b 00000000 		.4byte	0
 648              	.LLST1:
 649 001f 00000000 		.4byte	.LVL3
 650 0023 05000000 		.4byte	.LVL4-1
 651 0027 0100     		.2byte	0x1
 652 0029 50       		.byte	0x50
 653 002a 05000000 		.4byte	.LVL4-1
 654 002e 1C000000 		.4byte	.LFE65
 655 0032 0400     		.2byte	0x4
 656 0034 F3       		.byte	0xf3
 657 0035 01       		.uleb128 0x1
 658 0036 50       		.byte	0x50
 659 0037 9F       		.byte	0x9f
 660 0038 00000000 		.4byte	0
 661 003c 00000000 		.4byte	0
 662              		.section	.debug_aranges,"",%progbits
 663 0000 3C000000 		.4byte	0x3c
 664 0004 0200     		.2byte	0x2
 665 0006 00000000 		.4byte	.Ldebug_info0
 666 000a 04       		.byte	0x4
 667 000b 00       		.byte	0
 668 000c 0000     		.2byte	0
 669 000e 0000     		.2byte	0
 670 0010 00000000 		.4byte	.LFB64
 671 0014 28000000 		.4byte	.LFE64-.LFB64
 672 0018 00000000 		.4byte	.LFB65
ARM GAS  C:\Users\Dan\AppData\Local\Temp\cc88EIY0.s 			page 14


 673 001c 1C000000 		.4byte	.LFE65-.LFB65
 674 0020 00000000 		.4byte	.LFB66
 675 0024 02000000 		.4byte	.LFE66-.LFB66
 676 0028 00000000 		.4byte	.LFB67
 677 002c 02000000 		.4byte	.LFE67-.LFB67
 678 0030 00000000 		.4byte	.LFB68
 679 0034 02000000 		.4byte	.LFE68-.LFB68
 680 0038 00000000 		.4byte	0
 681 003c 00000000 		.4byte	0
 682              		.section	.debug_ranges,"",%progbits
 683              	.Ldebug_ranges0:
 684 0000 00000000 		.4byte	.LFB64
 685 0004 28000000 		.4byte	.LFE64
 686 0008 00000000 		.4byte	.LFB65
 687 000c 1C000000 		.4byte	.LFE65
 688 0010 00000000 		.4byte	.LFB66
 689 0014 02000000 		.4byte	.LFE66
 690 0018 00000000 		.4byte	.LFB67
 691 001c 02000000 		.4byte	.LFE67
 692 0020 00000000 		.4byte	.LFB68
 693 0024 02000000 		.4byte	.LFE68
 694 0028 00000000 		.4byte	0
 695 002c 00000000 		.4byte	0
 696              		.section	.debug_line,"",%progbits
 697              	.Ldebug_line0:
 698 0000 D4010000 		.section	.debug_str,"MS",%progbits,1
 698      02007201 
 698      00000201 
 698      FB0E0D00 
 698      01010101 
 699              	.LASF21:
 700 0000 4361726F 		.ascii	"Carousel_Cmd\000"
 700      7573656C 
 700      5F436D64 
 700      00
 701              	.LASF9:
 702 000d 5F5F696E 		.ascii	"__int32_t\000"
 702      7433325F 
 702      7400
 703              	.LASF29:
 704 0017 433A5C44 		.ascii	"C:\\Dan\\Eng Projects\\BP308\\MPG\\ARM Code\\MPG\\M"
 704      616E5C45 
 704      6E672050 
 704      726F6A65 
 704      6374735C 
 705 0043 50475F50 		.ascii	"PG_PSoC.cydsn\000"
 705      536F432E 
 705      63796473 
 705      6E00
 706              	.LASF14:
 707 0051 646F7562 		.ascii	"double\000"
 707      6C6500
 708              	.LASF31:
 709 0058 73746174 		.ascii	"status\000"
 709      757300
 710              	.LASF19:
 711 005f 66756E63 		.ascii	"func_ptr\000"
ARM GAS  C:\Users\Dan\AppData\Local\Temp\cc88EIY0.s 			page 15


 711      5F707472 
 711      00
 712              	.LASF20:
 713 0068 41726D5F 		.ascii	"Arm_Cmd\000"
 713      436D6400 
 714              	.LASF13:
 715 0070 666C6F61 		.ascii	"float\000"
 715      7400
 716              	.LASF28:
 717 0076 546F6F6C 		.ascii	"ToolCmds.c\000"
 717      436D6473 
 717      2E6300
 718              	.LASF1:
 719 0081 756E7369 		.ascii	"unsigned char\000"
 719      676E6564 
 719      20636861 
 719      7200
 720              	.LASF27:
 721 008f 474E5520 		.ascii	"GNU C11 5.4.1 20160609 (release) [ARM/embedded-5-br"
 721      43313120 
 721      352E342E 
 721      31203230 
 721      31363036 
 722 00c2 616E6368 		.ascii	"anch revision 237715] -mcpu=cortex-m3 -mthumb -g -O"
 722      20726576 
 722      6973696F 
 722      6E203233 
 722      37373135 
 723 00f5 67202D66 		.ascii	"g -ffunction-sections -ffat-lto-objects\000"
 723      66756E63 
 723      74696F6E 
 723      2D736563 
 723      74696F6E 
 724              	.LASF16:
 725 011d 72656738 		.ascii	"reg8\000"
 725      00
 726              	.LASF22:
 727 0122 436C616D 		.ascii	"Clamp_Cmd\000"
 727      705F436D 
 727      6400
 728              	.LASF26:
 729 012c 4D50475F 		.ascii	"MPG_STATE\000"
 729      53544154 
 729      4500
 730              	.LASF3:
 731 0136 73686F72 		.ascii	"short unsigned int\000"
 731      7420756E 
 731      7369676E 
 731      65642069 
 731      6E7400
 732              	.LASF24:
 733 0149 49544D5F 		.ascii	"ITM_RxBuffer\000"
 733      52784275 
 733      66666572 
 733      00
 734              	.LASF25:
 735 0156 4D50475F 		.ascii	"MPG_SM\000"
ARM GAS  C:\Users\Dan\AppData\Local\Temp\cc88EIY0.s 			page 16


 735      534D00
 736              	.LASF5:
 737 015d 6C6F6E67 		.ascii	"long unsigned int\000"
 737      20756E73 
 737      69676E65 
 737      6420696E 
 737      7400
 738              	.LASF23:
 739 016f 486F6D65 		.ascii	"Home_Cmd\000"
 739      5F436D64 
 739      00
 740              	.LASF12:
 741 0178 75696E74 		.ascii	"uint16\000"
 741      313600
 742              	.LASF32:
 743 017f 496E5F46 		.ascii	"In_Fault\000"
 743      61756C74 
 743      00
 744              	.LASF8:
 745 0188 756E7369 		.ascii	"unsigned int\000"
 745      676E6564 
 745      20696E74 
 745      00
 746              	.LASF7:
 747 0195 6C6F6E67 		.ascii	"long long unsigned int\000"
 747      206C6F6E 
 747      6720756E 
 747      7369676E 
 747      65642069 
 748              	.LASF10:
 749 01ac 696E7433 		.ascii	"int32_t\000"
 749      325F7400 
 750              	.LASF18:
 751 01b4 73697A65 		.ascii	"sizetype\000"
 751      74797065 
 751      00
 752              	.LASF6:
 753 01bd 6C6F6E67 		.ascii	"long long int\000"
 753      206C6F6E 
 753      6720696E 
 753      7400
 754              	.LASF15:
 755 01cb 63686172 		.ascii	"char\000"
 755      00
 756              	.LASF2:
 757 01d0 73686F72 		.ascii	"short int\000"
 757      7420696E 
 757      7400
 758              	.LASF30:
 759 01da 546F6F6C 		.ascii	"ToolStatusQuery\000"
 759      53746174 
 759      75735175 
 759      65727900 
 760              	.LASF11:
 761 01ea 75696E74 		.ascii	"uint8\000"
 761      3800
 762              	.LASF4:
ARM GAS  C:\Users\Dan\AppData\Local\Temp\cc88EIY0.s 			page 17


 763 01f0 6C6F6E67 		.ascii	"long int\000"
 763      20696E74 
 763      00
 764              	.LASF17:
 765 01f9 6C6F6E67 		.ascii	"long double\000"
 765      20646F75 
 765      626C6500 
 766              	.LASF0:
 767 0205 7369676E 		.ascii	"signed char\000"
 767      65642063 
 767      68617200 
 768              		.ident	"GCC: (GNU Tools for ARM Embedded Processors) 5.4.1 20160609 (release) [ARM/embedded-5-bran
