Results of NGD DRC are available in kbuf_top_drc.log.
Loading NGL library 'C:/lscc/diamond/3.10_x64/ispfpga/xo2c00a/data/xo2alib.ngl'...
Loading NGL library 'C:/lscc/diamond/3.10_x64/ispfpga/xo2c00/data/xo2clib.ngl'...
Loading NGL library 'C:/lscc/diamond/3.10_x64/ispfpga/mg5g00/data/mg5glib.ngl'...
Loading NGL library 'C:/lscc/diamond/3.10_x64/ispfpga/or5g00/data/orc5glib.ngl'...


Running DRC...

WARNING - synthesis: logical net 'k_in[15]' has no load.
WARNING - synthesis: input pad net 'k_in[15]' has no legal load.
WARNING - synthesis: logical net 'k_in[14]' has no load.
WARNING - synthesis: input pad net 'k_in[14]' has no legal load.
WARNING - synthesis: logical net 'k_in[13]' has no load.
WARNING - synthesis: input pad net 'k_in[13]' has no legal load.
WARNING - synthesis: logical net 'k_in[12]' has no load.
WARNING - synthesis: input pad net 'k_in[12]' has no legal load.
WARNING - synthesis: logical net 'k_in[11]' has no load.
WARNING - synthesis: input pad net 'k_in[11]' has no legal load.
WARNING - synthesis: logical net 'k_in[10]' has no load.
WARNING - synthesis: input pad net 'k_in[10]' has no legal load.
WARNING - synthesis: DRC complete with 12 warnings.

Design Results:
    289 blocks expanded
completed the first expansion
All blocks are expanded and NGD expansion is successful.
Writing NGD file KanalogBuffer_Real_kabuf_Real.ngd.
