--------------------------------------------------------------------------------
Lattice Synthesis Timing Report, Version  
Thu Mar 14 22:59:16 2019

Copyright (c) 1991-1994 by NeoCAD Inc. All rights reserved.
Copyright (c) 1995 AT&T Corp.   All rights reserved.
Copyright (c) 1995-2001 Lucent Technologies Inc.  All rights reserved.
Copyright (c) 2001 Agere Systems   All rights reserved.
Copyright (c) 2002-2017 Lattice Semiconductor Corporation,  All rights reserved.

Report Information
------------------
Design:     kbuf_top
Constraint file:  
Report level:    verbose report, limited to 3 items per constraint
--------------------------------------------------------------------------------



================================================================================
Constraint: create_clock -period 5.000000 -name clk0 [get_nets fpga_clk]
            650 items scored, 332 timing errors detected.
--------------------------------------------------------------------------------


Error:  The following path violates requirements by 2.491ns

 Logical Details:  Cell type  Pin type       Cell name  (clock net +/-)

   Source:         FD1P3IX    CK             sm_en_79  (from fpga_clk +)
   Destination:    FD1P3IX    SP             k_out__i16  (to fpga_clk +)

   Delay:                   7.206ns  (26.7% logic, 73.3% route), 4 logic levels.

 Constraint Details:

      7.206ns data_path sm_en_79 to k_out__i16 violates
      5.000ns delay constraint less
      0.285ns LCE_S requirement (totaling 4.715ns) by 2.491ns

 Path Details: sm_en_79 to k_out__i16

   Name    Fanout   Delay (ns)          Pins               Resource(Cell.Net)
L_CO        ---     0.444             CK to Q              sm_en_79 (from fpga_clk)
Route         5   e 1.462                                  sm_en
LUT4        ---     0.493              B to Z              i2_3_lut
Route         4   e 1.340                                  n1198
LUT4        ---     0.493              C to Z              i1_2_lut_rep_4_3_lut
Route         1   e 0.941                                  n1259
LUT4        ---     0.493              B to Z              i3_3_lut_4_lut_4_lut_4_lut
Route         8   e 1.540                                  fpga_clk_enable_46
                  --------
                    7.206  (26.7% logic, 73.3% route), 4 logic levels.


Error:  The following path violates requirements by 2.491ns

 Logical Details:  Cell type  Pin type       Cell name  (clock net +/-)

   Source:         FD1P3IX    CK             sm_en_79  (from fpga_clk +)
   Destination:    FD1P3IX    SP             k_out__i15  (to fpga_clk +)

   Delay:                   7.206ns  (26.7% logic, 73.3% route), 4 logic levels.

 Constraint Details:

      7.206ns data_path sm_en_79 to k_out__i15 violates
      5.000ns delay constraint less
      0.285ns LCE_S requirement (totaling 4.715ns) by 2.491ns

 Path Details: sm_en_79 to k_out__i15

   Name    Fanout   Delay (ns)          Pins               Resource(Cell.Net)
L_CO        ---     0.444             CK to Q              sm_en_79 (from fpga_clk)
Route         5   e 1.462                                  sm_en
LUT4        ---     0.493              B to Z              i2_3_lut
Route         4   e 1.340                                  n1198
LUT4        ---     0.493              C to Z              i1_2_lut_rep_4_3_lut
Route         1   e 0.941                                  n1259
LUT4        ---     0.493              B to Z              i3_3_lut_4_lut_4_lut_4_lut
Route         8   e 1.540                                  fpga_clk_enable_46
                  --------
                    7.206  (26.7% logic, 73.3% route), 4 logic levels.


Error:  The following path violates requirements by 2.491ns

 Logical Details:  Cell type  Pin type       Cell name  (clock net +/-)

   Source:         FD1P3IX    CK             sm_en_79  (from fpga_clk +)
   Destination:    FD1P3IX    SP             k_out__i14  (to fpga_clk +)

   Delay:                   7.206ns  (26.7% logic, 73.3% route), 4 logic levels.

 Constraint Details:

      7.206ns data_path sm_en_79 to k_out__i14 violates
      5.000ns delay constraint less
      0.285ns LCE_S requirement (totaling 4.715ns) by 2.491ns

 Path Details: sm_en_79 to k_out__i14

   Name    Fanout   Delay (ns)          Pins               Resource(Cell.Net)
L_CO        ---     0.444             CK to Q              sm_en_79 (from fpga_clk)
Route         5   e 1.462                                  sm_en
LUT4        ---     0.493              B to Z              i2_3_lut
Route         4   e 1.340                                  n1198
LUT4        ---     0.493              C to Z              i1_2_lut_rep_4_3_lut
Route         1   e 0.941                                  n1259
LUT4        ---     0.493              B to Z              i3_3_lut_4_lut_4_lut_4_lut
Route         8   e 1.540                                  fpga_clk_enable_46
                  --------
                    7.206  (26.7% logic, 73.3% route), 4 logic levels.

Warning: 7.491 ns is the maximum delay for this constraint.


Timing Report Summary
--------------
--------------------------------------------------------------------------------
Constraint                              |   Constraint|       Actual|Levels
--------------------------------------------------------------------------------
                                        |             |             |
create_clock -period 5.000000 -name     |             |             |
clk0 [get_nets fpga_clk]                |     5.000 ns|     7.491 ns|     4 *
                                        |             |             |
--------------------------------------------------------------------------------


1 constraints not met.

--------------------------------------------------------------------------------
Critical Nets                           |   Loads|  Errors| % of total
--------------------------------------------------------------------------------
n1198                                   |       4|      96|     28.92%
                                        |        |        |
fpga_clk_enable_38                      |       8|      64|     19.28%
                                        |        |        |
fpga_clk_enable_55                      |       8|      64|     19.28%
                                        |        |        |
n640                                    |       8|      64|     19.28%
                                        |        |        |
fpga_clk_enable_46                      |       8|      56|     16.87%
                                        |        |        |
n1262                                   |       3|      48|     14.46%
                                        |        |        |
n1263                                   |       2|      48|     14.46%
                                        |        |        |
n1259                                   |       1|      40|     12.05%
                                        |        |        |
ddk_clk                                 |       4|      34|     10.24%
                                        |        |        |
sm_en                                   |       5|      34|     10.24%
                                        |        |        |
--------------------------------------------------------------------------------


Timing summary:
---------------

Timing errors: 332  Score: 373200

Constraints cover  670 paths, 135 nets, and 498 connections (66.1% coverage)


Peak memory: 61390848 bytes, TRCE: 2093056 bytes, DLYMAN: 0 bytes
CPU_TIME_REPORT: 0 secs 
